<?xml version="1.0" encoding="UTF-8"?>
<!-- Generated by org.testng.reporters.JUnitReportReporter -->
<testsuite hostname="EXIMR-IM-320" name="com.walmart.test.Pagination" tests="1" failures="0" timestamp="30 May 2018 07:29:07 GMT" time="9.107" errors="0">
  <testcase name="testPagination" time="9.107" classname="com.walmart.test.Pagination"/>
</testsuite> <!-- com.walmart.test.Pagination -->
