<?xml version="1.0" encoding="UTF-8"?>
<!-- Generated by org.testng.reporters.JUnitReportReporter -->
<testsuite hostname="EXIMR-IM-320" name="com.walmart.test.TrendingItem" tests="1" failures="0" timestamp="16 May 2018 10:15:22 GMT" time="18.351" errors="1">
  <testcase name="testTrendingItem" time="18.351" classname="com.walmart.test.TrendingItem">
    <error type="java.lang.IllegalStateException" message="Not a JSON Array: {&quot;time&quot;:1526465704021,&quot;items&quot;:[{&quot;itemId&quot;:722613447,&quot;parentItemId&quot;:722613447,&quot;name&quot;:&quot;Farberware 3.2-Quart Digital Oil-Less Fryer, Black&quot;,&quot;msrp&quot;:69.0,&quot;salePrice&quot;:50.0,&quot;upc&quot;:&quot;848052004283&quot;,&quot;categoryPath&quot;:&quot;Home/Appliances/Kitchen Appliances/Fryers/Air Fryers&quot;,&quot;shortDescription&quot;:&quot;The Farberware Digital Oil-Less Fryer is an healthier alternative to traditional frying using little-to-no oil. Use this Oil-Less fryer to bake, cook or fry up to two pounds of your favorite foods. With its rapid hot air technology and its eight preprogrammed cooking options, the Farberware Digital Oil-Less Fryer is the perfect complement to any kitchen. Using little to no oil, this unit circulates hot air evenly around the food, which provides uniform cooking. Give your food a crispy finish without the guilt of cooking with excess oil. Use the digital touchscreen control panel to set the time and temperature that you want, or select from one of the eight easy-to-use preprogrammed options. Cooking has never been so easy with the Farberware Digital Oil-Less Fryer!&quot;,&quot;longDescription&quot;:&quot;&amp;lt;ul&amp;gt;&amp;lt;li&amp;gt;Healthier alternative to traditional frying using little-to-no-oil&amp;lt;/li&amp;gt;&amp;lt;li&amp;gt;8 easy-to-use preprogrammed cooking options&amp;lt;/li&amp;gt;&amp;lt;li&amp;gt;Strong hot air convection for fast, healthy cooking&amp;lt;/li&amp;gt;&amp;lt;li&amp;gt;3-liter capacity, cooks up to 2 lbs of food&amp;lt;/li&amp;gt;&amp;lt;li&amp;gt;Digital touchscreen control panel: set the time and temperature that you want, or select from 1 of the 8 easy-to use preprogrammed options&amp;lt;/li&amp;gt;&amp;lt;li&amp;gt;Temperature selector from 150 to 400 degrees F&amp;lt;/li&amp;gt;&amp;lt;li&amp;gt;Dishwasher-safe basket for easy cleaning&amp;lt;/li&amp;gt;&amp;lt;li&amp;gt;Using little to no oil, this unit circulates hot air evenly around the food, which provides uniform cooking&amp;lt;/li&amp;gt;&amp;lt;li&amp;gt;Give your food a crispy finish without the guilt of cooking with excess oil&amp;lt;/li&amp;gt;&amp;lt;li&amp;gt;Includes 25 recipes&amp;lt;/li&amp;gt;&amp;lt;li&amp;gt;Dimensions: 14&amp;quot;L x 10.7&amp;quot;W x 12.5&amp;quot;H&amp;lt;/li&amp;gt;&amp;lt;li&amp;gt;Model# FBWFT43479BK&amp;lt;/li&amp;gt;&amp;lt;/ul&amp;gt;&quot;,&quot;brandName&quot;:&quot;Farberware&quot;,&quot;thumbnailImage&quot;:&quot;https://i5.walmartimages.com/asr/7449781e-fca4-4d1d-9f1e-88bd5accafff_1.e691285467bc22e4f32c546415cf377f.jpeg?odnHeight=100&amp;odnWidth=100&amp;odnBg=FFFFFF&quot;,&quot;mediumImage&quot;:&quot;https://i5.walmartimages.com/asr/7449781e-fca4-4d1d-9f1e-88bd5accafff_1.e691285467bc22e4f32c546415cf377f.jpeg?odnHeight=180&amp;odnWidth=180&amp;odnBg=FFFFFF&quot;,&quot;largeImage&quot;:&quot;https://i5.walmartimages.com/asr/7449781e-fca4-4d1d-9f1e-88bd5accafff_1.e691285467bc22e4f32c546415cf377f.jpeg?odnHeight=450&amp;odnWidth=450&amp;odnBg=FFFFFF&quot;,&quot;productTrackingUrl&quot;:&quot;http://linksynergy.walmart.com/fs-bin/click?id=|LSNID|&amp;offerid=223073.7200&amp;type=14&amp;catid=8&amp;subid=0&amp;hid=7200&amp;tmpid=1082&amp;RD_PARM1=https%253A%252F%252Fwww.walmart.com%252Fip%252FFarberware-3-2-Quart-Digital-Oil-Less-Fryer-Black%252F722613447%253Faffp1%253DH-JVMzorBRQOTBioe9MKJOGSfQyvSqNadbq6TI8wrRc%2526affilsrc%253Dapi&quot;,&quot;ninetySevenCentShipping&quot;:false,&quot;standardShipRate&quot;:0.0,&quot;size&quot;:&quot;9880707&quot;,&quot;color&quot;:&quot;Black&quot;,&quot;marketplace&quot;:false,&quot;shipToStore&quot;:true,&quot;freeShipToStore&quot;:true,&quot;modelNumber&quot;:&quot;FBWFT43479BK&quot;,&quot;productUrl&quot;:&quot;http://c.affil.walmart.com/t/api01?l=https%3A%2F%2Fwww.walmart.com%2Fip%2FFarberware-3-2-Quart-Digital-Oil-Less-Fryer-Black%2F722613447%3Faffp1%3DH-JVMzorBRQOTBioe9MKJOGSfQyvSqNadbq6TI8wrRc%26affilsrc%3Dapi%26veh%3Daff%26wmlspartner%3Dreadonlyapi&quot;,&quot;customerRating&quot;:&quot;4.095&quot;,&quot;numReviews&quot;:63,&quot;variants&quot;:[722613447,264698854],&quot;customerRatingImage&quot;:&quot;http://i2.walmartimages.com/i/CustRating/4_1.gif&quot;,&quot;categoryNode&quot;:&quot;4044_90548_90546&quot;,&quot;bundle&quot;:false,&quot;clearance&quot;:false,&quot;preOrder&quot;:false,&quot;stock&quot;:&quot;Available&quot;,&quot;attributes&quot;:{&quot;color&quot;:&quot;Black&quot;,&quot;consumerItemNumber&quot;:&quot;9880707&quot;,&quot;wklyFcstWeeks&quot;:&quot;343.94519277719348300000&quot;},&quot;addToCartUrl&quot;:&quot;http://c.affil.walmart.com/t/api01?l=http%3A%2F%2Faffil.walmart.com%2Fcart%2FaddToCart%3Fitems%3D722613447%7C1%26affp1%3DH-JVMzorBRQOTBioe9MKJOGSfQyvSqNadbq6TI8wrRc%26affilsrc%3Dapi%26veh%3Daff%26wmlspartner%3Dreadonlyapi&quot;,&quot;affiliateAddToCartUrl&quot;:&quot;http://linksynergy.walmart.com/fs-bin/click?id=|LSNID|&amp;offerid=223073.7200&amp;type=14&amp;catid=8&amp;subid=0&amp;hid=7200&amp;tmpid=1082&amp;RD_PARM1=http%253A%252F%252Faffil.walmart.com%252Fcart%252FaddToCart%253Fitems%253D722613447%257C1%2526affp1%253DH-JVMzorBRQOTBioe9MKJOGSfQyvSqNadbq6TI8wrRc%2526affilsrc%253Dapi&quot;,&quot;freeShippingOver50Dollars&quot;:true,&quot;giftOptions&quot;:{&quot;allowGiftWrap&quot;:false,&quot;allowGiftMessage&quot;:false,&quot;allowGiftReceipt&quot;:false},&quot;imageEntities&quot;:[{&quot;thumbnailImage&quot;:&quot;https://i5.walmartimages.com/asr/eefcd35b-b616-4448-ba59-f74aea3131ff_2.ff921ce67a71498eb52885c443914eeb.jpeg?odnHeight=100&amp;odnWidth=100&amp;odnBg=FFFFFF&quot;,&quot;mediumImage&quot;:&quot;https://i5.walmartimages.com/asr/eefcd35b-b616-4448-ba59-f74aea3131ff_2.ff921ce67a71498eb52885c443914eeb.jpeg?odnHeight=180&amp;odnWidth=180&amp;odnBg=FFFFFF&quot;,&quot;largeImage&quot;:&quot;https://i5.walmartimages.com/asr/eefcd35b-b616-4448-ba59-f74aea3131ff_2.ff921ce67a71498eb52885c443914eeb.jpeg?odnHeight=450&amp;odnWidth=450&amp;odnBg=FFFFFF&quot;,&quot;entityType&quot;:&quot;SECONDARY&quot;},{&quot;thumbnailImage&quot;:&quot;https://i5.walmartimages.com/asr/0c5c21b5-f9b6-486e-8937-e38b4879a599_1.5c084ce69aba310514a95221fcc1e890.jpeg?odnHeight=100&amp;odnWidth=100&amp;odnBg=FFFFFF&quot;,&quot;mediumImage&quot;:&quot;https://i5.walmartimages.com/asr/0c5c21b5-f9b6-486e-8937-e38b4879a599_1.5c084ce69aba310514a95221fcc1e890.jpeg?odnHeight=180&amp;odnWidth=180&amp;odnBg=FFFFFF&quot;,&quot;largeImage&quot;:&quot;https://i5.walmartimages.com/asr/0c5c21b5-f9b6-486e-8937-e38b4879a599_1.5c084ce69aba310514a95221fcc1e890.jpeg?odnHeight=450&amp;odnWidth=450&amp;odnBg=FFFFFF&quot;,&quot;entityType&quot;:&quot;SECONDARY&quot;},{&quot;thumbnailImage&quot;:&quot;https://i5.walmartimages.com/asr/6bdf4968-edd3-4274-9f86-23b89d3c269b_2.d954f28740d2e938fadb90611f0624ef.jpeg?odnHeight=100&amp;odnWidth=100&amp;odnBg=FFFFFF&quot;,&quot;mediumImage&quot;:&quot;https://i5.walmartimages.com/asr/6bdf4968-edd3-4274-9f86-23b89d3c269b_2.d954f28740d2e938fadb90611f0624ef.jpeg?odnHeight=180&amp;odnWidth=180&amp;odnBg=FFFFFF&quot;,&quot;largeImage&quot;:&quot;https://i5.walmartimages.com/asr/6bdf4968-edd3-4274-9f86-23b89d3c269b_2.d954f28740d2e938fadb90611f0624ef.jpeg?odnHeight=450&amp;odnWidth=450&amp;odnBg=FFFFFF&quot;,&quot;entityType&quot;:&quot;SECONDARY&quot;},{&quot;thumbnailImage&quot;:&quot;https://i5.walmartimages.com/asr/7449781e-fca4-4d1d-9f1e-88bd5accafff_1.e691285467bc22e4f32c546415cf377f.jpeg?odnHeight=100&amp;odnWidth=100&amp;odnBg=FFFFFF&quot;,&quot;mediumImage&quot;:&quot;https://i5.walmartimages.com/asr/7449781e-fca4-4d1d-9f1e-88bd5accafff_1.e691285467bc22e4f32c546415cf377f.jpeg?odnHeight=180&amp;odnWidth=180&amp;odnBg=FFFFFF&quot;,&quot;largeImage&quot;:&quot;https://i5.walmartimages.com/asr/7449781e-fca4-4d1d-9f1e-88bd5accafff_1.e691285467bc22e4f32c546415cf377f.jpeg?odnHeight=450&amp;odnWidth=450&amp;odnBg=FFFFFF&quot;,&quot;entityType&quot;:&quot;PRIMARY&quot;}],&quot;offerType&quot;:&quot;ONLINE_AND_STORE&quot;,&quot;isTwoDayShippingEligible&quot;:true,&quot;availableOnline&quot;:true},{&quot;itemId&quot;:5027120,&quot;parentItemId&quot;:5027120,&quot;name&quot;:&quot;16x20 Gallery Wrap Canvas&quot;,&quot;msrp&quot;:39.96,&quot;salePrice&quot;:29.97,&quot;categoryPath&quot;:&quot;Photo Center/Photo Products/Photo Products&quot;,&quot;shortDescription&quot;:&quot;Picture perfect! Create your very own wall art with a professional, photo quality Gallery-Wrapped Canvas. Customize this beautiful 16x20 inches canvas with a favorite photo, vacation shots, wedding photos, family portraits, and more! The canvas has an elegant finish to highlight and protect your photo. Features a 1.25 inches gallery-wrap, impact-resistant construction, perfectly flat corners, and a solid back. Comes with hinged hardware for wall hanging.&quot;,&quot;longDescription&quot;:&quot;Turn any of your special moments or child&#039;s work of art into your homes next conversation piece! Using archival quality archival inks that resist fading, your image is printed to canvas fabric that is resistant to moisture, scratching and fading of your image. The Canvas Features a 1.25 inches gallery wrap, impact-resistant construction, perfectly flat corners, and a solid back. Comes with hinged hardware for wall hanging. We also offer a variety of frames to finish your canvas.&amp;lt;br&amp;gt;&amp;lt;ul&amp;gt;&amp;lt;li&amp;gt;Also Available for Same-Day pickup&amp;lt;br&amp;gt;&amp;lt;/li&amp;gt;&amp;lt;/ul&amp;gt;&amp;lt;br&amp;gt;&quot;,&quot;brandName&quot;:&quot;Wal-Mart Digital Photo Center&quot;,&quot;thumbnailImage&quot;:&quot;https://i5.walmartimages.com/asr/a83e64d4-50c2-4753-a277-d1d9441446c0_1.022f4c073bf1633bd8af3d24eb8ebb50.jpeg?odnHeight=100&amp;odnWidth=100&amp;odnBg=FFFFFF&quot;,&quot;mediumImage&quot;:&quot;https://i5.walmartimages.com/asr/a83e64d4-50c2-4753-a277-d1d9441446c0_1.022f4c073bf1633bd8af3d24eb8ebb50.jpeg?odnHeight=180&amp;odnWidth=180&amp;odnBg=FFFFFF&quot;,&quot;largeImage&quot;:&quot;https://i5.walmartimages.com/asr/a83e64d4-50c2-4753-a277-d1d9441446c0_1.022f4c073bf1633bd8af3d24eb8ebb50.jpeg?odnHeight=450&amp;odnWidth=450&amp;odnBg=FFFFFF&quot;,&quot;productTrackingUrl&quot;:&quot;http://linksynergy.walmart.com/fs-bin/click?id=|LSNID|&amp;offerid=223073.7200&amp;type=14&amp;catid=8&amp;subid=0&amp;hid=7200&amp;tmpid=1082&amp;RD_PARM1=https%253A%252F%252Fwww.walmart.com%252Fip%252F16x20-Gallery-Wrap-Canvas%252F5027120%253Faffp1%253DH-JVMzorBRQOTBioe9MKJOGSfQyvSqNadbq6TI8wrRc%2526affilsrc%253Dapi&quot;,&quot;ninetySevenCentShipping&quot;:false,&quot;standardShipRate&quot;:0.0,&quot;size&quot;:&quot;Each&quot;,&quot;color&quot;:&quot;Each&quot;,&quot;marketplace&quot;:false,&quot;shipToStore&quot;:true,&quot;freeShipToStore&quot;:true,&quot;productUrl&quot;:&quot;http://c.affil.walmart.com/t/api01?l=https%3A%2F%2Fwww.walmart.com%2Fip%2F16x20-Gallery-Wrap-Canvas%2F5027120%3Faffp1%3DH-JVMzorBRQOTBioe9MKJOGSfQyvSqNadbq6TI8wrRc%26affilsrc%3Dapi%26veh%3Daff%26wmlspartner%3Dreadonlyapi&quot;,&quot;variants&quot;:[5027120,21094672],&quot;categoryNode&quot;:&quot;5426_531183_1044304&quot;,&quot;bundle&quot;:false,&quot;clearance&quot;:false,&quot;preOrder&quot;:false,&quot;stock&quot;:&quot;Available&quot;,&quot;attributes&quot;:{&quot;canonicalUrl&quot;:&quot;/ip/16x20-Gallery-Wrap-Canvas/5027120&quot;,&quot;isSortable&quot;:&quot;Y&quot;,&quot;ppuQtyUom&quot;:&quot;Each&quot;},&quot;addToCartUrl&quot;:&quot;http://c.affil.walmart.com/t/api01?l=http%3A%2F%2Faffil.walmart.com%2Fcart%2FaddToCart%3Fitems%3D5027120%7C1%26affp1%3DH-JVMzorBRQOTBioe9MKJOGSfQyvSqNadbq6TI8wrRc%26affilsrc%3Dapi%26veh%3Daff%26wmlspartner%3Dreadonlyapi&quot;,&quot;affiliateAddToCartUrl&quot;:&quot;http://linksynergy.walmart.com/fs-bin/click?id=|LSNID|&amp;offerid=223073.7200&amp;type=14&amp;catid=8&amp;subid=0&amp;hid=7200&amp;tmpid=1082&amp;RD_PARM1=http%253A%252F%252Faffil.walmart.com%252Fcart%252FaddToCart%253Fitems%253D5027120%257C1%2526affp1%253DH-JVMzorBRQOTBioe9MKJOGSfQyvSqNadbq6TI8wrRc%2526affilsrc%253Dapi&quot;,&quot;freeShippingOver50Dollars&quot;:false,&quot;imageEntities&quot;:[{&quot;thumbnailImage&quot;:&quot;https://i5.walmartimages.com/asr/e0673160-4e80-4985-ba71-2255561b7c55_1.0987d629f8658b1f36d6d90184d0d61b.jpeg?odnHeight=100&amp;odnWidth=100&amp;odnBg=FFFFFF&quot;,&quot;mediumImage&quot;:&quot;https://i5.walmartimages.com/asr/e0673160-4e80-4985-ba71-2255561b7c55_1.0987d629f8658b1f36d6d90184d0d61b.jpeg?odnHeight=180&amp;odnWidth=180&amp;odnBg=FFFFFF&quot;,&quot;largeImage&quot;:&quot;https://i5.walmartimages.com/asr/e0673160-4e80-4985-ba71-2255561b7c55_1.0987d629f8658b1f36d6d90184d0d61b.jpeg?odnHeight=450&amp;odnWidth=450&amp;odnBg=FFFFFF&quot;,&quot;entityType&quot;:&quot;SECONDARY&quot;},{&quot;thumbnailImage&quot;:&quot;https://i5.walmartimages.com/asr/a83e64d4-50c2-4753-a277-d1d9441446c0_1.022f4c073bf1633bd8af3d24eb8ebb50.jpeg?odnHeight=100&amp;odnWidth=100&amp;odnBg=FFFFFF&quot;,&quot;mediumImage&quot;:&quot;https://i5.walmartimages.com/asr/a83e64d4-50c2-4753-a277-d1d9441446c0_1.022f4c073bf1633bd8af3d24eb8ebb50.jpeg?odnHeight=180&amp;odnWidth=180&amp;odnBg=FFFFFF&quot;,&quot;largeImage&quot;:&quot;https://i5.walmartimages.com/asr/a83e64d4-50c2-4753-a277-d1d9441446c0_1.022f4c073bf1633bd8af3d24eb8ebb50.jpeg?odnHeight=450&amp;odnWidth=450&amp;odnBg=FFFFFF&quot;,&quot;entityType&quot;:&quot;PRIMARY&quot;}],&quot;offerType&quot;:&quot;ONLINE_ONLY&quot;,&quot;isTwoDayShippingEligible&quot;:false,&quot;availableOnline&quot;:true},{&quot;itemId&quot;:599120369,&quot;parentItemId&quot;:599120369,&quot;name&quot;:&quot;Google Home Mini, Chalk 2-pk&quot;,&quot;salePrice&quot;:78.0,&quot;upc&quot;:&quot;842776105189&quot;,&quot;categoryPath&quot;:&quot;Electronics/Smart Home/Smart Home Assistants, Controllers &amp; Hubs/Google Home Products&quot;,&quot;shortDescription&quot;:&quot;short description is not available&quot;,&quot;longDescription&quot;:&quot;&amp;lt;div&amp;gt;https://www.walmart.com/cp/voice-shopping/9668992&amp;lt;br&amp;gt;&amp;lt;/div&amp;gt;&amp;lt;div&amp;gt;&amp;lt;span style=&amp;quot;font-weight: 700;&amp;quot;&amp;gt;&amp;lt;br&amp;gt;&amp;lt;/span&amp;gt;&amp;lt;/div&amp;gt;&amp;lt;b&amp;gt;&amp;lt;br&amp;gt;A powerful little helper&amp;lt;/b&amp;gt;.&amp;lt;br&amp;gt;Get hands-free help in any room with Google Home Mini. It&#039;s powered by the Google Assistant. You can ask it questions. Tell it to do things. It&amp;iuml;&amp;iquest;&amp;frac12;&amp;iuml;&amp;iquest;&amp;frac12;&amp;iuml;&amp;iquest;&amp;frac12;s your own personal Google.&amp;lt;br&amp;gt;&amp;lt;br&amp;gt;&amp;lt;span style=&amp;quot;font-weight: 700;&amp;quot;&amp;gt;Get answers from Google.&amp;lt;/span&amp;gt;&amp;lt;br&amp;gt;Use your voice to quickly find information about the weather, news, sports and more. &amp;quot;Hey Google, will I need an umbrella today?&amp;quot;&amp;lt;br&amp;gt;&amp;lt;br&amp;gt;&amp;lt;span style=&amp;quot;font-weight: 700;&amp;quot;&amp;gt;Manage your day from breakfast to bed.&amp;lt;/span&amp;gt;&amp;lt;div&amp;gt;Get help with things like your schedule, commute, travel information and more.Google Home Mini can even help you find a lost iPhone or Android phone and make phone calls to any personal contact or business. &amp;quot;Hey Google, wake me up at 6:30 AM tomorrow.&amp;quot;&amp;nbsp;&amp;lt;/div&amp;gt;&amp;lt;div&amp;gt;&amp;lt;br&amp;gt;&amp;lt;/div&amp;gt;&amp;lt;div&amp;gt;&amp;lt;b&amp;gt;Play, pause, and rewind. Hands-free.&amp;lt;/b&amp;gt;&amp;lt;/div&amp;gt;&amp;lt;div&amp;gt;&amp;lt;div&amp;gt;Control your favorite music, movies and shows, using only your voice. &amp;quot;Hey Google, play some pop music.&amp;quot;&amp;nbsp;&amp;lt;/div&amp;gt;&amp;lt;div&amp;gt;&amp;lt;br&amp;gt;&amp;lt;/div&amp;gt;&amp;lt;div&amp;gt;&amp;lt;b&amp;gt;Control your smart home&amp;lt;/b&amp;gt;.&amp;lt;/div&amp;gt;&amp;lt;/div&amp;gt;&amp;lt;div&amp;gt;&amp;lt;div&amp;gt;Use your voice to control your compatible lights, thermostats and more. Google Home Mini works with more than 1,000 smart devices from over 150 popular brands. &amp;quot;Hey Google, turn off the bedroom lights.&amp;quot;&amp;lt;/div&amp;gt;&amp;lt;div&amp;gt;Fun for the whole family.&amp;lt;/div&amp;gt;&amp;lt;div&amp;gt;Learn something new, play fun games and listen to stories with the Google Assistant. Want to tell the kids breakfast is ready? Broadcast a message to other Google Home devices around the house. &amp;iuml;&amp;iquest;&amp;frac12;&amp;iuml;&amp;iquest;&amp;frac12;&amp;iuml;&amp;iquest;&amp;frac12;Hey Google, let&amp;iuml;&amp;iquest;&amp;frac12;&amp;iuml;&amp;iquest;&amp;frac12;&amp;iuml;&amp;iquest;&amp;frac12;s play a game.&amp;iuml;&amp;iquest;&amp;frac12;&amp;iuml;&amp;iquest;&amp;frac12;&amp;iuml;&amp;iquest;&amp;frac12; Your child can sign in to Google Home devices with their Google Account managed with Family Link.&amp;lt;/div&amp;gt;&amp;lt;div&amp;gt;&amp;lt;br&amp;gt;&amp;lt;/div&amp;gt;&amp;lt;div&amp;gt;&amp;lt;b&amp;gt;Your voice. Your info.&amp;lt;/b&amp;gt;&amp;lt;/div&amp;gt;&amp;lt;/div&amp;gt;&amp;lt;div&amp;gt;&amp;lt;div&amp;gt;Get personalized responses for everyone at home with voice recognition. &amp;quot;Hey Google, when is my first meeting tomorrow?&amp;quot;&amp;lt;/div&amp;gt;&amp;lt;div&amp;gt;Choose between different colors.&amp;lt;/div&amp;gt;&amp;lt;/div&amp;gt;&amp;lt;div&amp;gt;Google Home Mini comes in two unique colors, Chalk and Charcoal. Select the right color that matches your room and personal style.&amp;lt;/div&amp;gt;&amp;lt;div&amp;gt;1 In the US and Canada. 911 and 1-900 calls are not supported.&amp;lt;/div&amp;gt;&amp;lt;div&amp;gt;&amp;lt;div&amp;gt;2 Subscriptions required to access some content.&amp;lt;/div&amp;gt;&amp;lt;div&amp;gt;3 Your child can sign in to Google Home devices with their Google Account managed with Family Link.&amp;lt;/div&amp;gt;&amp;lt;div&amp;gt;4 Google Home can distinguish up to six voices in total.&amp;lt;/div&amp;gt;&amp;lt;/div&amp;gt;&quot;,&quot;brandName&quot;:&quot;Google&quot;,&quot;thumbnailImage&quot;:&quot;https://i5.walmartimages.com/asr/e6752f93-04ce-4292-b15a-7b2f06947d71_1.f8abfd175efb6fa0ca1cca5e628a09ee.jpeg?odnHeight=100&amp;odnWidth=100&amp;odnBg=FFFFFF&quot;,&quot;mediumImage&quot;:&quot;https://i5.walmartimages.com/asr/e6752f93-04ce-4292-b15a-7b2f06947d71_1.f8abfd175efb6fa0ca1cca5e628a09ee.jpeg?odnHeight=180&amp;odnWidth=180&amp;odnBg=FFFFFF&quot;,&quot;largeImage&quot;:&quot;https://i5.walmartimages.com/asr/e6752f93-04ce-4292-b15a-7b2f06947d71_1.f8abfd175efb6fa0ca1cca5e628a09ee.jpeg?odnHeight=450&amp;odnWidth=450&amp;odnBg=FFFFFF&quot;,&quot;productTrackingUrl&quot;:&quot;http://linksynergy.walmart.com/fs-bin/click?id=|LSNID|&amp;offerid=223073.7200&amp;type=14&amp;catid=8&amp;subid=0&amp;hid=7200&amp;tmpid=1082&amp;RD_PARM1=https%253A%252F%252Fwww.walmart.com%252Fip%252FGoogle-Home-Mini-Chalk-2-pk%252F599120369%253Faffp1%253DH-JVMzorBRQOTBioe9MKJOGSfQyvSqNadbq6TI8wrRc%2526affilsrc%253Dapi&quot;,&quot;ninetySevenCentShipping&quot;:false,&quot;standardShipRate&quot;:0.0,&quot;size&quot;:&quot;N&quot;,&quot;color&quot;:&quot;N&quot;,&quot;marketplace&quot;:false,&quot;shipToStore&quot;:true,&quot;freeShipToStore&quot;:true,&quot;modelNumber&quot;:&quot;GA00377-US&quot;,&quot;productUrl&quot;:&quot;http://c.affil.walmart.com/t/api01?l=https%3A%2F%2Fwww.walmart.com%2Fip%2FGoogle-Home-Mini-Chalk-2-pk%2F599120369%3Faffp1%3DH-JVMzorBRQOTBioe9MKJOGSfQyvSqNadbq6TI8wrRc%26affilsrc%3Dapi%26veh%3Daff%26wmlspartner%3Dreadonlyapi&quot;,&quot;categoryNode&quot;:&quot;3944_1229875_9098006&quot;,&quot;bundle&quot;:false,&quot;clearance&quot;:false,&quot;preOrder&quot;:false,&quot;stock&quot;:&quot;Available&quot;,&quot;attributes&quot;:{&quot;hasStateRestrictions&quot;:&quot;N&quot;,&quot;mirrorNum&quot;:&quot;6&quot;,&quot;velocityClassification&quot;:&quot;N&quot;},&quot;addToCartUrl&quot;:&quot;http://c.affil.walmart.com/t/api01?l=http%3A%2F%2Faffil.walmart.com%2Fcart%2FaddToCart%3Fitems%3D599120369%7C1%26affp1%3DH-JVMzorBRQOTBioe9MKJOGSfQyvSqNadbq6TI8wrRc%26affilsrc%3Dapi%26veh%3Daff%26wmlspartner%3Dreadonlyapi&quot;,&quot;affiliateAddToCartUrl&quot;:&quot;http://linksynergy.walmart.com/fs-bin/click?id=|LSNID|&amp;offerid=223073.7200&amp;type=14&amp;catid=8&amp;subid=0&amp;hid=7200&amp;tmpid=1082&amp;RD_PARM1=http%253A%252F%252Faffil.walmart.com%252Fcart%252FaddToCart%253Fitems%253D599120369%257C1%2526affp1%253DH-JVMzorBRQOTBioe9MKJOGSfQyvSqNadbq6TI8wrRc%2526affilsrc%253Dapi&quot;,&quot;freeShippingOver50Dollars&quot;:true,&quot;giftOptions&quot;:{&quot;allowGiftWrap&quot;:false,&quot;allowGiftMessage&quot;:true,&quot;allowGiftReceipt&quot;:true},&quot;imageEntities&quot;:[{&quot;thumbnailImage&quot;:&quot;https://i5.walmartimages.com/asr/f967f2a8-1549-451f-a35d-b2de34c1847b_1.9158d46c8cffa8bfbd0e4e4b6017a7f0.jpeg?odnHeight=100&amp;odnWidth=100&amp;odnBg=FFFFFF&quot;,&quot;mediumImage&quot;:&quot;https://i5.walmartimages.com/asr/f967f2a8-1549-451f-a35d-b2de34c1847b_1.9158d46c8cffa8bfbd0e4e4b6017a7f0.jpeg?odnHeight=180&amp;odnWidth=180&amp;odnBg=FFFFFF&quot;,&quot;largeImage&quot;:&quot;https://i5.walmartimages.com/asr/f967f2a8-1549-451f-a35d-b2de34c1847b_1.9158d46c8cffa8bfbd0e4e4b6017a7f0.jpeg?odnHeight=450&amp;odnWidth=450&amp;odnBg=FFFFFF&quot;,&quot;entityType&quot;:&quot;SECONDARY&quot;},{&quot;thumbnailImage&quot;:&quot;https://i5.walmartimages.com/asr/7322be89-c549-4d7e-ad30-44b004ce629c_4.af6e99a2662ba22f43e46391cba52835.jpeg?odnHeight=100&amp;odnWidth=100&amp;odnBg=FFFFFF&quot;,&quot;mediumImage&quot;:&quot;https://i5.walmartimages.com/asr/7322be89-c549-4d7e-ad30-44b004ce629c_4.af6e99a2662ba22f43e46391cba52835.jpeg?odnHeight=180&amp;odnWidth=180&amp;odnBg=FFFFFF&quot;,&quot;largeImage&quot;:&quot;https://i5.walmartimages.com/asr/7322be89-c549-4d7e-ad30-44b004ce629c_4.af6e99a2662ba22f43e46391cba52835.jpeg?odnHeight=450&amp;odnWidth=450&amp;odnBg=FFFFFF&quot;,&quot;entityType&quot;:&quot;SECONDARY&quot;},{&quot;thumbnailImage&quot;:&quot;https://i5.walmartimages.com/asr/2ff5634c-25c1-402e-b09d-f1be6d358f5c_1.25f2a833526df27aecf6449701645fea.jpeg?odnHeight=100&amp;odnWidth=100&amp;odnBg=FFFFFF&quot;,&quot;mediumImage&quot;:&quot;https://i5.walmartimages.com/asr/2ff5634c-25c1-402e-b09d-f1be6d358f5c_1.25f2a833526df27aecf6449701645fea.jpeg?odnHeight=180&amp;odnWidth=180&amp;odnBg=FFFFFF&quot;,&quot;largeImage&quot;:&quot;https://i5.walmartimages.com/asr/2ff5634c-25c1-402e-b09d-f1be6d358f5c_1.25f2a833526df27aecf6449701645fea.jpeg?odnHeight=450&amp;odnWidth=450&amp;odnBg=FFFFFF&quot;,&quot;entityType&quot;:&quot;SECONDARY&quot;},{&quot;thumbnailImage&quot;:&quot;https://i5.walmartimages.com/asr/fbea0f5d-0e53-4bf8-ac78-4d81f42ae1e8_1.0bc4c77191a97b422a4bf4be9805ae88.jpeg?odnHeight=100&amp;odnWidth=100&amp;odnBg=FFFFFF&quot;,&quot;mediumImage&quot;:&quot;https://i5.walmartimages.com/asr/fbea0f5d-0e53-4bf8-ac78-4d81f42ae1e8_1.0bc4c77191a97b422a4bf4be9805ae88.jpeg?odnHeight=180&amp;odnWidth=180&amp;odnBg=FFFFFF&quot;,&quot;largeImage&quot;:&quot;https://i5.walmartimages.com/asr/fbea0f5d-0e53-4bf8-ac78-4d81f42ae1e8_1.0bc4c77191a97b422a4bf4be9805ae88.jpeg?odnHeight=450&amp;odnWidth=450&amp;odnBg=FFFFFF&quot;,&quot;entityType&quot;:&quot;SECONDARY&quot;},{&quot;thumbnailImage&quot;:&quot;https://i5.walmartimages.com/asr/0361fa69-5400-4e9e-acb1-17205c0b6bcc_1.b7ddcbf6d22f0c0319c9aa074be905d9.jpeg?odnHeight=100&amp;odnWidth=100&amp;odnBg=FFFFFF&quot;,&quot;mediumImage&quot;:&quot;https://i5.walmartimages.com/asr/0361fa69-5400-4e9e-acb1-17205c0b6bcc_1.b7ddcbf6d22f0c0319c9aa074be905d9.jpeg?odnHeight=180&amp;odnWidth=180&amp;odnBg=FFFFFF&quot;,&quot;largeImage&quot;:&quot;https://i5.walmartimages.com/asr/0361fa69-5400-4e9e-acb1-17205c0b6bcc_1.b7ddcbf6d22f0c0319c9aa074be905d9.jpeg?odnHeight=450&amp;odnWidth=450&amp;odnBg=FFFFFF&quot;,&quot;entityType&quot;:&quot;SECONDARY&quot;},{&quot;thumbnailImage&quot;:&quot;https://i5.walmartimages.com/asr/e6752f93-04ce-4292-b15a-7b2f06947d71_1.f8abfd175efb6fa0ca1cca5e628a09ee.jpeg?odnHeight=100&amp;odnWidth=100&amp;odnBg=FFFFFF&quot;,&quot;mediumImage&quot;:&quot;https://i5.walmartimages.com/asr/e6752f93-04ce-4292-b15a-7b2f06947d71_1.f8abfd175efb6fa0ca1cca5e628a09ee.jpeg?odnHeight=180&amp;odnWidth=180&amp;odnBg=FFFFFF&quot;,&quot;largeImage&quot;:&quot;https://i5.walmartimages.com/asr/e6752f93-04ce-4292-b15a-7b2f06947d71_1.f8abfd175efb6fa0ca1cca5e628a09ee.jpeg?odnHeight=450&amp;odnWidth=450&amp;odnBg=FFFFFF&quot;,&quot;entityType&quot;:&quot;PRIMARY&quot;}],&quot;offerType&quot;:&quot;ONLINE_AND_STORE&quot;,&quot;isTwoDayShippingEligible&quot;:true,&quot;availableOnline&quot;:true},{&quot;itemId&quot;:492655980,&quot;parentItemId&quot;:492655980,&quot;name&quot;:&quot;Black Panther (4K Ultra HD + Blu-ray + Digital Code)&quot;,&quot;msrp&quot;:39.99,&quot;salePrice&quot;:24.99,&quot;upc&quot;:&quot;786936856316&quot;,&quot;categoryPath&quot;:&quot;Movies &amp; TV Shows/Movies/Action &amp; Adventure Movies/All Action &amp; Adventure&quot;,&quot;shortDescription&quot;:&quot;After the death of his father, the king of Wakanda, young T&amp;rsquo;Challa returns home to the isolated high-tech African nation to succeed to the throne and take his rightful place as king. But when a powerful enemy reappears, T&amp;rsquo;Challa&amp;rsquo;s mettle as king &amp;ndash; and Black Panther &amp;ndash; is tested when he&amp;rsquo;s drawn into a formidable conflict that puts the fate of Wakanda and the entire world at risk. Faced with treachery and danger, he must release the full power of Black Panther to defeat his foes and secure the safety of his people and their way of life.&quot;,&quot;longDescription&quot;:&quot;Black Panther (4K Ultra HD + Blu-ray + Digital Code)&quot;,&quot;brandName&quot;:&quot;Disney&quot;,&quot;thumbnailImage&quot;:&quot;https://i5.walmartimages.com/asr/a424963b-1e5c-4d4f-b039-765a86b72367_1.04ff88306d30a59b60ea62c3000a76e8.jpeg?odnHeight=100&amp;odnWidth=100&amp;odnBg=FFFFFF&quot;,&quot;mediumImage&quot;:&quot;https://i5.walmartimages.com/asr/a424963b-1e5c-4d4f-b039-765a86b72367_1.04ff88306d30a59b60ea62c3000a76e8.jpeg?odnHeight=180&amp;odnWidth=180&amp;odnBg=FFFFFF&quot;,&quot;largeImage&quot;:&quot;https://i5.walmartimages.com/asr/a424963b-1e5c-4d4f-b039-765a86b72367_1.04ff88306d30a59b60ea62c3000a76e8.jpeg?odnHeight=450&amp;odnWidth=450&amp;odnBg=FFFFFF&quot;,&quot;productTrackingUrl&quot;:&quot;http://linksynergy.walmart.com/fs-bin/click?id=|LSNID|&amp;offerid=223073.7200&amp;type=14&amp;catid=8&amp;subid=0&amp;hid=7200&amp;tmpid=1082&amp;RD_PARM1=https%253A%252F%252Fwww.walmart.com%252Fip%252FBlack-Panther-4K-Ultra-HD-Blu-ray-Digital-Code%252F492655980%253Faffp1%253DH-JVMzorBRQOTBioe9MKJOGSfQyvSqNadbq6TI8wrRc%2526affilsrc%253Dapi&quot;,&quot;ninetySevenCentShipping&quot;:false,&quot;standardShipRate&quot;:0.0,&quot;size&quot;:&quot;Buena Vista Home Entertainment&quot;,&quot;color&quot;:&quot;Buena Vista Home Entertainment&quot;,&quot;marketplace&quot;:false,&quot;shipToStore&quot;:false,&quot;freeShipToStore&quot;:false,&quot;productUrl&quot;:&quot;http://c.affil.walmart.com/t/api01?l=https%3A%2F%2Fwww.walmart.com%2Fip%2FBlack-Panther-4K-Ultra-HD-Blu-ray-Digital-Code%2F492655980%3Faffp1%3DH-JVMzorBRQOTBioe9MKJOGSfQyvSqNadbq6TI8wrRc%26affilsrc%3Dapi%26veh%3Daff%26wmlspartner%3Dreadonlyapi&quot;,&quot;customerRating&quot;:&quot;5.0&quot;,&quot;numReviews&quot;:1,&quot;customerRatingImage&quot;:&quot;http://i2.walmartimages.com/i/CustRating/5.gif&quot;,&quot;categoryNode&quot;:&quot;4096_530598_530698&quot;,&quot;bundle&quot;:false,&quot;clearance&quot;:false,&quot;preOrder&quot;:true,&quot;preOrderShipsOn&quot;:&quot;2018-05-14&quot;,&quot;stock&quot;:&quot;Available&quot;,&quot;attributes&quot;:{&quot;isReplenishable&quot;:&quot;0&quot;,&quot;ppuQtyUom&quot;:&quot;Each&quot;,&quot;studioNm&quot;:&quot;Buena Vista Home Entertainment&quot;},&quot;addToCartUrl&quot;:&quot;http://c.affil.walmart.com/t/api01?l=http%3A%2F%2Faffil.walmart.com%2Fcart%2FaddToCart%3Fitems%3D492655980%7C1%26affp1%3DH-JVMzorBRQOTBioe9MKJOGSfQyvSqNadbq6TI8wrRc%26affilsrc%3Dapi%26veh%3Daff%26wmlspartner%3Dreadonlyapi&quot;,&quot;affiliateAddToCartUrl&quot;:&quot;http://linksynergy.walmart.com/fs-bin/click?id=|LSNID|&amp;offerid=223073.7200&amp;type=14&amp;catid=8&amp;subid=0&amp;hid=7200&amp;tmpid=1082&amp;RD_PARM1=http%253A%252F%252Faffil.walmart.com%252Fcart%252FaddToCart%253Fitems%253D492655980%257C1%2526affp1%253DH-JVMzorBRQOTBioe9MKJOGSfQyvSqNadbq6TI8wrRc%2526affilsrc%253Dapi&quot;,&quot;freeShippingOver50Dollars&quot;:true,&quot;imageEntities&quot;:[{&quot;thumbnailImage&quot;:&quot;https://i5.walmartimages.com/asr/a424963b-1e5c-4d4f-b039-765a86b72367_1.04ff88306d30a59b60ea62c3000a76e8.jpeg?odnHeight=100&amp;odnWidth=100&amp;odnBg=FFFFFF&quot;,&quot;mediumImage&quot;:&quot;https://i5.walmartimages.com/asr/a424963b-1e5c-4d4f-b039-765a86b72367_1.04ff88306d30a59b60ea62c3000a76e8.jpeg?odnHeight=180&amp;odnWidth=180&amp;odnBg=FFFFFF&quot;,&quot;largeImage&quot;:&quot;https://i5.walmartimages.com/asr/a424963b-1e5c-4d4f-b039-765a86b72367_1.04ff88306d30a59b60ea62c3000a76e8.jpeg?odnHeight=450&amp;odnWidth=450&amp;odnBg=FFFFFF&quot;,&quot;entityType&quot;:&quot;PRIMARY&quot;}],&quot;offerType&quot;:&quot;ONLINE_AND_STORE&quot;,&quot;isTwoDayShippingEligible&quot;:true,&quot;availableOnline&quot;:true},{&quot;itemId&quot;:54827138,&quot;parentItemId&quot;:54827138,&quot;name&quot;:&quot;Mi Box Android TV&quot;,&quot;msrp&quot;:69.0,&quot;salePrice&quot;:64.0,&quot;upc&quot;:&quot;190997000012&quot;,&quot;categoryPath&quot;:&quot;Electronics/Home Audio &amp; Theater/Home Theater/Media Players &amp; Recorders/Media Streaming Players&quot;,&quot;shortDescription&quot;:&quot;Upgrade your television experience with the sleek yet powerful Mi Box, a streaming device and gaming box powered by Google&#039;s Android TV operating system. Mi Box allows you to access your favorite streaming apps including Netflix, HBO, Showtime, Youtube and more directly on the big screen. You can also enjoy live TV channels such as ESPN, Disney, CBS and CNN all without a cable subscription via Sling TV. With support of up to 4K Ultra HD at 60 frames per second, true to life pictures pop from your screen as you watch the NFL live or play a racing game. This is how television content was meant to be consumed, what you want and when you want it, all with the sharpest and smoothest video quality. Powered by Google Cast, Mi Box makes sharing your small screens easy. You can cast shows, movies, music and more from your phone, tablet or laptop onto your TV with a single tap. The Mi Box remote comes with Google voice search built in and gives you ultimate control.&quot;,&quot;longDescription&quot;:&quot;&amp;lt;br&amp;gt;&amp;lt;b&amp;gt;Mi Box Android TV:&amp;lt;/b&amp;gt;&amp;lt;ul&amp;gt;&amp;lt;li&amp;gt;Sling TV: sign up to watch your favorite live channels and get $50 credit towards your subscription&amp;lt;/li&amp;gt;&amp;lt;li&amp;gt;CBS All Access: stream your favorite shows live and on demand with 1 month of free access&amp;lt;/li&amp;gt;&amp;lt;li&amp;gt;Pandora: listen to your favorite music with a 3-month free trial&amp;lt;/li&amp;gt;&amp;lt;li&amp;gt;VUDU: rent, buy or watch your favorite movie or TV show on demand with $5 credit&amp;lt;/li&amp;gt;&amp;lt;li&amp;gt;Enjoy thousands of movies, TV shows and music with Netflix, HBO, Showtime, Youtube, Pandora and much more&amp;lt;/li&amp;gt;&amp;lt;li&amp;gt;Watch live TV channels like ESPN, CBS, CNN and Disney (via Sling TV)&amp;lt;/li&amp;gt;&amp;lt;li&amp;gt;Built-in Android TV 6.0 with Google Cast lets you stream shows, movies, music and much more from your phone, tablet or laptop onto your TV&amp;lt;/li&amp;gt;&amp;lt;li&amp;gt;4K Ultra HD with High Dynamic Range (HDR) support lets you watch videos in detail like never before&amp;lt;/li&amp;gt;&amp;lt;li&amp;gt;Speak into the Bluetooth voice remote and Mi Box searches for what you want with Google voice search&amp;lt;/li&amp;gt;&amp;lt;li&amp;gt;Android and iOS smartphone compatible&amp;lt;/li&amp;gt;&amp;lt;li&amp;gt;What&#039;s in the box:&amp;lt;ul&amp;gt;&amp;lt;li&amp;gt;Mi Box&amp;lt;/li&amp;gt;&amp;lt;li&amp;gt;Bluetooth voice remote&amp;lt;/li&amp;gt;&amp;lt;li&amp;gt;Power adapter&amp;lt;/li&amp;gt;&amp;lt;li&amp;gt;HDMI cable&amp;lt;/li&amp;gt;&amp;lt;li&amp;gt;User guide&amp;lt;/li&amp;gt;&amp;lt;li&amp;gt;Offers booklet ($76 value)&amp;lt;/li&amp;gt;&amp;lt;/ul&amp;gt;&amp;lt;/li&amp;gt;&amp;lt;/ul&amp;gt;&quot;,&quot;brandName&quot;:&quot;Mi Box&quot;,&quot;thumbnailImage&quot;:&quot;https://i5.walmartimages.com/asr/0e250335-dfae-461d-87b2-f1321726a0db_1.0d5795d0fead1abe4ec898af6d05ce74.jpeg?odnHeight=100&amp;odnWidth=100&amp;odnBg=FFFFFF&quot;,&quot;mediumImage&quot;:&quot;https://i5.walmartimages.com/asr/0e250335-dfae-461d-87b2-f1321726a0db_1.0d5795d0fead1abe4ec898af6d05ce74.jpeg?odnHeight=180&amp;odnWidth=180&amp;odnBg=FFFFFF&quot;,&quot;largeImage&quot;:&quot;https://i5.walmartimages.com/asr/0e250335-dfae-461d-87b2-f1321726a0db_1.0d5795d0fead1abe4ec898af6d05ce74.jpeg?odnHeight=450&amp;odnWidth=450&amp;odnBg=FFFFFF&quot;,&quot;productTrackingUrl&quot;:&quot;http://linksynergy.walmart.com/fs-bin/click?id=|LSNID|&amp;offerid=223073.7200&amp;type=14&amp;catid=8&amp;subid=0&amp;hid=7200&amp;tmpid=1082&amp;RD_PARM1=https%253A%252F%252Fwww.walmart.com%252Fip%252FMi-Box-Android-TV%252F54827138%253Faffp1%253DH-JVMzorBRQOTBioe9MKJOGSfQyvSqNadbq6TI8wrRc%2526affilsrc%253Dapi&quot;,&quot;ninetySevenCentShipping&quot;:false,&quot;standardShipRate&quot;:0.0,&quot;size&quot;:&quot;Black&quot;,&quot;color&quot;:&quot;Black&quot;,&quot;shipToStore&quot;:true,&quot;freeShipToStore&quot;:true,&quot;modelNumber&quot;:&quot;MDZ-16-AB&quot;,&quot;productUrl&quot;:&quot;http://c.affil.walmart.com/t/api01?l=https%3A%2F%2Fwww.walmart.com%2Fip%2FMi-Box-Android-TV%2F54827138%3Faffp1%3DH-JVMzorBRQOTBioe9MKJOGSfQyvSqNadbq6TI8wrRc%26affilsrc%3Dapi%26veh%3Daff%26wmlspartner%3Dreadonlyapi&quot;,&quot;customerRating&quot;:&quot;4.046&quot;,&quot;numReviews&quot;:327,&quot;customerRatingImage&quot;:&quot;http://i2.walmartimages.com/i/CustRating/4.gif&quot;,&quot;bestMarketplacePrice&quot;:{&quot;twoThreeDayShippingRate&quot;:0.0,&quot;availableOnline&quot;:false,&quot;clearance&quot;:false},&quot;categoryNode&quot;:&quot;3944_77622_7549938&quot;,&quot;bundle&quot;:false,&quot;clearance&quot;:false,&quot;preOrder&quot;:false,&quot;stock&quot;:&quot;Available&quot;,&quot;attributes&quot;:{&quot;actualColor&quot;:&quot;Black&quot;,&quot;color&quot;:&quot;Black&quot;,&quot;features&quot;:&quot;Bluetooth&quot;},&quot;addToCartUrl&quot;:&quot;http://c.affil.walmart.com/t/api01?l=http%3A%2F%2Faffil.walmart.com%2Fcart%2FaddToCart%3Fitems%3D54827138%7C1%26affp1%3DH-JVMzorBRQOTBioe9MKJOGSfQyvSqNadbq6TI8wrRc%26affilsrc%3Dapi%26veh%3Daff%26wmlspartner%3Dreadonlyapi&quot;,&quot;affiliateAddToCartUrl&quot;:&quot;http://linksynergy.walmart.com/fs-bin/click?id=|LSNID|&amp;offerid=223073.7200&amp;type=14&amp;catid=8&amp;subid=0&amp;hid=7200&amp;tmpid=1082&amp;RD_PARM1=http%253A%252F%252Faffil.walmart.com%252Fcart%252FaddToCart%253Fitems%253D54827138%257C1%2526affp1%253DH-JVMzorBRQOTBioe9MKJOGSfQyvSqNadbq6TI8wrRc%2526affilsrc%253Dapi&quot;,&quot;freeShippingOver50Dollars&quot;:true,&quot;giftOptions&quot;:{&quot;allowGiftWrap&quot;:false,&quot;allowGiftMessage&quot;:false,&quot;allowGiftReceipt&quot;:false},&quot;imageEntities&quot;:[{&quot;thumbnailImage&quot;:&quot;https://i5.walmartimages.com/asr/14857818-6a4e-46a6-8124-00e436b1052c_1.e3fcb8f1d70c3c704c177aab49c14fae.jpeg?odnHeight=100&amp;odnWidth=100&amp;odnBg=FFFFFF&quot;,&quot;mediumImage&quot;:&quot;https://i5.walmartimages.com/asr/14857818-6a4e-46a6-8124-00e436b1052c_1.e3fcb8f1d70c3c704c177aab49c14fae.jpeg?odnHeight=180&amp;odnWidth=180&amp;odnBg=FFFFFF&quot;,&quot;largeImage&quot;:&quot;https://i5.walmartimages.com/asr/14857818-6a4e-46a6-8124-00e436b1052c_1.e3fcb8f1d70c3c704c177aab49c14fae.jpeg?odnHeight=450&amp;odnWidth=450&amp;odnBg=FFFFFF&quot;,&quot;entityType&quot;:&quot;SECONDARY&quot;},{&quot;thumbnailImage&quot;:&quot;https://i5.walmartimages.com/asr/db945a5b-2307-46a9-b89d-c6cca3003ba9_1.d412b08b2159476542150dc75e72b801.jpeg?odnHeight=100&amp;odnWidth=100&amp;odnBg=FFFFFF&quot;,&quot;mediumImage&quot;:&quot;https://i5.walmartimages.com/asr/db945a5b-2307-46a9-b89d-c6cca3003ba9_1.d412b08b2159476542150dc75e72b801.jpeg?odnHeight=180&amp;odnWidth=180&amp;odnBg=FFFFFF&quot;,&quot;largeImage&quot;:&quot;https://i5.walmartimages.com/asr/db945a5b-2307-46a9-b89d-c6cca3003ba9_1.d412b08b2159476542150dc75e72b801.jpeg?odnHeight=450&amp;odnWidth=450&amp;odnBg=FFFFFF&quot;,&quot;entityType&quot;:&quot;SECONDARY&quot;},{&quot;thumbnailImage&quot;:&quot;https://i5.walmartimages.com/asr/95fc5b8a-a05f-4689-b326-10f7f3f7d163_1.05601381b655b16e59857d33de03cafb.jpeg?odnHeight=100&amp;odnWidth=100&amp;odnBg=FFFFFF&quot;,&quot;mediumImage&quot;:&quot;https://i5.walmartimages.com/asr/95fc5b8a-a05f-4689-b326-10f7f3f7d163_1.05601381b655b16e59857d33de03cafb.jpeg?odnHeight=180&amp;odnWidth=180&amp;odnBg=FFFFFF&quot;,&quot;largeImage&quot;:&quot;https://i5.walmartimages.com/asr/95fc5b8a-a05f-4689-b326-10f7f3f7d163_1.05601381b655b16e59857d33de03cafb.jpeg?odnHeight=450&amp;odnWidth=450&amp;odnBg=FFFFFF&quot;,&quot;entityType&quot;:&quot;SECONDARY&quot;},{&quot;thumbnailImage&quot;:&quot;https://i5.walmartimages.com/asr/79e56384-95cf-4433-9a3d-3c802730fb2f_1.81e144b225aa60f6e50b40765e4383f4.jpeg?odnHeight=100&amp;odnWidth=100&amp;odnBg=FFFFFF&quot;,&quot;mediumImage&quot;:&quot;https://i5.walmartimages.com/asr/79e56384-95cf-4433-9a3d-3c802730fb2f_1.81e144b225aa60f6e50b40765e4383f4.jpeg?odnHeight=180&amp;odnWidth=180&amp;odnBg=FFFFFF&quot;,&quot;largeImage&quot;:&quot;https://i5.walmartimages.com/asr/79e56384-95cf-4433-9a3d-3c802730fb2f_1.81e144b225aa60f6e50b40765e4383f4.jpeg?odnHeight=450&amp;odnWidth=450&amp;odnBg=FFFFFF&quot;,&quot;entityType&quot;:&quot;SECONDARY&quot;},{&quot;thumbnailImage&quot;:&quot;https://i5.walmartimages.com/asr/0e250335-dfae-461d-87b2-f1321726a0db_1.0d5795d0fead1abe4ec898af6d05ce74.jpeg?odnHeight=100&amp;odnWidth=100&amp;odnBg=FFFFFF&quot;,&quot;mediumImage&quot;:&quot;https://i5.walmartimages.com/asr/0e250335-dfae-461d-87b2-f1321726a0db_1.0d5795d0fead1abe4ec898af6d05ce74.jpeg?odnHeight=180&amp;odnWidth=180&amp;odnBg=FFFFFF&quot;,&quot;largeImage&quot;:&quot;https://i5.walmartimages.com/asr/0e250335-dfae-461d-87b2-f1321726a0db_1.0d5795d0fead1abe4ec898af6d05ce74.jpeg?odnHeight=450&amp;odnWidth=450&amp;odnBg=FFFFFF&quot;,&quot;entityType&quot;:&quot;PRIMARY&quot;}],&quot;offerType&quot;:&quot;ONLINE_AND_STORE&quot;,&quot;isTwoDayShippingEligible&quot;:true,&quot;availableOnline&quot;:true},{&quot;itemId&quot;:44810041,&quot;parentItemId&quot;:44810041,&quot;name&quot;:&quot;Sun Joe TJ603E Electric Garden Tiller/Cultivator | 16-Inch | 12 Amp&quot;,&quot;msrp&quot;:149.99,&quot;salePrice&quot;:88.52,&quot;upc&quot;:&quot;810829023261&quot;,&quot;categoryPath&quot;:&quot;Patio &amp; Garden/Outdoor Power Equipment/Tillers &amp; Cultivators&quot;,&quot;shortDescription&quot;:&quot;The dirty little secret of great gardens. Dig it, and experience the one tiller that&#039;s truly up to the task! Introducing a greener, cleaner way to get dirty with the Sun Joe TILLER JOE TJ603E Electric Tiller + Cultivator. A powerful 12-amp motor quickly pulverizes dirt, effortlessly slicing through the soil at 340 RPM, ensuring maximum aeration and perfectly preparing the seedbed for planting. Cultivate an area 16 inches wide and up to 8 inches deep in seconds. Control weeds where needed, TILLER JOE tames the toughest yard and garden tasks with more comfort and less strain. Rear wheels make it easy to maneuver wherever it&#039;s needed, and its collapsible handle makes it a cinch to store when it&#039;s not.&quot;,&quot;longDescription&quot;:&quot;&amp;lt;br&amp;gt;&amp;lt;b&amp;gt;Sun Joe Tiller Joe 16&amp;quot; 12-Amp Electric Garden Tiller/Cultivator:&amp;lt;/b&amp;gt;&amp;lt;ul&amp;gt;&amp;lt;li&amp;gt;Powerful 12-amp motor cultivates up to 16&amp;quot; (40.6 cm) wide x 8&amp;quot; (20.3 cm) deep&amp;lt;/li&amp;gt;&amp;lt;li&amp;gt;Handle folds for convenient storage and easy transport&amp;lt;/li&amp;gt;&amp;lt;li&amp;gt;3-position wheel adjustment&amp;lt;/li&amp;gt;&amp;lt;li&amp;gt;Maintenance free&amp;lt;/li&amp;gt;&amp;lt;li&amp;gt;2-year warranty&amp;lt;/li&amp;gt;&amp;lt;li&amp;gt;Model# TJ603E&amp;lt;/li&amp;gt;&amp;lt;/ul&amp;gt;&quot;,&quot;brandName&quot;:&quot;Sun Joe&quot;,&quot;thumbnailImage&quot;:&quot;https://i5.walmartimages.com/asr/eba36651-c16e-4d81-9439-4b35f93cdb92_1.0b262a1d219a236ff966af7d68eec858.jpeg?odnHeight=100&amp;odnWidth=100&amp;odnBg=FFFFFF&quot;,&quot;mediumImage&quot;:&quot;https://i5.walmartimages.com/asr/eba36651-c16e-4d81-9439-4b35f93cdb92_1.0b262a1d219a236ff966af7d68eec858.jpeg?odnHeight=180&amp;odnWidth=180&amp;odnBg=FFFFFF&quot;,&quot;largeImage&quot;:&quot;https://i5.walmartimages.com/asr/eba36651-c16e-4d81-9439-4b35f93cdb92_1.0b262a1d219a236ff966af7d68eec858.jpeg?odnHeight=450&amp;odnWidth=450&amp;odnBg=FFFFFF&quot;,&quot;productTrackingUrl&quot;:&quot;http://linksynergy.walmart.com/fs-bin/click?id=|LSNID|&amp;offerid=223073.7200&amp;type=14&amp;catid=8&amp;subid=0&amp;hid=7200&amp;tmpid=1082&amp;RD_PARM1=https%253A%252F%252Fwww.walmart.com%252Fip%252FSun-Joe-TJ603E-Electric-Garden-Tiller-Cultivator-16-Inch-12-Amp%252F44810041%253Faffp1%253DH-JVMzorBRQOTBioe9MKJOGSfQyvSqNadbq6TI8wrRc%2526affilsrc%253Dapi&quot;,&quot;ninetySevenCentShipping&quot;:false,&quot;standardShipRate&quot;:0.0,&quot;size&quot;:&quot;\&quot;16\\\&quot;\&quot;16\&quot;\&quot;\&quot;&quot;,&quot;color&quot;:&quot;Green&quot;,&quot;shipToStore&quot;:true,&quot;freeShipToStore&quot;:true,&quot;modelNumber&quot;:&quot;SUNNTJ603E&quot;,&quot;productUrl&quot;:&quot;http://c.affil.walmart.com/t/api01?l=https%3A%2F%2Fwww.walmart.com%2Fip%2FSun-Joe-TJ603E-Electric-Garden-Tiller-Cultivator-16-Inch-12-Amp%2F44810041%3Faffp1%3DH-JVMzorBRQOTBioe9MKJOGSfQyvSqNadbq6TI8wrRc%26affilsrc%3Dapi%26veh%3Daff%26wmlspartner%3Dreadonlyapi&quot;,&quot;customerRating&quot;:&quot;4.623&quot;,&quot;numReviews&quot;:207,&quot;customerRatingImage&quot;:&quot;http://i2.walmartimages.com/i/CustRating/4_6.gif&quot;,&quot;bestMarketplacePrice&quot;:{&quot;price&quot;:132.49,&quot;sellerInfo&quot;:&quot;Overstock&quot;,&quot;standardShipRate&quot;:0.0,&quot;availableOnline&quot;:true,&quot;clearance&quot;:false,&quot;offerType&quot;:&quot;ONLINE_ONLY&quot;},&quot;categoryNode&quot;:&quot;5428_1102182_1225079&quot;,&quot;bundle&quot;:false,&quot;clearance&quot;:false,&quot;preOrder&quot;:false,&quot;stock&quot;:&quot;Available&quot;,&quot;attributes&quot;:{&quot;color&quot;:&quot;Green&quot;,&quot;isReplenishable&quot;:&quot;0&quot;,&quot;size&quot;:&quot;16\&quot;&quot;},&quot;addToCartUrl&quot;:&quot;http://c.affil.walmart.com/t/api01?l=http%3A%2F%2Faffil.walmart.com%2Fcart%2FaddToCart%3Fitems%3D44810041%7C1%26affp1%3DH-JVMzorBRQOTBioe9MKJOGSfQyvSqNadbq6TI8wrRc%26affilsrc%3Dapi%26veh%3Daff%26wmlspartner%3Dreadonlyapi&quot;,&quot;affiliateAddToCartUrl&quot;:&quot;http://linksynergy.walmart.com/fs-bin/click?id=|LSNID|&amp;offerid=223073.7200&amp;type=14&amp;catid=8&amp;subid=0&amp;hid=7200&amp;tmpid=1082&amp;RD_PARM1=http%253A%252F%252Faffil.walmart.com%252Fcart%252FaddToCart%253Fitems%253D44810041%257C1%2526affp1%253DH-JVMzorBRQOTBioe9MKJOGSfQyvSqNadbq6TI8wrRc%2526affilsrc%253Dapi&quot;,&quot;freeShippingOver50Dollars&quot;:true,&quot;giftOptions&quot;:{&quot;allowGiftWrap&quot;:false,&quot;allowGiftMessage&quot;:false,&quot;allowGiftReceipt&quot;:false},&quot;imageEntities&quot;:[{&quot;thumbnailImage&quot;:&quot;https://i5.walmartimages.com/asr/caf3555b-1ea4-4d3b-ada8-f3af6af6ce98_1.27a4d19fe6328c5db009b7f6e71d5252.jpeg?odnHeight=100&amp;odnWidth=100&amp;odnBg=FFFFFF&quot;,&quot;mediumImage&quot;:&quot;https://i5.walmartimages.com/asr/caf3555b-1ea4-4d3b-ada8-f3af6af6ce98_1.27a4d19fe6328c5db009b7f6e71d5252.jpeg?odnHeight=180&amp;odnWidth=180&amp;odnBg=FFFFFF&quot;,&quot;largeImage&quot;:&quot;https://i5.walmartimages.com/asr/caf3555b-1ea4-4d3b-ada8-f3af6af6ce98_1.27a4d19fe6328c5db009b7f6e71d5252.jpeg?odnHeight=450&amp;odnWidth=450&amp;odnBg=FFFFFF&quot;,&quot;entityType&quot;:&quot;SECONDARY&quot;},{&quot;thumbnailImage&quot;:&quot;https://i5.walmartimages.com/asr/e1198e2d-2e3d-4779-8d7f-dfc2483f52a9_1.421cba48a57862fd9ceb7ade8dc9f170.jpeg?odnHeight=100&amp;odnWidth=100&amp;odnBg=FFFFFF&quot;,&quot;mediumImage&quot;:&quot;https://i5.walmartimages.com/asr/e1198e2d-2e3d-4779-8d7f-dfc2483f52a9_1.421cba48a57862fd9ceb7ade8dc9f170.jpeg?odnHeight=180&amp;odnWidth=180&amp;odnBg=FFFFFF&quot;,&quot;largeImage&quot;:&quot;https://i5.walmartimages.com/asr/e1198e2d-2e3d-4779-8d7f-dfc2483f52a9_1.421cba48a57862fd9ceb7ade8dc9f170.jpeg?odnHeight=450&amp;odnWidth=450&amp;odnBg=FFFFFF&quot;,&quot;entityType&quot;:&quot;SECONDARY&quot;},{&quot;thumbnailImage&quot;:&quot;https://i5.walmartimages.com/asr/b7d5b606-12c1-4305-b53f-20c219c9d1d1_1.82bd3e0a8b9548dfb1125dfc385f9d70.jpeg?odnHeight=100&amp;odnWidth=100&amp;odnBg=FFFFFF&quot;,&quot;mediumImage&quot;:&quot;https://i5.walmartimages.com/asr/b7d5b606-12c1-4305-b53f-20c219c9d1d1_1.82bd3e0a8b9548dfb1125dfc385f9d70.jpeg?odnHeight=180&amp;odnWidth=180&amp;odnBg=FFFFFF&quot;,&quot;largeImage&quot;:&quot;https://i5.walmartimages.com/asr/b7d5b606-12c1-4305-b53f-20c219c9d1d1_1.82bd3e0a8b9548dfb1125dfc385f9d70.jpeg?odnHeight=450&amp;odnWidth=450&amp;odnBg=FFFFFF&quot;,&quot;entityType&quot;:&quot;SECONDARY&quot;},{&quot;thumbnailImage&quot;:&quot;https://i5.walmartimages.com/asr/07ef78fb-0cb7-4a7c-b5f2-73ee4ce47aaf_1.cdababb322e366a003502739a4861ffa.jpeg?odnHeight=100&amp;odnWidth=100&amp;odnBg=FFFFFF&quot;,&quot;mediumImage&quot;:&quot;https://i5.walmartimages.com/asr/07ef78fb-0cb7-4a7c-b5f2-73ee4ce47aaf_1.cdababb322e366a003502739a4861ffa.jpeg?odnHeight=180&amp;odnWidth=180&amp;odnBg=FFFFFF&quot;,&quot;largeImage&quot;:&quot;https://i5.walmartimages.com/asr/07ef78fb-0cb7-4a7c-b5f2-73ee4ce47aaf_1.cdababb322e366a003502739a4861ffa.jpeg?odnHeight=450&amp;odnWidth=450&amp;odnBg=FFFFFF&quot;,&quot;entityType&quot;:&quot;SECONDARY&quot;},{&quot;thumbnailImage&quot;:&quot;https://i5.walmartimages.com/asr/236e63a4-5ebc-48cf-b873-10697cbd5d6f_1.49b2a5e6fce8c78c141012890cf16728.jpeg?odnHeight=100&amp;odnWidth=100&amp;odnBg=FFFFFF&quot;,&quot;mediumImage&quot;:&quot;https://i5.walmartimages.com/asr/236e63a4-5ebc-48cf-b873-10697cbd5d6f_1.49b2a5e6fce8c78c141012890cf16728.jpeg?odnHeight=180&amp;odnWidth=180&amp;odnBg=FFFFFF&quot;,&quot;largeImage&quot;:&quot;https://i5.walmartimages.com/asr/236e63a4-5ebc-48cf-b873-10697cbd5d6f_1.49b2a5e6fce8c78c141012890cf16728.jpeg?odnHeight=450&amp;odnWidth=450&amp;odnBg=FFFFFF&quot;,&quot;entityType&quot;:&quot;SECONDARY&quot;},{&quot;thumbnailImage&quot;:&quot;https://i5.walmartimages.com/asr/eba36651-c16e-4d81-9439-4b35f93cdb92_1.0b262a1d219a236ff966af7d68eec858.jpeg?odnHeight=100&amp;odnWidth=100&amp;odnBg=FFFFFF&quot;,&quot;mediumImage&quot;:&quot;https://i5.walmartimages.com/asr/eba36651-c16e-4d81-9439-4b35f93cdb92_1.0b262a1d219a236ff966af7d68eec858.jpeg?odnHeight=180&amp;odnWidth=180&amp;odnBg=FFFFFF&quot;,&quot;largeImage&quot;:&quot;https://i5.walmartimages.com/asr/eba36651-c16e-4d81-9439-4b35f93cdb92_1.0b262a1d219a236ff966af7d68eec858.jpeg?odnHeight=450&amp;odnWidth=450&amp;odnBg=FFFFFF&quot;,&quot;entityType&quot;:&quot;PRIMARY&quot;}],&quot;offerType&quot;:&quot;ONLINE_AND_STORE&quot;,&quot;isTwoDayShippingEligible&quot;:false,&quot;availableOnline&quot;:true},{&quot;itemId&quot;:451084042,&quot;parentItemId&quot;:451084042,&quot;name&quot;:&quot;Apple iPad (5th Generation) 32GB Wi-Fi Gold&quot;,&quot;msrp&quot;:499.99,&quot;salePrice&quot;:249.0,&quot;upc&quot;:&quot;190198323071&quot;,&quot;categoryPath&quot;:&quot;Electronics/iPad &amp; Tablets/All Tablets&quot;,&quot;shortDescription&quot;:&quot;The 9.7-inch iPad delivers the revolutionary iPad experience at an even more affordable price. The vivid Retina display offers an immersive viewing experience. The A9 chip provides amazing performance, yet it still delivers up to 10 hours of battery life. And the durable aluminum unibody enclosure is just 7.5 mm thin and weighs just a pound. With advanced cameras, ultrafast wireless connectivity, Touch ID, Apple Pay, iOS 10, and more than 1.3 million apps on the App Store, you can work, play, surf, and shop everywhere. Apple&#039;s most popular-sized iPad is a great choice for firsttime iPad owners and upgraders who want to enjoy the benefits of a powerful, new iPad.&quot;,&quot;longDescription&quot;:&quot;&amp;lt;div&amp;gt;&amp;lt;b&amp;gt;Apple iPad 32GB Wi-Fi - Gold (5th generation):&amp;lt;/b&amp;gt;&amp;lt;br&amp;gt;&amp;lt;/div&amp;gt;&amp;lt;ul&amp;gt;&amp;lt;li&amp;gt;9.7-inch Retina display, wide color and true tone&amp;lt;br&amp;gt;&amp;lt;/li&amp;gt;&amp;lt;li&amp;gt;A9 third-generation chip with 64-bit architecture&amp;lt;br&amp;gt;&amp;lt;/li&amp;gt;&amp;lt;li&amp;gt;M9 motion coprocessor&amp;lt;br&amp;gt;&amp;lt;/li&amp;gt;&amp;lt;li&amp;gt;1.2MP FaceTime HD camera&amp;lt;br&amp;gt;&amp;lt;/li&amp;gt;&amp;lt;li&amp;gt;8MP iSight camera&amp;lt;br&amp;gt;&amp;lt;/li&amp;gt;&amp;lt;li&amp;gt;Touch ID&amp;lt;br&amp;gt;&amp;lt;/li&amp;gt;&amp;lt;li&amp;gt;Apple Pay&amp;lt;/li&amp;gt;&amp;lt;/ul&amp;gt;&quot;,&quot;brandName&quot;:&quot;Apple&quot;,&quot;thumbnailImage&quot;:&quot;https://i5.walmartimages.com/asr/d77b32ee-66fa-48d3-bd3c-b9b24a496483_1.78997456599888c8d59bf7aa18af2fab.jpeg?odnHeight=100&amp;odnWidth=100&amp;odnBg=FFFFFF&quot;,&quot;mediumImage&quot;:&quot;https://i5.walmartimages.com/asr/d77b32ee-66fa-48d3-bd3c-b9b24a496483_1.78997456599888c8d59bf7aa18af2fab.jpeg?odnHeight=180&amp;odnWidth=180&amp;odnBg=FFFFFF&quot;,&quot;largeImage&quot;:&quot;https://i5.walmartimages.com/asr/d77b32ee-66fa-48d3-bd3c-b9b24a496483_1.78997456599888c8d59bf7aa18af2fab.jpeg?odnHeight=450&amp;odnWidth=450&amp;odnBg=FFFFFF&quot;,&quot;productTrackingUrl&quot;:&quot;http://linksynergy.walmart.com/fs-bin/click?id=|LSNID|&amp;offerid=223073.7200&amp;type=14&amp;catid=8&amp;subid=0&amp;hid=7200&amp;tmpid=1082&amp;RD_PARM1=https%253A%252F%252Fwww.walmart.com%252Fip%252FApple-iPad-5th-Generation-32GB-Wi-Fi-Gold%252F451084042%253Faffp1%253DH-JVMzorBRQOTBioe9MKJOGSfQyvSqNadbq6TI8wrRc%2526affilsrc%253Dapi&quot;,&quot;standardShipRate&quot;:0.0,&quot;size&quot;:&quot;2049-12-29 00:00:00.000000-07:00&quot;,&quot;color&quot;:&quot;Gold&quot;,&quot;modelNumber&quot;:&quot;MPGT2LL/A&quot;,&quot;productUrl&quot;:&quot;http://c.affil.walmart.com/t/api01?l=https%3A%2F%2Fwww.walmart.com%2Fip%2FApple-iPad-5th-Generation-32GB-Wi-Fi-Gold%2F451084042%3Faffp1%3DH-JVMzorBRQOTBioe9MKJOGSfQyvSqNadbq6TI8wrRc%26affilsrc%3Dapi%26veh%3Daff%26wmlspartner%3Dreadonlyapi&quot;,&quot;customerRating&quot;:&quot;4.8&quot;,&quot;numReviews&quot;:206,&quot;customerRatingImage&quot;:&quot;http://i2.walmartimages.com/i/CustRating/4_8.gif&quot;,&quot;categoryNode&quot;:&quot;3944_1078524_1078084&quot;,&quot;bundle&quot;:false,&quot;clearance&quot;:false,&quot;preOrder&quot;:false,&quot;stock&quot;:&quot;Available&quot;,&quot;attributes&quot;:{&quot;color&quot;:&quot;Gold&quot;,&quot;hasWarranty&quot;:&quot;Y&quot;,&quot;replenishmentEndDate&quot;:&quot;2049-12-29 00:00:00.000000-07:00&quot;},&quot;addToCartUrl&quot;:&quot;http://c.affil.walmart.com/t/api01?l=http%3A%2F%2Faffil.walmart.com%2Fcart%2FaddToCart%3Fitems%3D451084042%7C1%26affp1%3DH-JVMzorBRQOTBioe9MKJOGSfQyvSqNadbq6TI8wrRc%26affilsrc%3Dapi%26veh%3Daff%26wmlspartner%3Dreadonlyapi&quot;,&quot;affiliateAddToCartUrl&quot;:&quot;http://linksynergy.walmart.com/fs-bin/click?id=|LSNID|&amp;offerid=223073.7200&amp;type=14&amp;catid=8&amp;subid=0&amp;hid=7200&amp;tmpid=1082&amp;RD_PARM1=http%253A%252F%252Faffil.walmart.com%252Fcart%252FaddToCart%253Fitems%253D451084042%257C1%2526affp1%253DH-JVMzorBRQOTBioe9MKJOGSfQyvSqNadbq6TI8wrRc%2526affilsrc%253Dapi&quot;,&quot;freeShippingOver50Dollars&quot;:false,&quot;giftOptions&quot;:{&quot;allowGiftWrap&quot;:false,&quot;allowGiftMessage&quot;:false,&quot;allowGiftReceipt&quot;:false},&quot;imageEntities&quot;:[{&quot;thumbnailImage&quot;:&quot;https://i5.walmartimages.com/asr/3096556d-5475-4fff-ab24-cc1b1fbeb5cc_1.9219d829da83eac1f6918f37dc88e6fc.jpeg?odnHeight=100&amp;odnWidth=100&amp;odnBg=FFFFFF&quot;,&quot;mediumImage&quot;:&quot;https://i5.walmartimages.com/asr/3096556d-5475-4fff-ab24-cc1b1fbeb5cc_1.9219d829da83eac1f6918f37dc88e6fc.jpeg?odnHeight=180&amp;odnWidth=180&amp;odnBg=FFFFFF&quot;,&quot;largeImage&quot;:&quot;https://i5.walmartimages.com/asr/3096556d-5475-4fff-ab24-cc1b1fbeb5cc_1.9219d829da83eac1f6918f37dc88e6fc.jpeg?odnHeight=450&amp;odnWidth=450&amp;odnBg=FFFFFF&quot;,&quot;entityType&quot;:&quot;SECONDARY&quot;},{&quot;thumbnailImage&quot;:&quot;https://i5.walmartimages.com/asr/a7b97b11-ec5a-42a3-8e33-5c55954711d2_1.41474725c7426695487e102793e16673.jpeg?odnHeight=100&amp;odnWidth=100&amp;odnBg=FFFFFF&quot;,&quot;mediumImage&quot;:&quot;https://i5.walmartimages.com/asr/a7b97b11-ec5a-42a3-8e33-5c55954711d2_1.41474725c7426695487e102793e16673.jpeg?odnHeight=180&amp;odnWidth=180&amp;odnBg=FFFFFF&quot;,&quot;largeImage&quot;:&quot;https://i5.walmartimages.com/asr/a7b97b11-ec5a-42a3-8e33-5c55954711d2_1.41474725c7426695487e102793e16673.jpeg?odnHeight=450&amp;odnWidth=450&amp;odnBg=FFFFFF&quot;,&quot;entityType&quot;:&quot;SECONDARY&quot;},{&quot;thumbnailImage&quot;:&quot;https://i5.walmartimages.com/asr/2329803f-397e-4ce6-ae2c-21c91ee63ea2_1.824438992262134c0b480ca248019e10.jpeg?odnHeight=100&amp;odnWidth=100&amp;odnBg=FFFFFF&quot;,&quot;mediumImage&quot;:&quot;https://i5.walmartimages.com/asr/2329803f-397e-4ce6-ae2c-21c91ee63ea2_1.824438992262134c0b480ca248019e10.jpeg?odnHeight=180&amp;odnWidth=180&amp;odnBg=FFFFFF&quot;,&quot;largeImage&quot;:&quot;https://i5.walmartimages.com/asr/2329803f-397e-4ce6-ae2c-21c91ee63ea2_1.824438992262134c0b480ca248019e10.jpeg?odnHeight=450&amp;odnWidth=450&amp;odnBg=FFFFFF&quot;,&quot;entityType&quot;:&quot;SECONDARY&quot;},{&quot;thumbnailImage&quot;:&quot;https://i5.walmartimages.com/asr/d77b32ee-66fa-48d3-bd3c-b9b24a496483_1.78997456599888c8d59bf7aa18af2fab.jpeg?odnHeight=100&amp;odnWidth=100&amp;odnBg=FFFFFF&quot;,&quot;mediumImage&quot;:&quot;https://i5.walmartimages.com/asr/d77b32ee-66fa-48d3-bd3c-b9b24a496483_1.78997456599888c8d59bf7aa18af2fab.jpeg?odnHeight=180&amp;odnWidth=180&amp;odnBg=FFFFFF&quot;,&quot;largeImage&quot;:&quot;https://i5.walmartimages.com/asr/d77b32ee-66fa-48d3-bd3c-b9b24a496483_1.78997456599888c8d59bf7aa18af2fab.jpeg?odnHeight=450&amp;odnWidth=450&amp;odnBg=FFFFFF&quot;,&quot;entityType&quot;:&quot;PRIMARY&quot;}],&quot;offerType&quot;:&quot;ONLINE_AND_STORE&quot;,&quot;isTwoDayShippingEligible&quot;:true,&quot;availableOnline&quot;:true},{&quot;itemId&quot;:657136655,&quot;parentItemId&quot;:657136655,&quot;name&quot;:&quot;LEGO Marvel Super Heroes Avengers Sanctum Sanctorum Showdown 76108&quot;,&quot;msrp&quot;:99.99,&quot;salePrice&quot;:99.96,&quot;upc&quot;:&quot;673419281782&quot;,&quot;categoryPath&quot;:&quot;Toys/Building Sets &amp; Blocks/Building Sets&quot;,&quot;shortDescription&quot;:&quot;Stage a LEGO&amp;reg; Marvel Super Heroes 76108 Sanctum Sanctorum Showdown between Iron Spider-Man, Iron Man and Doctor Strange and the super villains. This all-action set features a foldable, 3-level New York City building including Doctor Strange&amp;rsquo;s Sanctum Sanctorum, with an exploding wall function and hidden Infinity Stone element, plus a pizzeria and Peter Parker&amp;rsquo;s apartment, both with exploding window functions. The rooftop has a minifigure-launch function and a water tower with minifigure-winch function for Iron Spider-Man. This superhero toy also includes a detachable street corner scene, plus 4 minifigures and a big figure with weapons and 20 Power Burst elements.&quot;,&quot;longDescription&quot;:&quot;&amp;lt;ul&amp;gt;&amp;lt;li&amp;gt;Includes 4 minifigures: Iron Spider-Man, Iron Man, Doctor Strange and Ebony Maw, plus a Cull Obsidian big figure.&amp;lt;/li&amp;gt;&amp;lt;li&amp;gt;This set features a 3-level New York City building including the Sanctum Sanctorum, pizzeria, Peter Parker&amp;rsquo;s apartment, 2 fire escapes, rooftop water tower, plus a detachable street corner scene.&amp;lt;/li&amp;gt;&amp;lt;li&amp;gt;Fold the building in or out and attach the street corner in different places for alternative formations.&amp;lt;/li&amp;gt;&amp;lt;li&amp;gt;Sanctum Sanctorum features an entrance hall with an opening door, weapon rack with an axe and sword, and an armchair; library with an exploding wall function, hidden Infinity Stone element and stand, bookshelves, opening chest with 2 daggers inside and weapon rack with a staff and spear; and Doctor Strange&amp;rsquo;s top-floor office with a new-for-March-2018 decorated Sanctum Sanctorum window, desk, bookshelves and buildable candlestick.&amp;lt;/li&amp;gt;&amp;lt;li&amp;gt;Explode the wall to reveal the Infinity Stone.&amp;lt;/li&amp;gt;&amp;lt;li&amp;gt;Peter Parker&amp;rsquo;s apartment features an office with a desk and assorted elements including a computer, lamp and boxes, and a bedroom with a trapdoor function, exploding window function, bed and pizza element.&amp;lt;/li&amp;gt;&amp;lt;li&amp;gt;Explode the window to reveal the spider web on the building wall.&amp;lt;/li&amp;gt;&amp;lt;li&amp;gt;Pizzeria features an opening door, exploding window function, pizza oven, buildable shawarma and assorted elements including a pizza, pizza peel and fire extinguisher.&amp;lt;/li&amp;gt;&amp;lt;li&amp;gt;Rooftop features a minifigure-launch function and water tower with winch function to send Iron Spider-Man in and out of battle on a &amp;lsquo;spider web string&amp;rsquo;.&amp;lt;/li&amp;gt;&amp;lt;li&amp;gt;Street corner features a newspaper stand with newspaper elements, trash can and assorted elements including a spider web with Iron Spider-Man&amp;rsquo;s cell phone and a pizza slice.&amp;lt;/li&amp;gt;&amp;lt;li&amp;gt;The new-for-March-2018 Cull Obsidian big figure comes with 2 buildable hammers.&amp;lt;/li&amp;gt;&amp;lt;li&amp;gt;Weapons include Iron Spider-Man&amp;rsquo;s Power Blast and Ebony Maw&amp;rsquo;s Power Blast.&amp;lt;/li&amp;gt;&amp;lt;li&amp;gt;Iron Spider-Man comes with a backplate with 4 leg elements.&amp;lt;/li&amp;gt;&amp;lt;li&amp;gt;Also includes 10 assorted translucent-blue and 10 assorted translucent-orange Power Burst elements to customize your builds and minifigures.&amp;lt;/li&amp;gt;&amp;lt;li&amp;gt;The Iron Man, Iron Spider-Man and Ebony Maw minifigures are new for March 2018.&amp;lt;/li&amp;gt;&amp;lt;li&amp;gt;Recreate thrilling scenes from the Marvel Super Heroes Avengers: Infinity War movie.&amp;lt;/li&amp;gt;&amp;lt;li&amp;gt;Measures over 11&amp;rdquo; (30cm) high, 7&amp;rdquo; (20cm) wide and 8&amp;rdquo; (21cm) deep.&amp;lt;/li&amp;gt;&amp;lt;/ul&amp;gt;&quot;,&quot;brandName&quot;:&quot;LEGO&quot;,&quot;thumbnailImage&quot;:&quot;https://i5.walmartimages.com/asr/9d48e18b-fcf1-4df8-b701-86ab019a2584_1.22d396d1d1bb46343a583272aa78ebc6.jpeg?odnHeight=100&amp;odnWidth=100&amp;odnBg=FFFFFF&quot;,&quot;mediumImage&quot;:&quot;https://i5.walmartimages.com/asr/9d48e18b-fcf1-4df8-b701-86ab019a2584_1.22d396d1d1bb46343a583272aa78ebc6.jpeg?odnHeight=180&amp;odnWidth=180&amp;odnBg=FFFFFF&quot;,&quot;largeImage&quot;:&quot;https://i5.walmartimages.com/asr/9d48e18b-fcf1-4df8-b701-86ab019a2584_1.22d396d1d1bb46343a583272aa78ebc6.jpeg?odnHeight=450&amp;odnWidth=450&amp;odnBg=FFFFFF&quot;,&quot;productTrackingUrl&quot;:&quot;http://linksynergy.walmart.com/fs-bin/click?id=|LSNID|&amp;offerid=223073.7200&amp;type=14&amp;catid=8&amp;subid=0&amp;hid=7200&amp;tmpid=1082&amp;RD_PARM1=https%253A%252F%252Fwww.walmart.com%252Fip%252FLEGO-Marvel-Super-Heroes-Avengers-Sanctum-Sanctorum-Showdown-76108%252F657136655%253Faffp1%253DH-JVMzorBRQOTBioe9MKJOGSfQyvSqNadbq6TI8wrRc%2526affilsrc%253Dapi&quot;,&quot;ninetySevenCentShipping&quot;:false,&quot;standardShipRate&quot;:0.0,&quot;size&quot;:&quot;N&quot;,&quot;color&quot;:&quot;N&quot;,&quot;marketplace&quot;:false,&quot;shipToStore&quot;:true,&quot;freeShipToStore&quot;:true,&quot;modelNumber&quot;:&quot;76108&quot;,&quot;productUrl&quot;:&quot;http://c.affil.walmart.com/t/api01?l=https%3A%2F%2Fwww.walmart.com%2Fip%2FLEGO-Marvel-Super-Heroes-Avengers-Sanctum-Sanctorum-Showdown-76108%2F657136655%3Faffp1%3DH-JVMzorBRQOTBioe9MKJOGSfQyvSqNadbq6TI8wrRc%26affilsrc%3Dapi%26veh%3Daff%26wmlspartner%3Dreadonlyapi&quot;,&quot;customerRating&quot;:&quot;5.0&quot;,&quot;numReviews&quot;:8,&quot;customerRatingImage&quot;:&quot;http://i2.walmartimages.com/i/CustRating/5.gif&quot;,&quot;categoryNode&quot;:&quot;4171_4186_1044000&quot;,&quot;bundle&quot;:false,&quot;clearance&quot;:false,&quot;preOrder&quot;:false,&quot;stock&quot;:&quot;Available&quot;,&quot;attributes&quot;:{&quot;fuelRestriction&quot;:&quot;N&quot;,&quot;isPvtLabelUnbranded&quot;:&quot;0&quot;,&quot;replenType&quot;:&quot;sims&quot;},&quot;gender&quot;:&quot;Unisex&quot;,&quot;age&quot;:&quot;8 to 14 years&quot;,&quot;addToCartUrl&quot;:&quot;http://c.affil.walmart.com/t/api01?l=http%3A%2F%2Faffil.walmart.com%2Fcart%2FaddToCart%3Fitems%3D657136655%7C1%26affp1%3DH-JVMzorBRQOTBioe9MKJOGSfQyvSqNadbq6TI8wrRc%26affilsrc%3Dapi%26veh%3Daff%26wmlspartner%3Dreadonlyapi&quot;,&quot;affiliateAddToCartUrl&quot;:&quot;http://linksynergy.walmart.com/fs-bin/click?id=|LSNID|&amp;offerid=223073.7200&amp;type=14&amp;catid=8&amp;subid=0&amp;hid=7200&amp;tmpid=1082&amp;RD_PARM1=http%253A%252F%252Faffil.walmart.com%252Fcart%252FaddToCart%253Fitems%253D657136655%257C1%2526affp1%253DH-JVMzorBRQOTBioe9MKJOGSfQyvSqNadbq6TI8wrRc%2526affilsrc%253Dapi&quot;,&quot;freeShippingOver50Dollars&quot;:true,&quot;giftOptions&quot;:{&quot;allowGiftWrap&quot;:false,&quot;allowGiftMessage&quot;:false,&quot;allowGiftReceipt&quot;:false},&quot;imageEntities&quot;:[{&quot;thumbnailImage&quot;:&quot;https://i5.walmartimages.com/asr/728f6ab8-a859-4ac2-a20d-1e9973614db9_1.b0047f445190f24c5c309ed8fefcc10c.jpeg?odnHeight=100&amp;odnWidth=100&amp;odnBg=FFFFFF&quot;,&quot;mediumImage&quot;:&quot;https://i5.walmartimages.com/asr/728f6ab8-a859-4ac2-a20d-1e9973614db9_1.b0047f445190f24c5c309ed8fefcc10c.jpeg?odnHeight=180&amp;odnWidth=180&amp;odnBg=FFFFFF&quot;,&quot;largeImage&quot;:&quot;https://i5.walmartimages.com/asr/728f6ab8-a859-4ac2-a20d-1e9973614db9_1.b0047f445190f24c5c309ed8fefcc10c.jpeg?odnHeight=450&amp;odnWidth=450&amp;odnBg=FFFFFF&quot;,&quot;entityType&quot;:&quot;SECONDARY&quot;},{&quot;thumbnailImage&quot;:&quot;https://i5.walmartimages.com/asr/6cb8a481-7a3e-41e1-b698-ba1c1a1df3c7_1.bcf1482cacb9b3845b40e13d8ab9068b.jpeg?odnHeight=100&amp;odnWidth=100&amp;odnBg=FFFFFF&quot;,&quot;mediumImage&quot;:&quot;https://i5.walmartimages.com/asr/6cb8a481-7a3e-41e1-b698-ba1c1a1df3c7_1.bcf1482cacb9b3845b40e13d8ab9068b.jpeg?odnHeight=180&amp;odnWidth=180&amp;odnBg=FFFFFF&quot;,&quot;largeImage&quot;:&quot;https://i5.walmartimages.com/asr/6cb8a481-7a3e-41e1-b698-ba1c1a1df3c7_1.bcf1482cacb9b3845b40e13d8ab9068b.jpeg?odnHeight=450&amp;odnWidth=450&amp;odnBg=FFFFFF&quot;,&quot;entityType&quot;:&quot;SECONDARY&quot;},{&quot;thumbnailImage&quot;:&quot;https://i5.walmartimages.com/asr/15113cd0-66b0-49af-8139-68b31138fa13_8.7b41e5984fbb8ad91c789297b4e14206.jpeg?odnHeight=100&amp;odnWidth=100&amp;odnBg=FFFFFF&quot;,&quot;mediumImage&quot;:&quot;https://i5.walmartimages.com/asr/15113cd0-66b0-49af-8139-68b31138fa13_8.7b41e5984fbb8ad91c789297b4e14206.jpeg?odnHeight=180&amp;odnWidth=180&amp;odnBg=FFFFFF&quot;,&quot;largeImage&quot;:&quot;https://i5.walmartimages.com/asr/15113cd0-66b0-49af-8139-68b31138fa13_8.7b41e5984fbb8ad91c789297b4e14206.jpeg?odnHeight=450&amp;odnWidth=450&amp;odnBg=FFFFFF&quot;,&quot;entityType&quot;:&quot;SECONDARY&quot;},{&quot;thumbnailImage&quot;:&quot;https://i5.walmartimages.com/asr/d68c5d1e-28aa-4fbd-ad88-a19fae4910e8_1.58053aa56235b69ea5e64449725a9f30.jpeg?odnHeight=100&amp;odnWidth=100&amp;odnBg=FFFFFF&quot;,&quot;mediumImage&quot;:&quot;https://i5.walmartimages.com/asr/d68c5d1e-28aa-4fbd-ad88-a19fae4910e8_1.58053aa56235b69ea5e64449725a9f30.jpeg?odnHeight=180&amp;odnWidth=180&amp;odnBg=FFFFFF&quot;,&quot;largeImage&quot;:&quot;https://i5.walmartimages.com/asr/d68c5d1e-28aa-4fbd-ad88-a19fae4910e8_1.58053aa56235b69ea5e64449725a9f30.jpeg?odnHeight=450&amp;odnWidth=450&amp;odnBg=FFFFFF&quot;,&quot;entityType&quot;:&quot;SECONDARY&quot;},{&quot;thumbnailImage&quot;:&quot;https://i5.walmartimages.com/asr/d00ca30f-f52f-4f18-8bd9-21e0fe2fc1f1_1.fe816fa622e815087eb89951bd3b1aa7.jpeg?odnHeight=100&amp;odnWidth=100&amp;odnBg=FFFFFF&quot;,&quot;mediumImage&quot;:&quot;https://i5.walmartimages.com/asr/d00ca30f-f52f-4f18-8bd9-21e0fe2fc1f1_1.fe816fa622e815087eb89951bd3b1aa7.jpeg?odnHeight=180&amp;odnWidth=180&amp;odnBg=FFFFFF&quot;,&quot;largeImage&quot;:&quot;https://i5.walmartimages.com/asr/d00ca30f-f52f-4f18-8bd9-21e0fe2fc1f1_1.fe816fa622e815087eb89951bd3b1aa7.jpeg?odnHeight=450&amp;odnWidth=450&amp;odnBg=FFFFFF&quot;,&quot;entityType&quot;:&quot;SECONDARY&quot;},{&quot;thumbnailImage&quot;:&quot;https://i5.walmartimages.com/asr/9d48e18b-fcf1-4df8-b701-86ab019a2584_1.22d396d1d1bb46343a583272aa78ebc6.jpeg?odnHeight=100&amp;odnWidth=100&amp;odnBg=FFFFFF&quot;,&quot;mediumImage&quot;:&quot;https://i5.walmartimages.com/asr/9d48e18b-fcf1-4df8-b701-86ab019a2584_1.22d396d1d1bb46343a583272aa78ebc6.jpeg?odnHeight=180&amp;odnWidth=180&amp;odnBg=FFFFFF&quot;,&quot;largeImage&quot;:&quot;https://i5.walmartimages.com/asr/9d48e18b-fcf1-4df8-b701-86ab019a2584_1.22d396d1d1bb46343a583272aa78ebc6.jpeg?odnHeight=450&amp;odnWidth=450&amp;odnBg=FFFFFF&quot;,&quot;entityType&quot;:&quot;PRIMARY&quot;}],&quot;offerType&quot;:&quot;ONLINE_AND_STORE&quot;,&quot;isTwoDayShippingEligible&quot;:true,&quot;availableOnline&quot;:true},{&quot;itemId&quot;:160314105,&quot;parentItemId&quot;:160314105,&quot;name&quot;:&quot;Urbini Reversi Stroller Special Edition, Blueberry Fizz&quot;,&quot;salePrice&quot;:79.99,&quot;upc&quot;:&quot;840009151125&quot;,&quot;categoryPath&quot;:&quot;Baby/Strollers/Urbini Strollers&quot;,&quot;shortDescription&quot;:&quot;short description is not available&quot;,&quot;brandName&quot;:&quot;Urbini&quot;,&quot;thumbnailImage&quot;:&quot;https://i5.walmartimages.com/asr/5b98a8ab-2ba2-403a-a367-1eefd64adf64_1.af4c16cc92dd90b490bedf1cfdc7a2a4.jpeg?odnHeight=100&amp;odnWidth=100&amp;odnBg=FFFFFF&quot;,&quot;mediumImage&quot;:&quot;https://i5.walmartimages.com/asr/5b98a8ab-2ba2-403a-a367-1eefd64adf64_1.af4c16cc92dd90b490bedf1cfdc7a2a4.jpeg?odnHeight=180&amp;odnWidth=180&amp;odnBg=FFFFFF&quot;,&quot;largeImage&quot;:&quot;https://i5.walmartimages.com/asr/5b98a8ab-2ba2-403a-a367-1eefd64adf64_1.af4c16cc92dd90b490bedf1cfdc7a2a4.jpeg?odnHeight=450&amp;odnWidth=450&amp;odnBg=FFFFFF&quot;,&quot;productTrackingUrl&quot;:&quot;http://linksynergy.walmart.com/fs-bin/click?id=|LSNID|&amp;offerid=223073.7200&amp;type=14&amp;catid=8&amp;subid=0&amp;hid=7200&amp;tmpid=1082&amp;RD_PARM1=https%253A%252F%252Fwww.walmart.com%252Fip%252FUrbini-Reversi-Stroller-Special-Edition-Blueberry-Fizz%252F160314105%253Faffp1%253DH-JVMzorBRQOTBioe9MKJOGSfQyvSqNadbq6TI8wrRc%2526affilsrc%253Dapi&quot;,&quot;ninetySevenCentShipping&quot;:false,&quot;standardShipRate&quot;:0.0,&quot;size&quot;:&quot;2017-01-31 00:00:00.000000-07:00&quot;,&quot;color&quot;:&quot;RedBlue&quot;,&quot;marketplace&quot;:false,&quot;shipToStore&quot;:true,&quot;freeShipToStore&quot;:true,&quot;modelNumber&quot;:&quot;10EB2Y-BWMU&quot;,&quot;productUrl&quot;:&quot;http://c.affil.walmart.com/t/api01?l=https%3A%2F%2Fwww.walmart.com%2Fip%2FUrbini-Reversi-Stroller-Special-Edition-Blueberry-Fizz%2F160314105%3Faffp1%3DH-JVMzorBRQOTBioe9MKJOGSfQyvSqNadbq6TI8wrRc%26affilsrc%3Dapi%26veh%3Daff%26wmlspartner%3Dreadonlyapi&quot;,&quot;categoryNode&quot;:&quot;5427_118134_6863268&quot;,&quot;bundle&quot;:false,&quot;clearance&quot;:false,&quot;preOrder&quot;:false,&quot;stock&quot;:&quot;Available&quot;,&quot;attributes&quot;:{&quot;color&quot;:&quot;Red&quot;,&quot;finerCateg&quot;:&quot;Strollers&quot;,&quot;replenishmentStartDate&quot;:&quot;2017-01-31 00:00:00.000000-07:00&quot;},&quot;addToCartUrl&quot;:&quot;http://c.affil.walmart.com/t/api01?l=http%3A%2F%2Faffil.walmart.com%2Fcart%2FaddToCart%3Fitems%3D160314105%7C1%26affp1%3DH-JVMzorBRQOTBioe9MKJOGSfQyvSqNadbq6TI8wrRc%26affilsrc%3Dapi%26veh%3Daff%26wmlspartner%3Dreadonlyapi&quot;,&quot;affiliateAddToCartUrl&quot;:&quot;http://linksynergy.walmart.com/fs-bin/click?id=|LSNID|&amp;offerid=223073.7200&amp;type=14&amp;catid=8&amp;subid=0&amp;hid=7200&amp;tmpid=1082&amp;RD_PARM1=http%253A%252F%252Faffil.walmart.com%252Fcart%252FaddToCart%253Fitems%253D160314105%257C1%2526affp1%253DH-JVMzorBRQOTBioe9MKJOGSfQyvSqNadbq6TI8wrRc%2526affilsrc%253Dapi&quot;,&quot;freeShippingOver50Dollars&quot;:true,&quot;giftOptions&quot;:{&quot;allowGiftWrap&quot;:false,&quot;allowGiftMessage&quot;:false,&quot;allowGiftReceipt&quot;:false},&quot;imageEntities&quot;:[{&quot;thumbnailImage&quot;:&quot;https://i5.walmartimages.com/asr/45c5e946-eeb4-4b3d-abc8-f186f7c9630b_2.08ce7214c12e6afb2bf2dc2a5e98e3fa.jpeg?odnHeight=100&amp;odnWidth=100&amp;odnBg=FFFFFF&quot;,&quot;mediumImage&quot;:&quot;https://i5.walmartimages.com/asr/45c5e946-eeb4-4b3d-abc8-f186f7c9630b_2.08ce7214c12e6afb2bf2dc2a5e98e3fa.jpeg?odnHeight=180&amp;odnWidth=180&amp;odnBg=FFFFFF&quot;,&quot;largeImage&quot;:&quot;https://i5.walmartimages.com/asr/45c5e946-eeb4-4b3d-abc8-f186f7c9630b_2.08ce7214c12e6afb2bf2dc2a5e98e3fa.jpeg?odnHeight=450&amp;odnWidth=450&amp;odnBg=FFFFFF&quot;,&quot;entityType&quot;:&quot;SECONDARY&quot;},{&quot;thumbnailImage&quot;:&quot;https://i5.walmartimages.com/asr/475b3811-5fa9-497e-b289-85a70da93ddc_1.84cc0c44326cce332d4cc2bd0d2b89af.jpeg?odnHeight=100&amp;odnWidth=100&amp;odnBg=FFFFFF&quot;,&quot;mediumImage&quot;:&quot;https://i5.walmartimages.com/asr/475b3811-5fa9-497e-b289-85a70da93ddc_1.84cc0c44326cce332d4cc2bd0d2b89af.jpeg?odnHeight=180&amp;odnWidth=180&amp;odnBg=FFFFFF&quot;,&quot;largeImage&quot;:&quot;https://i5.walmartimages.com/asr/475b3811-5fa9-497e-b289-85a70da93ddc_1.84cc0c44326cce332d4cc2bd0d2b89af.jpeg?odnHeight=450&amp;odnWidth=450&amp;odnBg=FFFFFF&quot;,&quot;entityType&quot;:&quot;SECONDARY&quot;},{&quot;thumbnailImage&quot;:&quot;https://i5.walmartimages.com/asr/8388c8fa-96bb-4479-9746-90d522d6ef5a_1.c473a5edd1955f0eb2c1f84097829814.jpeg?odnHeight=100&amp;odnWidth=100&amp;odnBg=FFFFFF&quot;,&quot;mediumImage&quot;:&quot;https://i5.walmartimages.com/asr/8388c8fa-96bb-4479-9746-90d522d6ef5a_1.c473a5edd1955f0eb2c1f84097829814.jpeg?odnHeight=180&amp;odnWidth=180&amp;odnBg=FFFFFF&quot;,&quot;largeImage&quot;:&quot;https://i5.walmartimages.com/asr/8388c8fa-96bb-4479-9746-90d522d6ef5a_1.c473a5edd1955f0eb2c1f84097829814.jpeg?odnHeight=450&amp;odnWidth=450&amp;odnBg=FFFFFF&quot;,&quot;entityType&quot;:&quot;SECONDARY&quot;},{&quot;thumbnailImage&quot;:&quot;https://i5.walmartimages.com/asr/e576531c-4c5b-4f33-bcc4-c85f48b6aaa0_1.6ad93433c503cae6a3aece98558fc30b.jpeg?odnHeight=100&amp;odnWidth=100&amp;odnBg=FFFFFF&quot;,&quot;mediumImage&quot;:&quot;https://i5.walmartimages.com/asr/e576531c-4c5b-4f33-bcc4-c85f48b6aaa0_1.6ad93433c503cae6a3aece98558fc30b.jpeg?odnHeight=180&amp;odnWidth=180&amp;odnBg=FFFFFF&quot;,&quot;largeImage&quot;:&quot;https://i5.walmartimages.com/asr/e576531c-4c5b-4f33-bcc4-c85f48b6aaa0_1.6ad93433c503cae6a3aece98558fc30b.jpeg?odnHeight=450&amp;odnWidth=450&amp;odnBg=FFFFFF&quot;,&quot;entityType&quot;:&quot;SECONDARY&quot;},{&quot;thumbnailImage&quot;:&quot;https://i5.walmartimages.com/asr/923a110a-4b57-4dff-83bf-3930cc483e81_1.75a833990f1adf7a5d111f6d5d72ee5d.jpeg?odnHeight=100&amp;odnWidth=100&amp;odnBg=FFFFFF&quot;,&quot;mediumImage&quot;:&quot;https://i5.walmartimages.com/asr/923a110a-4b57-4dff-83bf-3930cc483e81_1.75a833990f1adf7a5d111f6d5d72ee5d.jpeg?odnHeight=180&amp;odnWidth=180&amp;odnBg=FFFFFF&quot;,&quot;largeImage&quot;:&quot;https://i5.walmartimages.com/asr/923a110a-4b57-4dff-83bf-3930cc483e81_1.75a833990f1adf7a5d111f6d5d72ee5d.jpeg?odnHeight=450&amp;odnWidth=450&amp;odnBg=FFFFFF&quot;,&quot;entityType&quot;:&quot;SECONDARY&quot;},{&quot;thumbnailImage&quot;:&quot;https://i5.walmartimages.com/asr/29597a50-7029-4d5a-be9a-b308a8eec164_1.b920a77724c5ed74b741b6e0bbbe8137.jpeg?odnHeight=100&amp;odnWidth=100&amp;odnBg=FFFFFF&quot;,&quot;mediumImage&quot;:&quot;https://i5.walmartimages.com/asr/29597a50-7029-4d5a-be9a-b308a8eec164_1.b920a77724c5ed74b741b6e0bbbe8137.jpeg?odnHeight=180&amp;odnWidth=180&amp;odnBg=FFFFFF&quot;,&quot;largeImage&quot;:&quot;https://i5.walmartimages.com/asr/29597a50-7029-4d5a-be9a-b308a8eec164_1.b920a77724c5ed74b741b6e0bbbe8137.jpeg?odnHeight=450&amp;odnWidth=450&amp;odnBg=FFFFFF&quot;,&quot;entityType&quot;:&quot;SECONDARY&quot;},{&quot;thumbnailImage&quot;:&quot;https://i5.walmartimages.com/asr/c0de6c40-2f9e-44f6-b15f-e90dcebb8b12_1.df69f5234a68aa4a36bf69529eba5247.jpeg?odnHeight=100&amp;odnWidth=100&amp;odnBg=FFFFFF&quot;,&quot;mediumImage&quot;:&quot;https://i5.walmartimages.com/asr/c0de6c40-2f9e-44f6-b15f-e90dcebb8b12_1.df69f5234a68aa4a36bf69529eba5247.jpeg?odnHeight=180&amp;odnWidth=180&amp;odnBg=FFFFFF&quot;,&quot;largeImage&quot;:&quot;https://i5.walmartimages.com/asr/c0de6c40-2f9e-44f6-b15f-e90dcebb8b12_1.df69f5234a68aa4a36bf69529eba5247.jpeg?odnHeight=450&amp;odnWidth=450&amp;odnBg=FFFFFF&quot;,&quot;entityType&quot;:&quot;SECONDARY&quot;},{&quot;thumbnailImage&quot;:&quot;https://i5.walmartimages.com/asr/e758a16f-9f6b-4e30-abfc-4f9e6c5ff13c_1.a0c1105df2aab7ebceb0e630b907ea0d.jpeg?odnHeight=100&amp;odnWidth=100&amp;odnBg=FFFFFF&quot;,&quot;mediumImage&quot;:&quot;https://i5.walmartimages.com/asr/e758a16f-9f6b-4e30-abfc-4f9e6c5ff13c_1.a0c1105df2aab7ebceb0e630b907ea0d.jpeg?odnHeight=180&amp;odnWidth=180&amp;odnBg=FFFFFF&quot;,&quot;largeImage&quot;:&quot;https://i5.walmartimages.com/asr/e758a16f-9f6b-4e30-abfc-4f9e6c5ff13c_1.a0c1105df2aab7ebceb0e630b907ea0d.jpeg?odnHeight=450&amp;odnWidth=450&amp;odnBg=FFFFFF&quot;,&quot;entityType&quot;:&quot;SECONDARY&quot;},{&quot;thumbnailImage&quot;:&quot;https://i5.walmartimages.com/asr/66489c78-7b76-4c25-9b5b-d45bd1a809f9_2.c5ed99102fe461eda5c376a1c0203571.jpeg?odnHeight=100&amp;odnWidth=100&amp;odnBg=FFFFFF&quot;,&quot;mediumImage&quot;:&quot;https://i5.walmartimages.com/asr/66489c78-7b76-4c25-9b5b-d45bd1a809f9_2.c5ed99102fe461eda5c376a1c0203571.jpeg?odnHeight=180&amp;odnWidth=180&amp;odnBg=FFFFFF&quot;,&quot;largeImage&quot;:&quot;https://i5.walmartimages.com/asr/66489c78-7b76-4c25-9b5b-d45bd1a809f9_2.c5ed99102fe461eda5c376a1c0203571.jpeg?odnHeight=450&amp;odnWidth=450&amp;odnBg=FFFFFF&quot;,&quot;entityType&quot;:&quot;SECONDARY&quot;},{&quot;thumbnailImage&quot;:&quot;https://i5.walmartimages.com/asr/8bb9ef2d-f68e-46a3-bb84-a8e3580d9ac7_1.0ce528c3243fc296284f89ca09503059.jpeg?odnHeight=100&amp;odnWidth=100&amp;odnBg=FFFFFF&quot;,&quot;mediumImage&quot;:&quot;https://i5.walmartimages.com/asr/8bb9ef2d-f68e-46a3-bb84-a8e3580d9ac7_1.0ce528c3243fc296284f89ca09503059.jpeg?odnHeight=180&amp;odnWidth=180&amp;odnBg=FFFFFF&quot;,&quot;largeImage&quot;:&quot;https://i5.walmartimages.com/asr/8bb9ef2d-f68e-46a3-bb84-a8e3580d9ac7_1.0ce528c3243fc296284f89ca09503059.jpeg?odnHeight=450&amp;odnWidth=450&amp;odnBg=FFFFFF&quot;,&quot;entityType&quot;:&quot;SECONDARY&quot;},{&quot;thumbnailImage&quot;:&quot;https://i5.walmartimages.com/asr/0bbfdde3-5008-4bf8-aa1e-52fd3acac738_1.bc48c21c15c580bec88daf10d5e0a8a8.jpeg?odnHeight=100&amp;odnWidth=100&amp;odnBg=FFFFFF&quot;,&quot;mediumImage&quot;:&quot;https://i5.walmartimages.com/asr/0bbfdde3-5008-4bf8-aa1e-52fd3acac738_1.bc48c21c15c580bec88daf10d5e0a8a8.jpeg?odnHeight=180&amp;odnWidth=180&amp;odnBg=FFFFFF&quot;,&quot;largeImage&quot;:&quot;https://i5.walmartimages.com/asr/0bbfdde3-5008-4bf8-aa1e-52fd3acac738_1.bc48c21c15c580bec88daf10d5e0a8a8.jpeg?odnHeight=450&amp;odnWidth=450&amp;odnBg=FFFFFF&quot;,&quot;entityType&quot;:&quot;SECONDARY&quot;},{&quot;thumbnailImage&quot;:&quot;https://i5.walmartimages.com/asr/5b98a8ab-2ba2-403a-a367-1eefd64adf64_1.af4c16cc92dd90b490bedf1cfdc7a2a4.jpeg?odnHeight=100&amp;odnWidth=100&amp;odnBg=FFFFFF&quot;,&quot;mediumImage&quot;:&quot;https://i5.walmartimages.com/asr/5b98a8ab-2ba2-403a-a367-1eefd64adf64_1.af4c16cc92dd90b490bedf1cfdc7a2a4.jpeg?odnHeight=180&amp;odnWidth=180&amp;odnBg=FFFFFF&quot;,&quot;largeImage&quot;:&quot;https://i5.walmartimages.com/asr/5b98a8ab-2ba2-403a-a367-1eefd64adf64_1.af4c16cc92dd90b490bedf1cfdc7a2a4.jpeg?odnHeight=450&amp;odnWidth=450&amp;odnBg=FFFFFF&quot;,&quot;entityType&quot;:&quot;PRIMARY&quot;}],&quot;offerType&quot;:&quot;ONLINE_AND_STORE&quot;,&quot;isTwoDayShippingEligible&quot;:true,&quot;availableOnline&quot;:true},{&quot;itemId&quot;:55463505,&quot;parentItemId&quot;:55463505,&quot;name&quot;:&quot;Radio Flyer Classic Dual-Deck Tricycle&quot;,&quot;salePrice&quot;:49.88,&quot;upc&quot;:&quot;042385112794&quot;,&quot;categoryPath&quot;:&quot;Toys/Kids&#039; Bikes &amp; Riding Toys/Kids Bikes/Kids&#039; Tricycles&quot;,&quot;shortDescription&quot;:&quot;The Radio Flyer Classic Dual Deck Tricycle is The One You Loved as a Kid! This sturdy trike features steel construction, spoked wheels, a 12&amp;rdquo; front wheel and real rubber tires for durability. The controlled turning radius prevents tipping for safe and confident riding. This bright tricycle is classically styled and includes chrome handlebars and fender. Your child will also love the streamers and ringing bell, and the double-deck rear step makes climbing on and off easy. The adjustable seat grows with your child. For ages 2 &amp;frac12;-5 years.&quot;,&quot;longDescription&quot;:&quot;&amp;lt;br&amp;gt;&amp;lt;b&amp;gt;Radio Flyer Classic Dual-Deck Tricycle:&amp;lt;/b&amp;gt;&amp;lt;br&amp;gt;&amp;lt;ul style=&amp;quot;&amp;quot;&amp;gt;&amp;lt;li style=&amp;quot;&amp;quot;&amp;gt;Steel frame, &amp;lt;span style=&amp;quot;text-indent: -0.19in; font-size: 11pt; font-family:&amp;quot; century=&amp;quot;&amp;quot; color:=&amp;quot;&amp;quot;&amp;gt;spoked&amp;lt;/span&amp;gt; &amp;lt;span style=&amp;quot;text-indent: -0.19in; font-size: 11pt; font-family:&amp;quot; century=&amp;quot;&amp;quot; color:=&amp;quot;&amp;quot;&amp;gt;wheels,&amp;lt;/span&amp;gt; &amp;lt;span style=&amp;quot;text-indent: -0.19in; font-size: 11pt; font-family:&amp;quot; century=&amp;quot;&amp;quot; color:=&amp;quot;&amp;quot;&amp;gt;and rubber tires for&amp;lt;/span&amp;gt; &amp;lt;span style=&amp;quot;text-indent: -0.19in; font-size: 11pt; font-family:&amp;quot; century=&amp;quot;&amp;quot; color:=&amp;quot;&amp;quot;&amp;gt;durability&amp;lt;/span&amp;gt;&amp;lt;br&amp;gt;&amp;lt;/li&amp;gt;&amp;lt;li style=&amp;quot;&amp;quot;&amp;gt;Controlled &amp;lt;span style=&amp;quot;text-indent: -0.19in; font-size: 11pt; font-family:&amp;quot; century=&amp;quot;&amp;quot; color:=&amp;quot;&amp;quot;&amp;gt;turning radius prevents&amp;lt;/span&amp;gt; &amp;lt;span style=&amp;quot;text-indent: -0.19in; font-size: 11pt; font-family:&amp;quot; century=&amp;quot;&amp;quot; color:=&amp;quot;&amp;quot;&amp;gt;tipping&amp;lt;/span&amp;gt;&amp;lt;br&amp;gt;&amp;lt;/li&amp;gt;&amp;lt;li style=&amp;quot;&amp;quot;&amp;gt;Classically &amp;lt;span style=&amp;quot;text-indent: -0.19in; font-size: 11pt; font-family:&amp;quot; century=&amp;quot;&amp;quot; color:=&amp;quot;&amp;quot;&amp;gt;styled with chrome handlebars&amp;lt;/span&amp;gt;&amp;lt;span style=&amp;quot;text-indent: -0.19in; font-size: 11pt; font-family:&amp;quot; century=&amp;quot;&amp;quot; color:=&amp;quot;&amp;quot;&amp;gt;, streamers&amp;lt;/span&amp;gt;&amp;lt;span style=&amp;quot;text-indent: -0.19in; font-size: 11pt; font-family:&amp;quot; century=&amp;quot;&amp;quot; color:=&amp;quot;&amp;quot;&amp;gt;, and ringing&amp;lt;/span&amp;gt; &amp;lt;span style=&amp;quot;text-indent: -0.19in; font-size: 11pt; font-family:&amp;quot; century=&amp;quot;&amp;quot; color:=&amp;quot;&amp;quot;&amp;gt;chrome bell&amp;lt;/span&amp;gt;&amp;lt;br&amp;gt;&amp;lt;/li&amp;gt;&amp;lt;li style=&amp;quot;&amp;quot;&amp;gt;12&amp;rdquo; front wheel&amp;lt;br&amp;gt;&amp;lt;/li&amp;gt;&amp;lt;li style=&amp;quot;&amp;quot;&amp;gt;Adjustable &amp;lt;span style=&amp;quot;text-indent: -0.19in; font-size: 11pt; font-family:&amp;quot; century=&amp;quot;&amp;quot; color:=&amp;quot;&amp;quot;&amp;gt;seat grows with your&amp;lt;/span&amp;gt; &amp;lt;span style=&amp;quot;text-indent: -0.19in; font-size: 11pt; font-family:&amp;quot; century=&amp;quot;&amp;quot; color:=&amp;quot;&amp;quot;&amp;gt;child&amp;lt;/span&amp;gt;&amp;lt;br&amp;gt;&amp;lt;/li&amp;gt;&amp;lt;li style=&amp;quot;&amp;quot;&amp;gt;&amp;lt;span style=&amp;quot;text-indent: -0.19in; font-size: 11pt; font-family:&amp;quot; century=&amp;quot;&amp;quot; color:=&amp;quot;&amp;quot;&amp;gt;Colors: Red, Pink&amp;lt;/span&amp;gt;&amp;lt;/li&amp;gt;&amp;lt;li style=&amp;quot;&amp;quot;&amp;gt;&amp;lt;font color=&amp;quot;#404040&amp;quot; face=&amp;quot;Century Gothic&amp;quot; style=&amp;quot;text-indent: -18.24px;&amp;quot;&amp;gt;&amp;lt;span style=&amp;quot;font-size: 14.6667px;&amp;quot;&amp;gt;Assembled Dimensions:&amp;nbsp;&amp;lt;/span&amp;gt;&amp;lt;/font&amp;gt;&amp;lt;span style=&amp;quot;text-indent: -18.24px;&amp;quot;&amp;gt;27.87 L x 19.88 W x 23.86 H&amp;lt;/span&amp;gt;&amp;lt;br&amp;gt;&amp;lt;/li&amp;gt;&amp;lt;li style=&amp;quot;&amp;quot;&amp;gt;Assembled Weight: 16.53 lbs&amp;lt;br&amp;gt;&amp;lt;/li&amp;gt;&amp;lt;li style=&amp;quot;&amp;quot;&amp;gt;Maximum Weight Capacity: 49 lbs&amp;lt;br&amp;gt;&amp;lt;/li&amp;gt;&amp;lt;li style=&amp;quot;&amp;quot;&amp;gt;Age Range: 2 years and up&amp;lt;br&amp;gt;&amp;lt;/li&amp;gt;&amp;lt;/ul&amp;gt;&quot;,&quot;brandName&quot;:&quot;Radio Flyer&quot;,&quot;thumbnailImage&quot;:&quot;https://i5.walmartimages.com/asr/729b9cd9-04ad-46e3-b145-bad8ee5aee37_1.352e1c81cc21f389315274b0064835cb.jpeg?odnHeight=100&amp;odnWidth=100&amp;odnBg=FFFFFF&quot;,&quot;mediumImage&quot;:&quot;https://i5.walmartimages.com/asr/729b9cd9-04ad-46e3-b145-bad8ee5aee37_1.352e1c81cc21f389315274b0064835cb.jpeg?odnHeight=180&amp;odnWidth=180&amp;odnBg=FFFFFF&quot;,&quot;largeImage&quot;:&quot;https://i5.walmartimages.com/asr/729b9cd9-04ad-46e3-b145-bad8ee5aee37_1.352e1c81cc21f389315274b0064835cb.jpeg?odnHeight=450&amp;odnWidth=450&amp;odnBg=FFFFFF&quot;,&quot;productTrackingUrl&quot;:&quot;http://linksynergy.walmart.com/fs-bin/click?id=|LSNID|&amp;offerid=223073.7200&amp;type=14&amp;catid=8&amp;subid=0&amp;hid=7200&amp;tmpid=1082&amp;RD_PARM1=https%253A%252F%252Fwww.walmart.com%252Fip%252FRadio-Flyer-Classic-Dual-Deck-Tricycle%252F55463505%253Faffp1%253DH-JVMzorBRQOTBioe9MKJOGSfQyvSqNadbq6TI8wrRc%2526affilsrc%253Dapi&quot;,&quot;ninetySevenCentShipping&quot;:false,&quot;standardShipRate&quot;:0.0,&quot;size&quot;:&quot;6&quot;,&quot;color&quot;:&quot;Red&quot;,&quot;marketplace&quot;:false,&quot;shipToStore&quot;:true,&quot;freeShipToStore&quot;:true,&quot;modelNumber&quot;:&quot;33&quot;,&quot;productUrl&quot;:&quot;http://c.affil.walmart.com/t/api01?l=https%3A%2F%2Fwww.walmart.com%2Fip%2FRadio-Flyer-Classic-Dual-Deck-Tricycle%2F55463505%3Faffp1%3DH-JVMzorBRQOTBioe9MKJOGSfQyvSqNadbq6TI8wrRc%26affilsrc%3Dapi%26veh%3Daff%26wmlspartner%3Dreadonlyapi&quot;,&quot;customerRating&quot;:&quot;4.572&quot;,&quot;numReviews&quot;:586,&quot;variants&quot;:[55463505,55463506],&quot;customerRatingImage&quot;:&quot;http://i2.walmartimages.com/i/CustRating/4_6.gif&quot;,&quot;categoryNode&quot;:&quot;4171_133073_9240575&quot;,&quot;bundle&quot;:false,&quot;clearance&quot;:false,&quot;preOrder&quot;:false,&quot;stock&quot;:&quot;Available&quot;,&quot;attributes&quot;:{&quot;color&quot;:&quot;Red&quot;,&quot;mirrorNum&quot;:&quot;6&quot;,&quot;replenishmentStartDate&quot;:&quot;2017-01-28 00:00:00.000000-07:00&quot;},&quot;gender&quot;:&quot;Unisex&quot;,&quot;age&quot;:&quot;2 to 4 Years&quot;,&quot;addToCartUrl&quot;:&quot;http://c.affil.walmart.com/t/api01?l=http%3A%2F%2Faffil.walmart.com%2Fcart%2FaddToCart%3Fitems%3D55463505%7C1%26affp1%3DH-JVMzorBRQOTBioe9MKJOGSfQyvSqNadbq6TI8wrRc%26affilsrc%3Dapi%26veh%3Daff%26wmlspartner%3Dreadonlyapi&quot;,&quot;affiliateAddToCartUrl&quot;:&quot;http://linksynergy.walmart.com/fs-bin/click?id=|LSNID|&amp;offerid=223073.7200&amp;type=14&amp;catid=8&amp;subid=0&amp;hid=7200&amp;tmpid=1082&amp;RD_PARM1=http%253A%252F%252Faffil.walmart.com%252Fcart%252FaddToCart%253Fitems%253D55463505%257C1%2526affp1%253DH-JVMzorBRQOTBioe9MKJOGSfQyvSqNadbq6TI8wrRc%2526affilsrc%253Dapi&quot;,&quot;freeShippingOver50Dollars&quot;:true,&quot;giftOptions&quot;:{&quot;allowGiftWrap&quot;:false,&quot;allowGiftMessage&quot;:false,&quot;allowGiftReceipt&quot;:false},&quot;imageEntities&quot;:[{&quot;thumbnailImage&quot;:&quot;https://i5.walmartimages.com/asr/83a78edb-1d97-43bd-bb56-634d886a3888_1.aa2b28cac1455857ccfa83d2a2c9f7a5.jpeg?odnHeight=100&amp;odnWidth=100&amp;odnBg=FFFFFF&quot;,&quot;mediumImage&quot;:&quot;https://i5.walmartimages.com/asr/83a78edb-1d97-43bd-bb56-634d886a3888_1.aa2b28cac1455857ccfa83d2a2c9f7a5.jpeg?odnHeight=180&amp;odnWidth=180&amp;odnBg=FFFFFF&quot;,&quot;largeImage&quot;:&quot;https://i5.walmartimages.com/asr/83a78edb-1d97-43bd-bb56-634d886a3888_1.aa2b28cac1455857ccfa83d2a2c9f7a5.jpeg?odnHeight=450&amp;odnWidth=450&amp;odnBg=FFFFFF&quot;,&quot;entityType&quot;:&quot;SECONDARY&quot;},{&quot;thumbnailImage&quot;:&quot;https://i5.walmartimages.com/asr/b94ac414-1216-45e4-87d4-57f47cea9a5e_1.56708d6a93c44df4a1dfccc5cfc5c114.jpeg?odnHeight=100&amp;odnWidth=100&amp;odnBg=FFFFFF&quot;,&quot;mediumImage&quot;:&quot;https://i5.walmartimages.com/asr/b94ac414-1216-45e4-87d4-57f47cea9a5e_1.56708d6a93c44df4a1dfccc5cfc5c114.jpeg?odnHeight=180&amp;odnWidth=180&amp;odnBg=FFFFFF&quot;,&quot;largeImage&quot;:&quot;https://i5.walmartimages.com/asr/b94ac414-1216-45e4-87d4-57f47cea9a5e_1.56708d6a93c44df4a1dfccc5cfc5c114.jpeg?odnHeight=450&amp;odnWidth=450&amp;odnBg=FFFFFF&quot;,&quot;entityType&quot;:&quot;SECONDARY&quot;},{&quot;thumbnailImage&quot;:&quot;https://i5.walmartimages.com/asr/ccc5c07b-3459-452c-aaaf-d56ead8cd1ff_1.cf25d4cbf3219ff0180e909b36476e62.jpeg?odnHeight=100&amp;odnWidth=100&amp;odnBg=FFFFFF&quot;,&quot;mediumImage&quot;:&quot;https://i5.walmartimages.com/asr/ccc5c07b-3459-452c-aaaf-d56ead8cd1ff_1.cf25d4cbf3219ff0180e909b36476e62.jpeg?odnHeight=180&amp;odnWidth=180&amp;odnBg=FFFFFF&quot;,&quot;largeImage&quot;:&quot;https://i5.walmartimages.com/asr/ccc5c07b-3459-452c-aaaf-d56ead8cd1ff_1.cf25d4cbf3219ff0180e909b36476e62.jpeg?odnHeight=450&amp;odnWidth=450&amp;odnBg=FFFFFF&quot;,&quot;entityType&quot;:&quot;SECONDARY&quot;},{&quot;thumbnailImage&quot;:&quot;https://i5.walmartimages.com/asr/d50d7a79-d445-4101-9ce8-b5fb7f9aeb30_1.215115da06ea48761338f4c025f873aa.jpeg?odnHeight=100&amp;odnWidth=100&amp;odnBg=FFFFFF&quot;,&quot;mediumImage&quot;:&quot;https://i5.walmartimages.com/asr/d50d7a79-d445-4101-9ce8-b5fb7f9aeb30_1.215115da06ea48761338f4c025f873aa.jpeg?odnHeight=180&amp;odnWidth=180&amp;odnBg=FFFFFF&quot;,&quot;largeImage&quot;:&quot;https://i5.walmartimages.com/asr/d50d7a79-d445-4101-9ce8-b5fb7f9aeb30_1.215115da06ea48761338f4c025f873aa.jpeg?odnHeight=450&amp;odnWidth=450&amp;odnBg=FFFFFF&quot;,&quot;entityType&quot;:&quot;SECONDARY&quot;},{&quot;thumbnailImage&quot;:&quot;https://i5.walmartimages.com/asr/10d11b00-cbf6-41b5-9aef-41e32b07bd2a_1.5a1d561e9f84aa01c21c9f9c9410254a.jpeg?odnHeight=100&amp;odnWidth=100&amp;odnBg=FFFFFF&quot;,&quot;mediumImage&quot;:&quot;https://i5.walmartimages.com/asr/10d11b00-cbf6-41b5-9aef-41e32b07bd2a_1.5a1d561e9f84aa01c21c9f9c9410254a.jpeg?odnHeight=180&amp;odnWidth=180&amp;odnBg=FFFFFF&quot;,&quot;largeImage&quot;:&quot;https://i5.walmartimages.com/asr/10d11b00-cbf6-41b5-9aef-41e32b07bd2a_1.5a1d561e9f84aa01c21c9f9c9410254a.jpeg?odnHeight=450&amp;odnWidth=450&amp;odnBg=FFFFFF&quot;,&quot;entityType&quot;:&quot;SECONDARY&quot;},{&quot;thumbnailImage&quot;:&quot;https://i5.walmartimages.com/asr/76dd61f8-dd16-4e74-8ca6-edd05ff301d4_1.5fa88d0b1398ad5754ebfc55f9450f69.jpeg?odnHeight=100&amp;odnWidth=100&amp;odnBg=FFFFFF&quot;,&quot;mediumImage&quot;:&quot;https://i5.walmartimages.com/asr/76dd61f8-dd16-4e74-8ca6-edd05ff301d4_1.5fa88d0b1398ad5754ebfc55f9450f69.jpeg?odnHeight=180&amp;odnWidth=180&amp;odnBg=FFFFFF&quot;,&quot;largeImage&quot;:&quot;https://i5.walmartimages.com/asr/76dd61f8-dd16-4e74-8ca6-edd05ff301d4_1.5fa88d0b1398ad5754ebfc55f9450f69.jpeg?odnHeight=450&amp;odnWidth=450&amp;odnBg=FFFFFF&quot;,&quot;entityType&quot;:&quot;SECONDARY&quot;},{&quot;thumbnailImage&quot;:&quot;https://i5.walmartimages.com/asr/6453688b-161a-4c76-9ce9-f41b4e71436c_1.e443af458f24590551ae888ef039dd15.jpeg?odnHeight=100&amp;odnWidth=100&amp;odnBg=FFFFFF&quot;,&quot;mediumImage&quot;:&quot;https://i5.walmartimages.com/asr/6453688b-161a-4c76-9ce9-f41b4e71436c_1.e443af458f24590551ae888ef039dd15.jpeg?odnHeight=180&amp;odnWidth=180&amp;odnBg=FFFFFF&quot;,&quot;largeImage&quot;:&quot;https://i5.walmartimages.com/asr/6453688b-161a-4c76-9ce9-f41b4e71436c_1.e443af458f24590551ae888ef039dd15.jpeg?odnHeight=450&amp;odnWidth=450&amp;odnBg=FFFFFF&quot;,&quot;entityType&quot;:&quot;SECONDARY&quot;},{&quot;thumbnailImage&quot;:&quot;https://i5.walmartimages.com/asr/729b9cd9-04ad-46e3-b145-bad8ee5aee37_1.352e1c81cc21f389315274b0064835cb.jpeg?odnHeight=100&amp;odnWidth=100&amp;odnBg=FFFFFF&quot;,&quot;mediumImage&quot;:&quot;https://i5.walmartimages.com/asr/729b9cd9-04ad-46e3-b145-bad8ee5aee37_1.352e1c81cc21f389315274b0064835cb.jpeg?odnHeight=180&amp;odnWidth=180&amp;odnBg=FFFFFF&quot;,&quot;largeImage&quot;:&quot;https://i5.walmartimages.com/asr/729b9cd9-04ad-46e3-b145-bad8ee5aee37_1.352e1c81cc21f389315274b0064835cb.jpeg?odnHeight=450&amp;odnWidth=450&amp;odnBg=FFFFFF&quot;,&quot;entityType&quot;:&quot;PRIMARY&quot;}],&quot;offerType&quot;:&quot;ONLINE_ONLY&quot;,&quot;isTwoDayShippingEligible&quot;:false,&quot;availableOnline&quot;:true},{&quot;itemId&quot;:166752596,&quot;parentItemId&quot;:166752596,&quot;name&quot;:&quot;\&quot;Hisense 49\&quot;\&quot; class 4K (2160p) HDR Smart LED TV (49H6E)\&quot;&quot;,&quot;msrp&quot;:349.99,&quot;salePrice&quot;:259.99,&quot;upc&quot;:&quot;819130021300&quot;,&quot;categoryPath&quot;:&quot;Electronics/TV &amp; Video/All TVs&quot;,&quot;shortDescription&quot;:&quot;I&#039;m a big dealHave you ever seen a 4K Ultra HD TV like this? We&amp;rsquo;re guessing that if you did, it wasn&amp;rsquo;t this affordable. With four times more pixels (8.3 million) than standard high-definition TV, the Hisense H6 Series 4K Ultra HD Smart TV is built to deliver bright colors and rich contrast. HDR* technology maximizes brightness, the UHD Upscaler brings lower resolution content as close to 4K as possible, and Motion Rate 120 keeps up with the fastest sports, movies and 4K gaming. This series also features award-winning sound from dbx-tv&amp;reg; digital audio technology and comes with tons of built-in apps via the Hisense Smart Platform, making it easier than ever to personalize your entertainment.*HDR viewing experience will vary by model, content availability and internet connection.&quot;,&quot;longDescription&quot;:&quot;&amp;lt;span style=&amp;quot;font-weight: bolder; font-family: myriad-pro, BogleWeb,&amp;quot; helvetica=&amp;quot;&amp;quot;&amp;gt;Key Features:&amp;lt;/span&amp;gt;&amp;lt;ul style=&amp;quot;margin: 24px 0px 0px; font-family: myriad-pro, BogleWeb,&amp;quot; helvetica=&amp;quot;&amp;quot;&amp;gt;&amp;lt;li&amp;gt;Screen Size (Diag.): 48.5&amp;quot;&amp;lt;/li&amp;gt;&amp;lt;li&amp;gt;Backlight Type: LED&amp;lt;/li&amp;gt;&amp;lt;li&amp;gt;Resolution: 4K (2160p)&amp;lt;/li&amp;gt;&amp;lt;li&amp;gt;Effective Refresh Rate: 60Hz&amp;lt;/li&amp;gt;&amp;lt;li&amp;gt;Smart Functionality: yes&amp;lt;/li&amp;gt;&amp;lt;li&amp;gt;HDR: Yes&amp;lt;/li&amp;gt;&amp;lt;li&amp;gt;Aspect Ratio: 16:9&amp;lt;/li&amp;gt;&amp;lt;li&amp;gt;OSD Language: English, Spanish, French&amp;lt;/li&amp;gt;&amp;lt;li&amp;gt;Audio: dbx-tv&amp;lt;/li&amp;gt;&amp;lt;li&amp;gt;Audio Output: 8W x 8W&amp;lt;/li&amp;gt;&amp;lt;/ul&amp;gt;&amp;lt;span style=&amp;quot;font-weight: bolder; font-family: myriad-pro, BogleWeb,&amp;quot; helvetica=&amp;quot;&amp;quot;&amp;gt;Connectivity:&amp;lt;/span&amp;gt;&amp;lt;ul style=&amp;quot;margin: 24px 0px 0px; font-family: myriad-pro, BogleWeb,&amp;quot; helvetica=&amp;quot;&amp;quot;&amp;gt;&amp;lt;li&amp;gt;HDMI Inputs: 3&amp;lt;/li&amp;gt;&amp;lt;li&amp;gt;USB: 1&amp;lt;/li&amp;gt;&amp;lt;li&amp;gt;Composite Audio/Video: Input: 1&amp;lt;/li&amp;gt;&amp;lt;li&amp;gt;Digital Optical Audio Output: 1&amp;lt;/li&amp;gt;&amp;lt;li&amp;gt;Headphone Jack: 1&amp;lt;/li&amp;gt;&amp;lt;li&amp;gt;RF Antenna Input: 1&amp;lt;/li&amp;gt;&amp;lt;li&amp;gt;Built-in WiFi: yes&amp;lt;/li&amp;gt;&amp;lt;/ul&amp;gt;&amp;lt;span style=&amp;quot;font-weight: bolder; font-family: myriad-pro, BogleWeb,&amp;quot; helvetica=&amp;quot;&amp;quot;&amp;gt;What&#039;s In The Box:&amp;lt;/span&amp;gt;&amp;lt;ul style=&amp;quot;margin: 24px 0px 0px; font-family: myriad-pro, BogleWeb,&amp;quot; helvetica=&amp;quot;&amp;quot;&amp;gt;&amp;lt;li&amp;gt;Remote Control&amp;lt;/li&amp;gt;&amp;lt;/ul&amp;gt;&amp;lt;span style=&amp;quot;font-weight: bolder; font-family: myriad-pro, BogleWeb,&amp;quot; helvetica=&amp;quot;&amp;quot;&amp;gt;Wall-mountable:&amp;lt;/span&amp;gt;&amp;lt;ul style=&amp;quot;margin: 24px 0px 0px; font-family: myriad-pro, BogleWeb,&amp;quot; helvetica=&amp;quot;&amp;quot;&amp;gt;&amp;lt;li&amp;gt;Mount Pattern: VESA standard&amp;lt;/li&amp;gt;&amp;lt;/ul&amp;gt;&amp;lt;span style=&amp;quot;font-weight: bolder; font-family: myriad-pro, BogleWeb,&amp;quot; helvetica=&amp;quot;&amp;quot;&amp;gt;Support and Warranty:&amp;lt;/span&amp;gt;&amp;lt;ul style=&amp;quot;margin: 24px 0px 0px; font-family: myriad-pro, BogleWeb,&amp;quot; helvetica=&amp;quot;&amp;quot;&amp;gt;&amp;lt;li&amp;gt;1yr&amp;nbsp; Warranty&amp;nbsp;&amp;lt;/li&amp;gt;&amp;lt;/ul&amp;gt;&quot;,&quot;brandName&quot;:&quot;Hisense&quot;,&quot;thumbnailImage&quot;:&quot;https://i5.walmartimages.com/asr/e8fcf8e5-a607-4b5d-8567-432657a41d28_1.1199f189fbe7185fd330d1d4fcfcfc0c.jpeg?odnHeight=100&amp;odnWidth=100&amp;odnBg=FFFFFF&quot;,&quot;mediumImage&quot;:&quot;https://i5.walmartimages.com/asr/e8fcf8e5-a607-4b5d-8567-432657a41d28_1.1199f189fbe7185fd330d1d4fcfcfc0c.jpeg?odnHeight=180&amp;odnWidth=180&amp;odnBg=FFFFFF&quot;,&quot;largeImage&quot;:&quot;https://i5.walmartimages.com/asr/e8fcf8e5-a607-4b5d-8567-432657a41d28_1.1199f189fbe7185fd330d1d4fcfcfc0c.jpeg?odnHeight=450&amp;odnWidth=450&amp;odnBg=FFFFFF&quot;,&quot;productTrackingUrl&quot;:&quot;http://linksynergy.walmart.com/fs-bin/click?id=|LSNID|&amp;offerid=223073.7200&amp;type=14&amp;catid=8&amp;subid=0&amp;hid=7200&amp;tmpid=1082&amp;RD_PARM1=https%253A%252F%252Fwww.walmart.com%252Fip%252FHisense-49-class-4K-2160p-HDR-Smart-LED-TV-49H6E%252F166752596%253Faffp1%253DH-JVMzorBRQOTBioe9MKJOGSfQyvSqNadbq6TI8wrRc%2526affilsrc%253Dapi&quot;,&quot;ninetySevenCentShipping&quot;:false,&quot;standardShipRate&quot;:0.0,&quot;size&quot;:&quot;N&quot;,&quot;color&quot;:&quot;Black&quot;,&quot;shipToStore&quot;:false,&quot;freeShipToStore&quot;:false,&quot;modelNumber&quot;:&quot;49H6E&quot;,&quot;productUrl&quot;:&quot;http://c.affil.walmart.com/t/api01?l=https%3A%2F%2Fwww.walmart.com%2Fip%2FHisense-49-class-4K-2160p-HDR-Smart-LED-TV-49H6E%2F166752596%3Faffp1%3DH-JVMzorBRQOTBioe9MKJOGSfQyvSqNadbq6TI8wrRc%26affilsrc%3Dapi%26veh%3Daff%26wmlspartner%3Dreadonlyapi&quot;,&quot;bestMarketplacePrice&quot;:{&quot;price&quot;:399.99,&quot;sellerInfo&quot;:&quot;Hisense USA Corporation&quot;,&quot;standardShipRate&quot;:0.0,&quot;availableOnline&quot;:true,&quot;clearance&quot;:false,&quot;offerType&quot;:&quot;ONLINE_ONLY&quot;},&quot;categoryNode&quot;:&quot;3944_1060825_447913&quot;,&quot;bundle&quot;:false,&quot;clearance&quot;:false,&quot;preOrder&quot;:false,&quot;stock&quot;:&quot;Available&quot;,&quot;attributes&quot;:{&quot;color&quot;:&quot;Black&quot;,&quot;compositeWood&quot;:&quot;1 - Does not contain composite wood&quot;,&quot;hasStateRestrictions&quot;:&quot;N&quot;},&quot;addToCartUrl&quot;:&quot;http://c.affil.walmart.com/t/api01?l=http%3A%2F%2Faffil.walmart.com%2Fcart%2FaddToCart%3Fitems%3D166752596%7C1%26affp1%3DH-JVMzorBRQOTBioe9MKJOGSfQyvSqNadbq6TI8wrRc%26affilsrc%3Dapi%26veh%3Daff%26wmlspartner%3Dreadonlyapi&quot;,&quot;affiliateAddToCartUrl&quot;:&quot;http://linksynergy.walmart.com/fs-bin/click?id=|LSNID|&amp;offerid=223073.7200&amp;type=14&amp;catid=8&amp;subid=0&amp;hid=7200&amp;tmpid=1082&amp;RD_PARM1=http%253A%252F%252Faffil.walmart.com%252Fcart%252FaddToCart%253Fitems%253D166752596%257C1%2526affp1%253DH-JVMzorBRQOTBioe9MKJOGSfQyvSqNadbq6TI8wrRc%2526affilsrc%253Dapi&quot;,&quot;freeShippingOver50Dollars&quot;:true,&quot;giftOptions&quot;:{&quot;allowGiftWrap&quot;:false,&quot;allowGiftMessage&quot;:true,&quot;allowGiftReceipt&quot;:true},&quot;imageEntities&quot;:[{&quot;thumbnailImage&quot;:&quot;https://i5.walmartimages.com/asr/16d13779-40ef-4b46-9ffc-84f9beaba622_1.c8df4489eaa84f43338de8f3e2b108e7.jpeg?odnHeight=100&amp;odnWidth=100&amp;odnBg=FFFFFF&quot;,&quot;mediumImage&quot;:&quot;https://i5.walmartimages.com/asr/16d13779-40ef-4b46-9ffc-84f9beaba622_1.c8df4489eaa84f43338de8f3e2b108e7.jpeg?odnHeight=180&amp;odnWidth=180&amp;odnBg=FFFFFF&quot;,&quot;largeImage&quot;:&quot;https://i5.walmartimages.com/asr/16d13779-40ef-4b46-9ffc-84f9beaba622_1.c8df4489eaa84f43338de8f3e2b108e7.jpeg?odnHeight=450&amp;odnWidth=450&amp;odnBg=FFFFFF&quot;,&quot;entityType&quot;:&quot;SECONDARY&quot;},{&quot;thumbnailImage&quot;:&quot;https://i5.walmartimages.com/asr/d72b83c6-0f11-4887-8426-e36230135cdf_1.310e93f005ec84b41104a644ddab39c9.jpeg?odnHeight=100&amp;odnWidth=100&amp;odnBg=FFFFFF&quot;,&quot;mediumImage&quot;:&quot;https://i5.walmartimages.com/asr/d72b83c6-0f11-4887-8426-e36230135cdf_1.310e93f005ec84b41104a644ddab39c9.jpeg?odnHeight=180&amp;odnWidth=180&amp;odnBg=FFFFFF&quot;,&quot;largeImage&quot;:&quot;https://i5.walmartimages.com/asr/d72b83c6-0f11-4887-8426-e36230135cdf_1.310e93f005ec84b41104a644ddab39c9.jpeg?odnHeight=450&amp;odnWidth=450&amp;odnBg=FFFFFF&quot;,&quot;entityType&quot;:&quot;SECONDARY&quot;},{&quot;thumbnailImage&quot;:&quot;https://i5.walmartimages.com/asr/10718f4d-7312-47b2-a435-cfcdbbdfd6f5_1.63db3572637b0bda4ffb9d8ace57e6cc.jpeg?odnHeight=100&amp;odnWidth=100&amp;odnBg=FFFFFF&quot;,&quot;mediumImage&quot;:&quot;https://i5.walmartimages.com/asr/10718f4d-7312-47b2-a435-cfcdbbdfd6f5_1.63db3572637b0bda4ffb9d8ace57e6cc.jpeg?odnHeight=180&amp;odnWidth=180&amp;odnBg=FFFFFF&quot;,&quot;largeImage&quot;:&quot;https://i5.walmartimages.com/asr/10718f4d-7312-47b2-a435-cfcdbbdfd6f5_1.63db3572637b0bda4ffb9d8ace57e6cc.jpeg?odnHeight=450&amp;odnWidth=450&amp;odnBg=FFFFFF&quot;,&quot;entityType&quot;:&quot;SECONDARY&quot;},{&quot;thumbnailImage&quot;:&quot;https://i5.walmartimages.com/asr/8ae9a17c-130f-4cfc-b0f8-066db91d07cc_1.fbfe6ee429dac5dcfd4ae4c111dd008b.jpeg?odnHeight=100&amp;odnWidth=100&amp;odnBg=FFFFFF&quot;,&quot;mediumImage&quot;:&quot;https://i5.walmartimages.com/asr/8ae9a17c-130f-4cfc-b0f8-066db91d07cc_1.fbfe6ee429dac5dcfd4ae4c111dd008b.jpeg?odnHeight=180&amp;odnWidth=180&amp;odnBg=FFFFFF&quot;,&quot;largeImage&quot;:&quot;https://i5.walmartimages.com/asr/8ae9a17c-130f-4cfc-b0f8-066db91d07cc_1.fbfe6ee429dac5dcfd4ae4c111dd008b.jpeg?odnHeight=450&amp;odnWidth=450&amp;odnBg=FFFFFF&quot;,&quot;entityType&quot;:&quot;SECONDARY&quot;},{&quot;thumbnailImage&quot;:&quot;https://i5.walmartimages.com/asr/28a4696a-87d1-4414-b5e6-a0372fb7d55d_1.b68fded98fbd87415668b869a28a5932.jpeg?odnHeight=100&amp;odnWidth=100&amp;odnBg=FFFFFF&quot;,&quot;mediumImage&quot;:&quot;https://i5.walmartimages.com/asr/28a4696a-87d1-4414-b5e6-a0372fb7d55d_1.b68fded98fbd87415668b869a28a5932.jpeg?odnHeight=180&amp;odnWidth=180&amp;odnBg=FFFFFF&quot;,&quot;largeImage&quot;:&quot;https://i5.walmartimages.com/asr/28a4696a-87d1-4414-b5e6-a0372fb7d55d_1.b68fded98fbd87415668b869a28a5932.jpeg?odnHeight=450&amp;odnWidth=450&amp;odnBg=FFFFFF&quot;,&quot;entityType&quot;:&quot;SECONDARY&quot;},{&quot;thumbnailImage&quot;:&quot;https://i5.walmartimages.com/asr/60e54267-dffe-409d-ad7a-a2df266eadda_1.fa95e0767cf9ade2ee431d97232a60dd.jpeg?odnHeight=100&amp;odnWidth=100&amp;odnBg=FFFFFF&quot;,&quot;mediumImage&quot;:&quot;https://i5.walmartimages.com/asr/60e54267-dffe-409d-ad7a-a2df266eadda_1.fa95e0767cf9ade2ee431d97232a60dd.jpeg?odnHeight=180&amp;odnWidth=180&amp;odnBg=FFFFFF&quot;,&quot;largeImage&quot;:&quot;https://i5.walmartimages.com/asr/60e54267-dffe-409d-ad7a-a2df266eadda_1.fa95e0767cf9ade2ee431d97232a60dd.jpeg?odnHeight=450&amp;odnWidth=450&amp;odnBg=FFFFFF&quot;,&quot;entityType&quot;:&quot;SECONDARY&quot;},{&quot;thumbnailImage&quot;:&quot;https://i5.walmartimages.com/asr/c7c0aeab-ffdb-45c3-ad17-7d304331f8e0_1.8f63ad318f5cc7968f0b743707c69e85.jpeg?odnHeight=100&amp;odnWidth=100&amp;odnBg=FFFFFF&quot;,&quot;mediumImage&quot;:&quot;https://i5.walmartimages.com/asr/c7c0aeab-ffdb-45c3-ad17-7d304331f8e0_1.8f63ad318f5cc7968f0b743707c69e85.jpeg?odnHeight=180&amp;odnWidth=180&amp;odnBg=FFFFFF&quot;,&quot;largeImage&quot;:&quot;https://i5.walmartimages.com/asr/c7c0aeab-ffdb-45c3-ad17-7d304331f8e0_1.8f63ad318f5cc7968f0b743707c69e85.jpeg?odnHeight=450&amp;odnWidth=450&amp;odnBg=FFFFFF&quot;,&quot;entityType&quot;:&quot;SECONDARY&quot;},{&quot;thumbnailImage&quot;:&quot;https://i5.walmartimages.com/asr/e8fcf8e5-a607-4b5d-8567-432657a41d28_1.1199f189fbe7185fd330d1d4fcfcfc0c.jpeg?odnHeight=100&amp;odnWidth=100&amp;odnBg=FFFFFF&quot;,&quot;mediumImage&quot;:&quot;https://i5.walmartimages.com/asr/e8fcf8e5-a607-4b5d-8567-432657a41d28_1.1199f189fbe7185fd330d1d4fcfcfc0c.jpeg?odnHeight=180&amp;odnWidth=180&amp;odnBg=FFFFFF&quot;,&quot;largeImage&quot;:&quot;https://i5.walmartimages.com/asr/e8fcf8e5-a607-4b5d-8567-432657a41d28_1.1199f189fbe7185fd330d1d4fcfcfc0c.jpeg?odnHeight=450&amp;odnWidth=450&amp;odnBg=FFFFFF&quot;,&quot;entityType&quot;:&quot;PRIMARY&quot;}],&quot;offerType&quot;:&quot;ONLINE_AND_STORE&quot;,&quot;isTwoDayShippingEligible&quot;:false,&quot;availableOnline&quot;:true},{&quot;itemId&quot;:179085238,&quot;parentItemId&quot;:179085238,&quot;name&quot;:&quot;Urbini 4-in-1 Nesti Playard - Teal&quot;,&quot;msrp&quot;:129.0,&quot;salePrice&quot;:89.0,&quot;upc&quot;:&quot;840009151453&quot;,&quot;categoryPath&quot;:&quot;Baby/Baby Activities &amp; Gear/Playards&quot;,&quot;shortDescription&quot;:&quot;Nap and play, home and away! The 4-in-1 Urbini Nesti Play Yard grows with your child, offering four uses in one convenient bundle. Newborns will feel cozy in a soothing removable napper that rocks baby to sleep. Older babies will enjoy relaxing in the removable bassinet with calming sounds and lights module. The changing station includes a sturdy changing table and spacious, practical storage cubbies designed to handle all baby&#039;s essentials. When they&#039;re ready, the Nesti transforms into a safe, secure place for toddlers to rest and play.&quot;,&quot;longDescription&quot;:&quot;Urbini Playard Nesti&amp;lt;br&amp;gt;&amp;lt;br&amp;gt;&amp;lt;ul style=&amp;quot;margin: 24px 0px 0px; font-family: myriad-pro, BogleWeb,&amp;quot; helvetica=&amp;quot;&amp;quot;&amp;gt;&amp;lt;li&amp;gt;The 4-in-1 Urbini Nesti Play Yard grows with your child, offering 4 uses in one convenient bundle&amp;lt;/li&amp;gt;&amp;lt;li&amp;gt;Newborns will feel cozy in a soothing removable napper that rocks baby to sleep&amp;lt;/li&amp;gt;&amp;lt;li&amp;gt;Older babies will enjoy relaxing in the removable bassinet with calming sounds and lights module&amp;lt;/li&amp;gt;&amp;lt;li&amp;gt;The changing station includes a sturdy changing table and spacious, practical storage cubbies designed to handle all baby&#039;s essentials&amp;lt;/li&amp;gt;&amp;lt;li&amp;gt;When they&#039;re ready, the Nesti transforms into a safe, secure place for toddlers to rest and play&amp;lt;/li&amp;gt;&amp;lt;li&amp;gt;Includes bonus rocking sleeper with canopy and toys&amp;lt;/li&amp;gt;&amp;lt;li&amp;gt;Sturdy changer with roomy storage cubbies&amp;lt;/li&amp;gt;&amp;lt;li&amp;gt;Soothing lights and sounds module with soft nightlight and portable play yard for growing toddlers&amp;lt;/li&amp;gt;&amp;lt;/ul&amp;gt;&quot;,&quot;brandName&quot;:&quot;Urbini&quot;,&quot;thumbnailImage&quot;:&quot;https://i5.walmartimages.com/asr/94615539-fa75-4f03-b47e-9eabe7c428ac_1.f35045b46fb09c96f40fbac770bc1cce.jpeg?odnHeight=100&amp;odnWidth=100&amp;odnBg=FFFFFF&quot;,&quot;mediumImage&quot;:&quot;https://i5.walmartimages.com/asr/94615539-fa75-4f03-b47e-9eabe7c428ac_1.f35045b46fb09c96f40fbac770bc1cce.jpeg?odnHeight=180&amp;odnWidth=180&amp;odnBg=FFFFFF&quot;,&quot;largeImage&quot;:&quot;https://i5.walmartimages.com/asr/94615539-fa75-4f03-b47e-9eabe7c428ac_1.f35045b46fb09c96f40fbac770bc1cce.jpeg?odnHeight=450&amp;odnWidth=450&amp;odnBg=FFFFFF&quot;,&quot;productTrackingUrl&quot;:&quot;http://linksynergy.walmart.com/fs-bin/click?id=|LSNID|&amp;offerid=223073.7200&amp;type=14&amp;catid=8&amp;subid=0&amp;hid=7200&amp;tmpid=1082&amp;RD_PARM1=https%253A%252F%252Fwww.walmart.com%252Fip%252FUrbini-4-in-1-Nesti-Playard-Teal%252F179085238%253Faffp1%253DH-JVMzorBRQOTBioe9MKJOGSfQyvSqNadbq6TI8wrRc%2526affilsrc%253Dapi&quot;,&quot;ninetySevenCentShipping&quot;:false,&quot;standardShipRate&quot;:0.0,&quot;size&quot;:&quot;Playards&quot;,&quot;color&quot;:&quot;Blue&quot;,&quot;marketplace&quot;:false,&quot;shipToStore&quot;:true,&quot;freeShipToStore&quot;:true,&quot;modelNumber&quot;:&quot;15BD2Y-TLKU&quot;,&quot;productUrl&quot;:&quot;http://c.affil.walmart.com/t/api01?l=https%3A%2F%2Fwww.walmart.com%2Fip%2FUrbini-4-in-1-Nesti-Playard-Teal%2F179085238%3Faffp1%3DH-JVMzorBRQOTBioe9MKJOGSfQyvSqNadbq6TI8wrRc%26affilsrc%3Dapi%26veh%3Daff%26wmlspartner%3Dreadonlyapi&quot;,&quot;customerRating&quot;:&quot;5.0&quot;,&quot;numReviews&quot;:3,&quot;customerRatingImage&quot;:&quot;http://i2.walmartimages.com/i/CustRating/5.gif&quot;,&quot;categoryNode&quot;:&quot;5427_86323_91518&quot;,&quot;bundle&quot;:false,&quot;clearance&quot;:false,&quot;preOrder&quot;:false,&quot;stock&quot;:&quot;Available&quot;,&quot;attributes&quot;:{&quot;color&quot;:&quot;Blue&quot;,&quot;finerCateg&quot;:&quot;Playards&quot;,&quot;wklyFcstWeeks&quot;:&quot;23.33852298443133930000&quot;},&quot;gender&quot;:&quot;Unisex&quot;,&quot;age&quot;:&quot;0 - 24 Months0 to 24 Months&quot;,&quot;addToCartUrl&quot;:&quot;http://c.affil.walmart.com/t/api01?l=http%3A%2F%2Faffil.walmart.com%2Fcart%2FaddToCart%3Fitems%3D179085238%7C1%26affp1%3DH-JVMzorBRQOTBioe9MKJOGSfQyvSqNadbq6TI8wrRc%26affilsrc%3Dapi%26veh%3Daff%26wmlspartner%3Dreadonlyapi&quot;,&quot;affiliateAddToCartUrl&quot;:&quot;http://linksynergy.walmart.com/fs-bin/click?id=|LSNID|&amp;offerid=223073.7200&amp;type=14&amp;catid=8&amp;subid=0&amp;hid=7200&amp;tmpid=1082&amp;RD_PARM1=http%253A%252F%252Faffil.walmart.com%252Fcart%252FaddToCart%253Fitems%253D179085238%257C1%2526affp1%253DH-JVMzorBRQOTBioe9MKJOGSfQyvSqNadbq6TI8wrRc%2526affilsrc%253Dapi&quot;,&quot;freeShippingOver50Dollars&quot;:true,&quot;giftOptions&quot;:{&quot;allowGiftWrap&quot;:false,&quot;allowGiftMessage&quot;:false,&quot;allowGiftReceipt&quot;:false},&quot;imageEntities&quot;:[{&quot;thumbnailImage&quot;:&quot;https://i5.walmartimages.com/asr/dd5fbe1d-f229-46e2-82ad-e52fb4155a00_1.a57267cb07d992dc8a21621b2064c59c.jpeg?odnHeight=100&amp;odnWidth=100&amp;odnBg=FFFFFF&quot;,&quot;mediumImage&quot;:&quot;https://i5.walmartimages.com/asr/dd5fbe1d-f229-46e2-82ad-e52fb4155a00_1.a57267cb07d992dc8a21621b2064c59c.jpeg?odnHeight=180&amp;odnWidth=180&amp;odnBg=FFFFFF&quot;,&quot;largeImage&quot;:&quot;https://i5.walmartimages.com/asr/dd5fbe1d-f229-46e2-82ad-e52fb4155a00_1.a57267cb07d992dc8a21621b2064c59c.jpeg?odnHeight=450&amp;odnWidth=450&amp;odnBg=FFFFFF&quot;,&quot;entityType&quot;:&quot;SECONDARY&quot;},{&quot;thumbnailImage&quot;:&quot;https://i5.walmartimages.com/asr/ed1d1d37-73d6-4468-9c52-803d0ac8f91f_1.f65373a8f7aef7e7b428afe76ee9bf3c.jpeg?odnHeight=100&amp;odnWidth=100&amp;odnBg=FFFFFF&quot;,&quot;mediumImage&quot;:&quot;https://i5.walmartimages.com/asr/ed1d1d37-73d6-4468-9c52-803d0ac8f91f_1.f65373a8f7aef7e7b428afe76ee9bf3c.jpeg?odnHeight=180&amp;odnWidth=180&amp;odnBg=FFFFFF&quot;,&quot;largeImage&quot;:&quot;https://i5.walmartimages.com/asr/ed1d1d37-73d6-4468-9c52-803d0ac8f91f_1.f65373a8f7aef7e7b428afe76ee9bf3c.jpeg?odnHeight=450&amp;odnWidth=450&amp;odnBg=FFFFFF&quot;,&quot;entityType&quot;:&quot;SECONDARY&quot;},{&quot;thumbnailImage&quot;:&quot;https://i5.walmartimages.com/asr/fd69b059-8939-450b-8728-d3023bb01059_2.c2e5b488342e6c5412463854fbb33b10.jpeg?odnHeight=100&amp;odnWidth=100&amp;odnBg=FFFFFF&quot;,&quot;mediumImage&quot;:&quot;https://i5.walmartimages.com/asr/fd69b059-8939-450b-8728-d3023bb01059_2.c2e5b488342e6c5412463854fbb33b10.jpeg?odnHeight=180&amp;odnWidth=180&amp;odnBg=FFFFFF&quot;,&quot;largeImage&quot;:&quot;https://i5.walmartimages.com/asr/fd69b059-8939-450b-8728-d3023bb01059_2.c2e5b488342e6c5412463854fbb33b10.jpeg?odnHeight=450&amp;odnWidth=450&amp;odnBg=FFFFFF&quot;,&quot;entityType&quot;:&quot;SECONDARY&quot;},{&quot;thumbnailImage&quot;:&quot;https://i5.walmartimages.com/asr/94615539-fa75-4f03-b47e-9eabe7c428ac_1.f35045b46fb09c96f40fbac770bc1cce.jpeg?odnHeight=100&amp;odnWidth=100&amp;odnBg=FFFFFF&quot;,&quot;mediumImage&quot;:&quot;https://i5.walmartimages.com/asr/94615539-fa75-4f03-b47e-9eabe7c428ac_1.f35045b46fb09c96f40fbac770bc1cce.jpeg?odnHeight=180&amp;odnWidth=180&amp;odnBg=FFFFFF&quot;,&quot;largeImage&quot;:&quot;https://i5.walmartimages.com/asr/94615539-fa75-4f03-b47e-9eabe7c428ac_1.f35045b46fb09c96f40fbac770bc1cce.jpeg?odnHeight=450&amp;odnWidth=450&amp;odnBg=FFFFFF&quot;,&quot;entityType&quot;:&quot;PRIMARY&quot;}],&quot;offerType&quot;:&quot;ONLINE_AND_STORE&quot;,&quot;isTwoDayShippingEligible&quot;:true,&quot;availableOnline&quot;:true},{&quot;itemId&quot;:14047895,&quot;parentItemId&quot;:14047895,&quot;name&quot;:&quot;Rawlings ROLB Official League Tournament Grade Baseballs (Dozen)&quot;,&quot;msrp&quot;:99.5,&quot;salePrice&quot;:63.95,&quot;upc&quot;:&quot;083321502781&quot;,&quot;categoryPath&quot;:&quot;Sports &amp; Outdoors/Sports Fan Shop/Sports &amp; Outdoor Play Fan Shop/Sports Equipment Fan Shop&quot;,&quot;shortDescription&quot;:&quot;Rawlings ROLB Baseballs feature a full grain leather cover for extra durability and a cushioned cork center, for quality baseballs that resist wear and tear. Designed for use in practice matches, these Rawlings Practice Leather Baseballs are just as great for use in games. Rawlings Official Baseballs feature a raised seam for better grip, allowing for better performance, and are produced to exacting official standards. These Rawlings ROLB Baseballs allow for more effective practice and performance.&quot;,&quot;longDescription&quot;:&quot;Official League Tournament Grade Baseball&quot;,&quot;brandName&quot;:&quot;Rawlings&quot;,&quot;thumbnailImage&quot;:&quot;https://i5.walmartimages.com/asr/63646118-c5d0-4395-9d9f-0cb3c0ffea24_1.2541cafc2e3924fe4884b69ab7ae9694.jpeg?odnHeight=100&amp;odnWidth=100&amp;odnBg=FFFFFF&quot;,&quot;mediumImage&quot;:&quot;https://i5.walmartimages.com/asr/63646118-c5d0-4395-9d9f-0cb3c0ffea24_1.2541cafc2e3924fe4884b69ab7ae9694.jpeg?odnHeight=180&amp;odnWidth=180&amp;odnBg=FFFFFF&quot;,&quot;largeImage&quot;:&quot;https://i5.walmartimages.com/asr/63646118-c5d0-4395-9d9f-0cb3c0ffea24_1.2541cafc2e3924fe4884b69ab7ae9694.jpeg?odnHeight=450&amp;odnWidth=450&amp;odnBg=FFFFFF&quot;,&quot;productTrackingUrl&quot;:&quot;http://linksynergy.walmart.com/fs-bin/click?id=|LSNID|&amp;offerid=223073.7200&amp;type=14&amp;catid=8&amp;subid=0&amp;hid=7200&amp;tmpid=1082&amp;RD_PARM1=https%253A%252F%252Fwww.walmart.com%252Fip%252FRawlings-ROLB-Official-League-Tournament-Grade-Baseballs-Dozen%252F14047895%253Faffp1%253DH-JVMzorBRQOTBioe9MKJOGSfQyvSqNadbq6TI8wrRc%2526affilsrc%253Dapi&quot;,&quot;ninetySevenCentShipping&quot;:false,&quot;standardShipRate&quot;:0.0,&quot;size&quot;:&quot;One Size&quot;,&quot;color&quot;:&quot;White&quot;,&quot;shipToStore&quot;:true,&quot;freeShipToStore&quot;:true,&quot;modelNumber&quot;:&quot;ROLB&quot;,&quot;productUrl&quot;:&quot;http://c.affil.walmart.com/t/api01?l=https%3A%2F%2Fwww.walmart.com%2Fip%2FRawlings-ROLB-Official-League-Tournament-Grade-Baseballs-Dozen%2F14047895%3Faffp1%3DH-JVMzorBRQOTBioe9MKJOGSfQyvSqNadbq6TI8wrRc%26affilsrc%3Dapi%26veh%3Daff%26wmlspartner%3Dreadonlyapi&quot;,&quot;bestMarketplacePrice&quot;:{&quot;price&quot;:59.95,&quot;sellerInfo&quot;:&quot;Datavision Computer Video&quot;,&quot;standardShipRate&quot;:0.0,&quot;twoThreeDayShippingRate&quot;:17.5,&quot;availableOnline&quot;:true,&quot;clearance&quot;:false,&quot;offerType&quot;:&quot;ONLINE_ONLY&quot;},&quot;categoryNode&quot;:&quot;4125_1063984_1064023&quot;,&quot;bundle&quot;:false,&quot;clearance&quot;:false,&quot;preOrder&quot;:false,&quot;stock&quot;:&quot;Available&quot;,&quot;attributes&quot;:{&quot;color&quot;:&quot;White&quot;,&quot;mainimageurl&quot;:&quot;https://i5.walmartimages.com/asr/63646118-c5d0-4395-9d9f-0cb3c0ffea24_1.2541cafc2e3924fe4884b69ab7ae9694.jpeg&quot;,&quot;size&quot;:&quot;One Size&quot;},&quot;gender&quot;:&quot;Men&quot;,&quot;addToCartUrl&quot;:&quot;http://c.affil.walmart.com/t/api01?l=http%3A%2F%2Faffil.walmart.com%2Fcart%2FaddToCart%3Fitems%3D14047895%7C1%26affp1%3DH-JVMzorBRQOTBioe9MKJOGSfQyvSqNadbq6TI8wrRc%26affilsrc%3Dapi%26veh%3Daff%26wmlspartner%3Dreadonlyapi&quot;,&quot;affiliateAddToCartUrl&quot;:&quot;http://linksynergy.walmart.com/fs-bin/click?id=|LSNID|&amp;offerid=223073.7200&amp;type=14&amp;catid=8&amp;subid=0&amp;hid=7200&amp;tmpid=1082&amp;RD_PARM1=http%253A%252F%252Faffil.walmart.com%252Fcart%252FaddToCart%253Fitems%253D14047895%257C1%2526affp1%253DH-JVMzorBRQOTBioe9MKJOGSfQyvSqNadbq6TI8wrRc%2526affilsrc%253Dapi&quot;,&quot;freeShippingOver50Dollars&quot;:true,&quot;giftOptions&quot;:{&quot;allowGiftWrap&quot;:false,&quot;allowGiftMessage&quot;:false,&quot;allowGiftReceipt&quot;:false},&quot;imageEntities&quot;:[{&quot;thumbnailImage&quot;:&quot;https://i5.walmartimages.com/asr/a2ce8451-80c3-438c-b96c-8ecc2da20f65_1.9fce4a3b2d90fb652705c1430dc0c94a.jpeg?odnHeight=100&amp;odnWidth=100&amp;odnBg=FFFFFF&quot;,&quot;mediumImage&quot;:&quot;https://i5.walmartimages.com/asr/a2ce8451-80c3-438c-b96c-8ecc2da20f65_1.9fce4a3b2d90fb652705c1430dc0c94a.jpeg?odnHeight=180&amp;odnWidth=180&amp;odnBg=FFFFFF&quot;,&quot;largeImage&quot;:&quot;https://i5.walmartimages.com/asr/a2ce8451-80c3-438c-b96c-8ecc2da20f65_1.9fce4a3b2d90fb652705c1430dc0c94a.jpeg?odnHeight=450&amp;odnWidth=450&amp;odnBg=FFFFFF&quot;,&quot;entityType&quot;:&quot;SECONDARY&quot;},{&quot;thumbnailImage&quot;:&quot;https://i5.walmartimages.com/asr/63646118-c5d0-4395-9d9f-0cb3c0ffea24_1.2541cafc2e3924fe4884b69ab7ae9694.jpeg?odnHeight=100&amp;odnWidth=100&amp;odnBg=FFFFFF&quot;,&quot;mediumImage&quot;:&quot;https://i5.walmartimages.com/asr/63646118-c5d0-4395-9d9f-0cb3c0ffea24_1.2541cafc2e3924fe4884b69ab7ae9694.jpeg?odnHeight=180&amp;odnWidth=180&amp;odnBg=FFFFFF&quot;,&quot;largeImage&quot;:&quot;https://i5.walmartimages.com/asr/63646118-c5d0-4395-9d9f-0cb3c0ffea24_1.2541cafc2e3924fe4884b69ab7ae9694.jpeg?odnHeight=450&amp;odnWidth=450&amp;odnBg=FFFFFF&quot;,&quot;entityType&quot;:&quot;PRIMARY&quot;}],&quot;offerType&quot;:&quot;ONLINE_ONLY&quot;,&quot;isTwoDayShippingEligible&quot;:false,&quot;availableOnline&quot;:true},{&quot;itemId&quot;:336598965,&quot;parentItemId&quot;:336598965,&quot;name&quot;:&quot;FurnitureR Metal Locker Nightstand Side Table Storage, White&quot;,&quot;msrp&quot;:199.99,&quot;salePrice&quot;:69.99,&quot;upc&quot;:&quot;745560566473&quot;,&quot;categoryPath&quot;:&quot;Home/Furniture/Bedroom Furniture/Nightstands&quot;,&quot;shortDescription&quot;:&quot;Features:Metal storage locker, utility cabinet.Powder-coated metal finish, durably constructed.2 fixed shelvesCan be use as nightstand, side table.Material: Metal + powder coating finishProduct dimensions: 15.9x12x22.6inch&quot;,&quot;longDescription&quot;:&quot;FurnitureR Metal Locker Nightstand Side Table Storage, White&quot;,&quot;brandName&quot;:&quot;FurnitureR&quot;,&quot;thumbnailImage&quot;:&quot;https://i5.walmartimages.com/asr/9a6995be-4a17-4330-b021-c7aa24ccbe01_1.6772d282b3167740f2b98b50c2898b7f.jpeg?odnHeight=100&amp;odnWidth=100&amp;odnBg=FFFFFF&quot;,&quot;mediumImage&quot;:&quot;https://i5.walmartimages.com/asr/9a6995be-4a17-4330-b021-c7aa24ccbe01_1.6772d282b3167740f2b98b50c2898b7f.jpeg?odnHeight=180&amp;odnWidth=180&amp;odnBg=FFFFFF&quot;,&quot;largeImage&quot;:&quot;https://i5.walmartimages.com/asr/9a6995be-4a17-4330-b021-c7aa24ccbe01_1.6772d282b3167740f2b98b50c2898b7f.jpeg?odnHeight=450&amp;odnWidth=450&amp;odnBg=FFFFFF&quot;,&quot;productTrackingUrl&quot;:&quot;http://linksynergy.walmart.com/fs-bin/click?id=|LSNID|&amp;offerid=223073.7200&amp;type=14&amp;catid=8&amp;subid=0&amp;hid=7200&amp;tmpid=1082&amp;RD_PARM1=https%253A%252F%252Fwww.walmart.com%252Fip%252FFurnitureR-Metal-Locker-Nightstand-Side-Table-Storage-White%252F336598965%253Faffp1%253DH-JVMzorBRQOTBioe9MKJOGSfQyvSqNadbq6TI8wrRc%2526affilsrc%253Dapi&quot;,&quot;standardShipRate&quot;:0.0,&quot;size&quot;:&quot;/ip/FurnitureR-Metal-Locker-Nightstand-Side-Table-Storage-White/336598965&quot;,&quot;color&quot;:&quot;White&quot;,&quot;marketplace&quot;:true,&quot;modelNumber&quot;:&quot;GRAVES SOLO WHITE&quot;,&quot;sellerInfo&quot;:&quot;39F.USA INC&quot;,&quot;productUrl&quot;:&quot;http://c.affil.walmart.com/t/api01?l=https%3A%2F%2Fwww.walmart.com%2Fip%2FFurnitureR-Metal-Locker-Nightstand-Side-Table-Storage-White%2F336598965%3Faffp1%3DH-JVMzorBRQOTBioe9MKJOGSfQyvSqNadbq6TI8wrRc%26affilsrc%3Dapi%26veh%3Daff%26wmlspartner%3Dreadonlyapi&quot;,&quot;variants&quot;:[336598965,329036770,351450096,455045930],&quot;categoryNode&quot;:&quot;4044_103150_102547&quot;,&quot;bundle&quot;:false,&quot;clearance&quot;:false,&quot;preOrder&quot;:false,&quot;stock&quot;:&quot;Not available&quot;,&quot;attributes&quot;:{&quot;canonicalUrl&quot;:&quot;/ip/FurnitureR-Metal-Locker-Nightstand-Side-Table-Storage-White/336598965&quot;,&quot;color&quot;:&quot;White&quot;,&quot;prodClassType&quot;:&quot;VARIANT&quot;},&quot;addToCartUrl&quot;:&quot;http://c.affil.walmart.com/t/api01?l=http%3A%2F%2Faffil.walmart.com%2Fcart%2FaddToCart%3Fitems%3D336598965%7C1%26affp1%3DH-JVMzorBRQOTBioe9MKJOGSfQyvSqNadbq6TI8wrRc%26affilsrc%3Dapi%26veh%3Daff%26wmlspartner%3Dreadonlyapi&quot;,&quot;affiliateAddToCartUrl&quot;:&quot;http://linksynergy.walmart.com/fs-bin/click?id=|LSNID|&amp;offerid=223073.7200&amp;type=14&amp;catid=8&amp;subid=0&amp;hid=7200&amp;tmpid=1082&amp;RD_PARM1=http%253A%252F%252Faffil.walmart.com%252Fcart%252FaddToCart%253Fitems%253D336598965%257C1%2526affp1%253DH-JVMzorBRQOTBioe9MKJOGSfQyvSqNadbq6TI8wrRc%2526affilsrc%253Dapi&quot;,&quot;freeShippingOver50Dollars&quot;:false,&quot;imageEntities&quot;:[{&quot;thumbnailImage&quot;:&quot;https://i5.walmartimages.com/asr/81a64ec6-7fa9-487e-a347-e4aa0caee369_1.c0e6d46cf889045bb7f38731b1540a66.jpeg?odnHeight=100&amp;odnWidth=100&amp;odnBg=FFFFFF&quot;,&quot;mediumImage&quot;:&quot;https://i5.walmartimages.com/asr/81a64ec6-7fa9-487e-a347-e4aa0caee369_1.c0e6d46cf889045bb7f38731b1540a66.jpeg?odnHeight=180&amp;odnWidth=180&amp;odnBg=FFFFFF&quot;,&quot;largeImage&quot;:&quot;https://i5.walmartimages.com/asr/81a64ec6-7fa9-487e-a347-e4aa0caee369_1.c0e6d46cf889045bb7f38731b1540a66.jpeg?odnHeight=450&amp;odnWidth=450&amp;odnBg=FFFFFF&quot;,&quot;entityType&quot;:&quot;SECONDARY&quot;},{&quot;thumbnailImage&quot;:&quot;https://i5.walmartimages.com/asr/760ab1b1-1066-4a6d-8c3a-64199e445987_1.47ade28b90309dac2430001bbeb7e98d.jpeg?odnHeight=100&amp;odnWidth=100&amp;odnBg=FFFFFF&quot;,&quot;mediumImage&quot;:&quot;https://i5.walmartimages.com/asr/760ab1b1-1066-4a6d-8c3a-64199e445987_1.47ade28b90309dac2430001bbeb7e98d.jpeg?odnHeight=180&amp;odnWidth=180&amp;odnBg=FFFFFF&quot;,&quot;largeImage&quot;:&quot;https://i5.walmartimages.com/asr/760ab1b1-1066-4a6d-8c3a-64199e445987_1.47ade28b90309dac2430001bbeb7e98d.jpeg?odnHeight=450&amp;odnWidth=450&amp;odnBg=FFFFFF&quot;,&quot;entityType&quot;:&quot;SECONDARY&quot;},{&quot;thumbnailImage&quot;:&quot;https://i5.walmartimages.com/asr/69c468a6-d430-467d-8b84-3587dde3b179_1.ee74c18c7296938205fd9b5e0573d2e5.jpeg?odnHeight=100&amp;odnWidth=100&amp;odnBg=FFFFFF&quot;,&quot;mediumImage&quot;:&quot;https://i5.walmartimages.com/asr/69c468a6-d430-467d-8b84-3587dde3b179_1.ee74c18c7296938205fd9b5e0573d2e5.jpeg?odnHeight=180&amp;odnWidth=180&amp;odnBg=FFFFFF&quot;,&quot;largeImage&quot;:&quot;https://i5.walmartimages.com/asr/69c468a6-d430-467d-8b84-3587dde3b179_1.ee74c18c7296938205fd9b5e0573d2e5.jpeg?odnHeight=450&amp;odnWidth=450&amp;odnBg=FFFFFF&quot;,&quot;entityType&quot;:&quot;SECONDARY&quot;},{&quot;thumbnailImage&quot;:&quot;https://i5.walmartimages.com/asr/6de5ae81-78bd-476f-b012-1dad6a459023_1.adf7cce28366c2dcff2fd9277f2a2e7e.jpeg?odnHeight=100&amp;odnWidth=100&amp;odnBg=FFFFFF&quot;,&quot;mediumImage&quot;:&quot;https://i5.walmartimages.com/asr/6de5ae81-78bd-476f-b012-1dad6a459023_1.adf7cce28366c2dcff2fd9277f2a2e7e.jpeg?odnHeight=180&amp;odnWidth=180&amp;odnBg=FFFFFF&quot;,&quot;largeImage&quot;:&quot;https://i5.walmartimages.com/asr/6de5ae81-78bd-476f-b012-1dad6a459023_1.adf7cce28366c2dcff2fd9277f2a2e7e.jpeg?odnHeight=450&amp;odnWidth=450&amp;odnBg=FFFFFF&quot;,&quot;entityType&quot;:&quot;SECONDARY&quot;},{&quot;thumbnailImage&quot;:&quot;https://i5.walmartimages.com/asr/a286b1e1-ddac-4773-be16-24c07303d9bd_1.136a3cab3510d4ba7878391e10de5cba.jpeg?odnHeight=100&amp;odnWidth=100&amp;odnBg=FFFFFF&quot;,&quot;mediumImage&quot;:&quot;https://i5.walmartimages.com/asr/a286b1e1-ddac-4773-be16-24c07303d9bd_1.136a3cab3510d4ba7878391e10de5cba.jpeg?odnHeight=180&amp;odnWidth=180&amp;odnBg=FFFFFF&quot;,&quot;largeImage&quot;:&quot;https://i5.walmartimages.com/asr/a286b1e1-ddac-4773-be16-24c07303d9bd_1.136a3cab3510d4ba7878391e10de5cba.jpeg?odnHeight=450&amp;odnWidth=450&amp;odnBg=FFFFFF&quot;,&quot;entityType&quot;:&quot;SECONDARY&quot;},{&quot;thumbnailImage&quot;:&quot;https://i5.walmartimages.com/asr/293c70cd-e7d7-4172-973c-1819df869d9b_1.2deaf748d3c0962bb441cde56a131f0c.jpeg?odnHeight=100&amp;odnWidth=100&amp;odnBg=FFFFFF&quot;,&quot;mediumImage&quot;:&quot;https://i5.walmartimages.com/asr/293c70cd-e7d7-4172-973c-1819df869d9b_1.2deaf748d3c0962bb441cde56a131f0c.jpeg?odnHeight=180&amp;odnWidth=180&amp;odnBg=FFFFFF&quot;,&quot;largeImage&quot;:&quot;https://i5.walmartimages.com/asr/293c70cd-e7d7-4172-973c-1819df869d9b_1.2deaf748d3c0962bb441cde56a131f0c.jpeg?odnHeight=450&amp;odnWidth=450&amp;odnBg=FFFFFF&quot;,&quot;entityType&quot;:&quot;SECONDARY&quot;},{&quot;thumbnailImage&quot;:&quot;https://i5.walmartimages.com/asr/15290b6e-e8fa-4ee9-8b16-e2c44770582b_1.8b7818ca207d07a5aa76845d072b9910.jpeg?odnHeight=100&amp;odnWidth=100&amp;odnBg=FFFFFF&quot;,&quot;mediumImage&quot;:&quot;https://i5.walmartimages.com/asr/15290b6e-e8fa-4ee9-8b16-e2c44770582b_1.8b7818ca207d07a5aa76845d072b9910.jpeg?odnHeight=180&amp;odnWidth=180&amp;odnBg=FFFFFF&quot;,&quot;largeImage&quot;:&quot;https://i5.walmartimages.com/asr/15290b6e-e8fa-4ee9-8b16-e2c44770582b_1.8b7818ca207d07a5aa76845d072b9910.jpeg?odnHeight=450&amp;odnWidth=450&amp;odnBg=FFFFFF&quot;,&quot;entityType&quot;:&quot;SECONDARY&quot;},{&quot;thumbnailImage&quot;:&quot;https://i5.walmartimages.com/asr/b11ac762-9809-4007-bbc5-4270f563d887_1.15765982c71944154db5b2210aa69dac.jpeg?odnHeight=100&amp;odnWidth=100&amp;odnBg=FFFFFF&quot;,&quot;mediumImage&quot;:&quot;https://i5.walmartimages.com/asr/b11ac762-9809-4007-bbc5-4270f563d887_1.15765982c71944154db5b2210aa69dac.jpeg?odnHeight=180&amp;odnWidth=180&amp;odnBg=FFFFFF&quot;,&quot;largeImage&quot;:&quot;https://i5.walmartimages.com/asr/b11ac762-9809-4007-bbc5-4270f563d887_1.15765982c71944154db5b2210aa69dac.jpeg?odnHeight=450&amp;odnWidth=450&amp;odnBg=FFFFFF&quot;,&quot;entityType&quot;:&quot;SECONDARY&quot;},{&quot;thumbnailImage&quot;:&quot;https://i5.walmartimages.com/asr/2cb20539-e6eb-46c2-b1e3-290c6bd78757_1.bc886a8d24bf766d81e96c335e276b76.jpeg?odnHeight=100&amp;odnWidth=100&amp;odnBg=FFFFFF&quot;,&quot;mediumImage&quot;:&quot;https://i5.walmartimages.com/asr/2cb20539-e6eb-46c2-b1e3-290c6bd78757_1.bc886a8d24bf766d81e96c335e276b76.jpeg?odnHeight=180&amp;odnWidth=180&amp;odnBg=FFFFFF&quot;,&quot;largeImage&quot;:&quot;https://i5.walmartimages.com/asr/2cb20539-e6eb-46c2-b1e3-290c6bd78757_1.bc886a8d24bf766d81e96c335e276b76.jpeg?odnHeight=450&amp;odnWidth=450&amp;odnBg=FFFFFF&quot;,&quot;entityType&quot;:&quot;SECONDARY&quot;},{&quot;thumbnailImage&quot;:&quot;https://i5.walmartimages.com/asr/9a6995be-4a17-4330-b021-c7aa24ccbe01_1.6772d282b3167740f2b98b50c2898b7f.jpeg?odnHeight=100&amp;odnWidth=100&amp;odnBg=FFFFFF&quot;,&quot;mediumImage&quot;:&quot;https://i5.walmartimages.com/asr/9a6995be-4a17-4330-b021-c7aa24ccbe01_1.6772d282b3167740f2b98b50c2898b7f.jpeg?odnHeight=180&amp;odnWidth=180&amp;odnBg=FFFFFF&quot;,&quot;largeImage&quot;:&quot;https://i5.walmartimages.com/asr/9a6995be-4a17-4330-b021-c7aa24ccbe01_1.6772d282b3167740f2b98b50c2898b7f.jpeg?odnHeight=450&amp;odnWidth=450&amp;odnBg=FFFFFF&quot;,&quot;entityType&quot;:&quot;PRIMARY&quot;}],&quot;offerType&quot;:&quot;ONLINE_ONLY&quot;,&quot;availableOnline&quot;:false},{&quot;itemId&quot;:225167055,&quot;parentItemId&quot;:225167055,&quot;name&quot;:&quot;Microsoft Xbox One S 500GB Forza Horizon 3 Hot Wheels Bundle, White, ZQ9-00311&quot;,&quot;msrp&quot;:279.99,&quot;salePrice&quot;:229.0,&quot;upc&quot;:&quot;889842251319&quot;,&quot;categoryPath&quot;:&quot;Video Games/Xbox One Consoles, Games &amp; Accessories/Xbox One Consoles&quot;,&quot;shortDescription&quot;:&quot;The Xbox One S Forza Horizon 3 Hot Wheels Bundle (500GB), featuring a game on disc of racing favorite Forza Horizon 3 including the best-selling Hot Wheels expansion, and an Xbox wireless controller. Drive, explore, jump, and race all over Australia in more than 350 of the world&amp;rsquo;s greatest cars. Make your Hot Wheels fantasies come to life with loops, corkscrews, boost pads, high bank turns, half-pipes, insane jumps - and even mechanical dinosaurs. Experience the highest rated, best-selling racing franchise of this generation on the only console with 4K Blu-ray, 4K video streaming, and HDR. Plus, get instant access to over 100 great games with 1 month of Xbox Game Pass included. With the biggest blockbuster titles, over 100 console exclusives, and three generations of games, there&amp;rsquo;s never been a better time to game with Xbox One.&quot;,&quot;longDescription&quot;:&quot;&amp;lt;ul&amp;gt;&amp;lt;li&amp;gt;Own&amp;nbsp;the Xbox One S Forza Horizon 3 Hot Wheels Bundle&amp;lt;br&amp;gt;&amp;lt;/li&amp;gt;&amp;lt;li&amp;gt;Drive, explore, and race all over Australia in more than 350 of the worlds greatest cars&amp;lt;br&amp;gt;&amp;lt;/li&amp;gt;&amp;lt;li&amp;gt;Make your Hot Wheels fantasies come to life with loops, corkscrews, boost pads, high bank turns, half-pipes and insane jumps&amp;lt;br&amp;gt;&amp;lt;/li&amp;gt;&amp;lt;li&amp;gt;Play with friends online with Xbox Live choose cooperative or competitive play&amp;lt;br&amp;gt;&amp;lt;/li&amp;gt;&amp;lt;li&amp;gt;Compete, connect, and share across platforms with gamers on Xbox One and Windows 10&amp;lt;br&amp;gt;&amp;lt;/li&amp;gt;&amp;lt;li&amp;gt;Stream video and watch UHD Blu-ray movies in stunning 4K Ultra HD&amp;lt;br&amp;gt;&amp;lt;/li&amp;gt;&amp;lt;li&amp;gt;Experience rich, luminous colors in games and video with High Dynamic Range technology&amp;lt;br&amp;gt;&amp;lt;/li&amp;gt;&amp;lt;li&amp;gt;Instant access to over 100 great games with 1 month of Xbox Game Pass included&amp;lt;br&amp;gt;&amp;lt;/li&amp;gt;&amp;lt;li&amp;gt;With the biggest blockbuster titles, over 100 console exclusives, and three generations of games, theres never been a better time to game with Xbox One&amp;lt;br&amp;gt;&amp;lt;/li&amp;gt;&amp;lt;/ul&amp;gt;&quot;,&quot;brandName&quot;:&quot;Microsoft&quot;,&quot;thumbnailImage&quot;:&quot;https://i5.walmartimages.com/asr/ff43f0f1-f565-423f-93d5-be06ff36622c_1.75068acf756e9c2e1a04db7f68e00349.jpeg?odnHeight=100&amp;odnWidth=100&amp;odnBg=FFFFFF&quot;,&quot;mediumImage&quot;:&quot;https://i5.walmartimages.com/asr/ff43f0f1-f565-423f-93d5-be06ff36622c_1.75068acf756e9c2e1a04db7f68e00349.jpeg?odnHeight=180&amp;odnWidth=180&amp;odnBg=FFFFFF&quot;,&quot;largeImage&quot;:&quot;https://i5.walmartimages.com/asr/ff43f0f1-f565-423f-93d5-be06ff36622c_1.75068acf756e9c2e1a04db7f68e00349.jpeg?odnHeight=450&amp;odnWidth=450&amp;odnBg=FFFFFF&quot;,&quot;productTrackingUrl&quot;:&quot;http://linksynergy.walmart.com/fs-bin/click?id=|LSNID|&amp;offerid=223073.7200&amp;type=14&amp;catid=8&amp;subid=0&amp;hid=7200&amp;tmpid=1082&amp;RD_PARM1=https%253A%252F%252Fwww.walmart.com%252Fip%252FMicrosoft-Xbox-One-S-500GB-Forza-Horizon-3-Hot-Wheels-Bundle-White-ZQ9-00311%252F225167055%253Faffp1%253DH-JVMzorBRQOTBioe9MKJOGSfQyvSqNadbq6TI8wrRc%2526affilsrc%253Dapi&quot;,&quot;ninetySevenCentShipping&quot;:false,&quot;standardShipRate&quot;:0.0,&quot;size&quot;:&quot;&lt;body&gt;&lt;ul&gt;&lt;li&gt;Compact size&lt;/li&gt;&lt;li&gt;High&quot;,&quot;color&quot;:&quot;White&quot;,&quot;shipToStore&quot;:true,&quot;freeShipToStore&quot;:true,&quot;modelNumber&quot;:&quot;ZQ9-00311&quot;,&quot;productUrl&quot;:&quot;http://c.affil.walmart.com/t/api01?l=https%3A%2F%2Fwww.walmart.com%2Fip%2FMicrosoft-Xbox-One-S-500GB-Forza-Horizon-3-Hot-Wheels-Bundle-White-ZQ9-00311%2F225167055%3Faffp1%3DH-JVMzorBRQOTBioe9MKJOGSfQyvSqNadbq6TI8wrRc%26affilsrc%3Dapi%26veh%3Daff%26wmlspartner%3Dreadonlyapi&quot;,&quot;customerRating&quot;:&quot;4.3&quot;,&quot;numReviews&quot;:29,&quot;customerRatingImage&quot;:&quot;http://i2.walmartimages.com/i/CustRating/4_3.gif&quot;,&quot;bestMarketplacePrice&quot;:{&quot;price&quot;:259.99,&quot;sellerInfo&quot;:&quot;HugeSavings&quot;,&quot;standardShipRate&quot;:0.0,&quot;twoThreeDayShippingRate&quot;:51.04,&quot;availableOnline&quot;:true,&quot;clearance&quot;:false,&quot;offerType&quot;:&quot;ONLINE_ONLY&quot;},&quot;categoryNode&quot;:&quot;2636_1224908_1224995&quot;,&quot;bundle&quot;:false,&quot;clearance&quot;:false,&quot;preOrder&quot;:false,&quot;stock&quot;:&quot;Available&quot;,&quot;attributes&quot;:{&quot;color&quot;:&quot;White&quot;,&quot;features&quot;:&quot;&lt;body&gt;&lt;ul&gt;&lt;li&gt;Compact size&lt;/li&gt;&lt;li&gt;High&quot;,&quot;replenishmentEndDate&quot;:&quot;2049-12-31 00:00:00.000000-07:00&quot;},&quot;addToCartUrl&quot;:&quot;http://c.affil.walmart.com/t/api01?l=http%3A%2F%2Faffil.walmart.com%2Fcart%2FaddToCart%3Fitems%3D225167055%7C1%26affp1%3DH-JVMzorBRQOTBioe9MKJOGSfQyvSqNadbq6TI8wrRc%26affilsrc%3Dapi%26veh%3Daff%26wmlspartner%3Dreadonlyapi&quot;,&quot;affiliateAddToCartUrl&quot;:&quot;http://linksynergy.walmart.com/fs-bin/click?id=|LSNID|&amp;offerid=223073.7200&amp;type=14&amp;catid=8&amp;subid=0&amp;hid=7200&amp;tmpid=1082&amp;RD_PARM1=http%253A%252F%252Faffil.walmart.com%252Fcart%252FaddToCart%253Fitems%253D225167055%257C1%2526affp1%253DH-JVMzorBRQOTBioe9MKJOGSfQyvSqNadbq6TI8wrRc%2526affilsrc%253Dapi&quot;,&quot;freeShippingOver50Dollars&quot;:true,&quot;giftOptions&quot;:{&quot;allowGiftWrap&quot;:false,&quot;allowGiftMessage&quot;:false,&quot;allowGiftReceipt&quot;:false},&quot;imageEntities&quot;:[{&quot;thumbnailImage&quot;:&quot;https://i5.walmartimages.com/asr/94e1bebf-c613-4f20-b6f9-b25b51e56e2a_1.c0a6256a5942143a42869c28a2ad3931.jpeg?odnHeight=100&amp;odnWidth=100&amp;odnBg=FFFFFF&quot;,&quot;mediumImage&quot;:&quot;https://i5.walmartimages.com/asr/94e1bebf-c613-4f20-b6f9-b25b51e56e2a_1.c0a6256a5942143a42869c28a2ad3931.jpeg?odnHeight=180&amp;odnWidth=180&amp;odnBg=FFFFFF&quot;,&quot;largeImage&quot;:&quot;https://i5.walmartimages.com/asr/94e1bebf-c613-4f20-b6f9-b25b51e56e2a_1.c0a6256a5942143a42869c28a2ad3931.jpeg?odnHeight=450&amp;odnWidth=450&amp;odnBg=FFFFFF&quot;,&quot;entityType&quot;:&quot;SECONDARY&quot;},{&quot;thumbnailImage&quot;:&quot;https://i5.walmartimages.com/asr/39ed1b2a-12d5-4769-bba1-03b4080a48c8_1.61b9556a73d8191e6e0181e6bc0e7735.jpeg?odnHeight=100&amp;odnWidth=100&amp;odnBg=FFFFFF&quot;,&quot;mediumImage&quot;:&quot;https://i5.walmartimages.com/asr/39ed1b2a-12d5-4769-bba1-03b4080a48c8_1.61b9556a73d8191e6e0181e6bc0e7735.jpeg?odnHeight=180&amp;odnWidth=180&amp;odnBg=FFFFFF&quot;,&quot;largeImage&quot;:&quot;https://i5.walmartimages.com/asr/39ed1b2a-12d5-4769-bba1-03b4080a48c8_1.61b9556a73d8191e6e0181e6bc0e7735.jpeg?odnHeight=450&amp;odnWidth=450&amp;odnBg=FFFFFF&quot;,&quot;entityType&quot;:&quot;SECONDARY&quot;},{&quot;thumbnailImage&quot;:&quot;https://i5.walmartimages.com/asr/31355a97-4c60-4e52-9f3c-5041bfb503dc_1.f2609589364ee9c75448dd70b02bb2e9.jpeg?odnHeight=100&amp;odnWidth=100&amp;odnBg=FFFFFF&quot;,&quot;mediumImage&quot;:&quot;https://i5.walmartimages.com/asr/31355a97-4c60-4e52-9f3c-5041bfb503dc_1.f2609589364ee9c75448dd70b02bb2e9.jpeg?odnHeight=180&amp;odnWidth=180&amp;odnBg=FFFFFF&quot;,&quot;largeImage&quot;:&quot;https://i5.walmartimages.com/asr/31355a97-4c60-4e52-9f3c-5041bfb503dc_1.f2609589364ee9c75448dd70b02bb2e9.jpeg?odnHeight=450&amp;odnWidth=450&amp;odnBg=FFFFFF&quot;,&quot;entityType&quot;:&quot;SECONDARY&quot;},{&quot;thumbnailImage&quot;:&quot;https://i5.walmartimages.com/asr/31586fe4-244c-4753-b72b-88de958c6e7d_1.5a427ecd4c05ed9d3dd74b10c4704493.jpeg?odnHeight=100&amp;odnWidth=100&amp;odnBg=FFFFFF&quot;,&quot;mediumImage&quot;:&quot;https://i5.walmartimages.com/asr/31586fe4-244c-4753-b72b-88de958c6e7d_1.5a427ecd4c05ed9d3dd74b10c4704493.jpeg?odnHeight=180&amp;odnWidth=180&amp;odnBg=FFFFFF&quot;,&quot;largeImage&quot;:&quot;https://i5.walmartimages.com/asr/31586fe4-244c-4753-b72b-88de958c6e7d_1.5a427ecd4c05ed9d3dd74b10c4704493.jpeg?odnHeight=450&amp;odnWidth=450&amp;odnBg=FFFFFF&quot;,&quot;entityType&quot;:&quot;SECONDARY&quot;},{&quot;thumbnailImage&quot;:&quot;https://i5.walmartimages.com/asr/7c410975-d80a-4026-80d2-a3ae171e878a_1.39b4a73da5ca6250d56f8430b824aeb1.jpeg?odnHeight=100&amp;odnWidth=100&amp;odnBg=FFFFFF&quot;,&quot;mediumImage&quot;:&quot;https://i5.walmartimages.com/asr/7c410975-d80a-4026-80d2-a3ae171e878a_1.39b4a73da5ca6250d56f8430b824aeb1.jpeg?odnHeight=180&amp;odnWidth=180&amp;odnBg=FFFFFF&quot;,&quot;largeImage&quot;:&quot;https://i5.walmartimages.com/asr/7c410975-d80a-4026-80d2-a3ae171e878a_1.39b4a73da5ca6250d56f8430b824aeb1.jpeg?odnHeight=450&amp;odnWidth=450&amp;odnBg=FFFFFF&quot;,&quot;entityType&quot;:&quot;SECONDARY&quot;},{&quot;thumbnailImage&quot;:&quot;https://i5.walmartimages.com/asr/f359bbc2-8082-4faf-87a6-6ee854301bd7_1.8a8a48bff7067115887cbfc071f5cdbe.jpeg?odnHeight=100&amp;odnWidth=100&amp;odnBg=FFFFFF&quot;,&quot;mediumImage&quot;:&quot;https://i5.walmartimages.com/asr/f359bbc2-8082-4faf-87a6-6ee854301bd7_1.8a8a48bff7067115887cbfc071f5cdbe.jpeg?odnHeight=180&amp;odnWidth=180&amp;odnBg=FFFFFF&quot;,&quot;largeImage&quot;:&quot;https://i5.walmartimages.com/asr/f359bbc2-8082-4faf-87a6-6ee854301bd7_1.8a8a48bff7067115887cbfc071f5cdbe.jpeg?odnHeight=450&amp;odnWidth=450&amp;odnBg=FFFFFF&quot;,&quot;entityType&quot;:&quot;SECONDARY&quot;},{&quot;thumbnailImage&quot;:&quot;https://i5.walmartimages.com/asr/43b07db6-21e4-44ec-a333-9799f7a6d6e4_1.74cfd420d38bee0ea4fe90abb3e66298.jpeg?odnHeight=100&amp;odnWidth=100&amp;odnBg=FFFFFF&quot;,&quot;mediumImage&quot;:&quot;https://i5.walmartimages.com/asr/43b07db6-21e4-44ec-a333-9799f7a6d6e4_1.74cfd420d38bee0ea4fe90abb3e66298.jpeg?odnHeight=180&amp;odnWidth=180&amp;odnBg=FFFFFF&quot;,&quot;largeImage&quot;:&quot;https://i5.walmartimages.com/asr/43b07db6-21e4-44ec-a333-9799f7a6d6e4_1.74cfd420d38bee0ea4fe90abb3e66298.jpeg?odnHeight=450&amp;odnWidth=450&amp;odnBg=FFFFFF&quot;,&quot;entityType&quot;:&quot;SECONDARY&quot;},{&quot;thumbnailImage&quot;:&quot;https://i5.walmartimages.com/asr/92d5781f-b026-4ade-8f76-864872ef6500_1.0d7213845fd35ea8f3f32bae7c52f5e5.jpeg?odnHeight=100&amp;odnWidth=100&amp;odnBg=FFFFFF&quot;,&quot;mediumImage&quot;:&quot;https://i5.walmartimages.com/asr/92d5781f-b026-4ade-8f76-864872ef6500_1.0d7213845fd35ea8f3f32bae7c52f5e5.jpeg?odnHeight=180&amp;odnWidth=180&amp;odnBg=FFFFFF&quot;,&quot;largeImage&quot;:&quot;https://i5.walmartimages.com/asr/92d5781f-b026-4ade-8f76-864872ef6500_1.0d7213845fd35ea8f3f32bae7c52f5e5.jpeg?odnHeight=450&amp;odnWidth=450&amp;odnBg=FFFFFF&quot;,&quot;entityType&quot;:&quot;SECONDARY&quot;},{&quot;thumbnailImage&quot;:&quot;https://i5.walmartimages.com/asr/b55df684-1472-4d18-aaeb-73433b85720e_1.598d9eec8a2cc3d087fd99c2434f1155.jpeg?odnHeight=100&amp;odnWidth=100&amp;odnBg=FFFFFF&quot;,&quot;mediumImage&quot;:&quot;https://i5.walmartimages.com/asr/b55df684-1472-4d18-aaeb-73433b85720e_1.598d9eec8a2cc3d087fd99c2434f1155.jpeg?odnHeight=180&amp;odnWidth=180&amp;odnBg=FFFFFF&quot;,&quot;largeImage&quot;:&quot;https://i5.walmartimages.com/asr/b55df684-1472-4d18-aaeb-73433b85720e_1.598d9eec8a2cc3d087fd99c2434f1155.jpeg?odnHeight=450&amp;odnWidth=450&amp;odnBg=FFFFFF&quot;,&quot;entityType&quot;:&quot;SECONDARY&quot;},{&quot;thumbnailImage&quot;:&quot;https://i5.walmartimages.com/asr/53244c48-747b-4ac5-85c0-d6774dbe0858_1.6c6f5f3786b4168740476fea15c5fbaf.jpeg?odnHeight=100&amp;odnWidth=100&amp;odnBg=FFFFFF&quot;,&quot;mediumImage&quot;:&quot;https://i5.walmartimages.com/asr/53244c48-747b-4ac5-85c0-d6774dbe0858_1.6c6f5f3786b4168740476fea15c5fbaf.jpeg?odnHeight=180&amp;odnWidth=180&amp;odnBg=FFFFFF&quot;,&quot;largeImage&quot;:&quot;https://i5.walmartimages.com/asr/53244c48-747b-4ac5-85c0-d6774dbe0858_1.6c6f5f3786b4168740476fea15c5fbaf.jpeg?odnHeight=450&amp;odnWidth=450&amp;odnBg=FFFFFF&quot;,&quot;entityType&quot;:&quot;SECONDARY&quot;},{&quot;thumbnailImage&quot;:&quot;https://i5.walmartimages.com/asr/0336dc13-4555-4fac-8d00-17ca20977a67_1.ae0c19181efdbc8e54e0d902fd34bc0e.jpeg?odnHeight=100&amp;odnWidth=100&amp;odnBg=FFFFFF&quot;,&quot;mediumImage&quot;:&quot;https://i5.walmartimages.com/asr/0336dc13-4555-4fac-8d00-17ca20977a67_1.ae0c19181efdbc8e54e0d902fd34bc0e.jpeg?odnHeight=180&amp;odnWidth=180&amp;odnBg=FFFFFF&quot;,&quot;largeImage&quot;:&quot;https://i5.walmartimages.com/asr/0336dc13-4555-4fac-8d00-17ca20977a67_1.ae0c19181efdbc8e54e0d902fd34bc0e.jpeg?odnHeight=450&amp;odnWidth=450&amp;odnBg=FFFFFF&quot;,&quot;entityType&quot;:&quot;SECONDARY&quot;},{&quot;thumbnailImage&quot;:&quot;https://i5.walmartimages.com/asr/85d74cd5-797c-47d0-b138-0c1bbb73d87d_1.840e91283acc4195ea8a899ac0cce1ca.jpeg?odnHeight=100&amp;odnWidth=100&amp;odnBg=FFFFFF&quot;,&quot;mediumImage&quot;:&quot;https://i5.walmartimages.com/asr/85d74cd5-797c-47d0-b138-0c1bbb73d87d_1.840e91283acc4195ea8a899ac0cce1ca.jpeg?odnHeight=180&amp;odnWidth=180&amp;odnBg=FFFFFF&quot;,&quot;largeImage&quot;:&quot;https://i5.walmartimages.com/asr/85d74cd5-797c-47d0-b138-0c1bbb73d87d_1.840e91283acc4195ea8a899ac0cce1ca.jpeg?odnHeight=450&amp;odnWidth=450&amp;odnBg=FFFFFF&quot;,&quot;entityType&quot;:&quot;SECONDARY&quot;},{&quot;thumbnailImage&quot;:&quot;https://i5.walmartimages.com/asr/ff43f0f1-f565-423f-93d5-be06ff36622c_1.75068acf756e9c2e1a04db7f68e00349.jpeg?odnHeight=100&amp;odnWidth=100&amp;odnBg=FFFFFF&quot;,&quot;mediumImage&quot;:&quot;https://i5.walmartimages.com/asr/ff43f0f1-f565-423f-93d5-be06ff36622c_1.75068acf756e9c2e1a04db7f68e00349.jpeg?odnHeight=180&amp;odnWidth=180&amp;odnBg=FFFFFF&quot;,&quot;largeImage&quot;:&quot;https://i5.walmartimages.com/asr/ff43f0f1-f565-423f-93d5-be06ff36622c_1.75068acf756e9c2e1a04db7f68e00349.jpeg?odnHeight=450&amp;odnWidth=450&amp;odnBg=FFFFFF&quot;,&quot;entityType&quot;:&quot;PRIMARY&quot;}],&quot;offerType&quot;:&quot;ONLINE_ONLY&quot;,&quot;isTwoDayShippingEligible&quot;:true,&quot;availableOnline&quot;:true},{&quot;itemId&quot;:56123858,&quot;parentItemId&quot;:56123858,&quot;name&quot;:&quot;\&quot;11.6\&quot;\&quot; Chromebook, 4GB Memory, 32 Hard Drive, Bluetooth 4.0, 1.0MHD WebCam - Blue\&quot;&quot;,&quot;salePrice&quot;:149.0,&quot;upc&quot;:&quot;827396534052&quot;,&quot;categoryPath&quot;:&quot;Electronics/Computers/Laptops/Shop Laptops by Type/All Laptop Computers&quot;,&quot;shortDescription&quot;:&quot;short description is not available&quot;,&quot;longDescription&quot;:&quot;&amp;lt;b&amp;gt;&amp;lt;br&amp;gt;11.6&amp;quot; Chromebook, 4GB Memory, 32 Hard Drive, Bluetooth 4.0, 1.0MHD WebCam, Blue:&amp;lt;/b&amp;gt;&amp;lt;br&amp;gt;&amp;lt;ul&amp;gt;&amp;lt;li&amp;gt;Teqnio 11.6&amp;quot; Chromeboook&amp;lt;/li&amp;gt;&amp;lt;li&amp;gt;4GB memory&amp;lt;/li&amp;gt;&amp;lt;li&amp;gt;32 hard drive&amp;lt;/li&amp;gt;&amp;lt;li&amp;gt;Bluetooth 4.0&amp;lt;/li&amp;gt;&amp;lt;li&amp;gt;1.0 MHD&amp;lt;/li&amp;gt;&amp;lt;li&amp;gt;Blue Chromebook has a built-in webcam&amp;lt;/li&amp;gt;&amp;lt;li&amp;gt;Available in blue, red and white&amp;lt;/li&amp;gt;&amp;lt;/ul&amp;gt;&quot;,&quot;brandName&quot;:&quot;EPIK&quot;,&quot;thumbnailImage&quot;:&quot;https://i5.walmartimages.com/asr/2a61de8d-1068-46db-a063-4a4bc729fd15_2.32969f83e34b3c80d5a8fe2fa649abc6.jpeg?odnHeight=100&amp;odnWidth=100&amp;odnBg=FFFFFF&quot;,&quot;mediumImage&quot;:&quot;https://i5.walmartimages.com/asr/2a61de8d-1068-46db-a063-4a4bc729fd15_2.32969f83e34b3c80d5a8fe2fa649abc6.jpeg?odnHeight=180&amp;odnWidth=180&amp;odnBg=FFFFFF&quot;,&quot;largeImage&quot;:&quot;https://i5.walmartimages.com/asr/2a61de8d-1068-46db-a063-4a4bc729fd15_2.32969f83e34b3c80d5a8fe2fa649abc6.jpeg?odnHeight=450&amp;odnWidth=450&amp;odnBg=FFFFFF&quot;,&quot;productTrackingUrl&quot;:&quot;http://linksynergy.walmart.com/fs-bin/click?id=|LSNID|&amp;offerid=223073.7200&amp;type=14&amp;catid=8&amp;subid=0&amp;hid=7200&amp;tmpid=1082&amp;RD_PARM1=https%253A%252F%252Fwww.walmart.com%252Fip%252F11-6-Chromebook-4GB-Memory-32-Hard-Drive-Bluetooth-4-0-1-0MHD-WebCam-Blue%252F56123858%253Faffp1%253DH-JVMzorBRQOTBioe9MKJOGSfQyvSqNadbq6TI8wrRc%2526affilsrc%253Dapi&quot;,&quot;ninetySevenCentShipping&quot;:false,&quot;standardShipRate&quot;:0.0,&quot;size&quot;:&quot;2017-08-15 00:00:00.000000-06:00&quot;,&quot;color&quot;:&quot;Blue&quot;,&quot;marketplace&quot;:false,&quot;shipToStore&quot;:true,&quot;freeShipToStore&quot;:true,&quot;modelNumber&quot;:&quot;ELB1101T-BL&quot;,&quot;productUrl&quot;:&quot;http://c.affil.walmart.com/t/api01?l=https%3A%2F%2Fwww.walmart.com%2Fip%2F11-6-Chromebook-4GB-Memory-32-Hard-Drive-Bluetooth-4-0-1-0MHD-WebCam-Blue%2F56123858%3Faffp1%3DH-JVMzorBRQOTBioe9MKJOGSfQyvSqNadbq6TI8wrRc%26affilsrc%3Dapi%26veh%3Daff%26wmlspartner%3Dreadonlyapi&quot;,&quot;customerRating&quot;:&quot;4.115&quot;,&quot;numReviews&quot;:26,&quot;variants&quot;:[56123858,56123859,56123860],&quot;customerRatingImage&quot;:&quot;http://i2.walmartimages.com/i/CustRating/4_1.gif&quot;,&quot;categoryNode&quot;:&quot;3944_3951_1089430&quot;,&quot;bundle&quot;:false,&quot;clearance&quot;:false,&quot;preOrder&quot;:false,&quot;stock&quot;:&quot;Available&quot;,&quot;attributes&quot;:{&quot;color&quot;:&quot;Blue&quot;,&quot;isImport&quot;:&quot;f&quot;,&quot;replenishmentStartDate&quot;:&quot;2017-08-15 00:00:00.000000-06:00&quot;},&quot;addToCartUrl&quot;:&quot;http://c.affil.walmart.com/t/api01?l=http%3A%2F%2Faffil.walmart.com%2Fcart%2FaddToCart%3Fitems%3D56123858%7C1%26affp1%3DH-JVMzorBRQOTBioe9MKJOGSfQyvSqNadbq6TI8wrRc%26affilsrc%3Dapi%26veh%3Daff%26wmlspartner%3Dreadonlyapi&quot;,&quot;affiliateAddToCartUrl&quot;:&quot;http://linksynergy.walmart.com/fs-bin/click?id=|LSNID|&amp;offerid=223073.7200&amp;type=14&amp;catid=8&amp;subid=0&amp;hid=7200&amp;tmpid=1082&amp;RD_PARM1=http%253A%252F%252Faffil.walmart.com%252Fcart%252FaddToCart%253Fitems%253D56123858%257C1%2526affp1%253DH-JVMzorBRQOTBioe9MKJOGSfQyvSqNadbq6TI8wrRc%2526affilsrc%253Dapi&quot;,&quot;freeShippingOver50Dollars&quot;:true,&quot;giftOptions&quot;:{&quot;allowGiftWrap&quot;:false,&quot;allowGiftMessage&quot;:false,&quot;allowGiftReceipt&quot;:false},&quot;imageEntities&quot;:[{&quot;thumbnailImage&quot;:&quot;https://i5.walmartimages.com/asr/d0870098-0b69-4ccf-b0a5-f7fdb68fd2c2_3.4eef0204e82868835a25f106aa1b3bc4.jpeg?odnHeight=100&amp;odnWidth=100&amp;odnBg=FFFFFF&quot;,&quot;mediumImage&quot;:&quot;https://i5.walmartimages.com/asr/d0870098-0b69-4ccf-b0a5-f7fdb68fd2c2_3.4eef0204e82868835a25f106aa1b3bc4.jpeg?odnHeight=180&amp;odnWidth=180&amp;odnBg=FFFFFF&quot;,&quot;largeImage&quot;:&quot;https://i5.walmartimages.com/asr/d0870098-0b69-4ccf-b0a5-f7fdb68fd2c2_3.4eef0204e82868835a25f106aa1b3bc4.jpeg?odnHeight=450&amp;odnWidth=450&amp;odnBg=FFFFFF&quot;,&quot;entityType&quot;:&quot;SECONDARY&quot;},{&quot;thumbnailImage&quot;:&quot;https://i5.walmartimages.com/asr/10e31819-6f56-40da-82bc-f454f5265759_1.8021b0199f1b12b597b3e9b4964a4958.jpeg?odnHeight=100&amp;odnWidth=100&amp;odnBg=FFFFFF&quot;,&quot;mediumImage&quot;:&quot;https://i5.walmartimages.com/asr/10e31819-6f56-40da-82bc-f454f5265759_1.8021b0199f1b12b597b3e9b4964a4958.jpeg?odnHeight=180&amp;odnWidth=180&amp;odnBg=FFFFFF&quot;,&quot;largeImage&quot;:&quot;https://i5.walmartimages.com/asr/10e31819-6f56-40da-82bc-f454f5265759_1.8021b0199f1b12b597b3e9b4964a4958.jpeg?odnHeight=450&amp;odnWidth=450&amp;odnBg=FFFFFF&quot;,&quot;entityType&quot;:&quot;SECONDARY&quot;},{&quot;thumbnailImage&quot;:&quot;https://i5.walmartimages.com/asr/746469a7-39dc-42a3-921a-a104a2564215_1.a72ea2e201ab41154b28daa7115432c2.jpeg?odnHeight=100&amp;odnWidth=100&amp;odnBg=FFFFFF&quot;,&quot;mediumImage&quot;:&quot;https://i5.walmartimages.com/asr/746469a7-39dc-42a3-921a-a104a2564215_1.a72ea2e201ab41154b28daa7115432c2.jpeg?odnHeight=180&amp;odnWidth=180&amp;odnBg=FFFFFF&quot;,&quot;largeImage&quot;:&quot;https://i5.walmartimages.com/asr/746469a7-39dc-42a3-921a-a104a2564215_1.a72ea2e201ab41154b28daa7115432c2.jpeg?odnHeight=450&amp;odnWidth=450&amp;odnBg=FFFFFF&quot;,&quot;entityType&quot;:&quot;SECONDARY&quot;},{&quot;thumbnailImage&quot;:&quot;https://i5.walmartimages.com/asr/a71086f9-28b7-4c61-ba49-4ab28cdbcfc4_1.02c241125985cc7b9a101b0860a00c05.jpeg?odnHeight=100&amp;odnWidth=100&amp;odnBg=FFFFFF&quot;,&quot;mediumImage&quot;:&quot;https://i5.walmartimages.com/asr/a71086f9-28b7-4c61-ba49-4ab28cdbcfc4_1.02c241125985cc7b9a101b0860a00c05.jpeg?odnHeight=180&amp;odnWidth=180&amp;odnBg=FFFFFF&quot;,&quot;largeImage&quot;:&quot;https://i5.walmartimages.com/asr/a71086f9-28b7-4c61-ba49-4ab28cdbcfc4_1.02c241125985cc7b9a101b0860a00c05.jpeg?odnHeight=450&amp;odnWidth=450&amp;odnBg=FFFFFF&quot;,&quot;entityType&quot;:&quot;SECONDARY&quot;},{&quot;thumbnailImage&quot;:&quot;https://i5.walmartimages.com/asr/06ef8dd2-9637-4467-8c8f-d478df45b208_2.d6d23c6e92c8062d9f3c073350995f24.jpeg?odnHeight=100&amp;odnWidth=100&amp;odnBg=FFFFFF&quot;,&quot;mediumImage&quot;:&quot;https://i5.walmartimages.com/asr/06ef8dd2-9637-4467-8c8f-d478df45b208_2.d6d23c6e92c8062d9f3c073350995f24.jpeg?odnHeight=180&amp;odnWidth=180&amp;odnBg=FFFFFF&quot;,&quot;largeImage&quot;:&quot;https://i5.walmartimages.com/asr/06ef8dd2-9637-4467-8c8f-d478df45b208_2.d6d23c6e92c8062d9f3c073350995f24.jpeg?odnHeight=450&amp;odnWidth=450&amp;odnBg=FFFFFF&quot;,&quot;entityType&quot;:&quot;SECONDARY&quot;},{&quot;thumbnailImage&quot;:&quot;https://i5.walmartimages.com/asr/2a61de8d-1068-46db-a063-4a4bc729fd15_2.32969f83e34b3c80d5a8fe2fa649abc6.jpeg?odnHeight=100&amp;odnWidth=100&amp;odnBg=FFFFFF&quot;,&quot;mediumImage&quot;:&quot;https://i5.walmartimages.com/asr/2a61de8d-1068-46db-a063-4a4bc729fd15_2.32969f83e34b3c80d5a8fe2fa649abc6.jpeg?odnHeight=180&amp;odnWidth=180&amp;odnBg=FFFFFF&quot;,&quot;largeImage&quot;:&quot;https://i5.walmartimages.com/asr/2a61de8d-1068-46db-a063-4a4bc729fd15_2.32969f83e34b3c80d5a8fe2fa649abc6.jpeg?odnHeight=450&amp;odnWidth=450&amp;odnBg=FFFFFF&quot;,&quot;entityType&quot;:&quot;PRIMARY&quot;}],&quot;offerType&quot;:&quot;ONLINE_ONLY&quot;,&quot;isTwoDayShippingEligible&quot;:true,&quot;availableOnline&quot;:true},{&quot;itemId&quot;:661044738,&quot;parentItemId&quot;:661044738,&quot;name&quot;:&quot;\&quot;Intex Full 16.5\&quot;\&quot; Durabeam Pillowrest Airbed Mattress with Built-in Pump\&quot;&quot;,&quot;msrp&quot;:39.99,&quot;salePrice&quot;:29.95,&quot;upc&quot;:&quot;078257325054&quot;,&quot;categoryPath&quot;:&quot;Sports &amp; Outdoors/Outdoor Sports/Camping/Air Beds &amp; Sleeping Accessories/Air Beds&quot;,&quot;shortDescription&quot;:&quot;Get an incredible night&#039;s sleep with Intex Dura-Beam Deluxe Pillow Rest Raised Airbed! Designed with inner Fiber-Tech construction, the thousands of high-strength polyester fibers provided an amazing durability for years of lasting comfort. Air mattress is covered in a soft, flocked sleeping surface to enhance the comfort. The unique Fiber-Tech inner construction provides the ultimate stability and support. The edge ring construction provides a flatter surface. The Airbed has a powerful built in pump for fast inflation and deflation.&quot;,&quot;longDescription&quot;:&quot;&amp;lt;b&amp;gt;Intex Full 16.5&amp;quot; Durabeam Pillowrest Airbed Mattress with Built-in Pump:&amp;lt;br&amp;gt;&amp;lt;/b&amp;gt;&amp;lt;br&amp;gt;&amp;lt;ul&amp;gt;&amp;lt;li&amp;gt;Fiber-Tech inner construction for added comfort and durability&amp;lt;/li&amp;gt;&amp;lt;li&amp;gt;Covered in soft, flocked sleeping surface to enhance the comfort&amp;lt;/li&amp;gt;&amp;lt;li&amp;gt;The edge ring construction provides flatter surface&amp;lt;/li&amp;gt;&amp;lt;li&amp;gt;Powerful built-in 110-120v electric pump for fast inflation and deflation&amp;lt;/li&amp;gt;&amp;lt;li&amp;gt;Dimensions: 54&amp;quot; x 75&amp;quot; x 16.5&amp;quot;&amp;lt;br&amp;gt;&amp;lt;/li&amp;gt;&amp;lt;li&amp;gt;Weight capacity 600lbs&amp;lt;b&amp;gt;&amp;lt;br&amp;gt;&amp;lt;/b&amp;gt;&amp;lt;/li&amp;gt;&amp;lt;/ul&amp;gt;&quot;,&quot;brandName&quot;:&quot;Intex&quot;,&quot;thumbnailImage&quot;:&quot;https://i5.walmartimages.com/asr/5952b533-355e-4f78-8dab-a2be7c99f62f_1.f7d2f6850077c9f5e1c537960110e258.jpeg?odnHeight=100&amp;odnWidth=100&amp;odnBg=FFFFFF&quot;,&quot;mediumImage&quot;:&quot;https://i5.walmartimages.com/asr/5952b533-355e-4f78-8dab-a2be7c99f62f_1.f7d2f6850077c9f5e1c537960110e258.jpeg?odnHeight=180&amp;odnWidth=180&amp;odnBg=FFFFFF&quot;,&quot;largeImage&quot;:&quot;https://i5.walmartimages.com/asr/5952b533-355e-4f78-8dab-a2be7c99f62f_1.f7d2f6850077c9f5e1c537960110e258.jpeg?odnHeight=450&amp;odnWidth=450&amp;odnBg=FFFFFF&quot;,&quot;productTrackingUrl&quot;:&quot;http://linksynergy.walmart.com/fs-bin/click?id=|LSNID|&amp;offerid=223073.7200&amp;type=14&amp;catid=8&amp;subid=0&amp;hid=7200&amp;tmpid=1082&amp;RD_PARM1=https%253A%252F%252Fwww.walmart.com%252Fip%252FIntex-Full-16-5-Durabeam-Pillowrest-Airbed-Mattress-with-Built-in-Pump%252F661044738%253Faffp1%253DH-JVMzorBRQOTBioe9MKJOGSfQyvSqNadbq6TI8wrRc%2526affilsrc%253Dapi&quot;,&quot;ninetySevenCentShipping&quot;:false,&quot;standardShipRate&quot;:5.99,&quot;size&quot;:&quot;https://i5.walmartimages.com/asr/73ab5338-5b48-4dcf-9d29-a3e0e1338123_1.114776d438a9b4449e00ebf21fde1c83.jpeg&quot;,&quot;color&quot;:&quot;https://i5.walmartimages.com/asr/73ab5338-5b48-4dcf-9d29-a3e0e1338123_1.114776d438a9b4449e00ebf21fde1c83.jpeg&quot;,&quot;marketplace&quot;:false,&quot;shipToStore&quot;:true,&quot;freeShipToStore&quot;:true,&quot;modelNumber&quot;:&quot;64133WW&quot;,&quot;productUrl&quot;:&quot;http://c.affil.walmart.com/t/api01?l=https%3A%2F%2Fwww.walmart.com%2Fip%2FIntex-Full-16-5-Durabeam-Pillowrest-Airbed-Mattress-with-Built-in-Pump%2F661044738%3Faffp1%3DH-JVMzorBRQOTBioe9MKJOGSfQyvSqNadbq6TI8wrRc%26affilsrc%3Dapi%26veh%3Daff%26wmlspartner%3Dreadonlyapi&quot;,&quot;customerRating&quot;:&quot;4.5&quot;,&quot;numReviews&quot;:2,&quot;customerRatingImage&quot;:&quot;http://i2.walmartimages.com/i/CustRating/4_5.gif&quot;,&quot;categoryNode&quot;:&quot;4125_546956_4128&quot;,&quot;bundle&quot;:false,&quot;clearance&quot;:false,&quot;preOrder&quot;:false,&quot;stock&quot;:&quot;Available&quot;,&quot;attributes&quot;:{&quot;batteryType&quot;:&quot;Does Not Contain a Battery&quot;,&quot;compositeWood&quot;:&quot;1 - Does not contain composite wood&quot;,&quot;mainimageurl&quot;:&quot;https://i5.walmartimages.com/asr/73ab5338-5b48-4dcf-9d29-a3e0e1338123_1.114776d438a9b4449e00ebf21fde1c83.jpeg&quot;},&quot;addToCartUrl&quot;:&quot;http://c.affil.walmart.com/t/api01?l=http%3A%2F%2Faffil.walmart.com%2Fcart%2FaddToCart%3Fitems%3D661044738%7C1%26affp1%3DH-JVMzorBRQOTBioe9MKJOGSfQyvSqNadbq6TI8wrRc%26affilsrc%3Dapi%26veh%3Daff%26wmlspartner%3Dreadonlyapi&quot;,&quot;affiliateAddToCartUrl&quot;:&quot;http://linksynergy.walmart.com/fs-bin/click?id=|LSNID|&amp;offerid=223073.7200&amp;type=14&amp;catid=8&amp;subid=0&amp;hid=7200&amp;tmpid=1082&amp;RD_PARM1=http%253A%252F%252Faffil.walmart.com%252Fcart%252FaddToCart%253Fitems%253D661044738%257C1%2526affp1%253DH-JVMzorBRQOTBioe9MKJOGSfQyvSqNadbq6TI8wrRc%2526affilsrc%253Dapi&quot;,&quot;freeShippingOver50Dollars&quot;:true,&quot;giftOptions&quot;:{&quot;allowGiftWrap&quot;:false,&quot;allowGiftMessage&quot;:true,&quot;allowGiftReceipt&quot;:true},&quot;imageEntities&quot;:[{&quot;thumbnailImage&quot;:&quot;https://i5.walmartimages.com/asr/ab4c375a-829e-4006-931f-76a77b5f7e9b_1.84873aa13d229a63526234e87bfb9b06.jpeg?odnHeight=100&amp;odnWidth=100&amp;odnBg=FFFFFF&quot;,&quot;mediumImage&quot;:&quot;https://i5.walmartimages.com/asr/ab4c375a-829e-4006-931f-76a77b5f7e9b_1.84873aa13d229a63526234e87bfb9b06.jpeg?odnHeight=180&amp;odnWidth=180&amp;odnBg=FFFFFF&quot;,&quot;largeImage&quot;:&quot;https://i5.walmartimages.com/asr/ab4c375a-829e-4006-931f-76a77b5f7e9b_1.84873aa13d229a63526234e87bfb9b06.jpeg?odnHeight=450&amp;odnWidth=450&amp;odnBg=FFFFFF&quot;,&quot;entityType&quot;:&quot;SECONDARY&quot;},{&quot;thumbnailImage&quot;:&quot;https://i5.walmartimages.com/asr/73ab5338-5b48-4dcf-9d29-a3e0e1338123_1.114776d438a9b4449e00ebf21fde1c83.jpeg?odnHeight=100&amp;odnWidth=100&amp;odnBg=FFFFFF&quot;,&quot;mediumImage&quot;:&quot;https://i5.walmartimages.com/asr/73ab5338-5b48-4dcf-9d29-a3e0e1338123_1.114776d438a9b4449e00ebf21fde1c83.jpeg?odnHeight=180&amp;odnWidth=180&amp;odnBg=FFFFFF&quot;,&quot;largeImage&quot;:&quot;https://i5.walmartimages.com/asr/73ab5338-5b48-4dcf-9d29-a3e0e1338123_1.114776d438a9b4449e00ebf21fde1c83.jpeg?odnHeight=450&amp;odnWidth=450&amp;odnBg=FFFFFF&quot;,&quot;entityType&quot;:&quot;SECONDARY&quot;},{&quot;thumbnailImage&quot;:&quot;https://i5.walmartimages.com/asr/f23dd674-c5ac-482f-8b0e-3fddb297b5f1_1.9cb4429f726134c5a018c1242aef377d.jpeg?odnHeight=100&amp;odnWidth=100&amp;odnBg=FFFFFF&quot;,&quot;mediumImage&quot;:&quot;https://i5.walmartimages.com/asr/f23dd674-c5ac-482f-8b0e-3fddb297b5f1_1.9cb4429f726134c5a018c1242aef377d.jpeg?odnHeight=180&amp;odnWidth=180&amp;odnBg=FFFFFF&quot;,&quot;largeImage&quot;:&quot;https://i5.walmartimages.com/asr/f23dd674-c5ac-482f-8b0e-3fddb297b5f1_1.9cb4429f726134c5a018c1242aef377d.jpeg?odnHeight=450&amp;odnWidth=450&amp;odnBg=FFFFFF&quot;,&quot;entityType&quot;:&quot;SECONDARY&quot;},{&quot;thumbnailImage&quot;:&quot;https://i5.walmartimages.com/asr/775c780c-1075-462f-b2ab-32361ac964c8_1.589fc95600ae754ee19015baf908a766.jpeg?odnHeight=100&amp;odnWidth=100&amp;odnBg=FFFFFF&quot;,&quot;mediumImage&quot;:&quot;https://i5.walmartimages.com/asr/775c780c-1075-462f-b2ab-32361ac964c8_1.589fc95600ae754ee19015baf908a766.jpeg?odnHeight=180&amp;odnWidth=180&amp;odnBg=FFFFFF&quot;,&quot;largeImage&quot;:&quot;https://i5.walmartimages.com/asr/775c780c-1075-462f-b2ab-32361ac964c8_1.589fc95600ae754ee19015baf908a766.jpeg?odnHeight=450&amp;odnWidth=450&amp;odnBg=FFFFFF&quot;,&quot;entityType&quot;:&quot;SECONDARY&quot;},{&quot;thumbnailImage&quot;:&quot;https://i5.walmartimages.com/asr/5952b533-355e-4f78-8dab-a2be7c99f62f_1.f7d2f6850077c9f5e1c537960110e258.jpeg?odnHeight=100&amp;odnWidth=100&amp;odnBg=FFFFFF&quot;,&quot;mediumImage&quot;:&quot;https://i5.walmartimages.com/asr/5952b533-355e-4f78-8dab-a2be7c99f62f_1.f7d2f6850077c9f5e1c537960110e258.jpeg?odnHeight=180&amp;odnWidth=180&amp;odnBg=FFFFFF&quot;,&quot;largeImage&quot;:&quot;https://i5.walmartimages.com/asr/5952b533-355e-4f78-8dab-a2be7c99f62f_1.f7d2f6850077c9f5e1c537960110e258.jpeg?odnHeight=450&amp;odnWidth=450&amp;odnBg=FFFFFF&quot;,&quot;entityType&quot;:&quot;PRIMARY&quot;}],&quot;offerType&quot;:&quot;ONLINE_ONLY&quot;,&quot;isTwoDayShippingEligible&quot;:true,&quot;availableOnline&quot;:true},{&quot;itemId&quot;:22145923,&quot;parentItemId&quot;:22145923,&quot;name&quot;:&quot;Rawlings RBRO Babe Ruth League Tournament Grade Baseballs (Dozen)&quot;,&quot;msrp&quot;:43.85,&quot;salePrice&quot;:32.89,&quot;upc&quot;:&quot;083321397875&quot;,&quot;categoryPath&quot;:&quot;Sports &amp; Outdoors/Team Sports/Baseball/Baseballs&quot;,&quot;shortDescription&quot;:&quot;This baseball is the official ball for the Babe Ruth League. This baseball&#039;s superstitch raised seams with full grain leather cover and composite cork and rubber center which make it perfect for the Babe Ruth Baseball League.&quot;,&quot;longDescription&quot;:&quot;Babe Ruth Tournament Grade Baseball&quot;,&quot;brandName&quot;:&quot;Rawlings&quot;,&quot;thumbnailImage&quot;:&quot;https://i5.walmartimages.com/asr/542188b6-54e3-4d3f-9df5-cefb6011513f_1.c558f7e41e7a8f5524d787f4d9432a4f.jpeg?odnHeight=100&amp;odnWidth=100&amp;odnBg=FFFFFF&quot;,&quot;mediumImage&quot;:&quot;https://i5.walmartimages.com/asr/542188b6-54e3-4d3f-9df5-cefb6011513f_1.c558f7e41e7a8f5524d787f4d9432a4f.jpeg?odnHeight=180&amp;odnWidth=180&amp;odnBg=FFFFFF&quot;,&quot;largeImage&quot;:&quot;https://i5.walmartimages.com/asr/542188b6-54e3-4d3f-9df5-cefb6011513f_1.c558f7e41e7a8f5524d787f4d9432a4f.jpeg?odnHeight=450&amp;odnWidth=450&amp;odnBg=FFFFFF&quot;,&quot;productTrackingUrl&quot;:&quot;http://linksynergy.walmart.com/fs-bin/click?id=|LSNID|&amp;offerid=223073.7200&amp;type=14&amp;catid=8&amp;subid=0&amp;hid=7200&amp;tmpid=1082&amp;RD_PARM1=https%253A%252F%252Fwww.walmart.com%252Fip%252FRawlings-RBRO-Babe-Ruth-League-Tournament-Grade-Baseballs-Dozen%252F22145923%253Faffp1%253DH-JVMzorBRQOTBioe9MKJOGSfQyvSqNadbq6TI8wrRc%2526affilsrc%253Dapi&quot;,&quot;ninetySevenCentShipping&quot;:false,&quot;standardShipRate&quot;:5.99,&quot;size&quot;:&quot;One Size&quot;,&quot;color&quot;:&quot;White&quot;,&quot;shipToStore&quot;:true,&quot;freeShipToStore&quot;:true,&quot;modelNumber&quot;:&quot;RBRO&quot;,&quot;productUrl&quot;:&quot;http://c.affil.walmart.com/t/api01?l=https%3A%2F%2Fwww.walmart.com%2Fip%2FRawlings-RBRO-Babe-Ruth-League-Tournament-Grade-Baseballs-Dozen%2F22145923%3Faffp1%3DH-JVMzorBRQOTBioe9MKJOGSfQyvSqNadbq6TI8wrRc%26affilsrc%3Dapi%26veh%3Daff%26wmlspartner%3Dreadonlyapi&quot;,&quot;bestMarketplacePrice&quot;:{&quot;availableOnline&quot;:false,&quot;clearance&quot;:false},&quot;categoryNode&quot;:&quot;4125_4161_4162&quot;,&quot;bundle&quot;:false,&quot;clearance&quot;:false,&quot;preOrder&quot;:false,&quot;stock&quot;:&quot;Available&quot;,&quot;attributes&quot;:{&quot;color&quot;:&quot;White&quot;,&quot;pesticideInd&quot;:&quot;N&quot;,&quot;size&quot;:&quot;One Size&quot;},&quot;gender&quot;:&quot;Men&quot;,&quot;age&quot;:&quot;7 Years5 to 7 Years&quot;,&quot;addToCartUrl&quot;:&quot;http://c.affil.walmart.com/t/api01?l=http%3A%2F%2Faffil.walmart.com%2Fcart%2FaddToCart%3Fitems%3D22145923%7C1%26affp1%3DH-JVMzorBRQOTBioe9MKJOGSfQyvSqNadbq6TI8wrRc%26affilsrc%3Dapi%26veh%3Daff%26wmlspartner%3Dreadonlyapi&quot;,&quot;affiliateAddToCartUrl&quot;:&quot;http://linksynergy.walmart.com/fs-bin/click?id=|LSNID|&amp;offerid=223073.7200&amp;type=14&amp;catid=8&amp;subid=0&amp;hid=7200&amp;tmpid=1082&amp;RD_PARM1=http%253A%252F%252Faffil.walmart.com%252Fcart%252FaddToCart%253Fitems%253D22145923%257C1%2526affp1%253DH-JVMzorBRQOTBioe9MKJOGSfQyvSqNadbq6TI8wrRc%2526affilsrc%253Dapi&quot;,&quot;freeShippingOver50Dollars&quot;:true,&quot;giftOptions&quot;:{&quot;allowGiftWrap&quot;:false,&quot;allowGiftMessage&quot;:false,&quot;allowGiftReceipt&quot;:false},&quot;imageEntities&quot;:[{&quot;thumbnailImage&quot;:&quot;https://i5.walmartimages.com/asr/fe4a55e5-d593-45ab-9064-526804ccbf56_1.f91b2606812c68cf58e9763005b0d83b.jpeg?odnHeight=100&amp;odnWidth=100&amp;odnBg=FFFFFF&quot;,&quot;mediumImage&quot;:&quot;https://i5.walmartimages.com/asr/fe4a55e5-d593-45ab-9064-526804ccbf56_1.f91b2606812c68cf58e9763005b0d83b.jpeg?odnHeight=180&amp;odnWidth=180&amp;odnBg=FFFFFF&quot;,&quot;largeImage&quot;:&quot;https://i5.walmartimages.com/asr/fe4a55e5-d593-45ab-9064-526804ccbf56_1.f91b2606812c68cf58e9763005b0d83b.jpeg?odnHeight=450&amp;odnWidth=450&amp;odnBg=FFFFFF&quot;,&quot;entityType&quot;:&quot;SECONDARY&quot;},{&quot;thumbnailImage&quot;:&quot;https://i5.walmartimages.com/asr/542188b6-54e3-4d3f-9df5-cefb6011513f_1.c558f7e41e7a8f5524d787f4d9432a4f.jpeg?odnHeight=100&amp;odnWidth=100&amp;odnBg=FFFFFF&quot;,&quot;mediumImage&quot;:&quot;https://i5.walmartimages.com/asr/542188b6-54e3-4d3f-9df5-cefb6011513f_1.c558f7e41e7a8f5524d787f4d9432a4f.jpeg?odnHeight=180&amp;odnWidth=180&amp;odnBg=FFFFFF&quot;,&quot;largeImage&quot;:&quot;https://i5.walmartimages.com/asr/542188b6-54e3-4d3f-9df5-cefb6011513f_1.c558f7e41e7a8f5524d787f4d9432a4f.jpeg?odnHeight=450&amp;odnWidth=450&amp;odnBg=FFFFFF&quot;,&quot;entityType&quot;:&quot;PRIMARY&quot;}],&quot;offerType&quot;:&quot;ONLINE_ONLY&quot;,&quot;isTwoDayShippingEligible&quot;:true,&quot;availableOnline&quot;:true},{&quot;itemId&quot;:55081028,&quot;parentItemId&quot;:55081028,&quot;name&quot;:&quot;Better Homes and Gardens Solar Birdbath, Blue&quot;,&quot;salePrice&quot;:25.72,&quot;categoryPath&quot;:&quot;Patio &amp; Garden/Patio &amp; Outdoor Decor/Bird Baths&quot;,&quot;shortDescription&quot;:&quot;Bring beautiful birds to your yard and enjoy watching them splash around in this decorative bird bath.&quot;,&quot;longDescription&quot;:&quot;&amp;lt;ul&amp;gt;&amp;lt;li&amp;gt;Bird bath with metal stand for outdoor use&amp;lt;/li&amp;gt;&amp;lt;li&amp;gt;Peacock feather pattern&amp;lt;/li&amp;gt;&amp;lt;li&amp;gt;Hand painted&amp;lt;/li&amp;gt;&amp;lt;li&amp;gt;Solar lighted&amp;lt;/li&amp;gt;&amp;lt;/ul&amp;gt;&quot;,&quot;brandName&quot;:&quot;Better Homes &amp; Gardens&quot;,&quot;thumbnailImage&quot;:&quot;https://i5.walmartimages.com/asr/e0956ee5-7259-4fd2-903f-0864c4496710_1.bc01b2539eb345fdc91dc571adc9f629.jpeg?odnHeight=100&amp;odnWidth=100&amp;odnBg=FFFFFF&quot;,&quot;mediumImage&quot;:&quot;https://i5.walmartimages.com/asr/e0956ee5-7259-4fd2-903f-0864c4496710_1.bc01b2539eb345fdc91dc571adc9f629.jpeg?odnHeight=180&amp;odnWidth=180&amp;odnBg=FFFFFF&quot;,&quot;largeImage&quot;:&quot;https://i5.walmartimages.com/asr/e0956ee5-7259-4fd2-903f-0864c4496710_1.bc01b2539eb345fdc91dc571adc9f629.jpeg?odnHeight=450&amp;odnWidth=450&amp;odnBg=FFFFFF&quot;,&quot;productTrackingUrl&quot;:&quot;http://linksynergy.walmart.com/fs-bin/click?id=|LSNID|&amp;offerid=223073.7200&amp;type=14&amp;catid=8&amp;subid=0&amp;hid=7200&amp;tmpid=1082&amp;RD_PARM1=https%253A%252F%252Fwww.walmart.com%252Fip%252FBetter-Homes-and-Gardens-Solar-Birdbath-Blue%252F55081028%253Faffp1%253DH-JVMzorBRQOTBioe9MKJOGSfQyvSqNadbq6TI8wrRc%2526affilsrc%253Dapi&quot;,&quot;ninetySevenCentShipping&quot;:false,&quot;standardShipRate&quot;:5.99,&quot;size&quot;:&quot;Animal Accessories&quot;,&quot;color&quot;:&quot;Multicolor&quot;,&quot;marketplace&quot;:false,&quot;shipToStore&quot;:true,&quot;freeShipToStore&quot;:true,&quot;modelNumber&quot;:&quot;BH17-093-699-11&quot;,&quot;productUrl&quot;:&quot;http://c.affil.walmart.com/t/api01?l=https%3A%2F%2Fwww.walmart.com%2Fip%2FBetter-Homes-and-Gardens-Solar-Birdbath-Blue%2F55081028%3Faffp1%3DH-JVMzorBRQOTBioe9MKJOGSfQyvSqNadbq6TI8wrRc%26affilsrc%3Dapi%26veh%3Daff%26wmlspartner%3Dreadonlyapi&quot;,&quot;customerRating&quot;:&quot;3.364&quot;,&quot;numReviews&quot;:11,&quot;customerRatingImage&quot;:&quot;http://i2.walmartimages.com/i/CustRating/3_4.gif&quot;,&quot;categoryNode&quot;:&quot;5428_1102183_6646407&quot;,&quot;bundle&quot;:false,&quot;clearance&quot;:false,&quot;preOrder&quot;:false,&quot;stock&quot;:&quot;Available&quot;,&quot;attributes&quot;:{&quot;color&quot;:&quot;Multicolor&quot;,&quot;ironBankCategory&quot;:&quot;Animal Accessories&quot;,&quot;requiresTextileActLabeling&quot;:&quot;N&quot;},&quot;addToCartUrl&quot;:&quot;http://c.affil.walmart.com/t/api01?l=http%3A%2F%2Faffil.walmart.com%2Fcart%2FaddToCart%3Fitems%3D55081028%7C1%26affp1%3DH-JVMzorBRQOTBioe9MKJOGSfQyvSqNadbq6TI8wrRc%26affilsrc%3Dapi%26veh%3Daff%26wmlspartner%3Dreadonlyapi&quot;,&quot;affiliateAddToCartUrl&quot;:&quot;http://linksynergy.walmart.com/fs-bin/click?id=|LSNID|&amp;offerid=223073.7200&amp;type=14&amp;catid=8&amp;subid=0&amp;hid=7200&amp;tmpid=1082&amp;RD_PARM1=http%253A%252F%252Faffil.walmart.com%252Fcart%252FaddToCart%253Fitems%253D55081028%257C1%2526affp1%253DH-JVMzorBRQOTBioe9MKJOGSfQyvSqNadbq6TI8wrRc%2526affilsrc%253Dapi&quot;,&quot;freeShippingOver50Dollars&quot;:true,&quot;giftOptions&quot;:{&quot;allowGiftWrap&quot;:false,&quot;allowGiftMessage&quot;:false,&quot;allowGiftReceipt&quot;:false},&quot;imageEntities&quot;:[{&quot;thumbnailImage&quot;:&quot;https://i5.walmartimages.com/asr/61100c51-ea6f-4061-8c0c-2d9631507f6a_1.c92f9b895a3dc23f135a90684f8ad171.jpeg?odnHeight=100&amp;odnWidth=100&amp;odnBg=FFFFFF&quot;,&quot;mediumImage&quot;:&quot;https://i5.walmartimages.com/asr/61100c51-ea6f-4061-8c0c-2d9631507f6a_1.c92f9b895a3dc23f135a90684f8ad171.jpeg?odnHeight=180&amp;odnWidth=180&amp;odnBg=FFFFFF&quot;,&quot;largeImage&quot;:&quot;https://i5.walmartimages.com/asr/61100c51-ea6f-4061-8c0c-2d9631507f6a_1.c92f9b895a3dc23f135a90684f8ad171.jpeg?odnHeight=450&amp;odnWidth=450&amp;odnBg=FFFFFF&quot;,&quot;entityType&quot;:&quot;SECONDARY&quot;},{&quot;thumbnailImage&quot;:&quot;https://i5.walmartimages.com/asr/e754755e-1171-4a75-9f40-96c57896550c_1.987524693e13d59e7b2f8a72a0cacda7.jpeg?odnHeight=100&amp;odnWidth=100&amp;odnBg=FFFFFF&quot;,&quot;mediumImage&quot;:&quot;https://i5.walmartimages.com/asr/e754755e-1171-4a75-9f40-96c57896550c_1.987524693e13d59e7b2f8a72a0cacda7.jpeg?odnHeight=180&amp;odnWidth=180&amp;odnBg=FFFFFF&quot;,&quot;largeImage&quot;:&quot;https://i5.walmartimages.com/asr/e754755e-1171-4a75-9f40-96c57896550c_1.987524693e13d59e7b2f8a72a0cacda7.jpeg?odnHeight=450&amp;odnWidth=450&amp;odnBg=FFFFFF&quot;,&quot;entityType&quot;:&quot;SECONDARY&quot;},{&quot;thumbnailImage&quot;:&quot;https://i5.walmartimages.com/asr/d4056cf1-5933-498f-b6f3-79c33a0b6070_1.d49a7c7b438a2b19bfec1170a931100d.jpeg?odnHeight=100&amp;odnWidth=100&amp;odnBg=FFFFFF&quot;,&quot;mediumImage&quot;:&quot;https://i5.walmartimages.com/asr/d4056cf1-5933-498f-b6f3-79c33a0b6070_1.d49a7c7b438a2b19bfec1170a931100d.jpeg?odnHeight=180&amp;odnWidth=180&amp;odnBg=FFFFFF&quot;,&quot;largeImage&quot;:&quot;https://i5.walmartimages.com/asr/d4056cf1-5933-498f-b6f3-79c33a0b6070_1.d49a7c7b438a2b19bfec1170a931100d.jpeg?odnHeight=450&amp;odnWidth=450&amp;odnBg=FFFFFF&quot;,&quot;entityType&quot;:&quot;SECONDARY&quot;},{&quot;thumbnailImage&quot;:&quot;https://i5.walmartimages.com/asr/e0956ee5-7259-4fd2-903f-0864c4496710_1.bc01b2539eb345fdc91dc571adc9f629.jpeg?odnHeight=100&amp;odnWidth=100&amp;odnBg=FFFFFF&quot;,&quot;mediumImage&quot;:&quot;https://i5.walmartimages.com/asr/e0956ee5-7259-4fd2-903f-0864c4496710_1.bc01b2539eb345fdc91dc571adc9f629.jpeg?odnHeight=180&amp;odnWidth=180&amp;odnBg=FFFFFF&quot;,&quot;largeImage&quot;:&quot;https://i5.walmartimages.com/asr/e0956ee5-7259-4fd2-903f-0864c4496710_1.bc01b2539eb345fdc91dc571adc9f629.jpeg?odnHeight=450&amp;odnWidth=450&amp;odnBg=FFFFFF&quot;,&quot;entityType&quot;:&quot;PRIMARY&quot;}],&quot;offerType&quot;:&quot;ONLINE_AND_STORE&quot;,&quot;isTwoDayShippingEligible&quot;:false,&quot;availableOnline&quot;:true},{&quot;itemId&quot;:258174775,&quot;parentItemId&quot;:258174775,&quot;name&quot;:&quot;Graco Catalina 4-in-1 Convertible Crib Pebble Gray&quot;,&quot;msrp&quot;:174.99,&quot;salePrice&quot;:129.99,&quot;upc&quot;:&quot;056927102037&quot;,&quot;categoryPath&quot;:&quot;Baby/Nursery &amp; Decor/Furniture/Baby Cribs/Convertible Cribs&quot;,&quot;shortDescription&quot;:&quot;Boasting transitional style with a touch of nautical flare, the Graco Catalina 4-in-1 Convertible Crib creates a cozy sleep environment that you and your baby will both love. Featuring a uniquely designed headboard, the stunning Catalina 4-in-1 Convertible Crib will provide the utmost elegance to your baby&#039;s room. This Graco convertible crib will be a staple in your child&#039;s room for years to come, as it easily changes from a crib to a toddler bed (no guard rail), a daybed and a full-size headboard with footboard. The Graco Catalina 4-in-1 Convertible Crib is JPMA certified and is compliant with all CPSC and ASTM safety standards to ensure the safest sleeping environment for your child.&quot;,&quot;longDescription&quot;:&quot;&amp;bull; Crib converts to a toddler bed daybed, and full-size bed with headboard (bed frame and mattress not included) &amp;bull; Three-position mattress height adjustment &amp;bull; Meets all ASTM &amp;amp; CPSC safety standards plus JPMA certified. &amp;bull; 1 year limited manufacturer&amp;rsquo;s warranty&quot;,&quot;brandName&quot;:&quot;Graco&quot;,&quot;thumbnailImage&quot;:&quot;https://i5.walmartimages.com/asr/bd9a8f34-434e-4f10-8675-f532f8516937_1.f61c3cb7ecde3b08879cf9577bda1a95.jpeg?odnHeight=100&amp;odnWidth=100&amp;odnBg=FFFFFF&quot;,&quot;mediumImage&quot;:&quot;https://i5.walmartimages.com/asr/bd9a8f34-434e-4f10-8675-f532f8516937_1.f61c3cb7ecde3b08879cf9577bda1a95.jpeg?odnHeight=180&amp;odnWidth=180&amp;odnBg=FFFFFF&quot;,&quot;largeImage&quot;:&quot;https://i5.walmartimages.com/asr/bd9a8f34-434e-4f10-8675-f532f8516937_1.f61c3cb7ecde3b08879cf9577bda1a95.jpeg?odnHeight=450&amp;odnWidth=450&amp;odnBg=FFFFFF&quot;,&quot;productTrackingUrl&quot;:&quot;http://linksynergy.walmart.com/fs-bin/click?id=|LSNID|&amp;offerid=223073.7200&amp;type=14&amp;catid=8&amp;subid=0&amp;hid=7200&amp;tmpid=1082&amp;RD_PARM1=https%253A%252F%252Fwww.walmart.com%252Fip%252FGraco-Catalina-4-in-1-Convertible-Crib-Pebble-Gray%252F258174775%253Faffp1%253DH-JVMzorBRQOTBioe9MKJOGSfQyvSqNadbq6TI8wrRc%2526affilsrc%253Dapi&quot;,&quot;ninetySevenCentShipping&quot;:false,&quot;standardShipRate&quot;:0.0,&quot;size&quot;:&quot;   1&quot;,&quot;color&quot;:&quot;Gray&quot;,&quot;marketplace&quot;:false,&quot;shipToStore&quot;:true,&quot;freeShipToStore&quot;:true,&quot;modelNumber&quot;:&quot;04542-51F&quot;,&quot;productUrl&quot;:&quot;http://c.affil.walmart.com/t/api01?l=https%3A%2F%2Fwww.walmart.com%2Fip%2FGraco-Catalina-4-in-1-Convertible-Crib-Pebble-Gray%2F258174775%3Faffp1%3DH-JVMzorBRQOTBioe9MKJOGSfQyvSqNadbq6TI8wrRc%26affilsrc%3Dapi%26veh%3Daff%26wmlspartner%3Dreadonlyapi&quot;,&quot;variants&quot;:[258174775,349003532],&quot;categoryNode&quot;:&quot;5427_414099_9171309&quot;,&quot;bundle&quot;:false,&quot;clearance&quot;:false,&quot;preOrder&quot;:false,&quot;stock&quot;:&quot;Available&quot;,&quot;attributes&quot;:{&quot;assemblyRequiredInd&quot;:&quot;1&quot;,&quot;color&quot;:&quot;Gray&quot;,&quot;consumerItemNumber&quot;:&quot;11782521&quot;},&quot;gender&quot;:&quot;Unisex&quot;,&quot;addToCartUrl&quot;:&quot;http://c.affil.walmart.com/t/api01?l=http%3A%2F%2Faffil.walmart.com%2Fcart%2FaddToCart%3Fitems%3D258174775%7C1%26affp1%3DH-JVMzorBRQOTBioe9MKJOGSfQyvSqNadbq6TI8wrRc%26affilsrc%3Dapi%26veh%3Daff%26wmlspartner%3Dreadonlyapi&quot;,&quot;affiliateAddToCartUrl&quot;:&quot;http://linksynergy.walmart.com/fs-bin/click?id=|LSNID|&amp;offerid=223073.7200&amp;type=14&amp;catid=8&amp;subid=0&amp;hid=7200&amp;tmpid=1082&amp;RD_PARM1=http%253A%252F%252Faffil.walmart.com%252Fcart%252FaddToCart%253Fitems%253D258174775%257C1%2526affp1%253DH-JVMzorBRQOTBioe9MKJOGSfQyvSqNadbq6TI8wrRc%2526affilsrc%253Dapi&quot;,&quot;freeShippingOver50Dollars&quot;:true,&quot;giftOptions&quot;:{&quot;allowGiftWrap&quot;:false,&quot;allowGiftMessage&quot;:true,&quot;allowGiftReceipt&quot;:true},&quot;imageEntities&quot;:[{&quot;thumbnailImage&quot;:&quot;https://i5.walmartimages.com/asr/959276ee-239f-4538-8513-b4cddd6e8404_1.46e067ecafa1a437d8333badd3db9dd1.jpeg?odnHeight=100&amp;odnWidth=100&amp;odnBg=FFFFFF&quot;,&quot;mediumImage&quot;:&quot;https://i5.walmartimages.com/asr/959276ee-239f-4538-8513-b4cddd6e8404_1.46e067ecafa1a437d8333badd3db9dd1.jpeg?odnHeight=180&amp;odnWidth=180&amp;odnBg=FFFFFF&quot;,&quot;largeImage&quot;:&quot;https://i5.walmartimages.com/asr/959276ee-239f-4538-8513-b4cddd6e8404_1.46e067ecafa1a437d8333badd3db9dd1.jpeg?odnHeight=450&amp;odnWidth=450&amp;odnBg=FFFFFF&quot;,&quot;entityType&quot;:&quot;SECONDARY&quot;},{&quot;thumbnailImage&quot;:&quot;https://i5.walmartimages.com/asr/bd9a8f34-434e-4f10-8675-f532f8516937_1.f61c3cb7ecde3b08879cf9577bda1a95.jpeg?odnHeight=100&amp;odnWidth=100&amp;odnBg=FFFFFF&quot;,&quot;mediumImage&quot;:&quot;https://i5.walmartimages.com/asr/bd9a8f34-434e-4f10-8675-f532f8516937_1.f61c3cb7ecde3b08879cf9577bda1a95.jpeg?odnHeight=180&amp;odnWidth=180&amp;odnBg=FFFFFF&quot;,&quot;largeImage&quot;:&quot;https://i5.walmartimages.com/asr/bd9a8f34-434e-4f10-8675-f532f8516937_1.f61c3cb7ecde3b08879cf9577bda1a95.jpeg?odnHeight=450&amp;odnWidth=450&amp;odnBg=FFFFFF&quot;,&quot;entityType&quot;:&quot;PRIMARY&quot;},{&quot;thumbnailImage&quot;:&quot;https://i5.walmartimages.com/asr/c82188aa-b48e-420c-91ab-527a5d2b4902_1.fbb016caf17262c0535c2149442abcc9.jpeg?odnHeight=100&amp;odnWidth=100&amp;odnBg=FFFFFF&quot;,&quot;mediumImage&quot;:&quot;https://i5.walmartimages.com/asr/c82188aa-b48e-420c-91ab-527a5d2b4902_1.fbb016caf17262c0535c2149442abcc9.jpeg?odnHeight=180&amp;odnWidth=180&amp;odnBg=FFFFFF&quot;,&quot;largeImage&quot;:&quot;https://i5.walmartimages.com/asr/c82188aa-b48e-420c-91ab-527a5d2b4902_1.fbb016caf17262c0535c2149442abcc9.jpeg?odnHeight=450&amp;odnWidth=450&amp;odnBg=FFFFFF&quot;,&quot;entityType&quot;:&quot;SECONDARY&quot;},{&quot;thumbnailImage&quot;:&quot;https://i5.walmartimages.com/asr/d729acce-9f9b-4003-bca6-9aa078617ea5_1.f3042d2a23869806d9f8b4c1ad1516b8.png?odnHeight=100&amp;odnWidth=100&amp;odnBg=FFFFFF&quot;,&quot;mediumImage&quot;:&quot;https://i5.walmartimages.com/asr/d729acce-9f9b-4003-bca6-9aa078617ea5_1.f3042d2a23869806d9f8b4c1ad1516b8.png?odnHeight=180&amp;odnWidth=180&amp;odnBg=FFFFFF&quot;,&quot;largeImage&quot;:&quot;https://i5.walmartimages.com/asr/d729acce-9f9b-4003-bca6-9aa078617ea5_1.f3042d2a23869806d9f8b4c1ad1516b8.png?odnHeight=450&amp;odnWidth=450&amp;odnBg=FFFFFF&quot;,&quot;entityType&quot;:&quot;SECONDARY&quot;},{&quot;thumbnailImage&quot;:&quot;https://i5.walmartimages.com/asr/6284a8e0-a977-4051-a2b5-12c060dbb2fb_1.d35156b9a7bdfbbb5039d989ebc0b6f8.jpeg?odnHeight=100&amp;odnWidth=100&amp;odnBg=FFFFFF&quot;,&quot;mediumImage&quot;:&quot;https://i5.walmartimages.com/asr/6284a8e0-a977-4051-a2b5-12c060dbb2fb_1.d35156b9a7bdfbbb5039d989ebc0b6f8.jpeg?odnHeight=180&amp;odnWidth=180&amp;odnBg=FFFFFF&quot;,&quot;largeImage&quot;:&quot;https://i5.walmartimages.com/asr/6284a8e0-a977-4051-a2b5-12c060dbb2fb_1.d35156b9a7bdfbbb5039d989ebc0b6f8.jpeg?odnHeight=450&amp;odnWidth=450&amp;odnBg=FFFFFF&quot;,&quot;entityType&quot;:&quot;SECONDARY&quot;},{&quot;thumbnailImage&quot;:&quot;https://i5.walmartimages.com/asr/679a8110-cb01-4b54-9c5c-b851f59e4ae3_1.9a40a5d367a1707e71e4c7eda9d91066.jpeg?odnHeight=100&amp;odnWidth=100&amp;odnBg=FFFFFF&quot;,&quot;mediumImage&quot;:&quot;https://i5.walmartimages.com/asr/679a8110-cb01-4b54-9c5c-b851f59e4ae3_1.9a40a5d367a1707e71e4c7eda9d91066.jpeg?odnHeight=180&amp;odnWidth=180&amp;odnBg=FFFFFF&quot;,&quot;largeImage&quot;:&quot;https://i5.walmartimages.com/asr/679a8110-cb01-4b54-9c5c-b851f59e4ae3_1.9a40a5d367a1707e71e4c7eda9d91066.jpeg?odnHeight=450&amp;odnWidth=450&amp;odnBg=FFFFFF&quot;,&quot;entityType&quot;:&quot;SECONDARY&quot;},{&quot;thumbnailImage&quot;:&quot;https://i5.walmartimages.com/asr/e0bc0ffa-5b5e-4f2d-ada0-430ea896a880_1.db8a796dc0c20acbfcc142f9e92d3a19.jpeg?odnHeight=100&amp;odnWidth=100&amp;odnBg=FFFFFF&quot;,&quot;mediumImage&quot;:&quot;https://i5.walmartimages.com/asr/e0bc0ffa-5b5e-4f2d-ada0-430ea896a880_1.db8a796dc0c20acbfcc142f9e92d3a19.jpeg?odnHeight=180&amp;odnWidth=180&amp;odnBg=FFFFFF&quot;,&quot;largeImage&quot;:&quot;https://i5.walmartimages.com/asr/e0bc0ffa-5b5e-4f2d-ada0-430ea896a880_1.db8a796dc0c20acbfcc142f9e92d3a19.jpeg?odnHeight=450&amp;odnWidth=450&amp;odnBg=FFFFFF&quot;,&quot;entityType&quot;:&quot;SECONDARY&quot;},{&quot;thumbnailImage&quot;:&quot;https://i5.walmartimages.com/asr/aea691ba-ac35-4f71-b0a4-4e0484f4d21d_1.68e402afc98bad2511c44634941f95f1.jpeg?odnHeight=100&amp;odnWidth=100&amp;odnBg=FFFFFF&quot;,&quot;mediumImage&quot;:&quot;https://i5.walmartimages.com/asr/aea691ba-ac35-4f71-b0a4-4e0484f4d21d_1.68e402afc98bad2511c44634941f95f1.jpeg?odnHeight=180&amp;odnWidth=180&amp;odnBg=FFFFFF&quot;,&quot;largeImage&quot;:&quot;https://i5.walmartimages.com/asr/aea691ba-ac35-4f71-b0a4-4e0484f4d21d_1.68e402afc98bad2511c44634941f95f1.jpeg?odnHeight=450&amp;odnWidth=450&amp;odnBg=FFFFFF&quot;,&quot;entityType&quot;:&quot;SECONDARY&quot;},{&quot;thumbnailImage&quot;:&quot;https://i5.walmartimages.com/asr/355616f4-1cef-4bed-af2d-35569876576e_1.101f0138965d6a6f77674fcf55a82ea1.jpeg?odnHeight=100&amp;odnWidth=100&amp;odnBg=FFFFFF&quot;,&quot;mediumImage&quot;:&quot;https://i5.walmartimages.com/asr/355616f4-1cef-4bed-af2d-35569876576e_1.101f0138965d6a6f77674fcf55a82ea1.jpeg?odnHeight=180&amp;odnWidth=180&amp;odnBg=FFFFFF&quot;,&quot;largeImage&quot;:&quot;https://i5.walmartimages.com/asr/355616f4-1cef-4bed-af2d-35569876576e_1.101f0138965d6a6f77674fcf55a82ea1.jpeg?odnHeight=450&amp;odnWidth=450&amp;odnBg=FFFFFF&quot;,&quot;entityType&quot;:&quot;SECONDARY&quot;}],&quot;offerType&quot;:&quot;ONLINE_ONLY&quot;,&quot;isTwoDayShippingEligible&quot;:false,&quot;availableOnline&quot;:true},{&quot;itemId&quot;:21190247,&quot;parentItemId&quot;:21190247,&quot;name&quot;:&quot;Photo Collage Frame, 16x20&quot;,&quot;salePrice&quot;:26.0,&quot;upc&quot;:&quot;044021277126&quot;,&quot;categoryPath&quot;:&quot;Home/Decor/Frames&quot;,&quot;shortDescription&quot;:&quot;Show off your family photos in a large photo collage frame, 16x20. This collage picture frame has a large, pre-cut mat in white with black matting around each individual photo, giving it a professional-quality look with its double-beveled mat. The black frame can be used to hold a 16x20&amp;quot; picture or poster if you remove both mats. The collage picture frame has openings to hold 10 pictures in the following sizes: one 5&amp;quot; x 7&amp;quot;, one 5&amp;quot; x 5&amp;quot;, one 3.5&amp;quot; x 5&amp;quot;, two 3&amp;quot; x 3.5&amp;quot;, two 3&amp;quot; x 4&amp;quot; and three 4&amp;quot; x 6&amp;quot;. A glass insert adds an ideal finishing touch to this frame. The photo collage frame can be hung either horizontally or vertically and comes ready to hang. Put your favorite photos in this classic collage frame and share them with your friends and family.&quot;,&quot;longDescription&quot;:&quot;&amp;lt;ul&amp;gt;&amp;lt;li&amp;gt;&amp;lt;strong&amp;gt;Photo Collage Frame, 16x20:&amp;lt;/strong&amp;gt;&amp;lt;/li&amp;gt;&amp;lt;li&amp;gt;Glass insert&amp;lt;/li&amp;gt;&amp;lt;li&amp;gt;Double-beveled mat&amp;lt;/li&amp;gt;&amp;lt;li&amp;gt;Ready to hang&amp;lt;/li&amp;gt;&amp;lt;li&amp;gt;Can be positioned vertically or horizontally&amp;lt;/li&amp;gt;&amp;lt;li&amp;gt;Holds 10 pictures with pre-cut mat:&amp;lt;ul&amp;gt;&amp;lt;li&amp;gt;One 5&amp;quot; x 7&amp;quot;&amp;lt;/li&amp;gt;&amp;lt;li&amp;gt;One 5&amp;quot; x 5&amp;quot;&amp;lt;/li&amp;gt;&amp;lt;li&amp;gt;One 3.5&amp;quot; x 5&amp;quot;&amp;lt;/li&amp;gt;&amp;lt;li&amp;gt;Two 3&amp;quot; x 3.5&amp;quot;&amp;lt;/li&amp;gt;&amp;lt;li&amp;gt;Two 3&amp;quot; x 4&amp;quot;&amp;lt;/li&amp;gt;&amp;lt;li&amp;gt;Three 4&amp;quot; x 6&amp;quot;&amp;lt;/li&amp;gt;&amp;lt;/ul&amp;gt;&amp;lt;/li&amp;gt;&amp;lt;li&amp;gt;Holds one 16&amp;quot; x 20&amp;quot; picture or poster without mat&amp;lt;/li&amp;gt;&amp;lt;/ul&amp;gt;&quot;,&quot;brandName&quot;:&quot;Unbranded&quot;,&quot;thumbnailImage&quot;:&quot;https://i5.walmartimages.com/asr/56ccbb59-9375-40b3-a660-c5919d0147bc_1.38b33312e6c1236656efec96747a952a.jpeg?odnHeight=100&amp;odnWidth=100&amp;odnBg=FFFFFF&quot;,&quot;mediumImage&quot;:&quot;https://i5.walmartimages.com/asr/56ccbb59-9375-40b3-a660-c5919d0147bc_1.38b33312e6c1236656efec96747a952a.jpeg?odnHeight=180&amp;odnWidth=180&amp;odnBg=FFFFFF&quot;,&quot;largeImage&quot;:&quot;https://i5.walmartimages.com/asr/56ccbb59-9375-40b3-a660-c5919d0147bc_1.38b33312e6c1236656efec96747a952a.jpeg?odnHeight=450&amp;odnWidth=450&amp;odnBg=FFFFFF&quot;,&quot;productTrackingUrl&quot;:&quot;http://linksynergy.walmart.com/fs-bin/click?id=|LSNID|&amp;offerid=223073.7200&amp;type=14&amp;catid=8&amp;subid=0&amp;hid=7200&amp;tmpid=1082&amp;RD_PARM1=https%253A%252F%252Fwww.walmart.com%252Fip%252FPhoto-Collage-Frame-16x20%252F21190247%253Faffp1%253DH-JVMzorBRQOTBioe9MKJOGSfQyvSqNadbq6TI8wrRc%2526affilsrc%253Dapi&quot;,&quot;ninetySevenCentShipping&quot;:false,&quot;size&quot;:&quot;\&quot;Poster Sizes (16\\\&quot;\&quot; +)16\&quot;\&quot; x 20\&quot;\&quot;16\\\&quot;\&quot; x 20\\\&quot;\&quot;\&quot;&quot;,&quot;color&quot;:&quot;Black&quot;,&quot;marketplace&quot;:false,&quot;shipToStore&quot;:true,&quot;freeShipToStore&quot;:true,&quot;modelNumber&quot;:&quot;27712&quot;,&quot;productUrl&quot;:&quot;http://c.affil.walmart.com/t/api01?l=https%3A%2F%2Fwww.walmart.com%2Fip%2FPhoto-Collage-Frame-16x20%2F21190247%3Faffp1%3DH-JVMzorBRQOTBioe9MKJOGSfQyvSqNadbq6TI8wrRc%26affilsrc%3Dapi%26veh%3Daff%26wmlspartner%3Dreadonlyapi&quot;,&quot;customerRating&quot;:&quot;3.32&quot;,&quot;numReviews&quot;:25,&quot;variants&quot;:[21190247,21190246],&quot;customerRatingImage&quot;:&quot;http://i2.walmartimages.com/i/CustRating/3_3.gif&quot;,&quot;categoryNode&quot;:&quot;4044_133012_672579&quot;,&quot;bundle&quot;:false,&quot;clearance&quot;:false,&quot;preOrder&quot;:false,&quot;stock&quot;:&quot;Available&quot;,&quot;attributes&quot;:{&quot;color&quot;:&quot;Black&quot;,&quot;paperWoodIndicator&quot;:&quot;N&quot;,&quot;size&quot;:&quot;16\&quot; x 20\&quot;&quot;},&quot;addToCartUrl&quot;:&quot;http://c.affil.walmart.com/t/api01?l=http%3A%2F%2Faffil.walmart.com%2Fcart%2FaddToCart%3Fitems%3D21190247%7C1%26affp1%3DH-JVMzorBRQOTBioe9MKJOGSfQyvSqNadbq6TI8wrRc%26affilsrc%3Dapi%26veh%3Daff%26wmlspartner%3Dreadonlyapi&quot;,&quot;affiliateAddToCartUrl&quot;:&quot;http://linksynergy.walmart.com/fs-bin/click?id=|LSNID|&amp;offerid=223073.7200&amp;type=14&amp;catid=8&amp;subid=0&amp;hid=7200&amp;tmpid=1082&amp;RD_PARM1=http%253A%252F%252Faffil.walmart.com%252Fcart%252FaddToCart%253Fitems%253D21190247%257C1%2526affp1%253DH-JVMzorBRQOTBioe9MKJOGSfQyvSqNadbq6TI8wrRc%2526affilsrc%253Dapi&quot;,&quot;freeShippingOver50Dollars&quot;:true,&quot;giftOptions&quot;:{&quot;allowGiftWrap&quot;:false,&quot;allowGiftMessage&quot;:false,&quot;allowGiftReceipt&quot;:false},&quot;imageEntities&quot;:[{&quot;thumbnailImage&quot;:&quot;https://i5.walmartimages.com/asr/56ccbb59-9375-40b3-a660-c5919d0147bc_1.38b33312e6c1236656efec96747a952a.jpeg?odnHeight=100&amp;odnWidth=100&amp;odnBg=FFFFFF&quot;,&quot;mediumImage&quot;:&quot;https://i5.walmartimages.com/asr/56ccbb59-9375-40b3-a660-c5919d0147bc_1.38b33312e6c1236656efec96747a952a.jpeg?odnHeight=180&amp;odnWidth=180&amp;odnBg=FFFFFF&quot;,&quot;largeImage&quot;:&quot;https://i5.walmartimages.com/asr/56ccbb59-9375-40b3-a660-c5919d0147bc_1.38b33312e6c1236656efec96747a952a.jpeg?odnHeight=450&amp;odnWidth=450&amp;odnBg=FFFFFF&quot;,&quot;entityType&quot;:&quot;PRIMARY&quot;}],&quot;offerType&quot;:&quot;ONLINE_ONLY&quot;,&quot;isTwoDayShippingEligible&quot;:true,&quot;availableOnline&quot;:true},{&quot;itemId&quot;:101913275,&quot;parentItemId&quot;:101913275,&quot;name&quot;:&quot;Char-Broil Electric Patio Bistro Electric Grill&quot;,&quot;msrp&quot;:170.99,&quot;salePrice&quot;:142.6,&quot;upc&quot;:&quot;099143020488&quot;,&quot;categoryPath&quot;:&quot;Patio &amp; Garden/Grills &amp; Outdoor Cooking/Grills/Electric Grills&quot;,&quot;shortDescription&quot;:&quot;The Char-Broil Electric Patio Bistro Electric Grill may be small, but you would never know it from the impressive taste it produces. Ideal for those who live in smaller homes, apartments, or condos, this electric grill offers 240 square inches of primary cooking space. The burner has 1750 watts of grilling power and heats up quickly without hot or cold spots so you can grill delicious fish, chicken, vegetables, and more. A raised warming rack offers an additional 80 square inches of secondary cooking space. Porcelain-coated steel grates help to keep food from sticking to your cooking space, and the grease tray is easily accessed for a quicker cleanup. The folding side shelves and lower chrome-plated storage rack provide preparation space and storage for utensils and other equipment&quot;,&quot;longDescription&quot;:&quot;. Two wheels allow you to easily move the grill to the perfect spot, and the integrated cord management keeps the cord tucked away so you will not have to worry about any safety hazards as you move the grill around your yard. Some assembly is required.&amp;lt;br&amp;gt;&amp;lt;br&amp;gt;&quot;,&quot;brandName&quot;:&quot;Char-Broil&quot;,&quot;thumbnailImage&quot;:&quot;https://i5.walmartimages.com/asr/d24e81c1-bf77-4a53-8d6d-0c27e43d1dd2_1.1bee13348ffc5623968ab7f07f9bc7a3.jpeg?odnHeight=100&amp;odnWidth=100&amp;odnBg=FFFFFF&quot;,&quot;mediumImage&quot;:&quot;https://i5.walmartimages.com/asr/d24e81c1-bf77-4a53-8d6d-0c27e43d1dd2_1.1bee13348ffc5623968ab7f07f9bc7a3.jpeg?odnHeight=180&amp;odnWidth=180&amp;odnBg=FFFFFF&quot;,&quot;largeImage&quot;:&quot;https://i5.walmartimages.com/asr/d24e81c1-bf77-4a53-8d6d-0c27e43d1dd2_1.1bee13348ffc5623968ab7f07f9bc7a3.jpeg?odnHeight=450&amp;odnWidth=450&amp;odnBg=FFFFFF&quot;,&quot;productTrackingUrl&quot;:&quot;http://linksynergy.walmart.com/fs-bin/click?id=|LSNID|&amp;offerid=223073.7200&amp;type=14&amp;catid=8&amp;subid=0&amp;hid=7200&amp;tmpid=1082&amp;RD_PARM1=https%253A%252F%252Fwww.walmart.com%252Fip%252FChar-Broil-Electric-Patio-Bistro-Electric-Grill%252F101913275%253Faffp1%253DH-JVMzorBRQOTBioe9MKJOGSfQyvSqNadbq6TI8wrRc%2526affilsrc%253Dapi&quot;,&quot;ninetySevenCentShipping&quot;:false,&quot;standardShipRate&quot;:0.0,&quot;size&quot;:&quot;240&quot;,&quot;color&quot;:&quot;Other&quot;,&quot;shipToStore&quot;:true,&quot;freeShipToStore&quot;:true,&quot;modelNumber&quot;:&quot;17602048&quot;,&quot;productUrl&quot;:&quot;http://c.affil.walmart.com/t/api01?l=https%3A%2F%2Fwww.walmart.com%2Fip%2FChar-Broil-Electric-Patio-Bistro-Electric-Grill%2F101913275%3Faffp1%3DH-JVMzorBRQOTBioe9MKJOGSfQyvSqNadbq6TI8wrRc%26affilsrc%3Dapi%26veh%3Daff%26wmlspartner%3Dreadonlyapi&quot;,&quot;customerRating&quot;:&quot;4.5&quot;,&quot;numReviews&quot;:22,&quot;customerRatingImage&quot;:&quot;http://i2.walmartimages.com/i/CustRating/4_5.gif&quot;,&quot;bestMarketplacePrice&quot;:{&quot;price&quot;:168.9,&quot;sellerInfo&quot;:&quot;Hayneedle&quot;,&quot;standardShipRate&quot;:0.0,&quot;twoThreeDayShippingRate&quot;:75.0,&quot;availableOnline&quot;:true,&quot;clearance&quot;:false,&quot;offerType&quot;:&quot;ONLINE_ONLY&quot;},&quot;categoryNode&quot;:&quot;5428_4089_7375787&quot;,&quot;bundle&quot;:false,&quot;clearance&quot;:false,&quot;preOrder&quot;:false,&quot;stock&quot;:&quot;Available&quot;,&quot;attributes&quot;:{&quot;color&quot;:&quot;Other&quot;,&quot;ironBankCategory&quot;:&quot;Garden &amp; Patio&quot;,&quot;size&quot;:&quot;240&quot;},&quot;gender&quot;:&quot;Unisex&quot;,&quot;addToCartUrl&quot;:&quot;http://c.affil.walmart.com/t/api01?l=http%3A%2F%2Faffil.walmart.com%2Fcart%2FaddToCart%3Fitems%3D101913275%7C1%26affp1%3DH-JVMzorBRQOTBioe9MKJOGSfQyvSqNadbq6TI8wrRc%26affilsrc%3Dapi%26veh%3Daff%26wmlspartner%3Dreadonlyapi&quot;,&quot;affiliateAddToCartUrl&quot;:&quot;http://linksynergy.walmart.com/fs-bin/click?id=|LSNID|&amp;offerid=223073.7200&amp;type=14&amp;catid=8&amp;subid=0&amp;hid=7200&amp;tmpid=1082&amp;RD_PARM1=http%253A%252F%252Faffil.walmart.com%252Fcart%252FaddToCart%253Fitems%253D101913275%257C1%2526affp1%253DH-JVMzorBRQOTBioe9MKJOGSfQyvSqNadbq6TI8wrRc%2526affilsrc%253Dapi&quot;,&quot;freeShippingOver50Dollars&quot;:true,&quot;giftOptions&quot;:{&quot;allowGiftWrap&quot;:false,&quot;allowGiftMessage&quot;:false,&quot;allowGiftReceipt&quot;:false},&quot;imageEntities&quot;:[{&quot;thumbnailImage&quot;:&quot;https://i5.walmartimages.com/asr/853a93c5-6ebf-4d32-a2a4-1374bdc55b0b_1.1bee13348ffc5623968ab7f07f9bc7a3.jpeg?odnHeight=100&amp;odnWidth=100&amp;odnBg=FFFFFF&quot;,&quot;mediumImage&quot;:&quot;https://i5.walmartimages.com/asr/853a93c5-6ebf-4d32-a2a4-1374bdc55b0b_1.1bee13348ffc5623968ab7f07f9bc7a3.jpeg?odnHeight=180&amp;odnWidth=180&amp;odnBg=FFFFFF&quot;,&quot;largeImage&quot;:&quot;https://i5.walmartimages.com/asr/853a93c5-6ebf-4d32-a2a4-1374bdc55b0b_1.1bee13348ffc5623968ab7f07f9bc7a3.jpeg?odnHeight=450&amp;odnWidth=450&amp;odnBg=FFFFFF&quot;,&quot;entityType&quot;:&quot;SECONDARY&quot;},{&quot;thumbnailImage&quot;:&quot;https://i5.walmartimages.com/asr/d83b2f92-8984-4c29-8e0f-12b19ec5632f_1.f46eeb04d09e55e649e857294d4f79e7.jpeg?odnHeight=100&amp;odnWidth=100&amp;odnBg=FFFFFF&quot;,&quot;mediumImage&quot;:&quot;https://i5.walmartimages.com/asr/d83b2f92-8984-4c29-8e0f-12b19ec5632f_1.f46eeb04d09e55e649e857294d4f79e7.jpeg?odnHeight=180&amp;odnWidth=180&amp;odnBg=FFFFFF&quot;,&quot;largeImage&quot;:&quot;https://i5.walmartimages.com/asr/d83b2f92-8984-4c29-8e0f-12b19ec5632f_1.f46eeb04d09e55e649e857294d4f79e7.jpeg?odnHeight=450&amp;odnWidth=450&amp;odnBg=FFFFFF&quot;,&quot;entityType&quot;:&quot;SECONDARY&quot;},{&quot;thumbnailImage&quot;:&quot;https://i5.walmartimages.com/asr/f8e13daa-e903-4dce-9e04-0c14e8dd9215_1.ea1f00d25de671c695f473f21a50afbc.jpeg?odnHeight=100&amp;odnWidth=100&amp;odnBg=FFFFFF&quot;,&quot;mediumImage&quot;:&quot;https://i5.walmartimages.com/asr/f8e13daa-e903-4dce-9e04-0c14e8dd9215_1.ea1f00d25de671c695f473f21a50afbc.jpeg?odnHeight=180&amp;odnWidth=180&amp;odnBg=FFFFFF&quot;,&quot;largeImage&quot;:&quot;https://i5.walmartimages.com/asr/f8e13daa-e903-4dce-9e04-0c14e8dd9215_1.ea1f00d25de671c695f473f21a50afbc.jpeg?odnHeight=450&amp;odnWidth=450&amp;odnBg=FFFFFF&quot;,&quot;entityType&quot;:&quot;SECONDARY&quot;},{&quot;thumbnailImage&quot;:&quot;https://i5.walmartimages.com/asr/12d9f0b7-0ed4-431b-9d75-c7add17b4b2d_1.56c24489058e6fba4c9ca7d88fd6c7b9.jpeg?odnHeight=100&amp;odnWidth=100&amp;odnBg=FFFFFF&quot;,&quot;mediumImage&quot;:&quot;https://i5.walmartimages.com/asr/12d9f0b7-0ed4-431b-9d75-c7add17b4b2d_1.56c24489058e6fba4c9ca7d88fd6c7b9.jpeg?odnHeight=180&amp;odnWidth=180&amp;odnBg=FFFFFF&quot;,&quot;largeImage&quot;:&quot;https://i5.walmartimages.com/asr/12d9f0b7-0ed4-431b-9d75-c7add17b4b2d_1.56c24489058e6fba4c9ca7d88fd6c7b9.jpeg?odnHeight=450&amp;odnWidth=450&amp;odnBg=FFFFFF&quot;,&quot;entityType&quot;:&quot;SECONDARY&quot;},{&quot;thumbnailImage&quot;:&quot;https://i5.walmartimages.com/asr/478f1970-0352-4bc9-b5d7-9840028e55f9_1.290bc74077203ac0dbc36f6f60439a12.jpeg?odnHeight=100&amp;odnWidth=100&amp;odnBg=FFFFFF&quot;,&quot;mediumImage&quot;:&quot;https://i5.walmartimages.com/asr/478f1970-0352-4bc9-b5d7-9840028e55f9_1.290bc74077203ac0dbc36f6f60439a12.jpeg?odnHeight=180&amp;odnWidth=180&amp;odnBg=FFFFFF&quot;,&quot;largeImage&quot;:&quot;https://i5.walmartimages.com/asr/478f1970-0352-4bc9-b5d7-9840028e55f9_1.290bc74077203ac0dbc36f6f60439a12.jpeg?odnHeight=450&amp;odnWidth=450&amp;odnBg=FFFFFF&quot;,&quot;entityType&quot;:&quot;SECONDARY&quot;},{&quot;thumbnailImage&quot;:&quot;https://i5.walmartimages.com/asr/d4b68b77-e8bd-4948-84de-34af4d4c73e7_1.2b253a888a690039713b640cb5bf4416.jpeg?odnHeight=100&amp;odnWidth=100&amp;odnBg=FFFFFF&quot;,&quot;mediumImage&quot;:&quot;https://i5.walmartimages.com/asr/d4b68b77-e8bd-4948-84de-34af4d4c73e7_1.2b253a888a690039713b640cb5bf4416.jpeg?odnHeight=180&amp;odnWidth=180&amp;odnBg=FFFFFF&quot;,&quot;largeImage&quot;:&quot;https://i5.walmartimages.com/asr/d4b68b77-e8bd-4948-84de-34af4d4c73e7_1.2b253a888a690039713b640cb5bf4416.jpeg?odnHeight=450&amp;odnWidth=450&amp;odnBg=FFFFFF&quot;,&quot;entityType&quot;:&quot;SECONDARY&quot;},{&quot;thumbnailImage&quot;:&quot;https://i5.walmartimages.com/asr/e9b40aaa-9472-4c3a-b6d1-24cc1727cf81_1.ec470941790881b810909f1a7f3f1a7b.jpeg?odnHeight=100&amp;odnWidth=100&amp;odnBg=FFFFFF&quot;,&quot;mediumImage&quot;:&quot;https://i5.walmartimages.com/asr/e9b40aaa-9472-4c3a-b6d1-24cc1727cf81_1.ec470941790881b810909f1a7f3f1a7b.jpeg?odnHeight=180&amp;odnWidth=180&amp;odnBg=FFFFFF&quot;,&quot;largeImage&quot;:&quot;https://i5.walmartimages.com/asr/e9b40aaa-9472-4c3a-b6d1-24cc1727cf81_1.ec470941790881b810909f1a7f3f1a7b.jpeg?odnHeight=450&amp;odnWidth=450&amp;odnBg=FFFFFF&quot;,&quot;entityType&quot;:&quot;SECONDARY&quot;},{&quot;thumbnailImage&quot;:&quot;https://i5.walmartimages.com/asr/5d252c62-b1d1-46e4-92d0-f4f4154945c9_1.61d9462e43e9279159f907277dd8e3f2.jpeg?odnHeight=100&amp;odnWidth=100&amp;odnBg=FFFFFF&quot;,&quot;mediumImage&quot;:&quot;https://i5.walmartimages.com/asr/5d252c62-b1d1-46e4-92d0-f4f4154945c9_1.61d9462e43e9279159f907277dd8e3f2.jpeg?odnHeight=180&amp;odnWidth=180&amp;odnBg=FFFFFF&quot;,&quot;largeImage&quot;:&quot;https://i5.walmartimages.com/asr/5d252c62-b1d1-46e4-92d0-f4f4154945c9_1.61d9462e43e9279159f907277dd8e3f2.jpeg?odnHeight=450&amp;odnWidth=450&amp;odnBg=FFFFFF&quot;,&quot;entityType&quot;:&quot;SECONDARY&quot;},{&quot;thumbnailImage&quot;:&quot;https://i5.walmartimages.com/asr/d24e81c1-bf77-4a53-8d6d-0c27e43d1dd2_1.1bee13348ffc5623968ab7f07f9bc7a3.jpeg?odnHeight=100&amp;odnWidth=100&amp;odnBg=FFFFFF&quot;,&quot;mediumImage&quot;:&quot;https://i5.walmartimages.com/asr/d24e81c1-bf77-4a53-8d6d-0c27e43d1dd2_1.1bee13348ffc5623968ab7f07f9bc7a3.jpeg?odnHeight=180&amp;odnWidth=180&amp;odnBg=FFFFFF&quot;,&quot;largeImage&quot;:&quot;https://i5.walmartimages.com/asr/d24e81c1-bf77-4a53-8d6d-0c27e43d1dd2_1.1bee13348ffc5623968ab7f07f9bc7a3.jpeg?odnHeight=450&amp;odnWidth=450&amp;odnBg=FFFFFF&quot;,&quot;entityType&quot;:&quot;PRIMARY&quot;}],&quot;offerType&quot;:&quot;ONLINE_AND_STORE&quot;,&quot;isTwoDayShippingEligible&quot;:false,&quot;availableOnline&quot;:true},{&quot;itemId&quot;:55333429,&quot;parentItemId&quot;:55333429,&quot;name&quot;:&quot;Men&#039;s Interceptor Force Boot&quot;,&quot;salePrice&quot;:29.77,&quot;upc&quot;:&quot;605388276452&quot;,&quot;categoryPath&quot;:&quot;Clothing/Shoes/Mens Shoes/All Mens Shoes&quot;,&quot;longDescription&quot;:&quot;50% OUTSOLE EVA;50% OUTSOLE RUBBER;42.99% UPPER LEATHER;32.75% UPPER POLYESTER;24.26% UPPER SYNTHETICUse a soft bristle brush to remove any surface dirt or dust from the shoe and use cotton to wipe&quot;,&quot;brandName&quot;:&quot;Interceptor&quot;,&quot;thumbnailImage&quot;:&quot;https://i5.walmartimages.com/asr/73e34ef8-61ac-4795-bf1f-cd5f0ca9b3ac_1.ba73ad5fd107602cc755f6d9a17888fc.jpeg?odnHeight=100&amp;odnWidth=100&amp;odnBg=FFFFFF&quot;,&quot;mediumImage&quot;:&quot;https://i5.walmartimages.com/asr/73e34ef8-61ac-4795-bf1f-cd5f0ca9b3ac_1.ba73ad5fd107602cc755f6d9a17888fc.jpeg?odnHeight=180&amp;odnWidth=180&amp;odnBg=FFFFFF&quot;,&quot;largeImage&quot;:&quot;https://i5.walmartimages.com/asr/73e34ef8-61ac-4795-bf1f-cd5f0ca9b3ac_1.ba73ad5fd107602cc755f6d9a17888fc.jpeg?odnHeight=450&amp;odnWidth=450&amp;odnBg=FFFFFF&quot;,&quot;productTrackingUrl&quot;:&quot;http://linksynergy.walmart.com/fs-bin/click?id=|LSNID|&amp;offerid=223073.7200&amp;type=14&amp;catid=8&amp;subid=0&amp;hid=7200&amp;tmpid=1082&amp;RD_PARM1=https%253A%252F%252Fwww.walmart.com%252Fip%252FMen-s-Interceptor-Force-Boot%252F55333429%253Faffp1%253DH-JVMzorBRQOTBioe9MKJOGSfQyvSqNadbq6TI8wrRc%2526affilsrc%253Dapi&quot;,&quot;ninetySevenCentShipping&quot;:false,&quot;standardShipRate&quot;:5.99,&quot;size&quot;:&quot;7.5&quot;,&quot;color&quot;:&quot;Black&quot;,&quot;marketplace&quot;:false,&quot;shipToStore&quot;:true,&quot;freeShipToStore&quot;:true,&quot;modelNumber&quot;:&quot;MNIN0241001&quot;,&quot;productUrl&quot;:&quot;http://c.affil.walmart.com/t/api01?l=https%3A%2F%2Fwww.walmart.com%2Fip%2FMen-s-Interceptor-Force-Boot%2F55333429%3Faffp1%3DH-JVMzorBRQOTBioe9MKJOGSfQyvSqNadbq6TI8wrRc%26affilsrc%3Dapi%26veh%3Daff%26wmlspartner%3Dreadonlyapi&quot;,&quot;customerRating&quot;:&quot;4.333&quot;,&quot;numReviews&quot;:6,&quot;variants&quot;:[55333429,55333418,55333446,55333458,55333403,55333474,55333397,55333438,55333410,55333464,55333450],&quot;customerRatingImage&quot;:&quot;http://i2.walmartimages.com/i/CustRating/4_3.gif&quot;,&quot;categoryNode&quot;:&quot;5438_1045804_1045807&quot;,&quot;bundle&quot;:false,&quot;clearance&quot;:false,&quot;preOrder&quot;:false,&quot;stock&quot;:&quot;Available&quot;,&quot;attributes&quot;:{&quot;color&quot;:&quot;Black&quot;,&quot;mainimageurl&quot;:&quot;https://i5.walmartimages.com/asr/7e06684e-5e87-4c2b-bb2f-f585786551f6_1.7eee9b76d66fc7a5cebf893ed3e157dd.jpeg&quot;,&quot;size&quot;:&quot;7.5&quot;},&quot;gender&quot;:&quot;Male&quot;,&quot;addToCartUrl&quot;:&quot;http://c.affil.walmart.com/t/api01?l=http%3A%2F%2Faffil.walmart.com%2Fcart%2FaddToCart%3Fitems%3D55333429%7C1%26affp1%3DH-JVMzorBRQOTBioe9MKJOGSfQyvSqNadbq6TI8wrRc%26affilsrc%3Dapi%26veh%3Daff%26wmlspartner%3Dreadonlyapi&quot;,&quot;affiliateAddToCartUrl&quot;:&quot;http://linksynergy.walmart.com/fs-bin/click?id=|LSNID|&amp;offerid=223073.7200&amp;type=14&amp;catid=8&amp;subid=0&amp;hid=7200&amp;tmpid=1082&amp;RD_PARM1=http%253A%252F%252Faffil.walmart.com%252Fcart%252FaddToCart%253Fitems%253D55333429%257C1%2526affp1%253DH-JVMzorBRQOTBioe9MKJOGSfQyvSqNadbq6TI8wrRc%2526affilsrc%253Dapi&quot;,&quot;freeShippingOver50Dollars&quot;:true,&quot;giftOptions&quot;:{&quot;allowGiftWrap&quot;:false,&quot;allowGiftMessage&quot;:false,&quot;allowGiftReceipt&quot;:false},&quot;imageEntities&quot;:[{&quot;thumbnailImage&quot;:&quot;https://i5.walmartimages.com/asr/7e06684e-5e87-4c2b-bb2f-f585786551f6_1.7eee9b76d66fc7a5cebf893ed3e157dd.jpeg?odnHeight=100&amp;odnWidth=100&amp;odnBg=FFFFFF&quot;,&quot;mediumImage&quot;:&quot;https://i5.walmartimages.com/asr/7e06684e-5e87-4c2b-bb2f-f585786551f6_1.7eee9b76d66fc7a5cebf893ed3e157dd.jpeg?odnHeight=180&amp;odnWidth=180&amp;odnBg=FFFFFF&quot;,&quot;largeImage&quot;:&quot;https://i5.walmartimages.com/asr/7e06684e-5e87-4c2b-bb2f-f585786551f6_1.7eee9b76d66fc7a5cebf893ed3e157dd.jpeg?odnHeight=450&amp;odnWidth=450&amp;odnBg=FFFFFF&quot;,&quot;entityType&quot;:&quot;SECONDARY&quot;},{&quot;thumbnailImage&quot;:&quot;https://i5.walmartimages.com/asr/151323c6-d3e2-4962-99d2-2d32f3d9c011_1.c1106b6d4a0edf6009fe7b8f04fb3134.jpeg?odnHeight=100&amp;odnWidth=100&amp;odnBg=FFFFFF&quot;,&quot;mediumImage&quot;:&quot;https://i5.walmartimages.com/asr/151323c6-d3e2-4962-99d2-2d32f3d9c011_1.c1106b6d4a0edf6009fe7b8f04fb3134.jpeg?odnHeight=180&amp;odnWidth=180&amp;odnBg=FFFFFF&quot;,&quot;largeImage&quot;:&quot;https://i5.walmartimages.com/asr/151323c6-d3e2-4962-99d2-2d32f3d9c011_1.c1106b6d4a0edf6009fe7b8f04fb3134.jpeg?odnHeight=450&amp;odnWidth=450&amp;odnBg=FFFFFF&quot;,&quot;entityType&quot;:&quot;SECONDARY&quot;},{&quot;thumbnailImage&quot;:&quot;https://i5.walmartimages.com/asr/8194541b-243a-4081-943c-e2d7ca7d7e4c_1.67c72736ee9858a297bf13540970bf7d.jpeg?odnHeight=100&amp;odnWidth=100&amp;odnBg=FFFFFF&quot;,&quot;mediumImage&quot;:&quot;https://i5.walmartimages.com/asr/8194541b-243a-4081-943c-e2d7ca7d7e4c_1.67c72736ee9858a297bf13540970bf7d.jpeg?odnHeight=180&amp;odnWidth=180&amp;odnBg=FFFFFF&quot;,&quot;largeImage&quot;:&quot;https://i5.walmartimages.com/asr/8194541b-243a-4081-943c-e2d7ca7d7e4c_1.67c72736ee9858a297bf13540970bf7d.jpeg?odnHeight=450&amp;odnWidth=450&amp;odnBg=FFFFFF&quot;,&quot;entityType&quot;:&quot;SECONDARY&quot;},{&quot;thumbnailImage&quot;:&quot;https://i5.walmartimages.com/asr/70266370-77db-4f29-b6a1-b2f6343c6d24_1.cbfaa6160b4206ae56faced44cd6eeff.jpeg?odnHeight=100&amp;odnWidth=100&amp;odnBg=FFFFFF&quot;,&quot;mediumImage&quot;:&quot;https://i5.walmartimages.com/asr/70266370-77db-4f29-b6a1-b2f6343c6d24_1.cbfaa6160b4206ae56faced44cd6eeff.jpeg?odnHeight=180&amp;odnWidth=180&amp;odnBg=FFFFFF&quot;,&quot;largeImage&quot;:&quot;https://i5.walmartimages.com/asr/70266370-77db-4f29-b6a1-b2f6343c6d24_1.cbfaa6160b4206ae56faced44cd6eeff.jpeg?odnHeight=450&amp;odnWidth=450&amp;odnBg=FFFFFF&quot;,&quot;entityType&quot;:&quot;SECONDARY&quot;},{&quot;thumbnailImage&quot;:&quot;https://i5.walmartimages.com/asr/73e34ef8-61ac-4795-bf1f-cd5f0ca9b3ac_1.ba73ad5fd107602cc755f6d9a17888fc.jpeg?odnHeight=100&amp;odnWidth=100&amp;odnBg=FFFFFF&quot;,&quot;mediumImage&quot;:&quot;https://i5.walmartimages.com/asr/73e34ef8-61ac-4795-bf1f-cd5f0ca9b3ac_1.ba73ad5fd107602cc755f6d9a17888fc.jpeg?odnHeight=180&amp;odnWidth=180&amp;odnBg=FFFFFF&quot;,&quot;largeImage&quot;:&quot;https://i5.walmartimages.com/asr/73e34ef8-61ac-4795-bf1f-cd5f0ca9b3ac_1.ba73ad5fd107602cc755f6d9a17888fc.jpeg?odnHeight=450&amp;odnWidth=450&amp;odnBg=FFFFFF&quot;,&quot;entityType&quot;:&quot;PRIMARY&quot;}],&quot;offerType&quot;:&quot;ONLINE_AND_STORE&quot;,&quot;isTwoDayShippingEligible&quot;:false,&quot;availableOnline&quot;:true},{&quot;itemId&quot;:575982053,&quot;parentItemId&quot;:575982053,&quot;name&quot;:&quot;\&quot;Coleman Power Steel Swim Vista Series 18&#039; x 48\&quot;\&quot; Frame Swimming Pool Set\&quot;&quot;,&quot;msrp&quot;:384.0,&quot;salePrice&quot;:383.0,&quot;upc&quot;:&quot;821808150205&quot;,&quot;categoryPath&quot;:&quot;Toys/Outdoor Play/Swimming Pools &amp; Waterslides/Swimming Pools/Frame Swimming Pools&quot;,&quot;shortDescription&quot;:&quot;&amp;quot;The Coleman Power Steel Swim Vista Series 18&#039; x 48&amp;quot;&amp;quot; Pool Set is the prime choice for families because of its superior steel frame design engineered for maximum strength and durability. Plus minimal-tool assembly makes this the easy answer for your backyard pool needs. The Coleman Power Steel Swim Vista Series is unique in that it has 4 windows allowing swimmers to see out of the pool while underwater! The pool also features a natural looking rattan print on the outside and a mosaic print on the bottom. Additional features are corrosion resistant metal frames and a flow control drain valve for easy draining. The extra strong side walls of this pool are constructed with Tritech, a 3 layer reinforced material with a polyester mesh core encased between two layers of high gauge PVC material. This creates a total thickness of 0.40-0.80mm (16-32 gauge) depending on the size of the pool, offering superior strength and durability. The pool is also equipped with a Seal &amp;amp; Lock System for a safe and secure pipe connection. The set includes a safety ladder for easy entry and exit, a pool cover to keep debris out and a protective ground cloth to protect your lawn and the pool. With proper maintenance, your Coleman Power Steel Swim Vista Series Pool Set will give your family years of summer swimming enjoyment!&amp;quot;&quot;,&quot;longDescription&quot;:&quot;&amp;lt;div&amp;gt;* Water capacity (90%): 6,092 gal. (23,062 L)&amp;lt;/div&amp;gt;&amp;lt;div&amp;gt;* Easy setup!&amp;lt;/div&amp;gt;&amp;lt;div&amp;gt;* Pool equipped with Seal &amp;amp; Lock System&amp;trade; for a safe and secure pipe connection!&amp;lt;/div&amp;gt;&amp;lt;div&amp;gt;* Give an underwater wave to your friends and family through one of the 4 see-through windows!&amp;lt;/div&amp;gt;&amp;lt;div&amp;gt;* Corrosion resistant metal frames keeps the fun times going for a long time!&amp;lt;/div&amp;gt;&amp;lt;div&amp;gt;* Built-in flow control drain valve makes drainage easy. Just attach the valve to a garden hose (with included adapter) to drain away water!&amp;lt;/div&amp;gt;&amp;lt;div&amp;gt;* Heavy-duty PVC and polyester 3-ply side walls provide true reliability!&amp;lt;/div&amp;gt;&amp;lt;div&amp;gt;* The extra strong side walls of this pool are constructed with Tritech&amp;trade;, a 3 layer reinforced material with a polyester mesh core encased between two layers of high gauge PVC material. This creates a total thickness of 0.40-0.80mm (16-32 gauge) depending on the size of the pool, offering superior strength and durability.&amp;lt;/div&amp;gt;&amp;lt;div&amp;gt;* 3-ply band provides additional wall support.&amp;lt;/div&amp;gt;&amp;lt;div&amp;gt;* Printed mosaic inner liner on the bottom of the pool for that classic pool look.&amp;lt;/div&amp;gt;&amp;lt;div&amp;gt;* Flow control connectors for easy and rapid connection.&amp;lt;/div&amp;gt;&amp;lt;div&amp;gt;* The round shape of the pool provides for easy installation, enhanced stability, and less wasted space due to the fact that the pool doesn&amp;rsquo;t require lateral support.&amp;lt;/div&amp;gt;&amp;lt;div&amp;gt;* Underwater adhesive repair included&amp;lt;/div&amp;gt;&amp;lt;div&amp;gt;* Contents: one pool, one filter pump (110-120V~, 1500 gal pump water flow rate, 1050 gal integrated pool system water flow rate), one ladder, one pool cover, one ground cloth, one Maintenance Kit, and it is compatible with cartridge 58012(Ⅲ) 110-120V&amp;lt;/div&amp;gt;&quot;,&quot;brandName&quot;:&quot;Coleman&quot;,&quot;thumbnailImage&quot;:&quot;https://i5.walmartimages.com/asr/1b4cd78e-8694-4037-9c07-78a2f8798572_5.7c7b6f2e147af8ed1065b0d430c9b479.jpeg?odnHeight=100&amp;odnWidth=100&amp;odnBg=FFFFFF&quot;,&quot;mediumImage&quot;:&quot;https://i5.walmartimages.com/asr/1b4cd78e-8694-4037-9c07-78a2f8798572_5.7c7b6f2e147af8ed1065b0d430c9b479.jpeg?odnHeight=180&amp;odnWidth=180&amp;odnBg=FFFFFF&quot;,&quot;largeImage&quot;:&quot;https://i5.walmartimages.com/asr/1b4cd78e-8694-4037-9c07-78a2f8798572_5.7c7b6f2e147af8ed1065b0d430c9b479.jpeg?odnHeight=450&amp;odnWidth=450&amp;odnBg=FFFFFF&quot;,&quot;productTrackingUrl&quot;:&quot;http://linksynergy.walmart.com/fs-bin/click?id=|LSNID|&amp;offerid=223073.7200&amp;type=14&amp;catid=8&amp;subid=0&amp;hid=7200&amp;tmpid=1082&amp;RD_PARM1=https%253A%252F%252Fwww.walmart.com%252Fip%252FColeman-Power-Steel-Swim-Vista-Series-18-x-48-Frame-Swimming-Pool-Set%252F575982053%253Faffp1%253DH-JVMzorBRQOTBioe9MKJOGSfQyvSqNadbq6TI8wrRc%2526affilsrc%253Dapi&quot;,&quot;ninetySevenCentShipping&quot;:false,&quot;standardShipRate&quot;:49.97,&quot;size&quot;:&quot;2017-08-10 00:00:00.000000-06:00&quot;,&quot;color&quot;:&quot;Silver&quot;,&quot;marketplace&quot;:false,&quot;shipToStore&quot;:true,&quot;freeShipToStore&quot;:true,&quot;modelNumber&quot;:&quot;15020&quot;,&quot;productUrl&quot;:&quot;http://c.affil.walmart.com/t/api01?l=https%3A%2F%2Fwww.walmart.com%2Fip%2FColeman-Power-Steel-Swim-Vista-Series-18-x-48-Frame-Swimming-Pool-Set%2F575982053%3Faffp1%3DH-JVMzorBRQOTBioe9MKJOGSfQyvSqNadbq6TI8wrRc%26affilsrc%3Dapi%26veh%3Daff%26wmlspartner%3Dreadonlyapi&quot;,&quot;customerRating&quot;:&quot;3.79&quot;,&quot;numReviews&quot;:19,&quot;customerRatingImage&quot;:&quot;http://i2.walmartimages.com/i/CustRating/3_8.gif&quot;,&quot;categoryNode&quot;:&quot;4171_14521_132873&quot;,&quot;bundle&quot;:false,&quot;clearance&quot;:false,&quot;preOrder&quot;:false,&quot;stock&quot;:&quot;Available&quot;,&quot;freight&quot;:true,&quot;attributes&quot;:{&quot;color&quot;:&quot;Silver&quot;,&quot;deptId&quot;:&quot;1256653758048&quot;,&quot;replenishmentStartDate&quot;:&quot;2017-08-10 00:00:00.000000-06:00&quot;},&quot;addToCartUrl&quot;:&quot;http://c.affil.walmart.com/t/api01?l=http%3A%2F%2Faffil.walmart.com%2Fcart%2FaddToCart%3Fitems%3D575982053%7C1%26affp1%3DH-JVMzorBRQOTBioe9MKJOGSfQyvSqNadbq6TI8wrRc%26affilsrc%3Dapi%26veh%3Daff%26wmlspartner%3Dreadonlyapi&quot;,&quot;affiliateAddToCartUrl&quot;:&quot;http://linksynergy.walmart.com/fs-bin/click?id=|LSNID|&amp;offerid=223073.7200&amp;type=14&amp;catid=8&amp;subid=0&amp;hid=7200&amp;tmpid=1082&amp;RD_PARM1=http%253A%252F%252Faffil.walmart.com%252Fcart%252FaddToCart%253Fitems%253D575982053%257C1%2526affp1%253DH-JVMzorBRQOTBioe9MKJOGSfQyvSqNadbq6TI8wrRc%2526affilsrc%253Dapi&quot;,&quot;freeShippingOver50Dollars&quot;:false,&quot;imageEntities&quot;:[{&quot;thumbnailImage&quot;:&quot;https://i5.walmartimages.com/asr/76edfce8-1619-4327-b740-efa834044cb4_5.94195f4991054ce0e640c48ec063dd53.jpeg?odnHeight=100&amp;odnWidth=100&amp;odnBg=FFFFFF&quot;,&quot;mediumImage&quot;:&quot;https://i5.walmartimages.com/asr/76edfce8-1619-4327-b740-efa834044cb4_5.94195f4991054ce0e640c48ec063dd53.jpeg?odnHeight=180&amp;odnWidth=180&amp;odnBg=FFFFFF&quot;,&quot;largeImage&quot;:&quot;https://i5.walmartimages.com/asr/76edfce8-1619-4327-b740-efa834044cb4_5.94195f4991054ce0e640c48ec063dd53.jpeg?odnHeight=450&amp;odnWidth=450&amp;odnBg=FFFFFF&quot;,&quot;entityType&quot;:&quot;SECONDARY&quot;},{&quot;thumbnailImage&quot;:&quot;https://i5.walmartimages.com/asr/a25b165b-ade7-4353-911f-0b09b65f5ace_2.0489d5ac836f2928405bc8a660ccd1b5.jpeg?odnHeight=100&amp;odnWidth=100&amp;odnBg=FFFFFF&quot;,&quot;mediumImage&quot;:&quot;https://i5.walmartimages.com/asr/a25b165b-ade7-4353-911f-0b09b65f5ace_2.0489d5ac836f2928405bc8a660ccd1b5.jpeg?odnHeight=180&amp;odnWidth=180&amp;odnBg=FFFFFF&quot;,&quot;largeImage&quot;:&quot;https://i5.walmartimages.com/asr/a25b165b-ade7-4353-911f-0b09b65f5ace_2.0489d5ac836f2928405bc8a660ccd1b5.jpeg?odnHeight=450&amp;odnWidth=450&amp;odnBg=FFFFFF&quot;,&quot;entityType&quot;:&quot;SECONDARY&quot;},{&quot;thumbnailImage&quot;:&quot;https://i5.walmartimages.com/asr/634cd539-443d-4bbc-ab09-9baa436f74a2_1.bd30f73748c0aba2efba8c1173ec2b84.jpeg?odnHeight=100&amp;odnWidth=100&amp;odnBg=FFFFFF&quot;,&quot;mediumImage&quot;:&quot;https://i5.walmartimages.com/asr/634cd539-443d-4bbc-ab09-9baa436f74a2_1.bd30f73748c0aba2efba8c1173ec2b84.jpeg?odnHeight=180&amp;odnWidth=180&amp;odnBg=FFFFFF&quot;,&quot;largeImage&quot;:&quot;https://i5.walmartimages.com/asr/634cd539-443d-4bbc-ab09-9baa436f74a2_1.bd30f73748c0aba2efba8c1173ec2b84.jpeg?odnHeight=450&amp;odnWidth=450&amp;odnBg=FFFFFF&quot;,&quot;entityType&quot;:&quot;SECONDARY&quot;},{&quot;thumbnailImage&quot;:&quot;https://i5.walmartimages.com/asr/00ea312f-3096-4250-9a7c-2b8537786fe1_1.cc01720be69aed531788df1adaac93bf.jpeg?odnHeight=100&amp;odnWidth=100&amp;odnBg=FFFFFF&quot;,&quot;mediumImage&quot;:&quot;https://i5.walmartimages.com/asr/00ea312f-3096-4250-9a7c-2b8537786fe1_1.cc01720be69aed531788df1adaac93bf.jpeg?odnHeight=180&amp;odnWidth=180&amp;odnBg=FFFFFF&quot;,&quot;largeImage&quot;:&quot;https://i5.walmartimages.com/asr/00ea312f-3096-4250-9a7c-2b8537786fe1_1.cc01720be69aed531788df1adaac93bf.jpeg?odnHeight=450&amp;odnWidth=450&amp;odnBg=FFFFFF&quot;,&quot;entityType&quot;:&quot;SECONDARY&quot;},{&quot;thumbnailImage&quot;:&quot;https://i5.walmartimages.com/asr/d2437531-25de-412d-9eaf-24bd1b69fef1_1.0a3342872ed986b7030f8583dc59d6e2.jpeg?odnHeight=100&amp;odnWidth=100&amp;odnBg=FFFFFF&quot;,&quot;mediumImage&quot;:&quot;https://i5.walmartimages.com/asr/d2437531-25de-412d-9eaf-24bd1b69fef1_1.0a3342872ed986b7030f8583dc59d6e2.jpeg?odnHeight=180&amp;odnWidth=180&amp;odnBg=FFFFFF&quot;,&quot;largeImage&quot;:&quot;https://i5.walmartimages.com/asr/d2437531-25de-412d-9eaf-24bd1b69fef1_1.0a3342872ed986b7030f8583dc59d6e2.jpeg?odnHeight=450&amp;odnWidth=450&amp;odnBg=FFFFFF&quot;,&quot;entityType&quot;:&quot;SECONDARY&quot;},{&quot;thumbnailImage&quot;:&quot;https://i5.walmartimages.com/asr/0bf731df-812e-4b21-bcff-cec1940ab2b4_1.a757d6cbee25ecc332a89fb98585c6a3.jpeg?odnHeight=100&amp;odnWidth=100&amp;odnBg=FFFFFF&quot;,&quot;mediumImage&quot;:&quot;https://i5.walmartimages.com/asr/0bf731df-812e-4b21-bcff-cec1940ab2b4_1.a757d6cbee25ecc332a89fb98585c6a3.jpeg?odnHeight=180&amp;odnWidth=180&amp;odnBg=FFFFFF&quot;,&quot;largeImage&quot;:&quot;https://i5.walmartimages.com/asr/0bf731df-812e-4b21-bcff-cec1940ab2b4_1.a757d6cbee25ecc332a89fb98585c6a3.jpeg?odnHeight=450&amp;odnWidth=450&amp;odnBg=FFFFFF&quot;,&quot;entityType&quot;:&quot;SECONDARY&quot;},{&quot;thumbnailImage&quot;:&quot;https://i5.walmartimages.com/asr/6fc1eaf4-7a44-4dd2-8d70-0861903e8534_1.72fff4ae1d6ea97c864454fd9d78bb2b.jpeg?odnHeight=100&amp;odnWidth=100&amp;odnBg=FFFFFF&quot;,&quot;mediumImage&quot;:&quot;https://i5.walmartimages.com/asr/6fc1eaf4-7a44-4dd2-8d70-0861903e8534_1.72fff4ae1d6ea97c864454fd9d78bb2b.jpeg?odnHeight=180&amp;odnWidth=180&amp;odnBg=FFFFFF&quot;,&quot;largeImage&quot;:&quot;https://i5.walmartimages.com/asr/6fc1eaf4-7a44-4dd2-8d70-0861903e8534_1.72fff4ae1d6ea97c864454fd9d78bb2b.jpeg?odnHeight=450&amp;odnWidth=450&amp;odnBg=FFFFFF&quot;,&quot;entityType&quot;:&quot;SECONDARY&quot;},{&quot;thumbnailImage&quot;:&quot;https://i5.walmartimages.com/asr/d346930f-01ea-496b-beb2-b5f7c01bd20a_2.028eb86e82f738819be6bd7f8462b02e.jpeg?odnHeight=100&amp;odnWidth=100&amp;odnBg=FFFFFF&quot;,&quot;mediumImage&quot;:&quot;https://i5.walmartimages.com/asr/d346930f-01ea-496b-beb2-b5f7c01bd20a_2.028eb86e82f738819be6bd7f8462b02e.jpeg?odnHeight=180&amp;odnWidth=180&amp;odnBg=FFFFFF&quot;,&quot;largeImage&quot;:&quot;https://i5.walmartimages.com/asr/d346930f-01ea-496b-beb2-b5f7c01bd20a_2.028eb86e82f738819be6bd7f8462b02e.jpeg?odnHeight=450&amp;odnWidth=450&amp;odnBg=FFFFFF&quot;,&quot;entityType&quot;:&quot;SECONDARY&quot;},{&quot;thumbnailImage&quot;:&quot;https://i5.walmartimages.com/asr/1b4cd78e-8694-4037-9c07-78a2f8798572_5.7c7b6f2e147af8ed1065b0d430c9b479.jpeg?odnHeight=100&amp;odnWidth=100&amp;odnBg=FFFFFF&quot;,&quot;mediumImage&quot;:&quot;https://i5.walmartimages.com/asr/1b4cd78e-8694-4037-9c07-78a2f8798572_5.7c7b6f2e147af8ed1065b0d430c9b479.jpeg?odnHeight=180&amp;odnWidth=180&amp;odnBg=FFFFFF&quot;,&quot;largeImage&quot;:&quot;https://i5.walmartimages.com/asr/1b4cd78e-8694-4037-9c07-78a2f8798572_5.7c7b6f2e147af8ed1065b0d430c9b479.jpeg?odnHeight=450&amp;odnWidth=450&amp;odnBg=FFFFFF&quot;,&quot;entityType&quot;:&quot;PRIMARY&quot;}],&quot;offerType&quot;:&quot;ONLINE_AND_STORE&quot;,&quot;isTwoDayShippingEligible&quot;:false,&quot;availableOnline&quot;:true},{&quot;itemId&quot;:55500567,&quot;parentItemId&quot;:55500567,&quot;name&quot;:&quot;\&quot;SAMSUNG 55\&quot;\&quot; Class Curved 4K (2160P) Ultra HD Smart LED TV (UN55MU8500FXZA)\&quot;&quot;,&quot;msrp&quot;:1699.99,&quot;salePrice&quot;:699.99,&quot;upc&quot;:&quot;887276201313&quot;,&quot;categoryPath&quot;:&quot;Electronics/TV &amp; Video/All TVs&quot;,&quot;shortDescription&quot;:&quot;The Samsung MU8500 Curved 4K Ultra HDTV redefines the viewing experience that produces over a billion colors with 4K Color Drive Extreme and a High Dynamic Range (HDR) picture. Our new Smart TV user-interface (UI), the new Smart Remote Controller with voice navigation capability provides faster access to your favorite streaming content choices and more.&quot;,&quot;longDescription&quot;:&quot;&amp;lt;br&amp;gt;&amp;lt;b&amp;gt;Samsung 55&amp;quot; Class TV (UN55MU8500FXZA):&amp;lt;/b&amp;gt;&amp;lt;br&amp;gt;&amp;lt;br&amp;gt;&amp;lt;b&amp;gt;Key Features:&amp;lt;/b&amp;gt;&amp;lt;ul&amp;gt;&amp;lt;li&amp;gt;Screen Size (Diag.): 54.6&amp;quot;&amp;lt;/li&amp;gt;&amp;lt;li&amp;gt;Backlight Type: LED&amp;lt;/li&amp;gt;&amp;lt;li&amp;gt;Resolution: 3840 x 2160p&amp;lt;/li&amp;gt;&amp;lt;li&amp;gt;Effective Refresh Rate: 120Hz&amp;lt;/li&amp;gt;&amp;lt;li&amp;gt;Smart Functionality: yes&amp;lt;/li&amp;gt;&amp;lt;li&amp;gt;Smart Platform: Smart HUB&amp;lt;/li&amp;gt;&amp;lt;li&amp;gt;Aspect Ratio: 16:9&amp;lt;/li&amp;gt;&amp;lt;li&amp;gt;Viewable Angle (H/V): 178 degrees/178 degrees&amp;lt;/li&amp;gt;&amp;lt;li&amp;gt;OSD Language: English, Spanish, French&amp;lt;/li&amp;gt;&amp;lt;li&amp;gt;Speakers/Power Output: 40W 2.1 channel&amp;lt;/li&amp;gt;&amp;lt;li&amp;gt;Sound System: Dolby Digital Plus and DTS Premium Sound&amp;lt;/li&amp;gt;&amp;lt;/ul&amp;gt;&amp;lt;b&amp;gt;Connectivity:&amp;lt;/b&amp;gt;&amp;lt;ul&amp;gt;&amp;lt;li&amp;gt;HDMI Inputs: 4&amp;lt;/li&amp;gt;&amp;lt;li&amp;gt;1 x RS-232C&amp;lt;/li&amp;gt;&amp;lt;li&amp;gt;USB Ports: 3&amp;lt;/li&amp;gt;&amp;lt;li&amp;gt;Built-in WiFi: yes&amp;lt;/li&amp;gt;&amp;lt;/ul&amp;gt;&amp;lt;b&amp;gt;What&#039;s In The Box:&amp;lt;/b&amp;gt;&amp;lt;ul&amp;gt;&amp;lt;li&amp;gt;Power cable&amp;lt;/li&amp;gt;&amp;lt;li&amp;gt;Smart Remote Control&amp;lt;/li&amp;gt;&amp;lt;li&amp;gt;One Connect Mini Box&amp;lt;/li&amp;gt;&amp;lt;li&amp;gt;Single Clean Cable&amp;lt;/li&amp;gt;&amp;lt;/ul&amp;gt;&amp;lt;b&amp;gt;Wall-mountable:&amp;lt;/b&amp;gt;&amp;lt;ul&amp;gt;&amp;lt;li&amp;gt;Mount Pattern: 400mm x 400mm&amp;lt;/li&amp;gt;&amp;lt;li&amp;gt;Screw Size: M6&amp;lt;/li&amp;gt;&amp;lt;li&amp;gt;Screw Length: 12mm&amp;lt;/li&amp;gt;&amp;lt;/ul&amp;gt;&amp;lt;b&amp;gt;Support and Warranty:&amp;lt;/b&amp;gt;&amp;lt;ul&amp;gt;&amp;lt;li&amp;gt;1 year warranty&amp;lt;/li&amp;gt;&amp;lt;/ul&amp;gt;&amp;lt;br&amp;gt;&amp;lt;br&amp;gt;Flat Screen TV stand sold separately. See all &amp;lt;b&amp;gt;&amp;lt;a href=&amp;quot;https://www.walmart.com/browse/tv-stands-entertainment-centers/tv-stands/4044_103150_635499_133114&amp;quot;&amp;gt;TV stands.&amp;lt;/a&amp;gt;&amp;lt;/b&amp;gt;&amp;lt;br&amp;gt;&amp;lt;br&amp;gt;Flat Screen TV mount sold separately. See all &amp;lt;b&amp;gt;&amp;lt;a href=&amp;quot;https://www.walmart.com/browse/tv-accessories/tv-mounts/3944_1060825_133270_581514&amp;quot;&amp;gt;TV mounts.&amp;lt;/a&amp;gt;&amp;lt;/b&amp;gt; &amp;lt;br&amp;gt;&amp;lt;br&amp;gt;TV audio equipment sold separately. See all &amp;lt;b&amp;gt;&amp;lt;a href=&amp;quot;https://www.walmart.com/browse/home-audio-theater/home-theater-systems/3944_77622_650659&amp;quot;&amp;gt;Home Theater Systems.&amp;lt;/a&amp;gt;&amp;lt;/b&amp;gt; &amp;lt;br&amp;gt;&amp;lt;br&amp;gt;HDMI cables sold separately. See all &amp;lt;b&amp;gt;&amp;lt;a href=&amp;quot;%20https://www.walmart.com/search/?query=hdmi%20cable&amp;amp;cat_id=3944&amp;quot; target=&amp;quot;_blank&amp;quot;&amp;gt;HDMI Cables.&amp;lt;/a&amp;gt;&amp;lt;/b&amp;gt;&amp;lt;br&amp;gt;&amp;lt;br&amp;gt;Accessories sold separately. See all &amp;lt;b&amp;gt;&amp;lt;a href=&amp;quot;https://www.walmart.com/browse/electronics/tv-accessories/3944_1060825_133270&amp;quot;&amp;gt;Accessories.&amp;lt;br&amp;gt;&amp;lt;/a&amp;gt;&amp;lt;/b&amp;gt;&quot;,&quot;brandName&quot;:&quot;Samsung&quot;,&quot;thumbnailImage&quot;:&quot;https://i5.walmartimages.com/asr/3601bb62-d06e-4f10-9ce3-f463c52a8662_1.49cb61faaa3712de735801d77362deba.jpeg?odnHeight=100&amp;odnWidth=100&amp;odnBg=FFFFFF&quot;,&quot;mediumImage&quot;:&quot;https://i5.walmartimages.com/asr/3601bb62-d06e-4f10-9ce3-f463c52a8662_1.49cb61faaa3712de735801d77362deba.jpeg?odnHeight=180&amp;odnWidth=180&amp;odnBg=FFFFFF&quot;,&quot;largeImage&quot;:&quot;https://i5.walmartimages.com/asr/3601bb62-d06e-4f10-9ce3-f463c52a8662_1.49cb61faaa3712de735801d77362deba.jpeg?odnHeight=450&amp;odnWidth=450&amp;odnBg=FFFFFF&quot;,&quot;productTrackingUrl&quot;:&quot;http://linksynergy.walmart.com/fs-bin/click?id=|LSNID|&amp;offerid=223073.7200&amp;type=14&amp;catid=8&amp;subid=0&amp;hid=7200&amp;tmpid=1082&amp;RD_PARM1=https%253A%252F%252Fwww.walmart.com%252Fip%252FSAMSUNG-55-Class-Curved-4K-2160P-Ultra-HD-Smart-LED-TV-UN55MU8500FXZA%252F55500567%253Faffp1%253DH-JVMzorBRQOTBioe9MKJOGSfQyvSqNadbq6TI8wrRc%2526affilsrc%253Dapi&quot;,&quot;ninetySevenCentShipping&quot;:false,&quot;standardShipRate&quot;:0.0,&quot;size&quot;:&quot;Y&quot;,&quot;color&quot;:&quot;SilverBlack&quot;,&quot;shipToStore&quot;:true,&quot;freeShipToStore&quot;:true,&quot;modelNumber&quot;:&quot;UN55MU8500FXZA&quot;,&quot;productUrl&quot;:&quot;http://c.affil.walmart.com/t/api01?l=https%3A%2F%2Fwww.walmart.com%2Fip%2FSAMSUNG-55-Class-Curved-4K-2160P-Ultra-HD-Smart-LED-TV-UN55MU8500FXZA%2F55500567%3Faffp1%3DH-JVMzorBRQOTBioe9MKJOGSfQyvSqNadbq6TI8wrRc%26affilsrc%3Dapi%26veh%3Daff%26wmlspartner%3Dreadonlyapi&quot;,&quot;customerRating&quot;:&quot;4.37&quot;,&quot;numReviews&quot;:27,&quot;customerRatingImage&quot;:&quot;http://i2.walmartimages.com/i/CustRating/4_4.gif&quot;,&quot;bestMarketplacePrice&quot;:{&quot;sellerInfo&quot;:&quot;Walts TV&quot;,&quot;standardShipRate&quot;:0.0,&quot;availableOnline&quot;:true,&quot;clearance&quot;:false,&quot;offerType&quot;:&quot;ONLINE_ONLY&quot;},&quot;categoryNode&quot;:&quot;3944_1060825_447913&quot;,&quot;bundle&quot;:false,&quot;clearance&quot;:false,&quot;preOrder&quot;:false,&quot;stock&quot;:&quot;Available&quot;,&quot;attributes&quot;:{&quot;color&quot;:&quot;Silver&quot;,&quot;isOrderable&quot;:&quot;Y&quot;,&quot;isReplenishable&quot;:&quot;0&quot;},&quot;addToCartUrl&quot;:&quot;http://c.affil.walmart.com/t/api01?l=http%3A%2F%2Faffil.walmart.com%2Fcart%2FaddToCart%3Fitems%3D55500567%7C1%26affp1%3DH-JVMzorBRQOTBioe9MKJOGSfQyvSqNadbq6TI8wrRc%26affilsrc%3Dapi%26veh%3Daff%26wmlspartner%3Dreadonlyapi&quot;,&quot;affiliateAddToCartUrl&quot;:&quot;http://linksynergy.walmart.com/fs-bin/click?id=|LSNID|&amp;offerid=223073.7200&amp;type=14&amp;catid=8&amp;subid=0&amp;hid=7200&amp;tmpid=1082&amp;RD_PARM1=http%253A%252F%252Faffil.walmart.com%252Fcart%252FaddToCart%253Fitems%253D55500567%257C1%2526affp1%253DH-JVMzorBRQOTBioe9MKJOGSfQyvSqNadbq6TI8wrRc%2526affilsrc%253Dapi&quot;,&quot;freeShippingOver50Dollars&quot;:true,&quot;giftOptions&quot;:{&quot;allowGiftWrap&quot;:false,&quot;allowGiftMessage&quot;:false,&quot;allowGiftReceipt&quot;:false},&quot;imageEntities&quot;:[{&quot;thumbnailImage&quot;:&quot;https://i5.walmartimages.com/asr/8cddb81c-0ca2-4880-881f-a9c6ebeb3e51_1.0f6f49ee88b9de12057894318186df4d.jpeg?odnHeight=100&amp;odnWidth=100&amp;odnBg=FFFFFF&quot;,&quot;mediumImage&quot;:&quot;https://i5.walmartimages.com/asr/8cddb81c-0ca2-4880-881f-a9c6ebeb3e51_1.0f6f49ee88b9de12057894318186df4d.jpeg?odnHeight=180&amp;odnWidth=180&amp;odnBg=FFFFFF&quot;,&quot;largeImage&quot;:&quot;https://i5.walmartimages.com/asr/8cddb81c-0ca2-4880-881f-a9c6ebeb3e51_1.0f6f49ee88b9de12057894318186df4d.jpeg?odnHeight=450&amp;odnWidth=450&amp;odnBg=FFFFFF&quot;,&quot;entityType&quot;:&quot;SECONDARY&quot;},{&quot;thumbnailImage&quot;:&quot;https://i5.walmartimages.com/asr/95a37498-7e1d-4a29-a853-1a67df7dbd93_1.83ddb585b3939cef785894dad2b534a9.jpeg?odnHeight=100&amp;odnWidth=100&amp;odnBg=FFFFFF&quot;,&quot;mediumImage&quot;:&quot;https://i5.walmartimages.com/asr/95a37498-7e1d-4a29-a853-1a67df7dbd93_1.83ddb585b3939cef785894dad2b534a9.jpeg?odnHeight=180&amp;odnWidth=180&amp;odnBg=FFFFFF&quot;,&quot;largeImage&quot;:&quot;https://i5.walmartimages.com/asr/95a37498-7e1d-4a29-a853-1a67df7dbd93_1.83ddb585b3939cef785894dad2b534a9.jpeg?odnHeight=450&amp;odnWidth=450&amp;odnBg=FFFFFF&quot;,&quot;entityType&quot;:&quot;SECONDARY&quot;},{&quot;thumbnailImage&quot;:&quot;https://i5.walmartimages.com/asr/4b4c5eb6-0e8d-4545-8333-faacf141155d_1.76053f2f192c9e681636446e0915140f.jpeg?odnHeight=100&amp;odnWidth=100&amp;odnBg=FFFFFF&quot;,&quot;mediumImage&quot;:&quot;https://i5.walmartimages.com/asr/4b4c5eb6-0e8d-4545-8333-faacf141155d_1.76053f2f192c9e681636446e0915140f.jpeg?odnHeight=180&amp;odnWidth=180&amp;odnBg=FFFFFF&quot;,&quot;largeImage&quot;:&quot;https://i5.walmartimages.com/asr/4b4c5eb6-0e8d-4545-8333-faacf141155d_1.76053f2f192c9e681636446e0915140f.jpeg?odnHeight=450&amp;odnWidth=450&amp;odnBg=FFFFFF&quot;,&quot;entityType&quot;:&quot;SECONDARY&quot;},{&quot;thumbnailImage&quot;:&quot;https://i5.walmartimages.com/asr/23db891e-cafa-45e7-9d9f-847612529af7_1.434a15679022bfa2aeb669b730458705.jpeg?odnHeight=100&amp;odnWidth=100&amp;odnBg=FFFFFF&quot;,&quot;mediumImage&quot;:&quot;https://i5.walmartimages.com/asr/23db891e-cafa-45e7-9d9f-847612529af7_1.434a15679022bfa2aeb669b730458705.jpeg?odnHeight=180&amp;odnWidth=180&amp;odnBg=FFFFFF&quot;,&quot;largeImage&quot;:&quot;https://i5.walmartimages.com/asr/23db891e-cafa-45e7-9d9f-847612529af7_1.434a15679022bfa2aeb669b730458705.jpeg?odnHeight=450&amp;odnWidth=450&amp;odnBg=FFFFFF&quot;,&quot;entityType&quot;:&quot;SECONDARY&quot;},{&quot;thumbnailImage&quot;:&quot;https://i5.walmartimages.com/asr/99a59521-a5c5-4a29-922c-be35523cc634_1.7130ff82082939adbedf76a589d795f5.jpeg?odnHeight=100&amp;odnWidth=100&amp;odnBg=FFFFFF&quot;,&quot;mediumImage&quot;:&quot;https://i5.walmartimages.com/asr/99a59521-a5c5-4a29-922c-be35523cc634_1.7130ff82082939adbedf76a589d795f5.jpeg?odnHeight=180&amp;odnWidth=180&amp;odnBg=FFFFFF&quot;,&quot;largeImage&quot;:&quot;https://i5.walmartimages.com/asr/99a59521-a5c5-4a29-922c-be35523cc634_1.7130ff82082939adbedf76a589d795f5.jpeg?odnHeight=450&amp;odnWidth=450&amp;odnBg=FFFFFF&quot;,&quot;entityType&quot;:&quot;SECONDARY&quot;},{&quot;thumbnailImage&quot;:&quot;https://i5.walmartimages.com/asr/3dd1c0ba-526a-4c95-b6c9-e39598770593_1.ab03a34384492ff80ed38f53d1cf8585.jpeg?odnHeight=100&amp;odnWidth=100&amp;odnBg=FFFFFF&quot;,&quot;mediumImage&quot;:&quot;https://i5.walmartimages.com/asr/3dd1c0ba-526a-4c95-b6c9-e39598770593_1.ab03a34384492ff80ed38f53d1cf8585.jpeg?odnHeight=180&amp;odnWidth=180&amp;odnBg=FFFFFF&quot;,&quot;largeImage&quot;:&quot;https://i5.walmartimages.com/asr/3dd1c0ba-526a-4c95-b6c9-e39598770593_1.ab03a34384492ff80ed38f53d1cf8585.jpeg?odnHeight=450&amp;odnWidth=450&amp;odnBg=FFFFFF&quot;,&quot;entityType&quot;:&quot;SECONDARY&quot;},{&quot;thumbnailImage&quot;:&quot;https://i5.walmartimages.com/asr/0848506f-5863-40a1-a8b6-0278278e9e9f_1.d02ae6c0c3eabe08ec2f2b094b02b74b.jpeg?odnHeight=100&amp;odnWidth=100&amp;odnBg=FFFFFF&quot;,&quot;mediumImage&quot;:&quot;https://i5.walmartimages.com/asr/0848506f-5863-40a1-a8b6-0278278e9e9f_1.d02ae6c0c3eabe08ec2f2b094b02b74b.jpeg?odnHeight=180&amp;odnWidth=180&amp;odnBg=FFFFFF&quot;,&quot;largeImage&quot;:&quot;https://i5.walmartimages.com/asr/0848506f-5863-40a1-a8b6-0278278e9e9f_1.d02ae6c0c3eabe08ec2f2b094b02b74b.jpeg?odnHeight=450&amp;odnWidth=450&amp;odnBg=FFFFFF&quot;,&quot;entityType&quot;:&quot;SECONDARY&quot;},{&quot;thumbnailImage&quot;:&quot;https://i5.walmartimages.com/asr/017757bb-a0c8-4106-952c-2edee52e5904_1.965b7accab5e02ccefc12ffb0310d5b7.jpeg?odnHeight=100&amp;odnWidth=100&amp;odnBg=FFFFFF&quot;,&quot;mediumImage&quot;:&quot;https://i5.walmartimages.com/asr/017757bb-a0c8-4106-952c-2edee52e5904_1.965b7accab5e02ccefc12ffb0310d5b7.jpeg?odnHeight=180&amp;odnWidth=180&amp;odnBg=FFFFFF&quot;,&quot;largeImage&quot;:&quot;https://i5.walmartimages.com/asr/017757bb-a0c8-4106-952c-2edee52e5904_1.965b7accab5e02ccefc12ffb0310d5b7.jpeg?odnHeight=450&amp;odnWidth=450&amp;odnBg=FFFFFF&quot;,&quot;entityType&quot;:&quot;SECONDARY&quot;},{&quot;thumbnailImage&quot;:&quot;https://i5.walmartimages.com/asr/b437bdf3-398e-4abe-9c7c-0d6a53ff9f7b_1.590bd502e01243ff0aa57159e865eac1.jpeg?odnHeight=100&amp;odnWidth=100&amp;odnBg=FFFFFF&quot;,&quot;mediumImage&quot;:&quot;https://i5.walmartimages.com/asr/b437bdf3-398e-4abe-9c7c-0d6a53ff9f7b_1.590bd502e01243ff0aa57159e865eac1.jpeg?odnHeight=180&amp;odnWidth=180&amp;odnBg=FFFFFF&quot;,&quot;largeImage&quot;:&quot;https://i5.walmartimages.com/asr/b437bdf3-398e-4abe-9c7c-0d6a53ff9f7b_1.590bd502e01243ff0aa57159e865eac1.jpeg?odnHeight=450&amp;odnWidth=450&amp;odnBg=FFFFFF&quot;,&quot;entityType&quot;:&quot;SECONDARY&quot;},{&quot;thumbnailImage&quot;:&quot;https://i5.walmartimages.com/asr/7f2f9b9a-463e-4d94-a711-b2ef003e6dc1_1.a9a88f2fbacbe0261a9e20b0ce1bedd8.jpeg?odnHeight=100&amp;odnWidth=100&amp;odnBg=FFFFFF&quot;,&quot;mediumImage&quot;:&quot;https://i5.walmartimages.com/asr/7f2f9b9a-463e-4d94-a711-b2ef003e6dc1_1.a9a88f2fbacbe0261a9e20b0ce1bedd8.jpeg?odnHeight=180&amp;odnWidth=180&amp;odnBg=FFFFFF&quot;,&quot;largeImage&quot;:&quot;https://i5.walmartimages.com/asr/7f2f9b9a-463e-4d94-a711-b2ef003e6dc1_1.a9a88f2fbacbe0261a9e20b0ce1bedd8.jpeg?odnHeight=450&amp;odnWidth=450&amp;odnBg=FFFFFF&quot;,&quot;entityType&quot;:&quot;SECONDARY&quot;},{&quot;thumbnailImage&quot;:&quot;https://i5.walmartimages.com/asr/32de1430-a92a-490c-84f8-5c163adb3a37_1.3e443ca468aaf1066cdc8fe14833999e.jpeg?odnHeight=100&amp;odnWidth=100&amp;odnBg=FFFFFF&quot;,&quot;mediumImage&quot;:&quot;https://i5.walmartimages.com/asr/32de1430-a92a-490c-84f8-5c163adb3a37_1.3e443ca468aaf1066cdc8fe14833999e.jpeg?odnHeight=180&amp;odnWidth=180&amp;odnBg=FFFFFF&quot;,&quot;largeImage&quot;:&quot;https://i5.walmartimages.com/asr/32de1430-a92a-490c-84f8-5c163adb3a37_1.3e443ca468aaf1066cdc8fe14833999e.jpeg?odnHeight=450&amp;odnWidth=450&amp;odnBg=FFFFFF&quot;,&quot;entityType&quot;:&quot;SECONDARY&quot;},{&quot;thumbnailImage&quot;:&quot;https://i5.walmartimages.com/asr/c6ccd449-2bf9-442d-9a05-b0c7789ec836_1.fced48c1d7ad4a75a29ce960c3ac5ac7.jpeg?odnHeight=100&amp;odnWidth=100&amp;odnBg=FFFFFF&quot;,&quot;mediumImage&quot;:&quot;https://i5.walmartimages.com/asr/c6ccd449-2bf9-442d-9a05-b0c7789ec836_1.fced48c1d7ad4a75a29ce960c3ac5ac7.jpeg?odnHeight=180&amp;odnWidth=180&amp;odnBg=FFFFFF&quot;,&quot;largeImage&quot;:&quot;https://i5.walmartimages.com/asr/c6ccd449-2bf9-442d-9a05-b0c7789ec836_1.fced48c1d7ad4a75a29ce960c3ac5ac7.jpeg?odnHeight=450&amp;odnWidth=450&amp;odnBg=FFFFFF&quot;,&quot;entityType&quot;:&quot;SECONDARY&quot;},{&quot;thumbnailImage&quot;:&quot;https://i5.walmartimages.com/asr/4f29f3d9-19f8-4de0-8d13-37e5eabd78d2_1.760a224659d3bc8ecc2199481d4e3a46.jpeg?odnHeight=100&amp;odnWidth=100&amp;odnBg=FFFFFF&quot;,&quot;mediumImage&quot;:&quot;https://i5.walmartimages.com/asr/4f29f3d9-19f8-4de0-8d13-37e5eabd78d2_1.760a224659d3bc8ecc2199481d4e3a46.jpeg?odnHeight=180&amp;odnWidth=180&amp;odnBg=FFFFFF&quot;,&quot;largeImage&quot;:&quot;https://i5.walmartimages.com/asr/4f29f3d9-19f8-4de0-8d13-37e5eabd78d2_1.760a224659d3bc8ecc2199481d4e3a46.jpeg?odnHeight=450&amp;odnWidth=450&amp;odnBg=FFFFFF&quot;,&quot;entityType&quot;:&quot;SECONDARY&quot;},{&quot;thumbnailImage&quot;:&quot;https://i5.walmartimages.com/asr/44d34d9d-759f-41c9-8c7a-89d965f1ee9d_1.95dce8e8517c5098f0cfdd162302fe20.gif?odnHeight=100&amp;odnWidth=100&amp;odnBg=FFFFFF&quot;,&quot;mediumImage&quot;:&quot;https://i5.walmartimages.com/asr/44d34d9d-759f-41c9-8c7a-89d965f1ee9d_1.95dce8e8517c5098f0cfdd162302fe20.gif?odnHeight=180&amp;odnWidth=180&amp;odnBg=FFFFFF&quot;,&quot;largeImage&quot;:&quot;https://i5.walmartimages.com/asr/44d34d9d-759f-41c9-8c7a-89d965f1ee9d_1.95dce8e8517c5098f0cfdd162302fe20.gif?odnHeight=450&amp;odnWidth=450&amp;odnBg=FFFFFF&quot;,&quot;entityType&quot;:&quot;SECONDARY&quot;},{&quot;thumbnailImage&quot;:&quot;https://i5.walmartimages.com/asr/3601bb62-d06e-4f10-9ce3-f463c52a8662_1.49cb61faaa3712de735801d77362deba.jpeg?odnHeight=100&amp;odnWidth=100&amp;odnBg=FFFFFF&quot;,&quot;mediumImage&quot;:&quot;https://i5.walmartimages.com/asr/3601bb62-d06e-4f10-9ce3-f463c52a8662_1.49cb61faaa3712de735801d77362deba.jpeg?odnHeight=180&amp;odnWidth=180&amp;odnBg=FFFFFF&quot;,&quot;largeImage&quot;:&quot;https://i5.walmartimages.com/asr/3601bb62-d06e-4f10-9ce3-f463c52a8662_1.49cb61faaa3712de735801d77362deba.jpeg?odnHeight=450&amp;odnWidth=450&amp;odnBg=FFFFFF&quot;,&quot;entityType&quot;:&quot;PRIMARY&quot;}],&quot;offerType&quot;:&quot;ONLINE_ONLY&quot;,&quot;isTwoDayShippingEligible&quot;:true,&quot;availableOnline&quot;:true}]}">
      <![CDATA[java.lang.IllegalStateException: Not a JSON Array: {"time":1526465704021,"items":[{"itemId":722613447,"parentItemId":722613447,"name":"Farberware 3.2-Quart Digital Oil-Less Fryer, Black","msrp":69.0,"salePrice":50.0,"upc":"848052004283","categoryPath":"Home/Appliances/Kitchen Appliances/Fryers/Air Fryers","shortDescription":"The Farberware Digital Oil-Less Fryer is an healthier alternative to traditional frying using little-to-no oil. Use this Oil-Less fryer to bake, cook or fry up to two pounds of your favorite foods. With its rapid hot air technology and its eight preprogrammed cooking options, the Farberware Digital Oil-Less Fryer is the perfect complement to any kitchen. Using little to no oil, this unit circulates hot air evenly around the food, which provides uniform cooking. Give your food a crispy finish without the guilt of cooking with excess oil. Use the digital touchscreen control panel to set the time and temperature that you want, or select from one of the eight easy-to-use preprogrammed options. Cooking has never been so easy with the Farberware Digital Oil-Less Fryer!","longDescription":"&lt;ul&gt;&lt;li&gt;Healthier alternative to traditional frying using little-to-no-oil&lt;/li&gt;&lt;li&gt;8 easy-to-use preprogrammed cooking options&lt;/li&gt;&lt;li&gt;Strong hot air convection for fast, healthy cooking&lt;/li&gt;&lt;li&gt;3-liter capacity, cooks up to 2 lbs of food&lt;/li&gt;&lt;li&gt;Digital touchscreen control panel: set the time and temperature that you want, or select from 1 of the 8 easy-to use preprogrammed options&lt;/li&gt;&lt;li&gt;Temperature selector from 150 to 400 degrees F&lt;/li&gt;&lt;li&gt;Dishwasher-safe basket for easy cleaning&lt;/li&gt;&lt;li&gt;Using little to no oil, this unit circulates hot air evenly around the food, which provides uniform cooking&lt;/li&gt;&lt;li&gt;Give your food a crispy finish without the guilt of cooking with excess oil&lt;/li&gt;&lt;li&gt;Includes 25 recipes&lt;/li&gt;&lt;li&gt;Dimensions: 14&quot;L x 10.7&quot;W x 12.5&quot;H&lt;/li&gt;&lt;li&gt;Model# FBWFT43479BK&lt;/li&gt;&lt;/ul&gt;","brandName":"Farberware","thumbnailImage":"https://i5.walmartimages.com/asr/7449781e-fca4-4d1d-9f1e-88bd5accafff_1.e691285467bc22e4f32c546415cf377f.jpeg?odnHeight=100&odnWidth=100&odnBg=FFFFFF","mediumImage":"https://i5.walmartimages.com/asr/7449781e-fca4-4d1d-9f1e-88bd5accafff_1.e691285467bc22e4f32c546415cf377f.jpeg?odnHeight=180&odnWidth=180&odnBg=FFFFFF","largeImage":"https://i5.walmartimages.com/asr/7449781e-fca4-4d1d-9f1e-88bd5accafff_1.e691285467bc22e4f32c546415cf377f.jpeg?odnHeight=450&odnWidth=450&odnBg=FFFFFF","productTrackingUrl":"http://linksynergy.walmart.com/fs-bin/click?id=|LSNID|&offerid=223073.7200&type=14&catid=8&subid=0&hid=7200&tmpid=1082&RD_PARM1=https%253A%252F%252Fwww.walmart.com%252Fip%252FFarberware-3-2-Quart-Digital-Oil-Less-Fryer-Black%252F722613447%253Faffp1%253DH-JVMzorBRQOTBioe9MKJOGSfQyvSqNadbq6TI8wrRc%2526affilsrc%253Dapi","ninetySevenCentShipping":false,"standardShipRate":0.0,"size":"9880707","color":"Black","marketplace":false,"shipToStore":true,"freeShipToStore":true,"modelNumber":"FBWFT43479BK","productUrl":"http://c.affil.walmart.com/t/api01?l=https%3A%2F%2Fwww.walmart.com%2Fip%2FFarberware-3-2-Quart-Digital-Oil-Less-Fryer-Black%2F722613447%3Faffp1%3DH-JVMzorBRQOTBioe9MKJOGSfQyvSqNadbq6TI8wrRc%26affilsrc%3Dapi%26veh%3Daff%26wmlspartner%3Dreadonlyapi","customerRating":"4.095","numReviews":63,"variants":[722613447,264698854],"customerRatingImage":"http://i2.walmartimages.com/i/CustRating/4_1.gif","categoryNode":"4044_90548_90546","bundle":false,"clearance":false,"preOrder":false,"stock":"Available","attributes":{"color":"Black","consumerItemNumber":"9880707","wklyFcstWeeks":"343.94519277719348300000"},"addToCartUrl":"http://c.affil.walmart.com/t/api01?l=http%3A%2F%2Faffil.walmart.com%2Fcart%2FaddToCart%3Fitems%3D722613447%7C1%26affp1%3DH-JVMzorBRQOTBioe9MKJOGSfQyvSqNadbq6TI8wrRc%26affilsrc%3Dapi%26veh%3Daff%26wmlspartner%3Dreadonlyapi","affiliateAddToCartUrl":"http://linksynergy.walmart.com/fs-bin/click?id=|LSNID|&offerid=223073.7200&type=14&catid=8&subid=0&hid=7200&tmpid=1082&RD_PARM1=http%253A%252F%252Faffil.walmart.com%252Fcart%252FaddToCart%253Fitems%253D722613447%257C1%2526affp1%253DH-JVMzorBRQOTBioe9MKJOGSfQyvSqNadbq6TI8wrRc%2526affilsrc%253Dapi","freeShippingOver50Dollars":true,"giftOptions":{"allowGiftWrap":false,"allowGiftMessage":false,"allowGiftReceipt":false},"imageEntities":[{"thumbnailImage":"https://i5.walmartimages.com/asr/eefcd35b-b616-4448-ba59-f74aea3131ff_2.ff921ce67a71498eb52885c443914eeb.jpeg?odnHeight=100&odnWidth=100&odnBg=FFFFFF","mediumImage":"https://i5.walmartimages.com/asr/eefcd35b-b616-4448-ba59-f74aea3131ff_2.ff921ce67a71498eb52885c443914eeb.jpeg?odnHeight=180&odnWidth=180&odnBg=FFFFFF","largeImage":"https://i5.walmartimages.com/asr/eefcd35b-b616-4448-ba59-f74aea3131ff_2.ff921ce67a71498eb52885c443914eeb.jpeg?odnHeight=450&odnWidth=450&odnBg=FFFFFF","entityType":"SECONDARY"},{"thumbnailImage":"https://i5.walmartimages.com/asr/0c5c21b5-f9b6-486e-8937-e38b4879a599_1.5c084ce69aba310514a95221fcc1e890.jpeg?odnHeight=100&odnWidth=100&odnBg=FFFFFF","mediumImage":"https://i5.walmartimages.com/asr/0c5c21b5-f9b6-486e-8937-e38b4879a599_1.5c084ce69aba310514a95221fcc1e890.jpeg?odnHeight=180&odnWidth=180&odnBg=FFFFFF","largeImage":"https://i5.walmartimages.com/asr/0c5c21b5-f9b6-486e-8937-e38b4879a599_1.5c084ce69aba310514a95221fcc1e890.jpeg?odnHeight=450&odnWidth=450&odnBg=FFFFFF","entityType":"SECONDARY"},{"thumbnailImage":"https://i5.walmartimages.com/asr/6bdf4968-edd3-4274-9f86-23b89d3c269b_2.d954f28740d2e938fadb90611f0624ef.jpeg?odnHeight=100&odnWidth=100&odnBg=FFFFFF","mediumImage":"https://i5.walmartimages.com/asr/6bdf4968-edd3-4274-9f86-23b89d3c269b_2.d954f28740d2e938fadb90611f0624ef.jpeg?odnHeight=180&odnWidth=180&odnBg=FFFFFF","largeImage":"https://i5.walmartimages.com/asr/6bdf4968-edd3-4274-9f86-23b89d3c269b_2.d954f28740d2e938fadb90611f0624ef.jpeg?odnHeight=450&odnWidth=450&odnBg=FFFFFF","entityType":"SECONDARY"},{"thumbnailImage":"https://i5.walmartimages.com/asr/7449781e-fca4-4d1d-9f1e-88bd5accafff_1.e691285467bc22e4f32c546415cf377f.jpeg?odnHeight=100&odnWidth=100&odnBg=FFFFFF","mediumImage":"https://i5.walmartimages.com/asr/7449781e-fca4-4d1d-9f1e-88bd5accafff_1.e691285467bc22e4f32c546415cf377f.jpeg?odnHeight=180&odnWidth=180&odnBg=FFFFFF","largeImage":"https://i5.walmartimages.com/asr/7449781e-fca4-4d1d-9f1e-88bd5accafff_1.e691285467bc22e4f32c546415cf377f.jpeg?odnHeight=450&odnWidth=450&odnBg=FFFFFF","entityType":"PRIMARY"}],"offerType":"ONLINE_AND_STORE","isTwoDayShippingEligible":true,"availableOnline":true},{"itemId":5027120,"parentItemId":5027120,"name":"16x20 Gallery Wrap Canvas","msrp":39.96,"salePrice":29.97,"categoryPath":"Photo Center/Photo Products/Photo Products","shortDescription":"Picture perfect! Create your very own wall art with a professional, photo quality Gallery-Wrapped Canvas. Customize this beautiful 16x20 inches canvas with a favorite photo, vacation shots, wedding photos, family portraits, and more! The canvas has an elegant finish to highlight and protect your photo. Features a 1.25 inches gallery-wrap, impact-resistant construction, perfectly flat corners, and a solid back. Comes with hinged hardware for wall hanging.","longDescription":"Turn any of your special moments or child's work of art into your homes next conversation piece! Using archival quality archival inks that resist fading, your image is printed to canvas fabric that is resistant to moisture, scratching and fading of your image. The Canvas Features a 1.25 inches gallery wrap, impact-resistant construction, perfectly flat corners, and a solid back. Comes with hinged hardware for wall hanging. We also offer a variety of frames to finish your canvas.&lt;br&gt;&lt;ul&gt;&lt;li&gt;Also Available for Same-Day pickup&lt;br&gt;&lt;/li&gt;&lt;/ul&gt;&lt;br&gt;","brandName":"Wal-Mart Digital Photo Center","thumbnailImage":"https://i5.walmartimages.com/asr/a83e64d4-50c2-4753-a277-d1d9441446c0_1.022f4c073bf1633bd8af3d24eb8ebb50.jpeg?odnHeight=100&odnWidth=100&odnBg=FFFFFF","mediumImage":"https://i5.walmartimages.com/asr/a83e64d4-50c2-4753-a277-d1d9441446c0_1.022f4c073bf1633bd8af3d24eb8ebb50.jpeg?odnHeight=180&odnWidth=180&odnBg=FFFFFF","largeImage":"https://i5.walmartimages.com/asr/a83e64d4-50c2-4753-a277-d1d9441446c0_1.022f4c073bf1633bd8af3d24eb8ebb50.jpeg?odnHeight=450&odnWidth=450&odnBg=FFFFFF","productTrackingUrl":"http://linksynergy.walmart.com/fs-bin/click?id=|LSNID|&offerid=223073.7200&type=14&catid=8&subid=0&hid=7200&tmpid=1082&RD_PARM1=https%253A%252F%252Fwww.walmart.com%252Fip%252F16x20-Gallery-Wrap-Canvas%252F5027120%253Faffp1%253DH-JVMzorBRQOTBioe9MKJOGSfQyvSqNadbq6TI8wrRc%2526affilsrc%253Dapi","ninetySevenCentShipping":false,"standardShipRate":0.0,"size":"Each","color":"Each","marketplace":false,"shipToStore":true,"freeShipToStore":true,"productUrl":"http://c.affil.walmart.com/t/api01?l=https%3A%2F%2Fwww.walmart.com%2Fip%2F16x20-Gallery-Wrap-Canvas%2F5027120%3Faffp1%3DH-JVMzorBRQOTBioe9MKJOGSfQyvSqNadbq6TI8wrRc%26affilsrc%3Dapi%26veh%3Daff%26wmlspartner%3Dreadonlyapi","variants":[5027120,21094672],"categoryNode":"5426_531183_1044304","bundle":false,"clearance":false,"preOrder":false,"stock":"Available","attributes":{"canonicalUrl":"/ip/16x20-Gallery-Wrap-Canvas/5027120","isSortable":"Y","ppuQtyUom":"Each"},"addToCartUrl":"http://c.affil.walmart.com/t/api01?l=http%3A%2F%2Faffil.walmart.com%2Fcart%2FaddToCart%3Fitems%3D5027120%7C1%26affp1%3DH-JVMzorBRQOTBioe9MKJOGSfQyvSqNadbq6TI8wrRc%26affilsrc%3Dapi%26veh%3Daff%26wmlspartner%3Dreadonlyapi","affiliateAddToCartUrl":"http://linksynergy.walmart.com/fs-bin/click?id=|LSNID|&offerid=223073.7200&type=14&catid=8&subid=0&hid=7200&tmpid=1082&RD_PARM1=http%253A%252F%252Faffil.walmart.com%252Fcart%252FaddToCart%253Fitems%253D5027120%257C1%2526affp1%253DH-JVMzorBRQOTBioe9MKJOGSfQyvSqNadbq6TI8wrRc%2526affilsrc%253Dapi","freeShippingOver50Dollars":false,"imageEntities":[{"thumbnailImage":"https://i5.walmartimages.com/asr/e0673160-4e80-4985-ba71-2255561b7c55_1.0987d629f8658b1f36d6d90184d0d61b.jpeg?odnHeight=100&odnWidth=100&odnBg=FFFFFF","mediumImage":"https://i5.walmartimages.com/asr/e0673160-4e80-4985-ba71-2255561b7c55_1.0987d629f8658b1f36d6d90184d0d61b.jpeg?odnHeight=180&odnWidth=180&odnBg=FFFFFF","largeImage":"https://i5.walmartimages.com/asr/e0673160-4e80-4985-ba71-2255561b7c55_1.0987d629f8658b1f36d6d90184d0d61b.jpeg?odnHeight=450&odnWidth=450&odnBg=FFFFFF","entityType":"SECONDARY"},{"thumbnailImage":"https://i5.walmartimages.com/asr/a83e64d4-50c2-4753-a277-d1d9441446c0_1.022f4c073bf1633bd8af3d24eb8ebb50.jpeg?odnHeight=100&odnWidth=100&odnBg=FFFFFF","mediumImage":"https://i5.walmartimages.com/asr/a83e64d4-50c2-4753-a277-d1d9441446c0_1.022f4c073bf1633bd8af3d24eb8ebb50.jpeg?odnHeight=180&odnWidth=180&odnBg=FFFFFF","largeImage":"https://i5.walmartimages.com/asr/a83e64d4-50c2-4753-a277-d1d9441446c0_1.022f4c073bf1633bd8af3d24eb8ebb50.jpeg?odnHeight=450&odnWidth=450&odnBg=FFFFFF","entityType":"PRIMARY"}],"offerType":"ONLINE_ONLY","isTwoDayShippingEligible":false,"availableOnline":true},{"itemId":599120369,"parentItemId":599120369,"name":"Google Home Mini, Chalk 2-pk","salePrice":78.0,"upc":"842776105189","categoryPath":"Electronics/Smart Home/Smart Home Assistants, Controllers & Hubs/Google Home Products","shortDescription":"short description is not available","longDescription":"&lt;div&gt;https://www.walmart.com/cp/voice-shopping/9668992&lt;br&gt;&lt;/div&gt;&lt;div&gt;&lt;span style=&quot;font-weight: 700;&quot;&gt;&lt;br&gt;&lt;/span&gt;&lt;/div&gt;&lt;b&gt;&lt;br&gt;A powerful little helper&lt;/b&gt;.&lt;br&gt;Get hands-free help in any room with Google Home Mini. It's powered by the Google Assistant. You can ask it questions. Tell it to do things. It&iuml;&iquest;&frac12;&iuml;&iquest;&frac12;&iuml;&iquest;&frac12;s your own personal Google.&lt;br&gt;&lt;br&gt;&lt;span style=&quot;font-weight: 700;&quot;&gt;Get answers from Google.&lt;/span&gt;&lt;br&gt;Use your voice to quickly find information about the weather, news, sports and more. &quot;Hey Google, will I need an umbrella today?&quot;&lt;br&gt;&lt;br&gt;&lt;span style=&quot;font-weight: 700;&quot;&gt;Manage your day from breakfast to bed.&lt;/span&gt;&lt;div&gt;Get help with things like your schedule, commute, travel information and more.Google Home Mini can even help you find a lost iPhone or Android phone and make phone calls to any personal contact or business. &quot;Hey Google, wake me up at 6:30 AM tomorrow.&quot;&nbsp;&lt;/div&gt;&lt;div&gt;&lt;br&gt;&lt;/div&gt;&lt;div&gt;&lt;b&gt;Play, pause, and rewind. Hands-free.&lt;/b&gt;&lt;/div&gt;&lt;div&gt;&lt;div&gt;Control your favorite music, movies and shows, using only your voice. &quot;Hey Google, play some pop music.&quot;&nbsp;&lt;/div&gt;&lt;div&gt;&lt;br&gt;&lt;/div&gt;&lt;div&gt;&lt;b&gt;Control your smart home&lt;/b&gt;.&lt;/div&gt;&lt;/div&gt;&lt;div&gt;&lt;div&gt;Use your voice to control your compatible lights, thermostats and more. Google Home Mini works with more than 1,000 smart devices from over 150 popular brands. &quot;Hey Google, turn off the bedroom lights.&quot;&lt;/div&gt;&lt;div&gt;Fun for the whole family.&lt;/div&gt;&lt;div&gt;Learn something new, play fun games and listen to stories with the Google Assistant. Want to tell the kids breakfast is ready? Broadcast a message to other Google Home devices around the house. &iuml;&iquest;&frac12;&iuml;&iquest;&frac12;&iuml;&iquest;&frac12;Hey Google, let&iuml;&iquest;&frac12;&iuml;&iquest;&frac12;&iuml;&iquest;&frac12;s play a game.&iuml;&iquest;&frac12;&iuml;&iquest;&frac12;&iuml;&iquest;&frac12; Your child can sign in to Google Home devices with their Google Account managed with Family Link.&lt;/div&gt;&lt;div&gt;&lt;br&gt;&lt;/div&gt;&lt;div&gt;&lt;b&gt;Your voice. Your info.&lt;/b&gt;&lt;/div&gt;&lt;/div&gt;&lt;div&gt;&lt;div&gt;Get personalized responses for everyone at home with voice recognition. &quot;Hey Google, when is my first meeting tomorrow?&quot;&lt;/div&gt;&lt;div&gt;Choose between different colors.&lt;/div&gt;&lt;/div&gt;&lt;div&gt;Google Home Mini comes in two unique colors, Chalk and Charcoal. Select the right color that matches your room and personal style.&lt;/div&gt;&lt;div&gt;1 In the US and Canada. 911 and 1-900 calls are not supported.&lt;/div&gt;&lt;div&gt;&lt;div&gt;2 Subscriptions required to access some content.&lt;/div&gt;&lt;div&gt;3 Your child can sign in to Google Home devices with their Google Account managed with Family Link.&lt;/div&gt;&lt;div&gt;4 Google Home can distinguish up to six voices in total.&lt;/div&gt;&lt;/div&gt;","brandName":"Google","thumbnailImage":"https://i5.walmartimages.com/asr/e6752f93-04ce-4292-b15a-7b2f06947d71_1.f8abfd175efb6fa0ca1cca5e628a09ee.jpeg?odnHeight=100&odnWidth=100&odnBg=FFFFFF","mediumImage":"https://i5.walmartimages.com/asr/e6752f93-04ce-4292-b15a-7b2f06947d71_1.f8abfd175efb6fa0ca1cca5e628a09ee.jpeg?odnHeight=180&odnWidth=180&odnBg=FFFFFF","largeImage":"https://i5.walmartimages.com/asr/e6752f93-04ce-4292-b15a-7b2f06947d71_1.f8abfd175efb6fa0ca1cca5e628a09ee.jpeg?odnHeight=450&odnWidth=450&odnBg=FFFFFF","productTrackingUrl":"http://linksynergy.walmart.com/fs-bin/click?id=|LSNID|&offerid=223073.7200&type=14&catid=8&subid=0&hid=7200&tmpid=1082&RD_PARM1=https%253A%252F%252Fwww.walmart.com%252Fip%252FGoogle-Home-Mini-Chalk-2-pk%252F599120369%253Faffp1%253DH-JVMzorBRQOTBioe9MKJOGSfQyvSqNadbq6TI8wrRc%2526affilsrc%253Dapi","ninetySevenCentShipping":false,"standardShipRate":0.0,"size":"N","color":"N","marketplace":false,"shipToStore":true,"freeShipToStore":true,"modelNumber":"GA00377-US","productUrl":"http://c.affil.walmart.com/t/api01?l=https%3A%2F%2Fwww.walmart.com%2Fip%2FGoogle-Home-Mini-Chalk-2-pk%2F599120369%3Faffp1%3DH-JVMzorBRQOTBioe9MKJOGSfQyvSqNadbq6TI8wrRc%26affilsrc%3Dapi%26veh%3Daff%26wmlspartner%3Dreadonlyapi","categoryNode":"3944_1229875_9098006","bundle":false,"clearance":false,"preOrder":false,"stock":"Available","attributes":{"hasStateRestrictions":"N","mirrorNum":"6","velocityClassification":"N"},"addToCartUrl":"http://c.affil.walmart.com/t/api01?l=http%3A%2F%2Faffil.walmart.com%2Fcart%2FaddToCart%3Fitems%3D599120369%7C1%26affp1%3DH-JVMzorBRQOTBioe9MKJOGSfQyvSqNadbq6TI8wrRc%26affilsrc%3Dapi%26veh%3Daff%26wmlspartner%3Dreadonlyapi","affiliateAddToCartUrl":"http://linksynergy.walmart.com/fs-bin/click?id=|LSNID|&offerid=223073.7200&type=14&catid=8&subid=0&hid=7200&tmpid=1082&RD_PARM1=http%253A%252F%252Faffil.walmart.com%252Fcart%252FaddToCart%253Fitems%253D599120369%257C1%2526affp1%253DH-JVMzorBRQOTBioe9MKJOGSfQyvSqNadbq6TI8wrRc%2526affilsrc%253Dapi","freeShippingOver50Dollars":true,"giftOptions":{"allowGiftWrap":false,"allowGiftMessage":true,"allowGiftReceipt":true},"imageEntities":[{"thumbnailImage":"https://i5.walmartimages.com/asr/f967f2a8-1549-451f-a35d-b2de34c1847b_1.9158d46c8cffa8bfbd0e4e4b6017a7f0.jpeg?odnHeight=100&odnWidth=100&odnBg=FFFFFF","mediumImage":"https://i5.walmartimages.com/asr/f967f2a8-1549-451f-a35d-b2de34c1847b_1.9158d46c8cffa8bfbd0e4e4b6017a7f0.jpeg?odnHeight=180&odnWidth=180&odnBg=FFFFFF","largeImage":"https://i5.walmartimages.com/asr/f967f2a8-1549-451f-a35d-b2de34c1847b_1.9158d46c8cffa8bfbd0e4e4b6017a7f0.jpeg?odnHeight=450&odnWidth=450&odnBg=FFFFFF","entityType":"SECONDARY"},{"thumbnailImage":"https://i5.walmartimages.com/asr/7322be89-c549-4d7e-ad30-44b004ce629c_4.af6e99a2662ba22f43e46391cba52835.jpeg?odnHeight=100&odnWidth=100&odnBg=FFFFFF","mediumImage":"https://i5.walmartimages.com/asr/7322be89-c549-4d7e-ad30-44b004ce629c_4.af6e99a2662ba22f43e46391cba52835.jpeg?odnHeight=180&odnWidth=180&odnBg=FFFFFF","largeImage":"https://i5.walmartimages.com/asr/7322be89-c549-4d7e-ad30-44b004ce629c_4.af6e99a2662ba22f43e46391cba52835.jpeg?odnHeight=450&odnWidth=450&odnBg=FFFFFF","entityType":"SECONDARY"},{"thumbnailImage":"https://i5.walmartimages.com/asr/2ff5634c-25c1-402e-b09d-f1be6d358f5c_1.25f2a833526df27aecf6449701645fea.jpeg?odnHeight=100&odnWidth=100&odnBg=FFFFFF","mediumImage":"https://i5.walmartimages.com/asr/2ff5634c-25c1-402e-b09d-f1be6d358f5c_1.25f2a833526df27aecf6449701645fea.jpeg?odnHeight=180&odnWidth=180&odnBg=FFFFFF","largeImage":"https://i5.walmartimages.com/asr/2ff5634c-25c1-402e-b09d-f1be6d358f5c_1.25f2a833526df27aecf6449701645fea.jpeg?odnHeight=450&odnWidth=450&odnBg=FFFFFF","entityType":"SECONDARY"},{"thumbnailImage":"https://i5.walmartimages.com/asr/fbea0f5d-0e53-4bf8-ac78-4d81f42ae1e8_1.0bc4c77191a97b422a4bf4be9805ae88.jpeg?odnHeight=100&odnWidth=100&odnBg=FFFFFF","mediumImage":"https://i5.walmartimages.com/asr/fbea0f5d-0e53-4bf8-ac78-4d81f42ae1e8_1.0bc4c77191a97b422a4bf4be9805ae88.jpeg?odnHeight=180&odnWidth=180&odnBg=FFFFFF","largeImage":"https://i5.walmartimages.com/asr/fbea0f5d-0e53-4bf8-ac78-4d81f42ae1e8_1.0bc4c77191a97b422a4bf4be9805ae88.jpeg?odnHeight=450&odnWidth=450&odnBg=FFFFFF","entityType":"SECONDARY"},{"thumbnailImage":"https://i5.walmartimages.com/asr/0361fa69-5400-4e9e-acb1-17205c0b6bcc_1.b7ddcbf6d22f0c0319c9aa074be905d9.jpeg?odnHeight=100&odnWidth=100&odnBg=FFFFFF","mediumImage":"https://i5.walmartimages.com/asr/0361fa69-5400-4e9e-acb1-17205c0b6bcc_1.b7ddcbf6d22f0c0319c9aa074be905d9.jpeg?odnHeight=180&odnWidth=180&odnBg=FFFFFF","largeImage":"https://i5.walmartimages.com/asr/0361fa69-5400-4e9e-acb1-17205c0b6bcc_1.b7ddcbf6d22f0c0319c9aa074be905d9.jpeg?odnHeight=450&odnWidth=450&odnBg=FFFFFF","entityType":"SECONDARY"},{"thumbnailImage":"https://i5.walmartimages.com/asr/e6752f93-04ce-4292-b15a-7b2f06947d71_1.f8abfd175efb6fa0ca1cca5e628a09ee.jpeg?odnHeight=100&odnWidth=100&odnBg=FFFFFF","mediumImage":"https://i5.walmartimages.com/asr/e6752f93-04ce-4292-b15a-7b2f06947d71_1.f8abfd175efb6fa0ca1cca5e628a09ee.jpeg?odnHeight=180&odnWidth=180&odnBg=FFFFFF","largeImage":"https://i5.walmartimages.com/asr/e6752f93-04ce-4292-b15a-7b2f06947d71_1.f8abfd175efb6fa0ca1cca5e628a09ee.jpeg?odnHeight=450&odnWidth=450&odnBg=FFFFFF","entityType":"PRIMARY"}],"offerType":"ONLINE_AND_STORE","isTwoDayShippingEligible":true,"availableOnline":true},{"itemId":492655980,"parentItemId":492655980,"name":"Black Panther (4K Ultra HD + Blu-ray + Digital Code)","msrp":39.99,"salePrice":24.99,"upc":"786936856316","categoryPath":"Movies & TV Shows/Movies/Action & Adventure Movies/All Action & Adventure","shortDescription":"After the death of his father, the king of Wakanda, young T&rsquo;Challa returns home to the isolated high-tech African nation to succeed to the throne and take his rightful place as king. But when a powerful enemy reappears, T&rsquo;Challa&rsquo;s mettle as king &ndash; and Black Panther &ndash; is tested when he&rsquo;s drawn into a formidable conflict that puts the fate of Wakanda and the entire world at risk. Faced with treachery and danger, he must release the full power of Black Panther to defeat his foes and secure the safety of his people and their way of life.","longDescription":"Black Panther (4K Ultra HD + Blu-ray + Digital Code)","brandName":"Disney","thumbnailImage":"https://i5.walmartimages.com/asr/a424963b-1e5c-4d4f-b039-765a86b72367_1.04ff88306d30a59b60ea62c3000a76e8.jpeg?odnHeight=100&odnWidth=100&odnBg=FFFFFF","mediumImage":"https://i5.walmartimages.com/asr/a424963b-1e5c-4d4f-b039-765a86b72367_1.04ff88306d30a59b60ea62c3000a76e8.jpeg?odnHeight=180&odnWidth=180&odnBg=FFFFFF","largeImage":"https://i5.walmartimages.com/asr/a424963b-1e5c-4d4f-b039-765a86b72367_1.04ff88306d30a59b60ea62c3000a76e8.jpeg?odnHeight=450&odnWidth=450&odnBg=FFFFFF","productTrackingUrl":"http://linksynergy.walmart.com/fs-bin/click?id=|LSNID|&offerid=223073.7200&type=14&catid=8&subid=0&hid=7200&tmpid=1082&RD_PARM1=https%253A%252F%252Fwww.walmart.com%252Fip%252FBlack-Panther-4K-Ultra-HD-Blu-ray-Digital-Code%252F492655980%253Faffp1%253DH-JVMzorBRQOTBioe9MKJOGSfQyvSqNadbq6TI8wrRc%2526affilsrc%253Dapi","ninetySevenCentShipping":false,"standardShipRate":0.0,"size":"Buena Vista Home Entertainment","color":"Buena Vista Home Entertainment","marketplace":false,"shipToStore":false,"freeShipToStore":false,"productUrl":"http://c.affil.walmart.com/t/api01?l=https%3A%2F%2Fwww.walmart.com%2Fip%2FBlack-Panther-4K-Ultra-HD-Blu-ray-Digital-Code%2F492655980%3Faffp1%3DH-JVMzorBRQOTBioe9MKJOGSfQyvSqNadbq6TI8wrRc%26affilsrc%3Dapi%26veh%3Daff%26wmlspartner%3Dreadonlyapi","customerRating":"5.0","numReviews":1,"customerRatingImage":"http://i2.walmartimages.com/i/CustRating/5.gif","categoryNode":"4096_530598_530698","bundle":false,"clearance":false,"preOrder":true,"preOrderShipsOn":"2018-05-14","stock":"Available","attributes":{"isReplenishable":"0","ppuQtyUom":"Each","studioNm":"Buena Vista Home Entertainment"},"addToCartUrl":"http://c.affil.walmart.com/t/api01?l=http%3A%2F%2Faffil.walmart.com%2Fcart%2FaddToCart%3Fitems%3D492655980%7C1%26affp1%3DH-JVMzorBRQOTBioe9MKJOGSfQyvSqNadbq6TI8wrRc%26affilsrc%3Dapi%26veh%3Daff%26wmlspartner%3Dreadonlyapi","affiliateAddToCartUrl":"http://linksynergy.walmart.com/fs-bin/click?id=|LSNID|&offerid=223073.7200&type=14&catid=8&subid=0&hid=7200&tmpid=1082&RD_PARM1=http%253A%252F%252Faffil.walmart.com%252Fcart%252FaddToCart%253Fitems%253D492655980%257C1%2526affp1%253DH-JVMzorBRQOTBioe9MKJOGSfQyvSqNadbq6TI8wrRc%2526affilsrc%253Dapi","freeShippingOver50Dollars":true,"imageEntities":[{"thumbnailImage":"https://i5.walmartimages.com/asr/a424963b-1e5c-4d4f-b039-765a86b72367_1.04ff88306d30a59b60ea62c3000a76e8.jpeg?odnHeight=100&odnWidth=100&odnBg=FFFFFF","mediumImage":"https://i5.walmartimages.com/asr/a424963b-1e5c-4d4f-b039-765a86b72367_1.04ff88306d30a59b60ea62c3000a76e8.jpeg?odnHeight=180&odnWidth=180&odnBg=FFFFFF","largeImage":"https://i5.walmartimages.com/asr/a424963b-1e5c-4d4f-b039-765a86b72367_1.04ff88306d30a59b60ea62c3000a76e8.jpeg?odnHeight=450&odnWidth=450&odnBg=FFFFFF","entityType":"PRIMARY"}],"offerType":"ONLINE_AND_STORE","isTwoDayShippingEligible":true,"availableOnline":true},{"itemId":54827138,"parentItemId":54827138,"name":"Mi Box Android TV","msrp":69.0,"salePrice":64.0,"upc":"190997000012","categoryPath":"Electronics/Home Audio & Theater/Home Theater/Media Players & Recorders/Media Streaming Players","shortDescription":"Upgrade your television experience with the sleek yet powerful Mi Box, a streaming device and gaming box powered by Google's Android TV operating system. Mi Box allows you to access your favorite streaming apps including Netflix, HBO, Showtime, Youtube and more directly on the big screen. You can also enjoy live TV channels such as ESPN, Disney, CBS and CNN all without a cable subscription via Sling TV. With support of up to 4K Ultra HD at 60 frames per second, true to life pictures pop from your screen as you watch the NFL live or play a racing game. This is how television content was meant to be consumed, what you want and when you want it, all with the sharpest and smoothest video quality. Powered by Google Cast, Mi Box makes sharing your small screens easy. You can cast shows, movies, music and more from your phone, tablet or laptop onto your TV with a single tap. The Mi Box remote comes with Google voice search built in and gives you ultimate control.","longDescription":"&lt;br&gt;&lt;b&gt;Mi Box Android TV:&lt;/b&gt;&lt;ul&gt;&lt;li&gt;Sling TV: sign up to watch your favorite live channels and get $50 credit towards your subscription&lt;/li&gt;&lt;li&gt;CBS All Access: stream your favorite shows live and on demand with 1 month of free access&lt;/li&gt;&lt;li&gt;Pandora: listen to your favorite music with a 3-month free trial&lt;/li&gt;&lt;li&gt;VUDU: rent, buy or watch your favorite movie or TV show on demand with $5 credit&lt;/li&gt;&lt;li&gt;Enjoy thousands of movies, TV shows and music with Netflix, HBO, Showtime, Youtube, Pandora and much more&lt;/li&gt;&lt;li&gt;Watch live TV channels like ESPN, CBS, CNN and Disney (via Sling TV)&lt;/li&gt;&lt;li&gt;Built-in Android TV 6.0 with Google Cast lets you stream shows, movies, music and much more from your phone, tablet or laptop onto your TV&lt;/li&gt;&lt;li&gt;4K Ultra HD with High Dynamic Range (HDR) support lets you watch videos in detail like never before&lt;/li&gt;&lt;li&gt;Speak into the Bluetooth voice remote and Mi Box searches for what you want with Google voice search&lt;/li&gt;&lt;li&gt;Android and iOS smartphone compatible&lt;/li&gt;&lt;li&gt;What's in the box:&lt;ul&gt;&lt;li&gt;Mi Box&lt;/li&gt;&lt;li&gt;Bluetooth voice remote&lt;/li&gt;&lt;li&gt;Power adapter&lt;/li&gt;&lt;li&gt;HDMI cable&lt;/li&gt;&lt;li&gt;User guide&lt;/li&gt;&lt;li&gt;Offers booklet ($76 value)&lt;/li&gt;&lt;/ul&gt;&lt;/li&gt;&lt;/ul&gt;","brandName":"Mi Box","thumbnailImage":"https://i5.walmartimages.com/asr/0e250335-dfae-461d-87b2-f1321726a0db_1.0d5795d0fead1abe4ec898af6d05ce74.jpeg?odnHeight=100&odnWidth=100&odnBg=FFFFFF","mediumImage":"https://i5.walmartimages.com/asr/0e250335-dfae-461d-87b2-f1321726a0db_1.0d5795d0fead1abe4ec898af6d05ce74.jpeg?odnHeight=180&odnWidth=180&odnBg=FFFFFF","largeImage":"https://i5.walmartimages.com/asr/0e250335-dfae-461d-87b2-f1321726a0db_1.0d5795d0fead1abe4ec898af6d05ce74.jpeg?odnHeight=450&odnWidth=450&odnBg=FFFFFF","productTrackingUrl":"http://linksynergy.walmart.com/fs-bin/click?id=|LSNID|&offerid=223073.7200&type=14&catid=8&subid=0&hid=7200&tmpid=1082&RD_PARM1=https%253A%252F%252Fwww.walmart.com%252Fip%252FMi-Box-Android-TV%252F54827138%253Faffp1%253DH-JVMzorBRQOTBioe9MKJOGSfQyvSqNadbq6TI8wrRc%2526affilsrc%253Dapi","ninetySevenCentShipping":false,"standardShipRate":0.0,"size":"Black","color":"Black","shipToStore":true,"freeShipToStore":true,"modelNumber":"MDZ-16-AB","productUrl":"http://c.affil.walmart.com/t/api01?l=https%3A%2F%2Fwww.walmart.com%2Fip%2FMi-Box-Android-TV%2F54827138%3Faffp1%3DH-JVMzorBRQOTBioe9MKJOGSfQyvSqNadbq6TI8wrRc%26affilsrc%3Dapi%26veh%3Daff%26wmlspartner%3Dreadonlyapi","customerRating":"4.046","numReviews":327,"customerRatingImage":"http://i2.walmartimages.com/i/CustRating/4.gif","bestMarketplacePrice":{"twoThreeDayShippingRate":0.0,"availableOnline":false,"clearance":false},"categoryNode":"3944_77622_7549938","bundle":false,"clearance":false,"preOrder":false,"stock":"Available","attributes":{"actualColor":"Black","color":"Black","features":"Bluetooth"},"addToCartUrl":"http://c.affil.walmart.com/t/api01?l=http%3A%2F%2Faffil.walmart.com%2Fcart%2FaddToCart%3Fitems%3D54827138%7C1%26affp1%3DH-JVMzorBRQOTBioe9MKJOGSfQyvSqNadbq6TI8wrRc%26affilsrc%3Dapi%26veh%3Daff%26wmlspartner%3Dreadonlyapi","affiliateAddToCartUrl":"http://linksynergy.walmart.com/fs-bin/click?id=|LSNID|&offerid=223073.7200&type=14&catid=8&subid=0&hid=7200&tmpid=1082&RD_PARM1=http%253A%252F%252Faffil.walmart.com%252Fcart%252FaddToCart%253Fitems%253D54827138%257C1%2526affp1%253DH-JVMzorBRQOTBioe9MKJOGSfQyvSqNadbq6TI8wrRc%2526affilsrc%253Dapi","freeShippingOver50Dollars":true,"giftOptions":{"allowGiftWrap":false,"allowGiftMessage":false,"allowGiftReceipt":false},"imageEntities":[{"thumbnailImage":"https://i5.walmartimages.com/asr/14857818-6a4e-46a6-8124-00e436b1052c_1.e3fcb8f1d70c3c704c177aab49c14fae.jpeg?odnHeight=100&odnWidth=100&odnBg=FFFFFF","mediumImage":"https://i5.walmartimages.com/asr/14857818-6a4e-46a6-8124-00e436b1052c_1.e3fcb8f1d70c3c704c177aab49c14fae.jpeg?odnHeight=180&odnWidth=180&odnBg=FFFFFF","largeImage":"https://i5.walmartimages.com/asr/14857818-6a4e-46a6-8124-00e436b1052c_1.e3fcb8f1d70c3c704c177aab49c14fae.jpeg?odnHeight=450&odnWidth=450&odnBg=FFFFFF","entityType":"SECONDARY"},{"thumbnailImage":"https://i5.walmartimages.com/asr/db945a5b-2307-46a9-b89d-c6cca3003ba9_1.d412b08b2159476542150dc75e72b801.jpeg?odnHeight=100&odnWidth=100&odnBg=FFFFFF","mediumImage":"https://i5.walmartimages.com/asr/db945a5b-2307-46a9-b89d-c6cca3003ba9_1.d412b08b2159476542150dc75e72b801.jpeg?odnHeight=180&odnWidth=180&odnBg=FFFFFF","largeImage":"https://i5.walmartimages.com/asr/db945a5b-2307-46a9-b89d-c6cca3003ba9_1.d412b08b2159476542150dc75e72b801.jpeg?odnHeight=450&odnWidth=450&odnBg=FFFFFF","entityType":"SECONDARY"},{"thumbnailImage":"https://i5.walmartimages.com/asr/95fc5b8a-a05f-4689-b326-10f7f3f7d163_1.05601381b655b16e59857d33de03cafb.jpeg?odnHeight=100&odnWidth=100&odnBg=FFFFFF","mediumImage":"https://i5.walmartimages.com/asr/95fc5b8a-a05f-4689-b326-10f7f3f7d163_1.05601381b655b16e59857d33de03cafb.jpeg?odnHeight=180&odnWidth=180&odnBg=FFFFFF","largeImage":"https://i5.walmartimages.com/asr/95fc5b8a-a05f-4689-b326-10f7f3f7d163_1.05601381b655b16e59857d33de03cafb.jpeg?odnHeight=450&odnWidth=450&odnBg=FFFFFF","entityType":"SECONDARY"},{"thumbnailImage":"https://i5.walmartimages.com/asr/79e56384-95cf-4433-9a3d-3c802730fb2f_1.81e144b225aa60f6e50b40765e4383f4.jpeg?odnHeight=100&odnWidth=100&odnBg=FFFFFF","mediumImage":"https://i5.walmartimages.com/asr/79e56384-95cf-4433-9a3d-3c802730fb2f_1.81e144b225aa60f6e50b40765e4383f4.jpeg?odnHeight=180&odnWidth=180&odnBg=FFFFFF","largeImage":"https://i5.walmartimages.com/asr/79e56384-95cf-4433-9a3d-3c802730fb2f_1.81e144b225aa60f6e50b40765e4383f4.jpeg?odnHeight=450&odnWidth=450&odnBg=FFFFFF","entityType":"SECONDARY"},{"thumbnailImage":"https://i5.walmartimages.com/asr/0e250335-dfae-461d-87b2-f1321726a0db_1.0d5795d0fead1abe4ec898af6d05ce74.jpeg?odnHeight=100&odnWidth=100&odnBg=FFFFFF","mediumImage":"https://i5.walmartimages.com/asr/0e250335-dfae-461d-87b2-f1321726a0db_1.0d5795d0fead1abe4ec898af6d05ce74.jpeg?odnHeight=180&odnWidth=180&odnBg=FFFFFF","largeImage":"https://i5.walmartimages.com/asr/0e250335-dfae-461d-87b2-f1321726a0db_1.0d5795d0fead1abe4ec898af6d05ce74.jpeg?odnHeight=450&odnWidth=450&odnBg=FFFFFF","entityType":"PRIMARY"}],"offerType":"ONLINE_AND_STORE","isTwoDayShippingEligible":true,"availableOnline":true},{"itemId":44810041,"parentItemId":44810041,"name":"Sun Joe TJ603E Electric Garden Tiller/Cultivator | 16-Inch | 12 Amp","msrp":149.99,"salePrice":88.52,"upc":"810829023261","categoryPath":"Patio & Garden/Outdoor Power Equipment/Tillers & Cultivators","shortDescription":"The dirty little secret of great gardens. Dig it, and experience the one tiller that's truly up to the task! Introducing a greener, cleaner way to get dirty with the Sun Joe TILLER JOE TJ603E Electric Tiller + Cultivator. A powerful 12-amp motor quickly pulverizes dirt, effortlessly slicing through the soil at 340 RPM, ensuring maximum aeration and perfectly preparing the seedbed for planting. Cultivate an area 16 inches wide and up to 8 inches deep in seconds. Control weeds where needed, TILLER JOE tames the toughest yard and garden tasks with more comfort and less strain. Rear wheels make it easy to maneuver wherever it's needed, and its collapsible handle makes it a cinch to store when it's not.","longDescription":"&lt;br&gt;&lt;b&gt;Sun Joe Tiller Joe 16&quot; 12-Amp Electric Garden Tiller/Cultivator:&lt;/b&gt;&lt;ul&gt;&lt;li&gt;Powerful 12-amp motor cultivates up to 16&quot; (40.6 cm) wide x 8&quot; (20.3 cm) deep&lt;/li&gt;&lt;li&gt;Handle folds for convenient storage and easy transport&lt;/li&gt;&lt;li&gt;3-position wheel adjustment&lt;/li&gt;&lt;li&gt;Maintenance free&lt;/li&gt;&lt;li&gt;2-year warranty&lt;/li&gt;&lt;li&gt;Model# TJ603E&lt;/li&gt;&lt;/ul&gt;","brandName":"Sun Joe","thumbnailImage":"https://i5.walmartimages.com/asr/eba36651-c16e-4d81-9439-4b35f93cdb92_1.0b262a1d219a236ff966af7d68eec858.jpeg?odnHeight=100&odnWidth=100&odnBg=FFFFFF","mediumImage":"https://i5.walmartimages.com/asr/eba36651-c16e-4d81-9439-4b35f93cdb92_1.0b262a1d219a236ff966af7d68eec858.jpeg?odnHeight=180&odnWidth=180&odnBg=FFFFFF","largeImage":"https://i5.walmartimages.com/asr/eba36651-c16e-4d81-9439-4b35f93cdb92_1.0b262a1d219a236ff966af7d68eec858.jpeg?odnHeight=450&odnWidth=450&odnBg=FFFFFF","productTrackingUrl":"http://linksynergy.walmart.com/fs-bin/click?id=|LSNID|&offerid=223073.7200&type=14&catid=8&subid=0&hid=7200&tmpid=1082&RD_PARM1=https%253A%252F%252Fwww.walmart.com%252Fip%252FSun-Joe-TJ603E-Electric-Garden-Tiller-Cultivator-16-Inch-12-Amp%252F44810041%253Faffp1%253DH-JVMzorBRQOTBioe9MKJOGSfQyvSqNadbq6TI8wrRc%2526affilsrc%253Dapi","ninetySevenCentShipping":false,"standardShipRate":0.0,"size":"\"16\\\"\"16\"\"\"","color":"Green","shipToStore":true,"freeShipToStore":true,"modelNumber":"SUNNTJ603E","productUrl":"http://c.affil.walmart.com/t/api01?l=https%3A%2F%2Fwww.walmart.com%2Fip%2FSun-Joe-TJ603E-Electric-Garden-Tiller-Cultivator-16-Inch-12-Amp%2F44810041%3Faffp1%3DH-JVMzorBRQOTBioe9MKJOGSfQyvSqNadbq6TI8wrRc%26affilsrc%3Dapi%26veh%3Daff%26wmlspartner%3Dreadonlyapi","customerRating":"4.623","numReviews":207,"customerRatingImage":"http://i2.walmartimages.com/i/CustRating/4_6.gif","bestMarketplacePrice":{"price":132.49,"sellerInfo":"Overstock","standardShipRate":0.0,"availableOnline":true,"clearance":false,"offerType":"ONLINE_ONLY"},"categoryNode":"5428_1102182_1225079","bundle":false,"clearance":false,"preOrder":false,"stock":"Available","attributes":{"color":"Green","isReplenishable":"0","size":"16\""},"addToCartUrl":"http://c.affil.walmart.com/t/api01?l=http%3A%2F%2Faffil.walmart.com%2Fcart%2FaddToCart%3Fitems%3D44810041%7C1%26affp1%3DH-JVMzorBRQOTBioe9MKJOGSfQyvSqNadbq6TI8wrRc%26affilsrc%3Dapi%26veh%3Daff%26wmlspartner%3Dreadonlyapi","affiliateAddToCartUrl":"http://linksynergy.walmart.com/fs-bin/click?id=|LSNID|&offerid=223073.7200&type=14&catid=8&subid=0&hid=7200&tmpid=1082&RD_PARM1=http%253A%252F%252Faffil.walmart.com%252Fcart%252FaddToCart%253Fitems%253D44810041%257C1%2526affp1%253DH-JVMzorBRQOTBioe9MKJOGSfQyvSqNadbq6TI8wrRc%2526affilsrc%253Dapi","freeShippingOver50Dollars":true,"giftOptions":{"allowGiftWrap":false,"allowGiftMessage":false,"allowGiftReceipt":false},"imageEntities":[{"thumbnailImage":"https://i5.walmartimages.com/asr/caf3555b-1ea4-4d3b-ada8-f3af6af6ce98_1.27a4d19fe6328c5db009b7f6e71d5252.jpeg?odnHeight=100&odnWidth=100&odnBg=FFFFFF","mediumImage":"https://i5.walmartimages.com/asr/caf3555b-1ea4-4d3b-ada8-f3af6af6ce98_1.27a4d19fe6328c5db009b7f6e71d5252.jpeg?odnHeight=180&odnWidth=180&odnBg=FFFFFF","largeImage":"https://i5.walmartimages.com/asr/caf3555b-1ea4-4d3b-ada8-f3af6af6ce98_1.27a4d19fe6328c5db009b7f6e71d5252.jpeg?odnHeight=450&odnWidth=450&odnBg=FFFFFF","entityType":"SECONDARY"},{"thumbnailImage":"https://i5.walmartimages.com/asr/e1198e2d-2e3d-4779-8d7f-dfc2483f52a9_1.421cba48a57862fd9ceb7ade8dc9f170.jpeg?odnHeight=100&odnWidth=100&odnBg=FFFFFF","mediumImage":"https://i5.walmartimages.com/asr/e1198e2d-2e3d-4779-8d7f-dfc2483f52a9_1.421cba48a57862fd9ceb7ade8dc9f170.jpeg?odnHeight=180&odnWidth=180&odnBg=FFFFFF","largeImage":"https://i5.walmartimages.com/asr/e1198e2d-2e3d-4779-8d7f-dfc2483f52a9_1.421cba48a57862fd9ceb7ade8dc9f170.jpeg?odnHeight=450&odnWidth=450&odnBg=FFFFFF","entityType":"SECONDARY"},{"thumbnailImage":"https://i5.walmartimages.com/asr/b7d5b606-12c1-4305-b53f-20c219c9d1d1_1.82bd3e0a8b9548dfb1125dfc385f9d70.jpeg?odnHeight=100&odnWidth=100&odnBg=FFFFFF","mediumImage":"https://i5.walmartimages.com/asr/b7d5b606-12c1-4305-b53f-20c219c9d1d1_1.82bd3e0a8b9548dfb1125dfc385f9d70.jpeg?odnHeight=180&odnWidth=180&odnBg=FFFFFF","largeImage":"https://i5.walmartimages.com/asr/b7d5b606-12c1-4305-b53f-20c219c9d1d1_1.82bd3e0a8b9548dfb1125dfc385f9d70.jpeg?odnHeight=450&odnWidth=450&odnBg=FFFFFF","entityType":"SECONDARY"},{"thumbnailImage":"https://i5.walmartimages.com/asr/07ef78fb-0cb7-4a7c-b5f2-73ee4ce47aaf_1.cdababb322e366a003502739a4861ffa.jpeg?odnHeight=100&odnWidth=100&odnBg=FFFFFF","mediumImage":"https://i5.walmartimages.com/asr/07ef78fb-0cb7-4a7c-b5f2-73ee4ce47aaf_1.cdababb322e366a003502739a4861ffa.jpeg?odnHeight=180&odnWidth=180&odnBg=FFFFFF","largeImage":"https://i5.walmartimages.com/asr/07ef78fb-0cb7-4a7c-b5f2-73ee4ce47aaf_1.cdababb322e366a003502739a4861ffa.jpeg?odnHeight=450&odnWidth=450&odnBg=FFFFFF","entityType":"SECONDARY"},{"thumbnailImage":"https://i5.walmartimages.com/asr/236e63a4-5ebc-48cf-b873-10697cbd5d6f_1.49b2a5e6fce8c78c141012890cf16728.jpeg?odnHeight=100&odnWidth=100&odnBg=FFFFFF","mediumImage":"https://i5.walmartimages.com/asr/236e63a4-5ebc-48cf-b873-10697cbd5d6f_1.49b2a5e6fce8c78c141012890cf16728.jpeg?odnHeight=180&odnWidth=180&odnBg=FFFFFF","largeImage":"https://i5.walmartimages.com/asr/236e63a4-5ebc-48cf-b873-10697cbd5d6f_1.49b2a5e6fce8c78c141012890cf16728.jpeg?odnHeight=450&odnWidth=450&odnBg=FFFFFF","entityType":"SECONDARY"},{"thumbnailImage":"https://i5.walmartimages.com/asr/eba36651-c16e-4d81-9439-4b35f93cdb92_1.0b262a1d219a236ff966af7d68eec858.jpeg?odnHeight=100&odnWidth=100&odnBg=FFFFFF","mediumImage":"https://i5.walmartimages.com/asr/eba36651-c16e-4d81-9439-4b35f93cdb92_1.0b262a1d219a236ff966af7d68eec858.jpeg?odnHeight=180&odnWidth=180&odnBg=FFFFFF","largeImage":"https://i5.walmartimages.com/asr/eba36651-c16e-4d81-9439-4b35f93cdb92_1.0b262a1d219a236ff966af7d68eec858.jpeg?odnHeight=450&odnWidth=450&odnBg=FFFFFF","entityType":"PRIMARY"}],"offerType":"ONLINE_AND_STORE","isTwoDayShippingEligible":false,"availableOnline":true},{"itemId":451084042,"parentItemId":451084042,"name":"Apple iPad (5th Generation) 32GB Wi-Fi Gold","msrp":499.99,"salePrice":249.0,"upc":"190198323071","categoryPath":"Electronics/iPad & Tablets/All Tablets","shortDescription":"The 9.7-inch iPad delivers the revolutionary iPad experience at an even more affordable price. The vivid Retina display offers an immersive viewing experience. The A9 chip provides amazing performance, yet it still delivers up to 10 hours of battery life. And the durable aluminum unibody enclosure is just 7.5 mm thin and weighs just a pound. With advanced cameras, ultrafast wireless connectivity, Touch ID, Apple Pay, iOS 10, and more than 1.3 million apps on the App Store, you can work, play, surf, and shop everywhere. Apple's most popular-sized iPad is a great choice for firsttime iPad owners and upgraders who want to enjoy the benefits of a powerful, new iPad.","longDescription":"&lt;div&gt;&lt;b&gt;Apple iPad 32GB Wi-Fi - Gold (5th generation):&lt;/b&gt;&lt;br&gt;&lt;/div&gt;&lt;ul&gt;&lt;li&gt;9.7-inch Retina display, wide color and true tone&lt;br&gt;&lt;/li&gt;&lt;li&gt;A9 third-generation chip with 64-bit architecture&lt;br&gt;&lt;/li&gt;&lt;li&gt;M9 motion coprocessor&lt;br&gt;&lt;/li&gt;&lt;li&gt;1.2MP FaceTime HD camera&lt;br&gt;&lt;/li&gt;&lt;li&gt;8MP iSight camera&lt;br&gt;&lt;/li&gt;&lt;li&gt;Touch ID&lt;br&gt;&lt;/li&gt;&lt;li&gt;Apple Pay&lt;/li&gt;&lt;/ul&gt;","brandName":"Apple","thumbnailImage":"https://i5.walmartimages.com/asr/d77b32ee-66fa-48d3-bd3c-b9b24a496483_1.78997456599888c8d59bf7aa18af2fab.jpeg?odnHeight=100&odnWidth=100&odnBg=FFFFFF","mediumImage":"https://i5.walmartimages.com/asr/d77b32ee-66fa-48d3-bd3c-b9b24a496483_1.78997456599888c8d59bf7aa18af2fab.jpeg?odnHeight=180&odnWidth=180&odnBg=FFFFFF","largeImage":"https://i5.walmartimages.com/asr/d77b32ee-66fa-48d3-bd3c-b9b24a496483_1.78997456599888c8d59bf7aa18af2fab.jpeg?odnHeight=450&odnWidth=450&odnBg=FFFFFF","productTrackingUrl":"http://linksynergy.walmart.com/fs-bin/click?id=|LSNID|&offerid=223073.7200&type=14&catid=8&subid=0&hid=7200&tmpid=1082&RD_PARM1=https%253A%252F%252Fwww.walmart.com%252Fip%252FApple-iPad-5th-Generation-32GB-Wi-Fi-Gold%252F451084042%253Faffp1%253DH-JVMzorBRQOTBioe9MKJOGSfQyvSqNadbq6TI8wrRc%2526affilsrc%253Dapi","standardShipRate":0.0,"size":"2049-12-29 00:00:00.000000-07:00","color":"Gold","modelNumber":"MPGT2LL/A","productUrl":"http://c.affil.walmart.com/t/api01?l=https%3A%2F%2Fwww.walmart.com%2Fip%2FApple-iPad-5th-Generation-32GB-Wi-Fi-Gold%2F451084042%3Faffp1%3DH-JVMzorBRQOTBioe9MKJOGSfQyvSqNadbq6TI8wrRc%26affilsrc%3Dapi%26veh%3Daff%26wmlspartner%3Dreadonlyapi","customerRating":"4.8","numReviews":206,"customerRatingImage":"http://i2.walmartimages.com/i/CustRating/4_8.gif","categoryNode":"3944_1078524_1078084","bundle":false,"clearance":false,"preOrder":false,"stock":"Available","attributes":{"color":"Gold","hasWarranty":"Y","replenishmentEndDate":"2049-12-29 00:00:00.000000-07:00"},"addToCartUrl":"http://c.affil.walmart.com/t/api01?l=http%3A%2F%2Faffil.walmart.com%2Fcart%2FaddToCart%3Fitems%3D451084042%7C1%26affp1%3DH-JVMzorBRQOTBioe9MKJOGSfQyvSqNadbq6TI8wrRc%26affilsrc%3Dapi%26veh%3Daff%26wmlspartner%3Dreadonlyapi","affiliateAddToCartUrl":"http://linksynergy.walmart.com/fs-bin/click?id=|LSNID|&offerid=223073.7200&type=14&catid=8&subid=0&hid=7200&tmpid=1082&RD_PARM1=http%253A%252F%252Faffil.walmart.com%252Fcart%252FaddToCart%253Fitems%253D451084042%257C1%2526affp1%253DH-JVMzorBRQOTBioe9MKJOGSfQyvSqNadbq6TI8wrRc%2526affilsrc%253Dapi","freeShippingOver50Dollars":false,"giftOptions":{"allowGiftWrap":false,"allowGiftMessage":false,"allowGiftReceipt":false},"imageEntities":[{"thumbnailImage":"https://i5.walmartimages.com/asr/3096556d-5475-4fff-ab24-cc1b1fbeb5cc_1.9219d829da83eac1f6918f37dc88e6fc.jpeg?odnHeight=100&odnWidth=100&odnBg=FFFFFF","mediumImage":"https://i5.walmartimages.com/asr/3096556d-5475-4fff-ab24-cc1b1fbeb5cc_1.9219d829da83eac1f6918f37dc88e6fc.jpeg?odnHeight=180&odnWidth=180&odnBg=FFFFFF","largeImage":"https://i5.walmartimages.com/asr/3096556d-5475-4fff-ab24-cc1b1fbeb5cc_1.9219d829da83eac1f6918f37dc88e6fc.jpeg?odnHeight=450&odnWidth=450&odnBg=FFFFFF","entityType":"SECONDARY"},{"thumbnailImage":"https://i5.walmartimages.com/asr/a7b97b11-ec5a-42a3-8e33-5c55954711d2_1.41474725c7426695487e102793e16673.jpeg?odnHeight=100&odnWidth=100&odnBg=FFFFFF","mediumImage":"https://i5.walmartimages.com/asr/a7b97b11-ec5a-42a3-8e33-5c55954711d2_1.41474725c7426695487e102793e16673.jpeg?odnHeight=180&odnWidth=180&odnBg=FFFFFF","largeImage":"https://i5.walmartimages.com/asr/a7b97b11-ec5a-42a3-8e33-5c55954711d2_1.41474725c7426695487e102793e16673.jpeg?odnHeight=450&odnWidth=450&odnBg=FFFFFF","entityType":"SECONDARY"},{"thumbnailImage":"https://i5.walmartimages.com/asr/2329803f-397e-4ce6-ae2c-21c91ee63ea2_1.824438992262134c0b480ca248019e10.jpeg?odnHeight=100&odnWidth=100&odnBg=FFFFFF","mediumImage":"https://i5.walmartimages.com/asr/2329803f-397e-4ce6-ae2c-21c91ee63ea2_1.824438992262134c0b480ca248019e10.jpeg?odnHeight=180&odnWidth=180&odnBg=FFFFFF","largeImage":"https://i5.walmartimages.com/asr/2329803f-397e-4ce6-ae2c-21c91ee63ea2_1.824438992262134c0b480ca248019e10.jpeg?odnHeight=450&odnWidth=450&odnBg=FFFFFF","entityType":"SECONDARY"},{"thumbnailImage":"https://i5.walmartimages.com/asr/d77b32ee-66fa-48d3-bd3c-b9b24a496483_1.78997456599888c8d59bf7aa18af2fab.jpeg?odnHeight=100&odnWidth=100&odnBg=FFFFFF","mediumImage":"https://i5.walmartimages.com/asr/d77b32ee-66fa-48d3-bd3c-b9b24a496483_1.78997456599888c8d59bf7aa18af2fab.jpeg?odnHeight=180&odnWidth=180&odnBg=FFFFFF","largeImage":"https://i5.walmartimages.com/asr/d77b32ee-66fa-48d3-bd3c-b9b24a496483_1.78997456599888c8d59bf7aa18af2fab.jpeg?odnHeight=450&odnWidth=450&odnBg=FFFFFF","entityType":"PRIMARY"}],"offerType":"ONLINE_AND_STORE","isTwoDayShippingEligible":true,"availableOnline":true},{"itemId":657136655,"parentItemId":657136655,"name":"LEGO Marvel Super Heroes Avengers Sanctum Sanctorum Showdown 76108","msrp":99.99,"salePrice":99.96,"upc":"673419281782","categoryPath":"Toys/Building Sets & Blocks/Building Sets","shortDescription":"Stage a LEGO&reg; Marvel Super Heroes 76108 Sanctum Sanctorum Showdown between Iron Spider-Man, Iron Man and Doctor Strange and the super villains. This all-action set features a foldable, 3-level New York City building including Doctor Strange&rsquo;s Sanctum Sanctorum, with an exploding wall function and hidden Infinity Stone element, plus a pizzeria and Peter Parker&rsquo;s apartment, both with exploding window functions. The rooftop has a minifigure-launch function and a water tower with minifigure-winch function for Iron Spider-Man. This superhero toy also includes a detachable street corner scene, plus 4 minifigures and a big figure with weapons and 20 Power Burst elements.","longDescription":"&lt;ul&gt;&lt;li&gt;Includes 4 minifigures: Iron Spider-Man, Iron Man, Doctor Strange and Ebony Maw, plus a Cull Obsidian big figure.&lt;/li&gt;&lt;li&gt;This set features a 3-level New York City building including the Sanctum Sanctorum, pizzeria, Peter Parker&rsquo;s apartment, 2 fire escapes, rooftop water tower, plus a detachable street corner scene.&lt;/li&gt;&lt;li&gt;Fold the building in or out and attach the street corner in different places for alternative formations.&lt;/li&gt;&lt;li&gt;Sanctum Sanctorum features an entrance hall with an opening door, weapon rack with an axe and sword, and an armchair; library with an exploding wall function, hidden Infinity Stone element and stand, bookshelves, opening chest with 2 daggers inside and weapon rack with a staff and spear; and Doctor Strange&rsquo;s top-floor office with a new-for-March-2018 decorated Sanctum Sanctorum window, desk, bookshelves and buildable candlestick.&lt;/li&gt;&lt;li&gt;Explode the wall to reveal the Infinity Stone.&lt;/li&gt;&lt;li&gt;Peter Parker&rsquo;s apartment features an office with a desk and assorted elements including a computer, lamp and boxes, and a bedroom with a trapdoor function, exploding window function, bed and pizza element.&lt;/li&gt;&lt;li&gt;Explode the window to reveal the spider web on the building wall.&lt;/li&gt;&lt;li&gt;Pizzeria features an opening door, exploding window function, pizza oven, buildable shawarma and assorted elements including a pizza, pizza peel and fire extinguisher.&lt;/li&gt;&lt;li&gt;Rooftop features a minifigure-launch function and water tower with winch function to send Iron Spider-Man in and out of battle on a &lsquo;spider web string&rsquo;.&lt;/li&gt;&lt;li&gt;Street corner features a newspaper stand with newspaper elements, trash can and assorted elements including a spider web with Iron Spider-Man&rsquo;s cell phone and a pizza slice.&lt;/li&gt;&lt;li&gt;The new-for-March-2018 Cull Obsidian big figure comes with 2 buildable hammers.&lt;/li&gt;&lt;li&gt;Weapons include Iron Spider-Man&rsquo;s Power Blast and Ebony Maw&rsquo;s Power Blast.&lt;/li&gt;&lt;li&gt;Iron Spider-Man comes with a backplate with 4 leg elements.&lt;/li&gt;&lt;li&gt;Also includes 10 assorted translucent-blue and 10 assorted translucent-orange Power Burst elements to customize your builds and minifigures.&lt;/li&gt;&lt;li&gt;The Iron Man, Iron Spider-Man and Ebony Maw minifigures are new for March 2018.&lt;/li&gt;&lt;li&gt;Recreate thrilling scenes from the Marvel Super Heroes Avengers: Infinity War movie.&lt;/li&gt;&lt;li&gt;Measures over 11&rdquo; (30cm) high, 7&rdquo; (20cm) wide and 8&rdquo; (21cm) deep.&lt;/li&gt;&lt;/ul&gt;","brandName":"LEGO","thumbnailImage":"https://i5.walmartimages.com/asr/9d48e18b-fcf1-4df8-b701-86ab019a2584_1.22d396d1d1bb46343a583272aa78ebc6.jpeg?odnHeight=100&odnWidth=100&odnBg=FFFFFF","mediumImage":"https://i5.walmartimages.com/asr/9d48e18b-fcf1-4df8-b701-86ab019a2584_1.22d396d1d1bb46343a583272aa78ebc6.jpeg?odnHeight=180&odnWidth=180&odnBg=FFFFFF","largeImage":"https://i5.walmartimages.com/asr/9d48e18b-fcf1-4df8-b701-86ab019a2584_1.22d396d1d1bb46343a583272aa78ebc6.jpeg?odnHeight=450&odnWidth=450&odnBg=FFFFFF","productTrackingUrl":"http://linksynergy.walmart.com/fs-bin/click?id=|LSNID|&offerid=223073.7200&type=14&catid=8&subid=0&hid=7200&tmpid=1082&RD_PARM1=https%253A%252F%252Fwww.walmart.com%252Fip%252FLEGO-Marvel-Super-Heroes-Avengers-Sanctum-Sanctorum-Showdown-76108%252F657136655%253Faffp1%253DH-JVMzorBRQOTBioe9MKJOGSfQyvSqNadbq6TI8wrRc%2526affilsrc%253Dapi","ninetySevenCentShipping":false,"standardShipRate":0.0,"size":"N","color":"N","marketplace":false,"shipToStore":true,"freeShipToStore":true,"modelNumber":"76108","productUrl":"http://c.affil.walmart.com/t/api01?l=https%3A%2F%2Fwww.walmart.com%2Fip%2FLEGO-Marvel-Super-Heroes-Avengers-Sanctum-Sanctorum-Showdown-76108%2F657136655%3Faffp1%3DH-JVMzorBRQOTBioe9MKJOGSfQyvSqNadbq6TI8wrRc%26affilsrc%3Dapi%26veh%3Daff%26wmlspartner%3Dreadonlyapi","customerRating":"5.0","numReviews":8,"customerRatingImage":"http://i2.walmartimages.com/i/CustRating/5.gif","categoryNode":"4171_4186_1044000","bundle":false,"clearance":false,"preOrder":false,"stock":"Available","attributes":{"fuelRestriction":"N","isPvtLabelUnbranded":"0","replenType":"sims"},"gender":"Unisex","age":"8 to 14 years","addToCartUrl":"http://c.affil.walmart.com/t/api01?l=http%3A%2F%2Faffil.walmart.com%2Fcart%2FaddToCart%3Fitems%3D657136655%7C1%26affp1%3DH-JVMzorBRQOTBioe9MKJOGSfQyvSqNadbq6TI8wrRc%26affilsrc%3Dapi%26veh%3Daff%26wmlspartner%3Dreadonlyapi","affiliateAddToCartUrl":"http://linksynergy.walmart.com/fs-bin/click?id=|LSNID|&offerid=223073.7200&type=14&catid=8&subid=0&hid=7200&tmpid=1082&RD_PARM1=http%253A%252F%252Faffil.walmart.com%252Fcart%252FaddToCart%253Fitems%253D657136655%257C1%2526affp1%253DH-JVMzorBRQOTBioe9MKJOGSfQyvSqNadbq6TI8wrRc%2526affilsrc%253Dapi","freeShippingOver50Dollars":true,"giftOptions":{"allowGiftWrap":false,"allowGiftMessage":false,"allowGiftReceipt":false},"imageEntities":[{"thumbnailImage":"https://i5.walmartimages.com/asr/728f6ab8-a859-4ac2-a20d-1e9973614db9_1.b0047f445190f24c5c309ed8fefcc10c.jpeg?odnHeight=100&odnWidth=100&odnBg=FFFFFF","mediumImage":"https://i5.walmartimages.com/asr/728f6ab8-a859-4ac2-a20d-1e9973614db9_1.b0047f445190f24c5c309ed8fefcc10c.jpeg?odnHeight=180&odnWidth=180&odnBg=FFFFFF","largeImage":"https://i5.walmartimages.com/asr/728f6ab8-a859-4ac2-a20d-1e9973614db9_1.b0047f445190f24c5c309ed8fefcc10c.jpeg?odnHeight=450&odnWidth=450&odnBg=FFFFFF","entityType":"SECONDARY"},{"thumbnailImage":"https://i5.walmartimages.com/asr/6cb8a481-7a3e-41e1-b698-ba1c1a1df3c7_1.bcf1482cacb9b3845b40e13d8ab9068b.jpeg?odnHeight=100&odnWidth=100&odnBg=FFFFFF","mediumImage":"https://i5.walmartimages.com/asr/6cb8a481-7a3e-41e1-b698-ba1c1a1df3c7_1.bcf1482cacb9b3845b40e13d8ab9068b.jpeg?odnHeight=180&odnWidth=180&odnBg=FFFFFF","largeImage":"https://i5.walmartimages.com/asr/6cb8a481-7a3e-41e1-b698-ba1c1a1df3c7_1.bcf1482cacb9b3845b40e13d8ab9068b.jpeg?odnHeight=450&odnWidth=450&odnBg=FFFFFF","entityType":"SECONDARY"},{"thumbnailImage":"https://i5.walmartimages.com/asr/15113cd0-66b0-49af-8139-68b31138fa13_8.7b41e5984fbb8ad91c789297b4e14206.jpeg?odnHeight=100&odnWidth=100&odnBg=FFFFFF","mediumImage":"https://i5.walmartimages.com/asr/15113cd0-66b0-49af-8139-68b31138fa13_8.7b41e5984fbb8ad91c789297b4e14206.jpeg?odnHeight=180&odnWidth=180&odnBg=FFFFFF","largeImage":"https://i5.walmartimages.com/asr/15113cd0-66b0-49af-8139-68b31138fa13_8.7b41e5984fbb8ad91c789297b4e14206.jpeg?odnHeight=450&odnWidth=450&odnBg=FFFFFF","entityType":"SECONDARY"},{"thumbnailImage":"https://i5.walmartimages.com/asr/d68c5d1e-28aa-4fbd-ad88-a19fae4910e8_1.58053aa56235b69ea5e64449725a9f30.jpeg?odnHeight=100&odnWidth=100&odnBg=FFFFFF","mediumImage":"https://i5.walmartimages.com/asr/d68c5d1e-28aa-4fbd-ad88-a19fae4910e8_1.58053aa56235b69ea5e64449725a9f30.jpeg?odnHeight=180&odnWidth=180&odnBg=FFFFFF","largeImage":"https://i5.walmartimages.com/asr/d68c5d1e-28aa-4fbd-ad88-a19fae4910e8_1.58053aa56235b69ea5e64449725a9f30.jpeg?odnHeight=450&odnWidth=450&odnBg=FFFFFF","entityType":"SECONDARY"},{"thumbnailImage":"https://i5.walmartimages.com/asr/d00ca30f-f52f-4f18-8bd9-21e0fe2fc1f1_1.fe816fa622e815087eb89951bd3b1aa7.jpeg?odnHeight=100&odnWidth=100&odnBg=FFFFFF","mediumImage":"https://i5.walmartimages.com/asr/d00ca30f-f52f-4f18-8bd9-21e0fe2fc1f1_1.fe816fa622e815087eb89951bd3b1aa7.jpeg?odnHeight=180&odnWidth=180&odnBg=FFFFFF","largeImage":"https://i5.walmartimages.com/asr/d00ca30f-f52f-4f18-8bd9-21e0fe2fc1f1_1.fe816fa622e815087eb89951bd3b1aa7.jpeg?odnHeight=450&odnWidth=450&odnBg=FFFFFF","entityType":"SECONDARY"},{"thumbnailImage":"https://i5.walmartimages.com/asr/9d48e18b-fcf1-4df8-b701-86ab019a2584_1.22d396d1d1bb46343a583272aa78ebc6.jpeg?odnHeight=100&odnWidth=100&odnBg=FFFFFF","mediumImage":"https://i5.walmartimages.com/asr/9d48e18b-fcf1-4df8-b701-86ab019a2584_1.22d396d1d1bb46343a583272aa78ebc6.jpeg?odnHeight=180&odnWidth=180&odnBg=FFFFFF","largeImage":"https://i5.walmartimages.com/asr/9d48e18b-fcf1-4df8-b701-86ab019a2584_1.22d396d1d1bb46343a583272aa78ebc6.jpeg?odnHeight=450&odnWidth=450&odnBg=FFFFFF","entityType":"PRIMARY"}],"offerType":"ONLINE_AND_STORE","isTwoDayShippingEligible":true,"availableOnline":true},{"itemId":160314105,"parentItemId":160314105,"name":"Urbini Reversi Stroller Special Edition, Blueberry Fizz","salePrice":79.99,"upc":"840009151125","categoryPath":"Baby/Strollers/Urbini Strollers","shortDescription":"short description is not available","brandName":"Urbini","thumbnailImage":"https://i5.walmartimages.com/asr/5b98a8ab-2ba2-403a-a367-1eefd64adf64_1.af4c16cc92dd90b490bedf1cfdc7a2a4.jpeg?odnHeight=100&odnWidth=100&odnBg=FFFFFF","mediumImage":"https://i5.walmartimages.com/asr/5b98a8ab-2ba2-403a-a367-1eefd64adf64_1.af4c16cc92dd90b490bedf1cfdc7a2a4.jpeg?odnHeight=180&odnWidth=180&odnBg=FFFFFF","largeImage":"https://i5.walmartimages.com/asr/5b98a8ab-2ba2-403a-a367-1eefd64adf64_1.af4c16cc92dd90b490bedf1cfdc7a2a4.jpeg?odnHeight=450&odnWidth=450&odnBg=FFFFFF","productTrackingUrl":"http://linksynergy.walmart.com/fs-bin/click?id=|LSNID|&offerid=223073.7200&type=14&catid=8&subid=0&hid=7200&tmpid=1082&RD_PARM1=https%253A%252F%252Fwww.walmart.com%252Fip%252FUrbini-Reversi-Stroller-Special-Edition-Blueberry-Fizz%252F160314105%253Faffp1%253DH-JVMzorBRQOTBioe9MKJOGSfQyvSqNadbq6TI8wrRc%2526affilsrc%253Dapi","ninetySevenCentShipping":false,"standardShipRate":0.0,"size":"2017-01-31 00:00:00.000000-07:00","color":"RedBlue","marketplace":false,"shipToStore":true,"freeShipToStore":true,"modelNumber":"10EB2Y-BWMU","productUrl":"http://c.affil.walmart.com/t/api01?l=https%3A%2F%2Fwww.walmart.com%2Fip%2FUrbini-Reversi-Stroller-Special-Edition-Blueberry-Fizz%2F160314105%3Faffp1%3DH-JVMzorBRQOTBioe9MKJOGSfQyvSqNadbq6TI8wrRc%26affilsrc%3Dapi%26veh%3Daff%26wmlspartner%3Dreadonlyapi","categoryNode":"5427_118134_6863268","bundle":false,"clearance":false,"preOrder":false,"stock":"Available","attributes":{"color":"Red","finerCateg":"Strollers","replenishmentStartDate":"2017-01-31 00:00:00.000000-07:00"},"addToCartUrl":"http://c.affil.walmart.com/t/api01?l=http%3A%2F%2Faffil.walmart.com%2Fcart%2FaddToCart%3Fitems%3D160314105%7C1%26affp1%3DH-JVMzorBRQOTBioe9MKJOGSfQyvSqNadbq6TI8wrRc%26affilsrc%3Dapi%26veh%3Daff%26wmlspartner%3Dreadonlyapi","affiliateAddToCartUrl":"http://linksynergy.walmart.com/fs-bin/click?id=|LSNID|&offerid=223073.7200&type=14&catid=8&subid=0&hid=7200&tmpid=1082&RD_PARM1=http%253A%252F%252Faffil.walmart.com%252Fcart%252FaddToCart%253Fitems%253D160314105%257C1%2526affp1%253DH-JVMzorBRQOTBioe9MKJOGSfQyvSqNadbq6TI8wrRc%2526affilsrc%253Dapi","freeShippingOver50Dollars":true,"giftOptions":{"allowGiftWrap":false,"allowGiftMessage":false,"allowGiftReceipt":false},"imageEntities":[{"thumbnailImage":"https://i5.walmartimages.com/asr/45c5e946-eeb4-4b3d-abc8-f186f7c9630b_2.08ce7214c12e6afb2bf2dc2a5e98e3fa.jpeg?odnHeight=100&odnWidth=100&odnBg=FFFFFF","mediumImage":"https://i5.walmartimages.com/asr/45c5e946-eeb4-4b3d-abc8-f186f7c9630b_2.08ce7214c12e6afb2bf2dc2a5e98e3fa.jpeg?odnHeight=180&odnWidth=180&odnBg=FFFFFF","largeImage":"https://i5.walmartimages.com/asr/45c5e946-eeb4-4b3d-abc8-f186f7c9630b_2.08ce7214c12e6afb2bf2dc2a5e98e3fa.jpeg?odnHeight=450&odnWidth=450&odnBg=FFFFFF","entityType":"SECONDARY"},{"thumbnailImage":"https://i5.walmartimages.com/asr/475b3811-5fa9-497e-b289-85a70da93ddc_1.84cc0c44326cce332d4cc2bd0d2b89af.jpeg?odnHeight=100&odnWidth=100&odnBg=FFFFFF","mediumImage":"https://i5.walmartimages.com/asr/475b3811-5fa9-497e-b289-85a70da93ddc_1.84cc0c44326cce332d4cc2bd0d2b89af.jpeg?odnHeight=180&odnWidth=180&odnBg=FFFFFF","largeImage":"https://i5.walmartimages.com/asr/475b3811-5fa9-497e-b289-85a70da93ddc_1.84cc0c44326cce332d4cc2bd0d2b89af.jpeg?odnHeight=450&odnWidth=450&odnBg=FFFFFF","entityType":"SECONDARY"},{"thumbnailImage":"https://i5.walmartimages.com/asr/8388c8fa-96bb-4479-9746-90d522d6ef5a_1.c473a5edd1955f0eb2c1f84097829814.jpeg?odnHeight=100&odnWidth=100&odnBg=FFFFFF","mediumImage":"https://i5.walmartimages.com/asr/8388c8fa-96bb-4479-9746-90d522d6ef5a_1.c473a5edd1955f0eb2c1f84097829814.jpeg?odnHeight=180&odnWidth=180&odnBg=FFFFFF","largeImage":"https://i5.walmartimages.com/asr/8388c8fa-96bb-4479-9746-90d522d6ef5a_1.c473a5edd1955f0eb2c1f84097829814.jpeg?odnHeight=450&odnWidth=450&odnBg=FFFFFF","entityType":"SECONDARY"},{"thumbnailImage":"https://i5.walmartimages.com/asr/e576531c-4c5b-4f33-bcc4-c85f48b6aaa0_1.6ad93433c503cae6a3aece98558fc30b.jpeg?odnHeight=100&odnWidth=100&odnBg=FFFFFF","mediumImage":"https://i5.walmartimages.com/asr/e576531c-4c5b-4f33-bcc4-c85f48b6aaa0_1.6ad93433c503cae6a3aece98558fc30b.jpeg?odnHeight=180&odnWidth=180&odnBg=FFFFFF","largeImage":"https://i5.walmartimages.com/asr/e576531c-4c5b-4f33-bcc4-c85f48b6aaa0_1.6ad93433c503cae6a3aece98558fc30b.jpeg?odnHeight=450&odnWidth=450&odnBg=FFFFFF","entityType":"SECONDARY"},{"thumbnailImage":"https://i5.walmartimages.com/asr/923a110a-4b57-4dff-83bf-3930cc483e81_1.75a833990f1adf7a5d111f6d5d72ee5d.jpeg?odnHeight=100&odnWidth=100&odnBg=FFFFFF","mediumImage":"https://i5.walmartimages.com/asr/923a110a-4b57-4dff-83bf-3930cc483e81_1.75a833990f1adf7a5d111f6d5d72ee5d.jpeg?odnHeight=180&odnWidth=180&odnBg=FFFFFF","largeImage":"https://i5.walmartimages.com/asr/923a110a-4b57-4dff-83bf-3930cc483e81_1.75a833990f1adf7a5d111f6d5d72ee5d.jpeg?odnHeight=450&odnWidth=450&odnBg=FFFFFF","entityType":"SECONDARY"},{"thumbnailImage":"https://i5.walmartimages.com/asr/29597a50-7029-4d5a-be9a-b308a8eec164_1.b920a77724c5ed74b741b6e0bbbe8137.jpeg?odnHeight=100&odnWidth=100&odnBg=FFFFFF","mediumImage":"https://i5.walmartimages.com/asr/29597a50-7029-4d5a-be9a-b308a8eec164_1.b920a77724c5ed74b741b6e0bbbe8137.jpeg?odnHeight=180&odnWidth=180&odnBg=FFFFFF","largeImage":"https://i5.walmartimages.com/asr/29597a50-7029-4d5a-be9a-b308a8eec164_1.b920a77724c5ed74b741b6e0bbbe8137.jpeg?odnHeight=450&odnWidth=450&odnBg=FFFFFF","entityType":"SECONDARY"},{"thumbnailImage":"https://i5.walmartimages.com/asr/c0de6c40-2f9e-44f6-b15f-e90dcebb8b12_1.df69f5234a68aa4a36bf69529eba5247.jpeg?odnHeight=100&odnWidth=100&odnBg=FFFFFF","mediumImage":"https://i5.walmartimages.com/asr/c0de6c40-2f9e-44f6-b15f-e90dcebb8b12_1.df69f5234a68aa4a36bf69529eba5247.jpeg?odnHeight=180&odnWidth=180&odnBg=FFFFFF","largeImage":"https://i5.walmartimages.com/asr/c0de6c40-2f9e-44f6-b15f-e90dcebb8b12_1.df69f5234a68aa4a36bf69529eba5247.jpeg?odnHeight=450&odnWidth=450&odnBg=FFFFFF","entityType":"SECONDARY"},{"thumbnailImage":"https://i5.walmartimages.com/asr/e758a16f-9f6b-4e30-abfc-4f9e6c5ff13c_1.a0c1105df2aab7ebceb0e630b907ea0d.jpeg?odnHeight=100&odnWidth=100&odnBg=FFFFFF","mediumImage":"https://i5.walmartimages.com/asr/e758a16f-9f6b-4e30-abfc-4f9e6c5ff13c_1.a0c1105df2aab7ebceb0e630b907ea0d.jpeg?odnHeight=180&odnWidth=180&odnBg=FFFFFF","largeImage":"https://i5.walmartimages.com/asr/e758a16f-9f6b-4e30-abfc-4f9e6c5ff13c_1.a0c1105df2aab7ebceb0e630b907ea0d.jpeg?odnHeight=450&odnWidth=450&odnBg=FFFFFF","entityType":"SECONDARY"},{"thumbnailImage":"https://i5.walmartimages.com/asr/66489c78-7b76-4c25-9b5b-d45bd1a809f9_2.c5ed99102fe461eda5c376a1c0203571.jpeg?odnHeight=100&odnWidth=100&odnBg=FFFFFF","mediumImage":"https://i5.walmartimages.com/asr/66489c78-7b76-4c25-9b5b-d45bd1a809f9_2.c5ed99102fe461eda5c376a1c0203571.jpeg?odnHeight=180&odnWidth=180&odnBg=FFFFFF","largeImage":"https://i5.walmartimages.com/asr/66489c78-7b76-4c25-9b5b-d45bd1a809f9_2.c5ed99102fe461eda5c376a1c0203571.jpeg?odnHeight=450&odnWidth=450&odnBg=FFFFFF","entityType":"SECONDARY"},{"thumbnailImage":"https://i5.walmartimages.com/asr/8bb9ef2d-f68e-46a3-bb84-a8e3580d9ac7_1.0ce528c3243fc296284f89ca09503059.jpeg?odnHeight=100&odnWidth=100&odnBg=FFFFFF","mediumImage":"https://i5.walmartimages.com/asr/8bb9ef2d-f68e-46a3-bb84-a8e3580d9ac7_1.0ce528c3243fc296284f89ca09503059.jpeg?odnHeight=180&odnWidth=180&odnBg=FFFFFF","largeImage":"https://i5.walmartimages.com/asr/8bb9ef2d-f68e-46a3-bb84-a8e3580d9ac7_1.0ce528c3243fc296284f89ca09503059.jpeg?odnHeight=450&odnWidth=450&odnBg=FFFFFF","entityType":"SECONDARY"},{"thumbnailImage":"https://i5.walmartimages.com/asr/0bbfdde3-5008-4bf8-aa1e-52fd3acac738_1.bc48c21c15c580bec88daf10d5e0a8a8.jpeg?odnHeight=100&odnWidth=100&odnBg=FFFFFF","mediumImage":"https://i5.walmartimages.com/asr/0bbfdde3-5008-4bf8-aa1e-52fd3acac738_1.bc48c21c15c580bec88daf10d5e0a8a8.jpeg?odnHeight=180&odnWidth=180&odnBg=FFFFFF","largeImage":"https://i5.walmartimages.com/asr/0bbfdde3-5008-4bf8-aa1e-52fd3acac738_1.bc48c21c15c580bec88daf10d5e0a8a8.jpeg?odnHeight=450&odnWidth=450&odnBg=FFFFFF","entityType":"SECONDARY"},{"thumbnailImage":"https://i5.walmartimages.com/asr/5b98a8ab-2ba2-403a-a367-1eefd64adf64_1.af4c16cc92dd90b490bedf1cfdc7a2a4.jpeg?odnHeight=100&odnWidth=100&odnBg=FFFFFF","mediumImage":"https://i5.walmartimages.com/asr/5b98a8ab-2ba2-403a-a367-1eefd64adf64_1.af4c16cc92dd90b490bedf1cfdc7a2a4.jpeg?odnHeight=180&odnWidth=180&odnBg=FFFFFF","largeImage":"https://i5.walmartimages.com/asr/5b98a8ab-2ba2-403a-a367-1eefd64adf64_1.af4c16cc92dd90b490bedf1cfdc7a2a4.jpeg?odnHeight=450&odnWidth=450&odnBg=FFFFFF","entityType":"PRIMARY"}],"offerType":"ONLINE_AND_STORE","isTwoDayShippingEligible":true,"availableOnline":true},{"itemId":55463505,"parentItemId":55463505,"name":"Radio Flyer Classic Dual-Deck Tricycle","salePrice":49.88,"upc":"042385112794","categoryPath":"Toys/Kids' Bikes & Riding Toys/Kids Bikes/Kids' Tricycles","shortDescription":"The Radio Flyer Classic Dual Deck Tricycle is The One You Loved as a Kid! This sturdy trike features steel construction, spoked wheels, a 12&rdquo; front wheel and real rubber tires for durability. The controlled turning radius prevents tipping for safe and confident riding. This bright tricycle is classically styled and includes chrome handlebars and fender. Your child will also love the streamers and ringing bell, and the double-deck rear step makes climbing on and off easy. The adjustable seat grows with your child. For ages 2 &frac12;-5 years.","longDescription":"&lt;br&gt;&lt;b&gt;Radio Flyer Classic Dual-Deck Tricycle:&lt;/b&gt;&lt;br&gt;&lt;ul style=&quot;&quot;&gt;&lt;li style=&quot;&quot;&gt;Steel frame, &lt;span style=&quot;text-indent: -0.19in; font-size: 11pt; font-family:&quot; century=&quot;&quot; color:=&quot;&quot;&gt;spoked&lt;/span&gt; &lt;span style=&quot;text-indent: -0.19in; font-size: 11pt; font-family:&quot; century=&quot;&quot; color:=&quot;&quot;&gt;wheels,&lt;/span&gt; &lt;span style=&quot;text-indent: -0.19in; font-size: 11pt; font-family:&quot; century=&quot;&quot; color:=&quot;&quot;&gt;and rubber tires for&lt;/span&gt; &lt;span style=&quot;text-indent: -0.19in; font-size: 11pt; font-family:&quot; century=&quot;&quot; color:=&quot;&quot;&gt;durability&lt;/span&gt;&lt;br&gt;&lt;/li&gt;&lt;li style=&quot;&quot;&gt;Controlled &lt;span style=&quot;text-indent: -0.19in; font-size: 11pt; font-family:&quot; century=&quot;&quot; color:=&quot;&quot;&gt;turning radius prevents&lt;/span&gt; &lt;span style=&quot;text-indent: -0.19in; font-size: 11pt; font-family:&quot; century=&quot;&quot; color:=&quot;&quot;&gt;tipping&lt;/span&gt;&lt;br&gt;&lt;/li&gt;&lt;li style=&quot;&quot;&gt;Classically &lt;span style=&quot;text-indent: -0.19in; font-size: 11pt; font-family:&quot; century=&quot;&quot; color:=&quot;&quot;&gt;styled with chrome handlebars&lt;/span&gt;&lt;span style=&quot;text-indent: -0.19in; font-size: 11pt; font-family:&quot; century=&quot;&quot; color:=&quot;&quot;&gt;, streamers&lt;/span&gt;&lt;span style=&quot;text-indent: -0.19in; font-size: 11pt; font-family:&quot; century=&quot;&quot; color:=&quot;&quot;&gt;, and ringing&lt;/span&gt; &lt;span style=&quot;text-indent: -0.19in; font-size: 11pt; font-family:&quot; century=&quot;&quot; color:=&quot;&quot;&gt;chrome bell&lt;/span&gt;&lt;br&gt;&lt;/li&gt;&lt;li style=&quot;&quot;&gt;12&rdquo; front wheel&lt;br&gt;&lt;/li&gt;&lt;li style=&quot;&quot;&gt;Adjustable &lt;span style=&quot;text-indent: -0.19in; font-size: 11pt; font-family:&quot; century=&quot;&quot; color:=&quot;&quot;&gt;seat grows with your&lt;/span&gt; &lt;span style=&quot;text-indent: -0.19in; font-size: 11pt; font-family:&quot; century=&quot;&quot; color:=&quot;&quot;&gt;child&lt;/span&gt;&lt;br&gt;&lt;/li&gt;&lt;li style=&quot;&quot;&gt;&lt;span style=&quot;text-indent: -0.19in; font-size: 11pt; font-family:&quot; century=&quot;&quot; color:=&quot;&quot;&gt;Colors: Red, Pink&lt;/span&gt;&lt;/li&gt;&lt;li style=&quot;&quot;&gt;&lt;font color=&quot;#404040&quot; face=&quot;Century Gothic&quot; style=&quot;text-indent: -18.24px;&quot;&gt;&lt;span style=&quot;font-size: 14.6667px;&quot;&gt;Assembled Dimensions:&nbsp;&lt;/span&gt;&lt;/font&gt;&lt;span style=&quot;text-indent: -18.24px;&quot;&gt;27.87 L x 19.88 W x 23.86 H&lt;/span&gt;&lt;br&gt;&lt;/li&gt;&lt;li style=&quot;&quot;&gt;Assembled Weight: 16.53 lbs&lt;br&gt;&lt;/li&gt;&lt;li style=&quot;&quot;&gt;Maximum Weight Capacity: 49 lbs&lt;br&gt;&lt;/li&gt;&lt;li style=&quot;&quot;&gt;Age Range: 2 years and up&lt;br&gt;&lt;/li&gt;&lt;/ul&gt;","brandName":"Radio Flyer","thumbnailImage":"https://i5.walmartimages.com/asr/729b9cd9-04ad-46e3-b145-bad8ee5aee37_1.352e1c81cc21f389315274b0064835cb.jpeg?odnHeight=100&odnWidth=100&odnBg=FFFFFF","mediumImage":"https://i5.walmartimages.com/asr/729b9cd9-04ad-46e3-b145-bad8ee5aee37_1.352e1c81cc21f389315274b0064835cb.jpeg?odnHeight=180&odnWidth=180&odnBg=FFFFFF","largeImage":"https://i5.walmartimages.com/asr/729b9cd9-04ad-46e3-b145-bad8ee5aee37_1.352e1c81cc21f389315274b0064835cb.jpeg?odnHeight=450&odnWidth=450&odnBg=FFFFFF","productTrackingUrl":"http://linksynergy.walmart.com/fs-bin/click?id=|LSNID|&offerid=223073.7200&type=14&catid=8&subid=0&hid=7200&tmpid=1082&RD_PARM1=https%253A%252F%252Fwww.walmart.com%252Fip%252FRadio-Flyer-Classic-Dual-Deck-Tricycle%252F55463505%253Faffp1%253DH-JVMzorBRQOTBioe9MKJOGSfQyvSqNadbq6TI8wrRc%2526affilsrc%253Dapi","ninetySevenCentShipping":false,"standardShipRate":0.0,"size":"6","color":"Red","marketplace":false,"shipToStore":true,"freeShipToStore":true,"modelNumber":"33","productUrl":"http://c.affil.walmart.com/t/api01?l=https%3A%2F%2Fwww.walmart.com%2Fip%2FRadio-Flyer-Classic-Dual-Deck-Tricycle%2F55463505%3Faffp1%3DH-JVMzorBRQOTBioe9MKJOGSfQyvSqNadbq6TI8wrRc%26affilsrc%3Dapi%26veh%3Daff%26wmlspartner%3Dreadonlyapi","customerRating":"4.572","numReviews":586,"variants":[55463505,55463506],"customerRatingImage":"http://i2.walmartimages.com/i/CustRating/4_6.gif","categoryNode":"4171_133073_9240575","bundle":false,"clearance":false,"preOrder":false,"stock":"Available","attributes":{"color":"Red","mirrorNum":"6","replenishmentStartDate":"2017-01-28 00:00:00.000000-07:00"},"gender":"Unisex","age":"2 to 4 Years","addToCartUrl":"http://c.affil.walmart.com/t/api01?l=http%3A%2F%2Faffil.walmart.com%2Fcart%2FaddToCart%3Fitems%3D55463505%7C1%26affp1%3DH-JVMzorBRQOTBioe9MKJOGSfQyvSqNadbq6TI8wrRc%26affilsrc%3Dapi%26veh%3Daff%26wmlspartner%3Dreadonlyapi","affiliateAddToCartUrl":"http://linksynergy.walmart.com/fs-bin/click?id=|LSNID|&offerid=223073.7200&type=14&catid=8&subid=0&hid=7200&tmpid=1082&RD_PARM1=http%253A%252F%252Faffil.walmart.com%252Fcart%252FaddToCart%253Fitems%253D55463505%257C1%2526affp1%253DH-JVMzorBRQOTBioe9MKJOGSfQyvSqNadbq6TI8wrRc%2526affilsrc%253Dapi","freeShippingOver50Dollars":true,"giftOptions":{"allowGiftWrap":false,"allowGiftMessage":false,"allowGiftReceipt":false},"imageEntities":[{"thumbnailImage":"https://i5.walmartimages.com/asr/83a78edb-1d97-43bd-bb56-634d886a3888_1.aa2b28cac1455857ccfa83d2a2c9f7a5.jpeg?odnHeight=100&odnWidth=100&odnBg=FFFFFF","mediumImage":"https://i5.walmartimages.com/asr/83a78edb-1d97-43bd-bb56-634d886a3888_1.aa2b28cac1455857ccfa83d2a2c9f7a5.jpeg?odnHeight=180&odnWidth=180&odnBg=FFFFFF","largeImage":"https://i5.walmartimages.com/asr/83a78edb-1d97-43bd-bb56-634d886a3888_1.aa2b28cac1455857ccfa83d2a2c9f7a5.jpeg?odnHeight=450&odnWidth=450&odnBg=FFFFFF","entityType":"SECONDARY"},{"thumbnailImage":"https://i5.walmartimages.com/asr/b94ac414-1216-45e4-87d4-57f47cea9a5e_1.56708d6a93c44df4a1dfccc5cfc5c114.jpeg?odnHeight=100&odnWidth=100&odnBg=FFFFFF","mediumImage":"https://i5.walmartimages.com/asr/b94ac414-1216-45e4-87d4-57f47cea9a5e_1.56708d6a93c44df4a1dfccc5cfc5c114.jpeg?odnHeight=180&odnWidth=180&odnBg=FFFFFF","largeImage":"https://i5.walmartimages.com/asr/b94ac414-1216-45e4-87d4-57f47cea9a5e_1.56708d6a93c44df4a1dfccc5cfc5c114.jpeg?odnHeight=450&odnWidth=450&odnBg=FFFFFF","entityType":"SECONDARY"},{"thumbnailImage":"https://i5.walmartimages.com/asr/ccc5c07b-3459-452c-aaaf-d56ead8cd1ff_1.cf25d4cbf3219ff0180e909b36476e62.jpeg?odnHeight=100&odnWidth=100&odnBg=FFFFFF","mediumImage":"https://i5.walmartimages.com/asr/ccc5c07b-3459-452c-aaaf-d56ead8cd1ff_1.cf25d4cbf3219ff0180e909b36476e62.jpeg?odnHeight=180&odnWidth=180&odnBg=FFFFFF","largeImage":"https://i5.walmartimages.com/asr/ccc5c07b-3459-452c-aaaf-d56ead8cd1ff_1.cf25d4cbf3219ff0180e909b36476e62.jpeg?odnHeight=450&odnWidth=450&odnBg=FFFFFF","entityType":"SECONDARY"},{"thumbnailImage":"https://i5.walmartimages.com/asr/d50d7a79-d445-4101-9ce8-b5fb7f9aeb30_1.215115da06ea48761338f4c025f873aa.jpeg?odnHeight=100&odnWidth=100&odnBg=FFFFFF","mediumImage":"https://i5.walmartimages.com/asr/d50d7a79-d445-4101-9ce8-b5fb7f9aeb30_1.215115da06ea48761338f4c025f873aa.jpeg?odnHeight=180&odnWidth=180&odnBg=FFFFFF","largeImage":"https://i5.walmartimages.com/asr/d50d7a79-d445-4101-9ce8-b5fb7f9aeb30_1.215115da06ea48761338f4c025f873aa.jpeg?odnHeight=450&odnWidth=450&odnBg=FFFFFF","entityType":"SECONDARY"},{"thumbnailImage":"https://i5.walmartimages.com/asr/10d11b00-cbf6-41b5-9aef-41e32b07bd2a_1.5a1d561e9f84aa01c21c9f9c9410254a.jpeg?odnHeight=100&odnWidth=100&odnBg=FFFFFF","mediumImage":"https://i5.walmartimages.com/asr/10d11b00-cbf6-41b5-9aef-41e32b07bd2a_1.5a1d561e9f84aa01c21c9f9c9410254a.jpeg?odnHeight=180&odnWidth=180&odnBg=FFFFFF","largeImage":"https://i5.walmartimages.com/asr/10d11b00-cbf6-41b5-9aef-41e32b07bd2a_1.5a1d561e9f84aa01c21c9f9c9410254a.jpeg?odnHeight=450&odnWidth=450&odnBg=FFFFFF","entityType":"SECONDARY"},{"thumbnailImage":"https://i5.walmartimages.com/asr/76dd61f8-dd16-4e74-8ca6-edd05ff301d4_1.5fa88d0b1398ad5754ebfc55f9450f69.jpeg?odnHeight=100&odnWidth=100&odnBg=FFFFFF","mediumImage":"https://i5.walmartimages.com/asr/76dd61f8-dd16-4e74-8ca6-edd05ff301d4_1.5fa88d0b1398ad5754ebfc55f9450f69.jpeg?odnHeight=180&odnWidth=180&odnBg=FFFFFF","largeImage":"https://i5.walmartimages.com/asr/76dd61f8-dd16-4e74-8ca6-edd05ff301d4_1.5fa88d0b1398ad5754ebfc55f9450f69.jpeg?odnHeight=450&odnWidth=450&odnBg=FFFFFF","entityType":"SECONDARY"},{"thumbnailImage":"https://i5.walmartimages.com/asr/6453688b-161a-4c76-9ce9-f41b4e71436c_1.e443af458f24590551ae888ef039dd15.jpeg?odnHeight=100&odnWidth=100&odnBg=FFFFFF","mediumImage":"https://i5.walmartimages.com/asr/6453688b-161a-4c76-9ce9-f41b4e71436c_1.e443af458f24590551ae888ef039dd15.jpeg?odnHeight=180&odnWidth=180&odnBg=FFFFFF","largeImage":"https://i5.walmartimages.com/asr/6453688b-161a-4c76-9ce9-f41b4e71436c_1.e443af458f24590551ae888ef039dd15.jpeg?odnHeight=450&odnWidth=450&odnBg=FFFFFF","entityType":"SECONDARY"},{"thumbnailImage":"https://i5.walmartimages.com/asr/729b9cd9-04ad-46e3-b145-bad8ee5aee37_1.352e1c81cc21f389315274b0064835cb.jpeg?odnHeight=100&odnWidth=100&odnBg=FFFFFF","mediumImage":"https://i5.walmartimages.com/asr/729b9cd9-04ad-46e3-b145-bad8ee5aee37_1.352e1c81cc21f389315274b0064835cb.jpeg?odnHeight=180&odnWidth=180&odnBg=FFFFFF","largeImage":"https://i5.walmartimages.com/asr/729b9cd9-04ad-46e3-b145-bad8ee5aee37_1.352e1c81cc21f389315274b0064835cb.jpeg?odnHeight=450&odnWidth=450&odnBg=FFFFFF","entityType":"PRIMARY"}],"offerType":"ONLINE_ONLY","isTwoDayShippingEligible":false,"availableOnline":true},{"itemId":166752596,"parentItemId":166752596,"name":"\"Hisense 49\"\" class 4K (2160p) HDR Smart LED TV (49H6E)\"","msrp":349.99,"salePrice":259.99,"upc":"819130021300","categoryPath":"Electronics/TV & Video/All TVs","shortDescription":"I'm a big dealHave you ever seen a 4K Ultra HD TV like this? We&rsquo;re guessing that if you did, it wasn&rsquo;t this affordable. With four times more pixels (8.3 million) than standard high-definition TV, the Hisense H6 Series 4K Ultra HD Smart TV is built to deliver bright colors and rich contrast. HDR* technology maximizes brightness, the UHD Upscaler brings lower resolution content as close to 4K as possible, and Motion Rate 120 keeps up with the fastest sports, movies and 4K gaming. This series also features award-winning sound from dbx-tv&reg; digital audio technology and comes with tons of built-in apps via the Hisense Smart Platform, making it easier than ever to personalize your entertainment.*HDR viewing experience will vary by model, content availability and internet connection.","longDescription":"&lt;span style=&quot;font-weight: bolder; font-family: myriad-pro, BogleWeb,&quot; helvetica=&quot;&quot;&gt;Key Features:&lt;/span&gt;&lt;ul style=&quot;margin: 24px 0px 0px; font-family: myriad-pro, BogleWeb,&quot; helvetica=&quot;&quot;&gt;&lt;li&gt;Screen Size (Diag.): 48.5&quot;&lt;/li&gt;&lt;li&gt;Backlight Type: LED&lt;/li&gt;&lt;li&gt;Resolution: 4K (2160p)&lt;/li&gt;&lt;li&gt;Effective Refresh Rate: 60Hz&lt;/li&gt;&lt;li&gt;Smart Functionality: yes&lt;/li&gt;&lt;li&gt;HDR: Yes&lt;/li&gt;&lt;li&gt;Aspect Ratio: 16:9&lt;/li&gt;&lt;li&gt;OSD Language: English, Spanish, French&lt;/li&gt;&lt;li&gt;Audio: dbx-tv&lt;/li&gt;&lt;li&gt;Audio Output: 8W x 8W&lt;/li&gt;&lt;/ul&gt;&lt;span style=&quot;font-weight: bolder; font-family: myriad-pro, BogleWeb,&quot; helvetica=&quot;&quot;&gt;Connectivity:&lt;/span&gt;&lt;ul style=&quot;margin: 24px 0px 0px; font-family: myriad-pro, BogleWeb,&quot; helvetica=&quot;&quot;&gt;&lt;li&gt;HDMI Inputs: 3&lt;/li&gt;&lt;li&gt;USB: 1&lt;/li&gt;&lt;li&gt;Composite Audio/Video: Input: 1&lt;/li&gt;&lt;li&gt;Digital Optical Audio Output: 1&lt;/li&gt;&lt;li&gt;Headphone Jack: 1&lt;/li&gt;&lt;li&gt;RF Antenna Input: 1&lt;/li&gt;&lt;li&gt;Built-in WiFi: yes&lt;/li&gt;&lt;/ul&gt;&lt;span style=&quot;font-weight: bolder; font-family: myriad-pro, BogleWeb,&quot; helvetica=&quot;&quot;&gt;What's In The Box:&lt;/span&gt;&lt;ul style=&quot;margin: 24px 0px 0px; font-family: myriad-pro, BogleWeb,&quot; helvetica=&quot;&quot;&gt;&lt;li&gt;Remote Control&lt;/li&gt;&lt;/ul&gt;&lt;span style=&quot;font-weight: bolder; font-family: myriad-pro, BogleWeb,&quot; helvetica=&quot;&quot;&gt;Wall-mountable:&lt;/span&gt;&lt;ul style=&quot;margin: 24px 0px 0px; font-family: myriad-pro, BogleWeb,&quot; helvetica=&quot;&quot;&gt;&lt;li&gt;Mount Pattern: VESA standard&lt;/li&gt;&lt;/ul&gt;&lt;span style=&quot;font-weight: bolder; font-family: myriad-pro, BogleWeb,&quot; helvetica=&quot;&quot;&gt;Support and Warranty:&lt;/span&gt;&lt;ul style=&quot;margin: 24px 0px 0px; font-family: myriad-pro, BogleWeb,&quot; helvetica=&quot;&quot;&gt;&lt;li&gt;1yr&nbsp; Warranty&nbsp;&lt;/li&gt;&lt;/ul&gt;","brandName":"Hisense","thumbnailImage":"https://i5.walmartimages.com/asr/e8fcf8e5-a607-4b5d-8567-432657a41d28_1.1199f189fbe7185fd330d1d4fcfcfc0c.jpeg?odnHeight=100&odnWidth=100&odnBg=FFFFFF","mediumImage":"https://i5.walmartimages.com/asr/e8fcf8e5-a607-4b5d-8567-432657a41d28_1.1199f189fbe7185fd330d1d4fcfcfc0c.jpeg?odnHeight=180&odnWidth=180&odnBg=FFFFFF","largeImage":"https://i5.walmartimages.com/asr/e8fcf8e5-a607-4b5d-8567-432657a41d28_1.1199f189fbe7185fd330d1d4fcfcfc0c.jpeg?odnHeight=450&odnWidth=450&odnBg=FFFFFF","productTrackingUrl":"http://linksynergy.walmart.com/fs-bin/click?id=|LSNID|&offerid=223073.7200&type=14&catid=8&subid=0&hid=7200&tmpid=1082&RD_PARM1=https%253A%252F%252Fwww.walmart.com%252Fip%252FHisense-49-class-4K-2160p-HDR-Smart-LED-TV-49H6E%252F166752596%253Faffp1%253DH-JVMzorBRQOTBioe9MKJOGSfQyvSqNadbq6TI8wrRc%2526affilsrc%253Dapi","ninetySevenCentShipping":false,"standardShipRate":0.0,"size":"N","color":"Black","shipToStore":false,"freeShipToStore":false,"modelNumber":"49H6E","productUrl":"http://c.affil.walmart.com/t/api01?l=https%3A%2F%2Fwww.walmart.com%2Fip%2FHisense-49-class-4K-2160p-HDR-Smart-LED-TV-49H6E%2F166752596%3Faffp1%3DH-JVMzorBRQOTBioe9MKJOGSfQyvSqNadbq6TI8wrRc%26affilsrc%3Dapi%26veh%3Daff%26wmlspartner%3Dreadonlyapi","bestMarketplacePrice":{"price":399.99,"sellerInfo":"Hisense USA Corporation","standardShipRate":0.0,"availableOnline":true,"clearance":false,"offerType":"ONLINE_ONLY"},"categoryNode":"3944_1060825_447913","bundle":false,"clearance":false,"preOrder":false,"stock":"Available","attributes":{"color":"Black","compositeWood":"1 - Does not contain composite wood","hasStateRestrictions":"N"},"addToCartUrl":"http://c.affil.walmart.com/t/api01?l=http%3A%2F%2Faffil.walmart.com%2Fcart%2FaddToCart%3Fitems%3D166752596%7C1%26affp1%3DH-JVMzorBRQOTBioe9MKJOGSfQyvSqNadbq6TI8wrRc%26affilsrc%3Dapi%26veh%3Daff%26wmlspartner%3Dreadonlyapi","affiliateAddToCartUrl":"http://linksynergy.walmart.com/fs-bin/click?id=|LSNID|&offerid=223073.7200&type=14&catid=8&subid=0&hid=7200&tmpid=1082&RD_PARM1=http%253A%252F%252Faffil.walmart.com%252Fcart%252FaddToCart%253Fitems%253D166752596%257C1%2526affp1%253DH-JVMzorBRQOTBioe9MKJOGSfQyvSqNadbq6TI8wrRc%2526affilsrc%253Dapi","freeShippingOver50Dollars":true,"giftOptions":{"allowGiftWrap":false,"allowGiftMessage":true,"allowGiftReceipt":true},"imageEntities":[{"thumbnailImage":"https://i5.walmartimages.com/asr/16d13779-40ef-4b46-9ffc-84f9beaba622_1.c8df4489eaa84f43338de8f3e2b108e7.jpeg?odnHeight=100&odnWidth=100&odnBg=FFFFFF","mediumImage":"https://i5.walmartimages.com/asr/16d13779-40ef-4b46-9ffc-84f9beaba622_1.c8df4489eaa84f43338de8f3e2b108e7.jpeg?odnHeight=180&odnWidth=180&odnBg=FFFFFF","largeImage":"https://i5.walmartimages.com/asr/16d13779-40ef-4b46-9ffc-84f9beaba622_1.c8df4489eaa84f43338de8f3e2b108e7.jpeg?odnHeight=450&odnWidth=450&odnBg=FFFFFF","entityType":"SECONDARY"},{"thumbnailImage":"https://i5.walmartimages.com/asr/d72b83c6-0f11-4887-8426-e36230135cdf_1.310e93f005ec84b41104a644ddab39c9.jpeg?odnHeight=100&odnWidth=100&odnBg=FFFFFF","mediumImage":"https://i5.walmartimages.com/asr/d72b83c6-0f11-4887-8426-e36230135cdf_1.310e93f005ec84b41104a644ddab39c9.jpeg?odnHeight=180&odnWidth=180&odnBg=FFFFFF","largeImage":"https://i5.walmartimages.com/asr/d72b83c6-0f11-4887-8426-e36230135cdf_1.310e93f005ec84b41104a644ddab39c9.jpeg?odnHeight=450&odnWidth=450&odnBg=FFFFFF","entityType":"SECONDARY"},{"thumbnailImage":"https://i5.walmartimages.com/asr/10718f4d-7312-47b2-a435-cfcdbbdfd6f5_1.63db3572637b0bda4ffb9d8ace57e6cc.jpeg?odnHeight=100&odnWidth=100&odnBg=FFFFFF","mediumImage":"https://i5.walmartimages.com/asr/10718f4d-7312-47b2-a435-cfcdbbdfd6f5_1.63db3572637b0bda4ffb9d8ace57e6cc.jpeg?odnHeight=180&odnWidth=180&odnBg=FFFFFF","largeImage":"https://i5.walmartimages.com/asr/10718f4d-7312-47b2-a435-cfcdbbdfd6f5_1.63db3572637b0bda4ffb9d8ace57e6cc.jpeg?odnHeight=450&odnWidth=450&odnBg=FFFFFF","entityType":"SECONDARY"},{"thumbnailImage":"https://i5.walmartimages.com/asr/8ae9a17c-130f-4cfc-b0f8-066db91d07cc_1.fbfe6ee429dac5dcfd4ae4c111dd008b.jpeg?odnHeight=100&odnWidth=100&odnBg=FFFFFF","mediumImage":"https://i5.walmartimages.com/asr/8ae9a17c-130f-4cfc-b0f8-066db91d07cc_1.fbfe6ee429dac5dcfd4ae4c111dd008b.jpeg?odnHeight=180&odnWidth=180&odnBg=FFFFFF","largeImage":"https://i5.walmartimages.com/asr/8ae9a17c-130f-4cfc-b0f8-066db91d07cc_1.fbfe6ee429dac5dcfd4ae4c111dd008b.jpeg?odnHeight=450&odnWidth=450&odnBg=FFFFFF","entityType":"SECONDARY"},{"thumbnailImage":"https://i5.walmartimages.com/asr/28a4696a-87d1-4414-b5e6-a0372fb7d55d_1.b68fded98fbd87415668b869a28a5932.jpeg?odnHeight=100&odnWidth=100&odnBg=FFFFFF","mediumImage":"https://i5.walmartimages.com/asr/28a4696a-87d1-4414-b5e6-a0372fb7d55d_1.b68fded98fbd87415668b869a28a5932.jpeg?odnHeight=180&odnWidth=180&odnBg=FFFFFF","largeImage":"https://i5.walmartimages.com/asr/28a4696a-87d1-4414-b5e6-a0372fb7d55d_1.b68fded98fbd87415668b869a28a5932.jpeg?odnHeight=450&odnWidth=450&odnBg=FFFFFF","entityType":"SECONDARY"},{"thumbnailImage":"https://i5.walmartimages.com/asr/60e54267-dffe-409d-ad7a-a2df266eadda_1.fa95e0767cf9ade2ee431d97232a60dd.jpeg?odnHeight=100&odnWidth=100&odnBg=FFFFFF","mediumImage":"https://i5.walmartimages.com/asr/60e54267-dffe-409d-ad7a-a2df266eadda_1.fa95e0767cf9ade2ee431d97232a60dd.jpeg?odnHeight=180&odnWidth=180&odnBg=FFFFFF","largeImage":"https://i5.walmartimages.com/asr/60e54267-dffe-409d-ad7a-a2df266eadda_1.fa95e0767cf9ade2ee431d97232a60dd.jpeg?odnHeight=450&odnWidth=450&odnBg=FFFFFF","entityType":"SECONDARY"},{"thumbnailImage":"https://i5.walmartimages.com/asr/c7c0aeab-ffdb-45c3-ad17-7d304331f8e0_1.8f63ad318f5cc7968f0b743707c69e85.jpeg?odnHeight=100&odnWidth=100&odnBg=FFFFFF","mediumImage":"https://i5.walmartimages.com/asr/c7c0aeab-ffdb-45c3-ad17-7d304331f8e0_1.8f63ad318f5cc7968f0b743707c69e85.jpeg?odnHeight=180&odnWidth=180&odnBg=FFFFFF","largeImage":"https://i5.walmartimages.com/asr/c7c0aeab-ffdb-45c3-ad17-7d304331f8e0_1.8f63ad318f5cc7968f0b743707c69e85.jpeg?odnHeight=450&odnWidth=450&odnBg=FFFFFF","entityType":"SECONDARY"},{"thumbnailImage":"https://i5.walmartimages.com/asr/e8fcf8e5-a607-4b5d-8567-432657a41d28_1.1199f189fbe7185fd330d1d4fcfcfc0c.jpeg?odnHeight=100&odnWidth=100&odnBg=FFFFFF","mediumImage":"https://i5.walmartimages.com/asr/e8fcf8e5-a607-4b5d-8567-432657a41d28_1.1199f189fbe7185fd330d1d4fcfcfc0c.jpeg?odnHeight=180&odnWidth=180&odnBg=FFFFFF","largeImage":"https://i5.walmartimages.com/asr/e8fcf8e5-a607-4b5d-8567-432657a41d28_1.1199f189fbe7185fd330d1d4fcfcfc0c.jpeg?odnHeight=450&odnWidth=450&odnBg=FFFFFF","entityType":"PRIMARY"}],"offerType":"ONLINE_AND_STORE","isTwoDayShippingEligible":false,"availableOnline":true},{"itemId":179085238,"parentItemId":179085238,"name":"Urbini 4-in-1 Nesti Playard - Teal","msrp":129.0,"salePrice":89.0,"upc":"840009151453","categoryPath":"Baby/Baby Activities & Gear/Playards","shortDescription":"Nap and play, home and away! The 4-in-1 Urbini Nesti Play Yard grows with your child, offering four uses in one convenient bundle. Newborns will feel cozy in a soothing removable napper that rocks baby to sleep. Older babies will enjoy relaxing in the removable bassinet with calming sounds and lights module. The changing station includes a sturdy changing table and spacious, practical storage cubbies designed to handle all baby's essentials. When they're ready, the Nesti transforms into a safe, secure place for toddlers to rest and play.","longDescription":"Urbini Playard Nesti&lt;br&gt;&lt;br&gt;&lt;ul style=&quot;margin: 24px 0px 0px; font-family: myriad-pro, BogleWeb,&quot; helvetica=&quot;&quot;&gt;&lt;li&gt;The 4-in-1 Urbini Nesti Play Yard grows with your child, offering 4 uses in one convenient bundle&lt;/li&gt;&lt;li&gt;Newborns will feel cozy in a soothing removable napper that rocks baby to sleep&lt;/li&gt;&lt;li&gt;Older babies will enjoy relaxing in the removable bassinet with calming sounds and lights module&lt;/li&gt;&lt;li&gt;The changing station includes a sturdy changing table and spacious, practical storage cubbies designed to handle all baby's essentials&lt;/li&gt;&lt;li&gt;When they're ready, the Nesti transforms into a safe, secure place for toddlers to rest and play&lt;/li&gt;&lt;li&gt;Includes bonus rocking sleeper with canopy and toys&lt;/li&gt;&lt;li&gt;Sturdy changer with roomy storage cubbies&lt;/li&gt;&lt;li&gt;Soothing lights and sounds module with soft nightlight and portable play yard for growing toddlers&lt;/li&gt;&lt;/ul&gt;","brandName":"Urbini","thumbnailImage":"https://i5.walmartimages.com/asr/94615539-fa75-4f03-b47e-9eabe7c428ac_1.f35045b46fb09c96f40fbac770bc1cce.jpeg?odnHeight=100&odnWidth=100&odnBg=FFFFFF","mediumImage":"https://i5.walmartimages.com/asr/94615539-fa75-4f03-b47e-9eabe7c428ac_1.f35045b46fb09c96f40fbac770bc1cce.jpeg?odnHeight=180&odnWidth=180&odnBg=FFFFFF","largeImage":"https://i5.walmartimages.com/asr/94615539-fa75-4f03-b47e-9eabe7c428ac_1.f35045b46fb09c96f40fbac770bc1cce.jpeg?odnHeight=450&odnWidth=450&odnBg=FFFFFF","productTrackingUrl":"http://linksynergy.walmart.com/fs-bin/click?id=|LSNID|&offerid=223073.7200&type=14&catid=8&subid=0&hid=7200&tmpid=1082&RD_PARM1=https%253A%252F%252Fwww.walmart.com%252Fip%252FUrbini-4-in-1-Nesti-Playard-Teal%252F179085238%253Faffp1%253DH-JVMzorBRQOTBioe9MKJOGSfQyvSqNadbq6TI8wrRc%2526affilsrc%253Dapi","ninetySevenCentShipping":false,"standardShipRate":0.0,"size":"Playards","color":"Blue","marketplace":false,"shipToStore":true,"freeShipToStore":true,"modelNumber":"15BD2Y-TLKU","productUrl":"http://c.affil.walmart.com/t/api01?l=https%3A%2F%2Fwww.walmart.com%2Fip%2FUrbini-4-in-1-Nesti-Playard-Teal%2F179085238%3Faffp1%3DH-JVMzorBRQOTBioe9MKJOGSfQyvSqNadbq6TI8wrRc%26affilsrc%3Dapi%26veh%3Daff%26wmlspartner%3Dreadonlyapi","customerRating":"5.0","numReviews":3,"customerRatingImage":"http://i2.walmartimages.com/i/CustRating/5.gif","categoryNode":"5427_86323_91518","bundle":false,"clearance":false,"preOrder":false,"stock":"Available","attributes":{"color":"Blue","finerCateg":"Playards","wklyFcstWeeks":"23.33852298443133930000"},"gender":"Unisex","age":"0 - 24 Months0 to 24 Months","addToCartUrl":"http://c.affil.walmart.com/t/api01?l=http%3A%2F%2Faffil.walmart.com%2Fcart%2FaddToCart%3Fitems%3D179085238%7C1%26affp1%3DH-JVMzorBRQOTBioe9MKJOGSfQyvSqNadbq6TI8wrRc%26affilsrc%3Dapi%26veh%3Daff%26wmlspartner%3Dreadonlyapi","affiliateAddToCartUrl":"http://linksynergy.walmart.com/fs-bin/click?id=|LSNID|&offerid=223073.7200&type=14&catid=8&subid=0&hid=7200&tmpid=1082&RD_PARM1=http%253A%252F%252Faffil.walmart.com%252Fcart%252FaddToCart%253Fitems%253D179085238%257C1%2526affp1%253DH-JVMzorBRQOTBioe9MKJOGSfQyvSqNadbq6TI8wrRc%2526affilsrc%253Dapi","freeShippingOver50Dollars":true,"giftOptions":{"allowGiftWrap":false,"allowGiftMessage":false,"allowGiftReceipt":false},"imageEntities":[{"thumbnailImage":"https://i5.walmartimages.com/asr/dd5fbe1d-f229-46e2-82ad-e52fb4155a00_1.a57267cb07d992dc8a21621b2064c59c.jpeg?odnHeight=100&odnWidth=100&odnBg=FFFFFF","mediumImage":"https://i5.walmartimages.com/asr/dd5fbe1d-f229-46e2-82ad-e52fb4155a00_1.a57267cb07d992dc8a21621b2064c59c.jpeg?odnHeight=180&odnWidth=180&odnBg=FFFFFF","largeImage":"https://i5.walmartimages.com/asr/dd5fbe1d-f229-46e2-82ad-e52fb4155a00_1.a57267cb07d992dc8a21621b2064c59c.jpeg?odnHeight=450&odnWidth=450&odnBg=FFFFFF","entityType":"SECONDARY"},{"thumbnailImage":"https://i5.walmartimages.com/asr/ed1d1d37-73d6-4468-9c52-803d0ac8f91f_1.f65373a8f7aef7e7b428afe76ee9bf3c.jpeg?odnHeight=100&odnWidth=100&odnBg=FFFFFF","mediumImage":"https://i5.walmartimages.com/asr/ed1d1d37-73d6-4468-9c52-803d0ac8f91f_1.f65373a8f7aef7e7b428afe76ee9bf3c.jpeg?odnHeight=180&odnWidth=180&odnBg=FFFFFF","largeImage":"https://i5.walmartimages.com/asr/ed1d1d37-73d6-4468-9c52-803d0ac8f91f_1.f65373a8f7aef7e7b428afe76ee9bf3c.jpeg?odnHeight=450&odnWidth=450&odnBg=FFFFFF","entityType":"SECONDARY"},{"thumbnailImage":"https://i5.walmartimages.com/asr/fd69b059-8939-450b-8728-d3023bb01059_2.c2e5b488342e6c5412463854fbb33b10.jpeg?odnHeight=100&odnWidth=100&odnBg=FFFFFF","mediumImage":"https://i5.walmartimages.com/asr/fd69b059-8939-450b-8728-d3023bb01059_2.c2e5b488342e6c5412463854fbb33b10.jpeg?odnHeight=180&odnWidth=180&odnBg=FFFFFF","largeImage":"https://i5.walmartimages.com/asr/fd69b059-8939-450b-8728-d3023bb01059_2.c2e5b488342e6c5412463854fbb33b10.jpeg?odnHeight=450&odnWidth=450&odnBg=FFFFFF","entityType":"SECONDARY"},{"thumbnailImage":"https://i5.walmartimages.com/asr/94615539-fa75-4f03-b47e-9eabe7c428ac_1.f35045b46fb09c96f40fbac770bc1cce.jpeg?odnHeight=100&odnWidth=100&odnBg=FFFFFF","mediumImage":"https://i5.walmartimages.com/asr/94615539-fa75-4f03-b47e-9eabe7c428ac_1.f35045b46fb09c96f40fbac770bc1cce.jpeg?odnHeight=180&odnWidth=180&odnBg=FFFFFF","largeImage":"https://i5.walmartimages.com/asr/94615539-fa75-4f03-b47e-9eabe7c428ac_1.f35045b46fb09c96f40fbac770bc1cce.jpeg?odnHeight=450&odnWidth=450&odnBg=FFFFFF","entityType":"PRIMARY"}],"offerType":"ONLINE_AND_STORE","isTwoDayShippingEligible":true,"availableOnline":true},{"itemId":14047895,"parentItemId":14047895,"name":"Rawlings ROLB Official League Tournament Grade Baseballs (Dozen)","msrp":99.5,"salePrice":63.95,"upc":"083321502781","categoryPath":"Sports & Outdoors/Sports Fan Shop/Sports & Outdoor Play Fan Shop/Sports Equipment Fan Shop","shortDescription":"Rawlings ROLB Baseballs feature a full grain leather cover for extra durability and a cushioned cork center, for quality baseballs that resist wear and tear. Designed for use in practice matches, these Rawlings Practice Leather Baseballs are just as great for use in games. Rawlings Official Baseballs feature a raised seam for better grip, allowing for better performance, and are produced to exacting official standards. These Rawlings ROLB Baseballs allow for more effective practice and performance.","longDescription":"Official League Tournament Grade Baseball","brandName":"Rawlings","thumbnailImage":"https://i5.walmartimages.com/asr/63646118-c5d0-4395-9d9f-0cb3c0ffea24_1.2541cafc2e3924fe4884b69ab7ae9694.jpeg?odnHeight=100&odnWidth=100&odnBg=FFFFFF","mediumImage":"https://i5.walmartimages.com/asr/63646118-c5d0-4395-9d9f-0cb3c0ffea24_1.2541cafc2e3924fe4884b69ab7ae9694.jpeg?odnHeight=180&odnWidth=180&odnBg=FFFFFF","largeImage":"https://i5.walmartimages.com/asr/63646118-c5d0-4395-9d9f-0cb3c0ffea24_1.2541cafc2e3924fe4884b69ab7ae9694.jpeg?odnHeight=450&odnWidth=450&odnBg=FFFFFF","productTrackingUrl":"http://linksynergy.walmart.com/fs-bin/click?id=|LSNID|&offerid=223073.7200&type=14&catid=8&subid=0&hid=7200&tmpid=1082&RD_PARM1=https%253A%252F%252Fwww.walmart.com%252Fip%252FRawlings-ROLB-Official-League-Tournament-Grade-Baseballs-Dozen%252F14047895%253Faffp1%253DH-JVMzorBRQOTBioe9MKJOGSfQyvSqNadbq6TI8wrRc%2526affilsrc%253Dapi","ninetySevenCentShipping":false,"standardShipRate":0.0,"size":"One Size","color":"White","shipToStore":true,"freeShipToStore":true,"modelNumber":"ROLB","productUrl":"http://c.affil.walmart.com/t/api01?l=https%3A%2F%2Fwww.walmart.com%2Fip%2FRawlings-ROLB-Official-League-Tournament-Grade-Baseballs-Dozen%2F14047895%3Faffp1%3DH-JVMzorBRQOTBioe9MKJOGSfQyvSqNadbq6TI8wrRc%26affilsrc%3Dapi%26veh%3Daff%26wmlspartner%3Dreadonlyapi","bestMarketplacePrice":{"price":59.95,"sellerInfo":"Datavision Computer Video","standardShipRate":0.0,"twoThreeDayShippingRate":17.5,"availableOnline":true,"clearance":false,"offerType":"ONLINE_ONLY"},"categoryNode":"4125_1063984_1064023","bundle":false,"clearance":false,"preOrder":false,"stock":"Available","attributes":{"color":"White","mainimageurl":"https://i5.walmartimages.com/asr/63646118-c5d0-4395-9d9f-0cb3c0ffea24_1.2541cafc2e3924fe4884b69ab7ae9694.jpeg","size":"One Size"},"gender":"Men","addToCartUrl":"http://c.affil.walmart.com/t/api01?l=http%3A%2F%2Faffil.walmart.com%2Fcart%2FaddToCart%3Fitems%3D14047895%7C1%26affp1%3DH-JVMzorBRQOTBioe9MKJOGSfQyvSqNadbq6TI8wrRc%26affilsrc%3Dapi%26veh%3Daff%26wmlspartner%3Dreadonlyapi","affiliateAddToCartUrl":"http://linksynergy.walmart.com/fs-bin/click?id=|LSNID|&offerid=223073.7200&type=14&catid=8&subid=0&hid=7200&tmpid=1082&RD_PARM1=http%253A%252F%252Faffil.walmart.com%252Fcart%252FaddToCart%253Fitems%253D14047895%257C1%2526affp1%253DH-JVMzorBRQOTBioe9MKJOGSfQyvSqNadbq6TI8wrRc%2526affilsrc%253Dapi","freeShippingOver50Dollars":true,"giftOptions":{"allowGiftWrap":false,"allowGiftMessage":false,"allowGiftReceipt":false},"imageEntities":[{"thumbnailImage":"https://i5.walmartimages.com/asr/a2ce8451-80c3-438c-b96c-8ecc2da20f65_1.9fce4a3b2d90fb652705c1430dc0c94a.jpeg?odnHeight=100&odnWidth=100&odnBg=FFFFFF","mediumImage":"https://i5.walmartimages.com/asr/a2ce8451-80c3-438c-b96c-8ecc2da20f65_1.9fce4a3b2d90fb652705c1430dc0c94a.jpeg?odnHeight=180&odnWidth=180&odnBg=FFFFFF","largeImage":"https://i5.walmartimages.com/asr/a2ce8451-80c3-438c-b96c-8ecc2da20f65_1.9fce4a3b2d90fb652705c1430dc0c94a.jpeg?odnHeight=450&odnWidth=450&odnBg=FFFFFF","entityType":"SECONDARY"},{"thumbnailImage":"https://i5.walmartimages.com/asr/63646118-c5d0-4395-9d9f-0cb3c0ffea24_1.2541cafc2e3924fe4884b69ab7ae9694.jpeg?odnHeight=100&odnWidth=100&odnBg=FFFFFF","mediumImage":"https://i5.walmartimages.com/asr/63646118-c5d0-4395-9d9f-0cb3c0ffea24_1.2541cafc2e3924fe4884b69ab7ae9694.jpeg?odnHeight=180&odnWidth=180&odnBg=FFFFFF","largeImage":"https://i5.walmartimages.com/asr/63646118-c5d0-4395-9d9f-0cb3c0ffea24_1.2541cafc2e3924fe4884b69ab7ae9694.jpeg?odnHeight=450&odnWidth=450&odnBg=FFFFFF","entityType":"PRIMARY"}],"offerType":"ONLINE_ONLY","isTwoDayShippingEligible":false,"availableOnline":true},{"itemId":336598965,"parentItemId":336598965,"name":"FurnitureR Metal Locker Nightstand Side Table Storage, White","msrp":199.99,"salePrice":69.99,"upc":"745560566473","categoryPath":"Home/Furniture/Bedroom Furniture/Nightstands","shortDescription":"Features:Metal storage locker, utility cabinet.Powder-coated metal finish, durably constructed.2 fixed shelvesCan be use as nightstand, side table.Material: Metal + powder coating finishProduct dimensions: 15.9x12x22.6inch","longDescription":"FurnitureR Metal Locker Nightstand Side Table Storage, White","brandName":"FurnitureR","thumbnailImage":"https://i5.walmartimages.com/asr/9a6995be-4a17-4330-b021-c7aa24ccbe01_1.6772d282b3167740f2b98b50c2898b7f.jpeg?odnHeight=100&odnWidth=100&odnBg=FFFFFF","mediumImage":"https://i5.walmartimages.com/asr/9a6995be-4a17-4330-b021-c7aa24ccbe01_1.6772d282b3167740f2b98b50c2898b7f.jpeg?odnHeight=180&odnWidth=180&odnBg=FFFFFF","largeImage":"https://i5.walmartimages.com/asr/9a6995be-4a17-4330-b021-c7aa24ccbe01_1.6772d282b3167740f2b98b50c2898b7f.jpeg?odnHeight=450&odnWidth=450&odnBg=FFFFFF","productTrackingUrl":"http://linksynergy.walmart.com/fs-bin/click?id=|LSNID|&offerid=223073.7200&type=14&catid=8&subid=0&hid=7200&tmpid=1082&RD_PARM1=https%253A%252F%252Fwww.walmart.com%252Fip%252FFurnitureR-Metal-Locker-Nightstand-Side-Table-Storage-White%252F336598965%253Faffp1%253DH-JVMzorBRQOTBioe9MKJOGSfQyvSqNadbq6TI8wrRc%2526affilsrc%253Dapi","standardShipRate":0.0,"size":"/ip/FurnitureR-Metal-Locker-Nightstand-Side-Table-Storage-White/336598965","color":"White","marketplace":true,"modelNumber":"GRAVES SOLO WHITE","sellerInfo":"39F.USA INC","productUrl":"http://c.affil.walmart.com/t/api01?l=https%3A%2F%2Fwww.walmart.com%2Fip%2FFurnitureR-Metal-Locker-Nightstand-Side-Table-Storage-White%2F336598965%3Faffp1%3DH-JVMzorBRQOTBioe9MKJOGSfQyvSqNadbq6TI8wrRc%26affilsrc%3Dapi%26veh%3Daff%26wmlspartner%3Dreadonlyapi","variants":[336598965,329036770,351450096,455045930],"categoryNode":"4044_103150_102547","bundle":false,"clearance":false,"preOrder":false,"stock":"Not available","attributes":{"canonicalUrl":"/ip/FurnitureR-Metal-Locker-Nightstand-Side-Table-Storage-White/336598965","color":"White","prodClassType":"VARIANT"},"addToCartUrl":"http://c.affil.walmart.com/t/api01?l=http%3A%2F%2Faffil.walmart.com%2Fcart%2FaddToCart%3Fitems%3D336598965%7C1%26affp1%3DH-JVMzorBRQOTBioe9MKJOGSfQyvSqNadbq6TI8wrRc%26affilsrc%3Dapi%26veh%3Daff%26wmlspartner%3Dreadonlyapi","affiliateAddToCartUrl":"http://linksynergy.walmart.com/fs-bin/click?id=|LSNID|&offerid=223073.7200&type=14&catid=8&subid=0&hid=7200&tmpid=1082&RD_PARM1=http%253A%252F%252Faffil.walmart.com%252Fcart%252FaddToCart%253Fitems%253D336598965%257C1%2526affp1%253DH-JVMzorBRQOTBioe9MKJOGSfQyvSqNadbq6TI8wrRc%2526affilsrc%253Dapi","freeShippingOver50Dollars":false,"imageEntities":[{"thumbnailImage":"https://i5.walmartimages.com/asr/81a64ec6-7fa9-487e-a347-e4aa0caee369_1.c0e6d46cf889045bb7f38731b1540a66.jpeg?odnHeight=100&odnWidth=100&odnBg=FFFFFF","mediumImage":"https://i5.walmartimages.com/asr/81a64ec6-7fa9-487e-a347-e4aa0caee369_1.c0e6d46cf889045bb7f38731b1540a66.jpeg?odnHeight=180&odnWidth=180&odnBg=FFFFFF","largeImage":"https://i5.walmartimages.com/asr/81a64ec6-7fa9-487e-a347-e4aa0caee369_1.c0e6d46cf889045bb7f38731b1540a66.jpeg?odnHeight=450&odnWidth=450&odnBg=FFFFFF","entityType":"SECONDARY"},{"thumbnailImage":"https://i5.walmartimages.com/asr/760ab1b1-1066-4a6d-8c3a-64199e445987_1.47ade28b90309dac2430001bbeb7e98d.jpeg?odnHeight=100&odnWidth=100&odnBg=FFFFFF","mediumImage":"https://i5.walmartimages.com/asr/760ab1b1-1066-4a6d-8c3a-64199e445987_1.47ade28b90309dac2430001bbeb7e98d.jpeg?odnHeight=180&odnWidth=180&odnBg=FFFFFF","largeImage":"https://i5.walmartimages.com/asr/760ab1b1-1066-4a6d-8c3a-64199e445987_1.47ade28b90309dac2430001bbeb7e98d.jpeg?odnHeight=450&odnWidth=450&odnBg=FFFFFF","entityType":"SECONDARY"},{"thumbnailImage":"https://i5.walmartimages.com/asr/69c468a6-d430-467d-8b84-3587dde3b179_1.ee74c18c7296938205fd9b5e0573d2e5.jpeg?odnHeight=100&odnWidth=100&odnBg=FFFFFF","mediumImage":"https://i5.walmartimages.com/asr/69c468a6-d430-467d-8b84-3587dde3b179_1.ee74c18c7296938205fd9b5e0573d2e5.jpeg?odnHeight=180&odnWidth=180&odnBg=FFFFFF","largeImage":"https://i5.walmartimages.com/asr/69c468a6-d430-467d-8b84-3587dde3b179_1.ee74c18c7296938205fd9b5e0573d2e5.jpeg?odnHeight=450&odnWidth=450&odnBg=FFFFFF","entityType":"SECONDARY"},{"thumbnailImage":"https://i5.walmartimages.com/asr/6de5ae81-78bd-476f-b012-1dad6a459023_1.adf7cce28366c2dcff2fd9277f2a2e7e.jpeg?odnHeight=100&odnWidth=100&odnBg=FFFFFF","mediumImage":"https://i5.walmartimages.com/asr/6de5ae81-78bd-476f-b012-1dad6a459023_1.adf7cce28366c2dcff2fd9277f2a2e7e.jpeg?odnHeight=180&odnWidth=180&odnBg=FFFFFF","largeImage":"https://i5.walmartimages.com/asr/6de5ae81-78bd-476f-b012-1dad6a459023_1.adf7cce28366c2dcff2fd9277f2a2e7e.jpeg?odnHeight=450&odnWidth=450&odnBg=FFFFFF","entityType":"SECONDARY"},{"thumbnailImage":"https://i5.walmartimages.com/asr/a286b1e1-ddac-4773-be16-24c07303d9bd_1.136a3cab3510d4ba7878391e10de5cba.jpeg?odnHeight=100&odnWidth=100&odnBg=FFFFFF","mediumImage":"https://i5.walmartimages.com/asr/a286b1e1-ddac-4773-be16-24c07303d9bd_1.136a3cab3510d4ba7878391e10de5cba.jpeg?odnHeight=180&odnWidth=180&odnBg=FFFFFF","largeImage":"https://i5.walmartimages.com/asr/a286b1e1-ddac-4773-be16-24c07303d9bd_1.136a3cab3510d4ba7878391e10de5cba.jpeg?odnHeight=450&odnWidth=450&odnBg=FFFFFF","entityType":"SECONDARY"},{"thumbnailImage":"https://i5.walmartimages.com/asr/293c70cd-e7d7-4172-973c-1819df869d9b_1.2deaf748d3c0962bb441cde56a131f0c.jpeg?odnHeight=100&odnWidth=100&odnBg=FFFFFF","mediumImage":"https://i5.walmartimages.com/asr/293c70cd-e7d7-4172-973c-1819df869d9b_1.2deaf748d3c0962bb441cde56a131f0c.jpeg?odnHeight=180&odnWidth=180&odnBg=FFFFFF","largeImage":"https://i5.walmartimages.com/asr/293c70cd-e7d7-4172-973c-1819df869d9b_1.2deaf748d3c0962bb441cde56a131f0c.jpeg?odnHeight=450&odnWidth=450&odnBg=FFFFFF","entityType":"SECONDARY"},{"thumbnailImage":"https://i5.walmartimages.com/asr/15290b6e-e8fa-4ee9-8b16-e2c44770582b_1.8b7818ca207d07a5aa76845d072b9910.jpeg?odnHeight=100&odnWidth=100&odnBg=FFFFFF","mediumImage":"https://i5.walmartimages.com/asr/15290b6e-e8fa-4ee9-8b16-e2c44770582b_1.8b7818ca207d07a5aa76845d072b9910.jpeg?odnHeight=180&odnWidth=180&odnBg=FFFFFF","largeImage":"https://i5.walmartimages.com/asr/15290b6e-e8fa-4ee9-8b16-e2c44770582b_1.8b7818ca207d07a5aa76845d072b9910.jpeg?odnHeight=450&odnWidth=450&odnBg=FFFFFF","entityType":"SECONDARY"},{"thumbnailImage":"https://i5.walmartimages.com/asr/b11ac762-9809-4007-bbc5-4270f563d887_1.15765982c71944154db5b2210aa69dac.jpeg?odnHeight=100&odnWidth=100&odnBg=FFFFFF","mediumImage":"https://i5.walmartimages.com/asr/b11ac762-9809-4007-bbc5-4270f563d887_1.15765982c71944154db5b2210aa69dac.jpeg?odnHeight=180&odnWidth=180&odnBg=FFFFFF","largeImage":"https://i5.walmartimages.com/asr/b11ac762-9809-4007-bbc5-4270f563d887_1.15765982c71944154db5b2210aa69dac.jpeg?odnHeight=450&odnWidth=450&odnBg=FFFFFF","entityType":"SECONDARY"},{"thumbnailImage":"https://i5.walmartimages.com/asr/2cb20539-e6eb-46c2-b1e3-290c6bd78757_1.bc886a8d24bf766d81e96c335e276b76.jpeg?odnHeight=100&odnWidth=100&odnBg=FFFFFF","mediumImage":"https://i5.walmartimages.com/asr/2cb20539-e6eb-46c2-b1e3-290c6bd78757_1.bc886a8d24bf766d81e96c335e276b76.jpeg?odnHeight=180&odnWidth=180&odnBg=FFFFFF","largeImage":"https://i5.walmartimages.com/asr/2cb20539-e6eb-46c2-b1e3-290c6bd78757_1.bc886a8d24bf766d81e96c335e276b76.jpeg?odnHeight=450&odnWidth=450&odnBg=FFFFFF","entityType":"SECONDARY"},{"thumbnailImage":"https://i5.walmartimages.com/asr/9a6995be-4a17-4330-b021-c7aa24ccbe01_1.6772d282b3167740f2b98b50c2898b7f.jpeg?odnHeight=100&odnWidth=100&odnBg=FFFFFF","mediumImage":"https://i5.walmartimages.com/asr/9a6995be-4a17-4330-b021-c7aa24ccbe01_1.6772d282b3167740f2b98b50c2898b7f.jpeg?odnHeight=180&odnWidth=180&odnBg=FFFFFF","largeImage":"https://i5.walmartimages.com/asr/9a6995be-4a17-4330-b021-c7aa24ccbe01_1.6772d282b3167740f2b98b50c2898b7f.jpeg?odnHeight=450&odnWidth=450&odnBg=FFFFFF","entityType":"PRIMARY"}],"offerType":"ONLINE_ONLY","availableOnline":false},{"itemId":225167055,"parentItemId":225167055,"name":"Microsoft Xbox One S 500GB Forza Horizon 3 Hot Wheels Bundle, White, ZQ9-00311","msrp":279.99,"salePrice":229.0,"upc":"889842251319","categoryPath":"Video Games/Xbox One Consoles, Games & Accessories/Xbox One Consoles","shortDescription":"The Xbox One S Forza Horizon 3 Hot Wheels Bundle (500GB), featuring a game on disc of racing favorite Forza Horizon 3 including the best-selling Hot Wheels expansion, and an Xbox wireless controller. Drive, explore, jump, and race all over Australia in more than 350 of the world&rsquo;s greatest cars. Make your Hot Wheels fantasies come to life with loops, corkscrews, boost pads, high bank turns, half-pipes, insane jumps - and even mechanical dinosaurs. Experience the highest rated, best-selling racing franchise of this generation on the only console with 4K Blu-ray, 4K video streaming, and HDR. Plus, get instant access to over 100 great games with 1 month of Xbox Game Pass included. With the biggest blockbuster titles, over 100 console exclusives, and three generations of games, there&rsquo;s never been a better time to game with Xbox One.","longDescription":"&lt;ul&gt;&lt;li&gt;Own&nbsp;the Xbox One S Forza Horizon 3 Hot Wheels Bundle&lt;br&gt;&lt;/li&gt;&lt;li&gt;Drive, explore, and race all over Australia in more than 350 of the worlds greatest cars&lt;br&gt;&lt;/li&gt;&lt;li&gt;Make your Hot Wheels fantasies come to life with loops, corkscrews, boost pads, high bank turns, half-pipes and insane jumps&lt;br&gt;&lt;/li&gt;&lt;li&gt;Play with friends online with Xbox Live choose cooperative or competitive play&lt;br&gt;&lt;/li&gt;&lt;li&gt;Compete, connect, and share across platforms with gamers on Xbox One and Windows 10&lt;br&gt;&lt;/li&gt;&lt;li&gt;Stream video and watch UHD Blu-ray movies in stunning 4K Ultra HD&lt;br&gt;&lt;/li&gt;&lt;li&gt;Experience rich, luminous colors in games and video with High Dynamic Range technology&lt;br&gt;&lt;/li&gt;&lt;li&gt;Instant access to over 100 great games with 1 month of Xbox Game Pass included&lt;br&gt;&lt;/li&gt;&lt;li&gt;With the biggest blockbuster titles, over 100 console exclusives, and three generations of games, theres never been a better time to game with Xbox One&lt;br&gt;&lt;/li&gt;&lt;/ul&gt;","brandName":"Microsoft","thumbnailImage":"https://i5.walmartimages.com/asr/ff43f0f1-f565-423f-93d5-be06ff36622c_1.75068acf756e9c2e1a04db7f68e00349.jpeg?odnHeight=100&odnWidth=100&odnBg=FFFFFF","mediumImage":"https://i5.walmartimages.com/asr/ff43f0f1-f565-423f-93d5-be06ff36622c_1.75068acf756e9c2e1a04db7f68e00349.jpeg?odnHeight=180&odnWidth=180&odnBg=FFFFFF","largeImage":"https://i5.walmartimages.com/asr/ff43f0f1-f565-423f-93d5-be06ff36622c_1.75068acf756e9c2e1a04db7f68e00349.jpeg?odnHeight=450&odnWidth=450&odnBg=FFFFFF","productTrackingUrl":"http://linksynergy.walmart.com/fs-bin/click?id=|LSNID|&offerid=223073.7200&type=14&catid=8&subid=0&hid=7200&tmpid=1082&RD_PARM1=https%253A%252F%252Fwww.walmart.com%252Fip%252FMicrosoft-Xbox-One-S-500GB-Forza-Horizon-3-Hot-Wheels-Bundle-White-ZQ9-00311%252F225167055%253Faffp1%253DH-JVMzorBRQOTBioe9MKJOGSfQyvSqNadbq6TI8wrRc%2526affilsrc%253Dapi","ninetySevenCentShipping":false,"standardShipRate":0.0,"size":"<body><ul><li>Compact size</li><li>High","color":"White","shipToStore":true,"freeShipToStore":true,"modelNumber":"ZQ9-00311","productUrl":"http://c.affil.walmart.com/t/api01?l=https%3A%2F%2Fwww.walmart.com%2Fip%2FMicrosoft-Xbox-One-S-500GB-Forza-Horizon-3-Hot-Wheels-Bundle-White-ZQ9-00311%2F225167055%3Faffp1%3DH-JVMzorBRQOTBioe9MKJOGSfQyvSqNadbq6TI8wrRc%26affilsrc%3Dapi%26veh%3Daff%26wmlspartner%3Dreadonlyapi","customerRating":"4.3","numReviews":29,"customerRatingImage":"http://i2.walmartimages.com/i/CustRating/4_3.gif","bestMarketplacePrice":{"price":259.99,"sellerInfo":"HugeSavings","standardShipRate":0.0,"twoThreeDayShippingRate":51.04,"availableOnline":true,"clearance":false,"offerType":"ONLINE_ONLY"},"categoryNode":"2636_1224908_1224995","bundle":false,"clearance":false,"preOrder":false,"stock":"Available","attributes":{"color":"White","features":"<body><ul><li>Compact size</li><li>High","replenishmentEndDate":"2049-12-31 00:00:00.000000-07:00"},"addToCartUrl":"http://c.affil.walmart.com/t/api01?l=http%3A%2F%2Faffil.walmart.com%2Fcart%2FaddToCart%3Fitems%3D225167055%7C1%26affp1%3DH-JVMzorBRQOTBioe9MKJOGSfQyvSqNadbq6TI8wrRc%26affilsrc%3Dapi%26veh%3Daff%26wmlspartner%3Dreadonlyapi","affiliateAddToCartUrl":"http://linksynergy.walmart.com/fs-bin/click?id=|LSNID|&offerid=223073.7200&type=14&catid=8&subid=0&hid=7200&tmpid=1082&RD_PARM1=http%253A%252F%252Faffil.walmart.com%252Fcart%252FaddToCart%253Fitems%253D225167055%257C1%2526affp1%253DH-JVMzorBRQOTBioe9MKJOGSfQyvSqNadbq6TI8wrRc%2526affilsrc%253Dapi","freeShippingOver50Dollars":true,"giftOptions":{"allowGiftWrap":false,"allowGiftMessage":false,"allowGiftReceipt":false},"imageEntities":[{"thumbnailImage":"https://i5.walmartimages.com/asr/94e1bebf-c613-4f20-b6f9-b25b51e56e2a_1.c0a6256a5942143a42869c28a2ad3931.jpeg?odnHeight=100&odnWidth=100&odnBg=FFFFFF","mediumImage":"https://i5.walmartimages.com/asr/94e1bebf-c613-4f20-b6f9-b25b51e56e2a_1.c0a6256a5942143a42869c28a2ad3931.jpeg?odnHeight=180&odnWidth=180&odnBg=FFFFFF","largeImage":"https://i5.walmartimages.com/asr/94e1bebf-c613-4f20-b6f9-b25b51e56e2a_1.c0a6256a5942143a42869c28a2ad3931.jpeg?odnHeight=450&odnWidth=450&odnBg=FFFFFF","entityType":"SECONDARY"},{"thumbnailImage":"https://i5.walmartimages.com/asr/39ed1b2a-12d5-4769-bba1-03b4080a48c8_1.61b9556a73d8191e6e0181e6bc0e7735.jpeg?odnHeight=100&odnWidth=100&odnBg=FFFFFF","mediumImage":"https://i5.walmartimages.com/asr/39ed1b2a-12d5-4769-bba1-03b4080a48c8_1.61b9556a73d8191e6e0181e6bc0e7735.jpeg?odnHeight=180&odnWidth=180&odnBg=FFFFFF","largeImage":"https://i5.walmartimages.com/asr/39ed1b2a-12d5-4769-bba1-03b4080a48c8_1.61b9556a73d8191e6e0181e6bc0e7735.jpeg?odnHeight=450&odnWidth=450&odnBg=FFFFFF","entityType":"SECONDARY"},{"thumbnailImage":"https://i5.walmartimages.com/asr/31355a97-4c60-4e52-9f3c-5041bfb503dc_1.f2609589364ee9c75448dd70b02bb2e9.jpeg?odnHeight=100&odnWidth=100&odnBg=FFFFFF","mediumImage":"https://i5.walmartimages.com/asr/31355a97-4c60-4e52-9f3c-5041bfb503dc_1.f2609589364ee9c75448dd70b02bb2e9.jpeg?odnHeight=180&odnWidth=180&odnBg=FFFFFF","largeImage":"https://i5.walmartimages.com/asr/31355a97-4c60-4e52-9f3c-5041bfb503dc_1.f2609589364ee9c75448dd70b02bb2e9.jpeg?odnHeight=450&odnWidth=450&odnBg=FFFFFF","entityType":"SECONDARY"},{"thumbnailImage":"https://i5.walmartimages.com/asr/31586fe4-244c-4753-b72b-88de958c6e7d_1.5a427ecd4c05ed9d3dd74b10c4704493.jpeg?odnHeight=100&odnWidth=100&odnBg=FFFFFF","mediumImage":"https://i5.walmartimages.com/asr/31586fe4-244c-4753-b72b-88de958c6e7d_1.5a427ecd4c05ed9d3dd74b10c4704493.jpeg?odnHeight=180&odnWidth=180&odnBg=FFFFFF","largeImage":"https://i5.walmartimages.com/asr/31586fe4-244c-4753-b72b-88de958c6e7d_1.5a427ecd4c05ed9d3dd74b10c4704493.jpeg?odnHeight=450&odnWidth=450&odnBg=FFFFFF","entityType":"SECONDARY"},{"thumbnailImage":"https://i5.walmartimages.com/asr/7c410975-d80a-4026-80d2-a3ae171e878a_1.39b4a73da5ca6250d56f8430b824aeb1.jpeg?odnHeight=100&odnWidth=100&odnBg=FFFFFF","mediumImage":"https://i5.walmartimages.com/asr/7c410975-d80a-4026-80d2-a3ae171e878a_1.39b4a73da5ca6250d56f8430b824aeb1.jpeg?odnHeight=180&odnWidth=180&odnBg=FFFFFF","largeImage":"https://i5.walmartimages.com/asr/7c410975-d80a-4026-80d2-a3ae171e878a_1.39b4a73da5ca6250d56f8430b824aeb1.jpeg?odnHeight=450&odnWidth=450&odnBg=FFFFFF","entityType":"SECONDARY"},{"thumbnailImage":"https://i5.walmartimages.com/asr/f359bbc2-8082-4faf-87a6-6ee854301bd7_1.8a8a48bff7067115887cbfc071f5cdbe.jpeg?odnHeight=100&odnWidth=100&odnBg=FFFFFF","mediumImage":"https://i5.walmartimages.com/asr/f359bbc2-8082-4faf-87a6-6ee854301bd7_1.8a8a48bff7067115887cbfc071f5cdbe.jpeg?odnHeight=180&odnWidth=180&odnBg=FFFFFF","largeImage":"https://i5.walmartimages.com/asr/f359bbc2-8082-4faf-87a6-6ee854301bd7_1.8a8a48bff7067115887cbfc071f5cdbe.jpeg?odnHeight=450&odnWidth=450&odnBg=FFFFFF","entityType":"SECONDARY"},{"thumbnailImage":"https://i5.walmartimages.com/asr/43b07db6-21e4-44ec-a333-9799f7a6d6e4_1.74cfd420d38bee0ea4fe90abb3e66298.jpeg?odnHeight=100&odnWidth=100&odnBg=FFFFFF","mediumImage":"https://i5.walmartimages.com/asr/43b07db6-21e4-44ec-a333-9799f7a6d6e4_1.74cfd420d38bee0ea4fe90abb3e66298.jpeg?odnHeight=180&odnWidth=180&odnBg=FFFFFF","largeImage":"https://i5.walmartimages.com/asr/43b07db6-21e4-44ec-a333-9799f7a6d6e4_1.74cfd420d38bee0ea4fe90abb3e66298.jpeg?odnHeight=450&odnWidth=450&odnBg=FFFFFF","entityType":"SECONDARY"},{"thumbnailImage":"https://i5.walmartimages.com/asr/92d5781f-b026-4ade-8f76-864872ef6500_1.0d7213845fd35ea8f3f32bae7c52f5e5.jpeg?odnHeight=100&odnWidth=100&odnBg=FFFFFF","mediumImage":"https://i5.walmartimages.com/asr/92d5781f-b026-4ade-8f76-864872ef6500_1.0d7213845fd35ea8f3f32bae7c52f5e5.jpeg?odnHeight=180&odnWidth=180&odnBg=FFFFFF","largeImage":"https://i5.walmartimages.com/asr/92d5781f-b026-4ade-8f76-864872ef6500_1.0d7213845fd35ea8f3f32bae7c52f5e5.jpeg?odnHeight=450&odnWidth=450&odnBg=FFFFFF","entityType":"SECONDARY"},{"thumbnailImage":"https://i5.walmartimages.com/asr/b55df684-1472-4d18-aaeb-73433b85720e_1.598d9eec8a2cc3d087fd99c2434f1155.jpeg?odnHeight=100&odnWidth=100&odnBg=FFFFFF","mediumImage":"https://i5.walmartimages.com/asr/b55df684-1472-4d18-aaeb-73433b85720e_1.598d9eec8a2cc3d087fd99c2434f1155.jpeg?odnHeight=180&odnWidth=180&odnBg=FFFFFF","largeImage":"https://i5.walmartimages.com/asr/b55df684-1472-4d18-aaeb-73433b85720e_1.598d9eec8a2cc3d087fd99c2434f1155.jpeg?odnHeight=450&odnWidth=450&odnBg=FFFFFF","entityType":"SECONDARY"},{"thumbnailImage":"https://i5.walmartimages.com/asr/53244c48-747b-4ac5-85c0-d6774dbe0858_1.6c6f5f3786b4168740476fea15c5fbaf.jpeg?odnHeight=100&odnWidth=100&odnBg=FFFFFF","mediumImage":"https://i5.walmartimages.com/asr/53244c48-747b-4ac5-85c0-d6774dbe0858_1.6c6f5f3786b4168740476fea15c5fbaf.jpeg?odnHeight=180&odnWidth=180&odnBg=FFFFFF","largeImage":"https://i5.walmartimages.com/asr/53244c48-747b-4ac5-85c0-d6774dbe0858_1.6c6f5f3786b4168740476fea15c5fbaf.jpeg?odnHeight=450&odnWidth=450&odnBg=FFFFFF","entityType":"SECONDARY"},{"thumbnailImage":"https://i5.walmartimages.com/asr/0336dc13-4555-4fac-8d00-17ca20977a67_1.ae0c19181efdbc8e54e0d902fd34bc0e.jpeg?odnHeight=100&odnWidth=100&odnBg=FFFFFF","mediumImage":"https://i5.walmartimages.com/asr/0336dc13-4555-4fac-8d00-17ca20977a67_1.ae0c19181efdbc8e54e0d902fd34bc0e.jpeg?odnHeight=180&odnWidth=180&odnBg=FFFFFF","largeImage":"https://i5.walmartimages.com/asr/0336dc13-4555-4fac-8d00-17ca20977a67_1.ae0c19181efdbc8e54e0d902fd34bc0e.jpeg?odnHeight=450&odnWidth=450&odnBg=FFFFFF","entityType":"SECONDARY"},{"thumbnailImage":"https://i5.walmartimages.com/asr/85d74cd5-797c-47d0-b138-0c1bbb73d87d_1.840e91283acc4195ea8a899ac0cce1ca.jpeg?odnHeight=100&odnWidth=100&odnBg=FFFFFF","mediumImage":"https://i5.walmartimages.com/asr/85d74cd5-797c-47d0-b138-0c1bbb73d87d_1.840e91283acc4195ea8a899ac0cce1ca.jpeg?odnHeight=180&odnWidth=180&odnBg=FFFFFF","largeImage":"https://i5.walmartimages.com/asr/85d74cd5-797c-47d0-b138-0c1bbb73d87d_1.840e91283acc4195ea8a899ac0cce1ca.jpeg?odnHeight=450&odnWidth=450&odnBg=FFFFFF","entityType":"SECONDARY"},{"thumbnailImage":"https://i5.walmartimages.com/asr/ff43f0f1-f565-423f-93d5-be06ff36622c_1.75068acf756e9c2e1a04db7f68e00349.jpeg?odnHeight=100&odnWidth=100&odnBg=FFFFFF","mediumImage":"https://i5.walmartimages.com/asr/ff43f0f1-f565-423f-93d5-be06ff36622c_1.75068acf756e9c2e1a04db7f68e00349.jpeg?odnHeight=180&odnWidth=180&odnBg=FFFFFF","largeImage":"https://i5.walmartimages.com/asr/ff43f0f1-f565-423f-93d5-be06ff36622c_1.75068acf756e9c2e1a04db7f68e00349.jpeg?odnHeight=450&odnWidth=450&odnBg=FFFFFF","entityType":"PRIMARY"}],"offerType":"ONLINE_ONLY","isTwoDayShippingEligible":true,"availableOnline":true},{"itemId":56123858,"parentItemId":56123858,"name":"\"11.6\"\" Chromebook, 4GB Memory, 32 Hard Drive, Bluetooth 4.0, 1.0MHD WebCam - Blue\"","salePrice":149.0,"upc":"827396534052","categoryPath":"Electronics/Computers/Laptops/Shop Laptops by Type/All Laptop Computers","shortDescription":"short description is not available","longDescription":"&lt;b&gt;&lt;br&gt;11.6&quot; Chromebook, 4GB Memory, 32 Hard Drive, Bluetooth 4.0, 1.0MHD WebCam, Blue:&lt;/b&gt;&lt;br&gt;&lt;ul&gt;&lt;li&gt;Teqnio 11.6&quot; Chromeboook&lt;/li&gt;&lt;li&gt;4GB memory&lt;/li&gt;&lt;li&gt;32 hard drive&lt;/li&gt;&lt;li&gt;Bluetooth 4.0&lt;/li&gt;&lt;li&gt;1.0 MHD&lt;/li&gt;&lt;li&gt;Blue Chromebook has a built-in webcam&lt;/li&gt;&lt;li&gt;Available in blue, red and white&lt;/li&gt;&lt;/ul&gt;","brandName":"EPIK","thumbnailImage":"https://i5.walmartimages.com/asr/2a61de8d-1068-46db-a063-4a4bc729fd15_2.32969f83e34b3c80d5a8fe2fa649abc6.jpeg?odnHeight=100&odnWidth=100&odnBg=FFFFFF","mediumImage":"https://i5.walmartimages.com/asr/2a61de8d-1068-46db-a063-4a4bc729fd15_2.32969f83e34b3c80d5a8fe2fa649abc6.jpeg?odnHeight=180&odnWidth=180&odnBg=FFFFFF","largeImage":"https://i5.walmartimages.com/asr/2a61de8d-1068-46db-a063-4a4bc729fd15_2.32969f83e34b3c80d5a8fe2fa649abc6.jpeg?odnHeight=450&odnWidth=450&odnBg=FFFFFF","productTrackingUrl":"http://linksynergy.walmart.com/fs-bin/click?id=|LSNID|&offerid=223073.7200&type=14&catid=8&subid=0&hid=7200&tmpid=1082&RD_PARM1=https%253A%252F%252Fwww.walmart.com%252Fip%252F11-6-Chromebook-4GB-Memory-32-Hard-Drive-Bluetooth-4-0-1-0MHD-WebCam-Blue%252F56123858%253Faffp1%253DH-JVMzorBRQOTBioe9MKJOGSfQyvSqNadbq6TI8wrRc%2526affilsrc%253Dapi","ninetySevenCentShipping":false,"standardShipRate":0.0,"size":"2017-08-15 00:00:00.000000-06:00","color":"Blue","marketplace":false,"shipToStore":true,"freeShipToStore":true,"modelNumber":"ELB1101T-BL","productUrl":"http://c.affil.walmart.com/t/api01?l=https%3A%2F%2Fwww.walmart.com%2Fip%2F11-6-Chromebook-4GB-Memory-32-Hard-Drive-Bluetooth-4-0-1-0MHD-WebCam-Blue%2F56123858%3Faffp1%3DH-JVMzorBRQOTBioe9MKJOGSfQyvSqNadbq6TI8wrRc%26affilsrc%3Dapi%26veh%3Daff%26wmlspartner%3Dreadonlyapi","customerRating":"4.115","numReviews":26,"variants":[56123858,56123859,56123860],"customerRatingImage":"http://i2.walmartimages.com/i/CustRating/4_1.gif","categoryNode":"3944_3951_1089430","bundle":false,"clearance":false,"preOrder":false,"stock":"Available","attributes":{"color":"Blue","isImport":"f","replenishmentStartDate":"2017-08-15 00:00:00.000000-06:00"},"addToCartUrl":"http://c.affil.walmart.com/t/api01?l=http%3A%2F%2Faffil.walmart.com%2Fcart%2FaddToCart%3Fitems%3D56123858%7C1%26affp1%3DH-JVMzorBRQOTBioe9MKJOGSfQyvSqNadbq6TI8wrRc%26affilsrc%3Dapi%26veh%3Daff%26wmlspartner%3Dreadonlyapi","affiliateAddToCartUrl":"http://linksynergy.walmart.com/fs-bin/click?id=|LSNID|&offerid=223073.7200&type=14&catid=8&subid=0&hid=7200&tmpid=1082&RD_PARM1=http%253A%252F%252Faffil.walmart.com%252Fcart%252FaddToCart%253Fitems%253D56123858%257C1%2526affp1%253DH-JVMzorBRQOTBioe9MKJOGSfQyvSqNadbq6TI8wrRc%2526affilsrc%253Dapi","freeShippingOver50Dollars":true,"giftOptions":{"allowGiftWrap":false,"allowGiftMessage":false,"allowGiftReceipt":false},"imageEntities":[{"thumbnailImage":"https://i5.walmartimages.com/asr/d0870098-0b69-4ccf-b0a5-f7fdb68fd2c2_3.4eef0204e82868835a25f106aa1b3bc4.jpeg?odnHeight=100&odnWidth=100&odnBg=FFFFFF","mediumImage":"https://i5.walmartimages.com/asr/d0870098-0b69-4ccf-b0a5-f7fdb68fd2c2_3.4eef0204e82868835a25f106aa1b3bc4.jpeg?odnHeight=180&odnWidth=180&odnBg=FFFFFF","largeImage":"https://i5.walmartimages.com/asr/d0870098-0b69-4ccf-b0a5-f7fdb68fd2c2_3.4eef0204e82868835a25f106aa1b3bc4.jpeg?odnHeight=450&odnWidth=450&odnBg=FFFFFF","entityType":"SECONDARY"},{"thumbnailImage":"https://i5.walmartimages.com/asr/10e31819-6f56-40da-82bc-f454f5265759_1.8021b0199f1b12b597b3e9b4964a4958.jpeg?odnHeight=100&odnWidth=100&odnBg=FFFFFF","mediumImage":"https://i5.walmartimages.com/asr/10e31819-6f56-40da-82bc-f454f5265759_1.8021b0199f1b12b597b3e9b4964a4958.jpeg?odnHeight=180&odnWidth=180&odnBg=FFFFFF","largeImage":"https://i5.walmartimages.com/asr/10e31819-6f56-40da-82bc-f454f5265759_1.8021b0199f1b12b597b3e9b4964a4958.jpeg?odnHeight=450&odnWidth=450&odnBg=FFFFFF","entityType":"SECONDARY"},{"thumbnailImage":"https://i5.walmartimages.com/asr/746469a7-39dc-42a3-921a-a104a2564215_1.a72ea2e201ab41154b28daa7115432c2.jpeg?odnHeight=100&odnWidth=100&odnBg=FFFFFF","mediumImage":"https://i5.walmartimages.com/asr/746469a7-39dc-42a3-921a-a104a2564215_1.a72ea2e201ab41154b28daa7115432c2.jpeg?odnHeight=180&odnWidth=180&odnBg=FFFFFF","largeImage":"https://i5.walmartimages.com/asr/746469a7-39dc-42a3-921a-a104a2564215_1.a72ea2e201ab41154b28daa7115432c2.jpeg?odnHeight=450&odnWidth=450&odnBg=FFFFFF","entityType":"SECONDARY"},{"thumbnailImage":"https://i5.walmartimages.com/asr/a71086f9-28b7-4c61-ba49-4ab28cdbcfc4_1.02c241125985cc7b9a101b0860a00c05.jpeg?odnHeight=100&odnWidth=100&odnBg=FFFFFF","mediumImage":"https://i5.walmartimages.com/asr/a71086f9-28b7-4c61-ba49-4ab28cdbcfc4_1.02c241125985cc7b9a101b0860a00c05.jpeg?odnHeight=180&odnWidth=180&odnBg=FFFFFF","largeImage":"https://i5.walmartimages.com/asr/a71086f9-28b7-4c61-ba49-4ab28cdbcfc4_1.02c241125985cc7b9a101b0860a00c05.jpeg?odnHeight=450&odnWidth=450&odnBg=FFFFFF","entityType":"SECONDARY"},{"thumbnailImage":"https://i5.walmartimages.com/asr/06ef8dd2-9637-4467-8c8f-d478df45b208_2.d6d23c6e92c8062d9f3c073350995f24.jpeg?odnHeight=100&odnWidth=100&odnBg=FFFFFF","mediumImage":"https://i5.walmartimages.com/asr/06ef8dd2-9637-4467-8c8f-d478df45b208_2.d6d23c6e92c8062d9f3c073350995f24.jpeg?odnHeight=180&odnWidth=180&odnBg=FFFFFF","largeImage":"https://i5.walmartimages.com/asr/06ef8dd2-9637-4467-8c8f-d478df45b208_2.d6d23c6e92c8062d9f3c073350995f24.jpeg?odnHeight=450&odnWidth=450&odnBg=FFFFFF","entityType":"SECONDARY"},{"thumbnailImage":"https://i5.walmartimages.com/asr/2a61de8d-1068-46db-a063-4a4bc729fd15_2.32969f83e34b3c80d5a8fe2fa649abc6.jpeg?odnHeight=100&odnWidth=100&odnBg=FFFFFF","mediumImage":"https://i5.walmartimages.com/asr/2a61de8d-1068-46db-a063-4a4bc729fd15_2.32969f83e34b3c80d5a8fe2fa649abc6.jpeg?odnHeight=180&odnWidth=180&odnBg=FFFFFF","largeImage":"https://i5.walmartimages.com/asr/2a61de8d-1068-46db-a063-4a4bc729fd15_2.32969f83e34b3c80d5a8fe2fa649abc6.jpeg?odnHeight=450&odnWidth=450&odnBg=FFFFFF","entityType":"PRIMARY"}],"offerType":"ONLINE_ONLY","isTwoDayShippingEligible":true,"availableOnline":true},{"itemId":661044738,"parentItemId":661044738,"name":"\"Intex Full 16.5\"\" Durabeam Pillowrest Airbed Mattress with Built-in Pump\"","msrp":39.99,"salePrice":29.95,"upc":"078257325054","categoryPath":"Sports & Outdoors/Outdoor Sports/Camping/Air Beds & Sleeping Accessories/Air Beds","shortDescription":"Get an incredible night's sleep with Intex Dura-Beam Deluxe Pillow Rest Raised Airbed! Designed with inner Fiber-Tech construction, the thousands of high-strength polyester fibers provided an amazing durability for years of lasting comfort. Air mattress is covered in a soft, flocked sleeping surface to enhance the comfort. The unique Fiber-Tech inner construction provides the ultimate stability and support. The edge ring construction provides a flatter surface. The Airbed has a powerful built in pump for fast inflation and deflation.","longDescription":"&lt;b&gt;Intex Full 16.5&quot; Durabeam Pillowrest Airbed Mattress with Built-in Pump:&lt;br&gt;&lt;/b&gt;&lt;br&gt;&lt;ul&gt;&lt;li&gt;Fiber-Tech inner construction for added comfort and durability&lt;/li&gt;&lt;li&gt;Covered in soft, flocked sleeping surface to enhance the comfort&lt;/li&gt;&lt;li&gt;The edge ring construction provides flatter surface&lt;/li&gt;&lt;li&gt;Powerful built-in 110-120v electric pump for fast inflation and deflation&lt;/li&gt;&lt;li&gt;Dimensions: 54&quot; x 75&quot; x 16.5&quot;&lt;br&gt;&lt;/li&gt;&lt;li&gt;Weight capacity 600lbs&lt;b&gt;&lt;br&gt;&lt;/b&gt;&lt;/li&gt;&lt;/ul&gt;","brandName":"Intex","thumbnailImage":"https://i5.walmartimages.com/asr/5952b533-355e-4f78-8dab-a2be7c99f62f_1.f7d2f6850077c9f5e1c537960110e258.jpeg?odnHeight=100&odnWidth=100&odnBg=FFFFFF","mediumImage":"https://i5.walmartimages.com/asr/5952b533-355e-4f78-8dab-a2be7c99f62f_1.f7d2f6850077c9f5e1c537960110e258.jpeg?odnHeight=180&odnWidth=180&odnBg=FFFFFF","largeImage":"https://i5.walmartimages.com/asr/5952b533-355e-4f78-8dab-a2be7c99f62f_1.f7d2f6850077c9f5e1c537960110e258.jpeg?odnHeight=450&odnWidth=450&odnBg=FFFFFF","productTrackingUrl":"http://linksynergy.walmart.com/fs-bin/click?id=|LSNID|&offerid=223073.7200&type=14&catid=8&subid=0&hid=7200&tmpid=1082&RD_PARM1=https%253A%252F%252Fwww.walmart.com%252Fip%252FIntex-Full-16-5-Durabeam-Pillowrest-Airbed-Mattress-with-Built-in-Pump%252F661044738%253Faffp1%253DH-JVMzorBRQOTBioe9MKJOGSfQyvSqNadbq6TI8wrRc%2526affilsrc%253Dapi","ninetySevenCentShipping":false,"standardShipRate":5.99,"size":"https://i5.walmartimages.com/asr/73ab5338-5b48-4dcf-9d29-a3e0e1338123_1.114776d438a9b4449e00ebf21fde1c83.jpeg","color":"https://i5.walmartimages.com/asr/73ab5338-5b48-4dcf-9d29-a3e0e1338123_1.114776d438a9b4449e00ebf21fde1c83.jpeg","marketplace":false,"shipToStore":true,"freeShipToStore":true,"modelNumber":"64133WW","productUrl":"http://c.affil.walmart.com/t/api01?l=https%3A%2F%2Fwww.walmart.com%2Fip%2FIntex-Full-16-5-Durabeam-Pillowrest-Airbed-Mattress-with-Built-in-Pump%2F661044738%3Faffp1%3DH-JVMzorBRQOTBioe9MKJOGSfQyvSqNadbq6TI8wrRc%26affilsrc%3Dapi%26veh%3Daff%26wmlspartner%3Dreadonlyapi","customerRating":"4.5","numReviews":2,"customerRatingImage":"http://i2.walmartimages.com/i/CustRating/4_5.gif","categoryNode":"4125_546956_4128","bundle":false,"clearance":false,"preOrder":false,"stock":"Available","attributes":{"batteryType":"Does Not Contain a Battery","compositeWood":"1 - Does not contain composite wood","mainimageurl":"https://i5.walmartimages.com/asr/73ab5338-5b48-4dcf-9d29-a3e0e1338123_1.114776d438a9b4449e00ebf21fde1c83.jpeg"},"addToCartUrl":"http://c.affil.walmart.com/t/api01?l=http%3A%2F%2Faffil.walmart.com%2Fcart%2FaddToCart%3Fitems%3D661044738%7C1%26affp1%3DH-JVMzorBRQOTBioe9MKJOGSfQyvSqNadbq6TI8wrRc%26affilsrc%3Dapi%26veh%3Daff%26wmlspartner%3Dreadonlyapi","affiliateAddToCartUrl":"http://linksynergy.walmart.com/fs-bin/click?id=|LSNID|&offerid=223073.7200&type=14&catid=8&subid=0&hid=7200&tmpid=1082&RD_PARM1=http%253A%252F%252Faffil.walmart.com%252Fcart%252FaddToCart%253Fitems%253D661044738%257C1%2526affp1%253DH-JVMzorBRQOTBioe9MKJOGSfQyvSqNadbq6TI8wrRc%2526affilsrc%253Dapi","freeShippingOver50Dollars":true,"giftOptions":{"allowGiftWrap":false,"allowGiftMessage":true,"allowGiftReceipt":true},"imageEntities":[{"thumbnailImage":"https://i5.walmartimages.com/asr/ab4c375a-829e-4006-931f-76a77b5f7e9b_1.84873aa13d229a63526234e87bfb9b06.jpeg?odnHeight=100&odnWidth=100&odnBg=FFFFFF","mediumImage":"https://i5.walmartimages.com/asr/ab4c375a-829e-4006-931f-76a77b5f7e9b_1.84873aa13d229a63526234e87bfb9b06.jpeg?odnHeight=180&odnWidth=180&odnBg=FFFFFF","largeImage":"https://i5.walmartimages.com/asr/ab4c375a-829e-4006-931f-76a77b5f7e9b_1.84873aa13d229a63526234e87bfb9b06.jpeg?odnHeight=450&odnWidth=450&odnBg=FFFFFF","entityType":"SECONDARY"},{"thumbnailImage":"https://i5.walmartimages.com/asr/73ab5338-5b48-4dcf-9d29-a3e0e1338123_1.114776d438a9b4449e00ebf21fde1c83.jpeg?odnHeight=100&odnWidth=100&odnBg=FFFFFF","mediumImage":"https://i5.walmartimages.com/asr/73ab5338-5b48-4dcf-9d29-a3e0e1338123_1.114776d438a9b4449e00ebf21fde1c83.jpeg?odnHeight=180&odnWidth=180&odnBg=FFFFFF","largeImage":"https://i5.walmartimages.com/asr/73ab5338-5b48-4dcf-9d29-a3e0e1338123_1.114776d438a9b4449e00ebf21fde1c83.jpeg?odnHeight=450&odnWidth=450&odnBg=FFFFFF","entityType":"SECONDARY"},{"thumbnailImage":"https://i5.walmartimages.com/asr/f23dd674-c5ac-482f-8b0e-3fddb297b5f1_1.9cb4429f726134c5a018c1242aef377d.jpeg?odnHeight=100&odnWidth=100&odnBg=FFFFFF","mediumImage":"https://i5.walmartimages.com/asr/f23dd674-c5ac-482f-8b0e-3fddb297b5f1_1.9cb4429f726134c5a018c1242aef377d.jpeg?odnHeight=180&odnWidth=180&odnBg=FFFFFF","largeImage":"https://i5.walmartimages.com/asr/f23dd674-c5ac-482f-8b0e-3fddb297b5f1_1.9cb4429f726134c5a018c1242aef377d.jpeg?odnHeight=450&odnWidth=450&odnBg=FFFFFF","entityType":"SECONDARY"},{"thumbnailImage":"https://i5.walmartimages.com/asr/775c780c-1075-462f-b2ab-32361ac964c8_1.589fc95600ae754ee19015baf908a766.jpeg?odnHeight=100&odnWidth=100&odnBg=FFFFFF","mediumImage":"https://i5.walmartimages.com/asr/775c780c-1075-462f-b2ab-32361ac964c8_1.589fc95600ae754ee19015baf908a766.jpeg?odnHeight=180&odnWidth=180&odnBg=FFFFFF","largeImage":"https://i5.walmartimages.com/asr/775c780c-1075-462f-b2ab-32361ac964c8_1.589fc95600ae754ee19015baf908a766.jpeg?odnHeight=450&odnWidth=450&odnBg=FFFFFF","entityType":"SECONDARY"},{"thumbnailImage":"https://i5.walmartimages.com/asr/5952b533-355e-4f78-8dab-a2be7c99f62f_1.f7d2f6850077c9f5e1c537960110e258.jpeg?odnHeight=100&odnWidth=100&odnBg=FFFFFF","mediumImage":"https://i5.walmartimages.com/asr/5952b533-355e-4f78-8dab-a2be7c99f62f_1.f7d2f6850077c9f5e1c537960110e258.jpeg?odnHeight=180&odnWidth=180&odnBg=FFFFFF","largeImage":"https://i5.walmartimages.com/asr/5952b533-355e-4f78-8dab-a2be7c99f62f_1.f7d2f6850077c9f5e1c537960110e258.jpeg?odnHeight=450&odnWidth=450&odnBg=FFFFFF","entityType":"PRIMARY"}],"offerType":"ONLINE_ONLY","isTwoDayShippingEligible":true,"availableOnline":true},{"itemId":22145923,"parentItemId":22145923,"name":"Rawlings RBRO Babe Ruth League Tournament Grade Baseballs (Dozen)","msrp":43.85,"salePrice":32.89,"upc":"083321397875","categoryPath":"Sports & Outdoors/Team Sports/Baseball/Baseballs","shortDescription":"This baseball is the official ball for the Babe Ruth League. This baseball's superstitch raised seams with full grain leather cover and composite cork and rubber center which make it perfect for the Babe Ruth Baseball League.","longDescription":"Babe Ruth Tournament Grade Baseball","brandName":"Rawlings","thumbnailImage":"https://i5.walmartimages.com/asr/542188b6-54e3-4d3f-9df5-cefb6011513f_1.c558f7e41e7a8f5524d787f4d9432a4f.jpeg?odnHeight=100&odnWidth=100&odnBg=FFFFFF","mediumImage":"https://i5.walmartimages.com/asr/542188b6-54e3-4d3f-9df5-cefb6011513f_1.c558f7e41e7a8f5524d787f4d9432a4f.jpeg?odnHeight=180&odnWidth=180&odnBg=FFFFFF","largeImage":"https://i5.walmartimages.com/asr/542188b6-54e3-4d3f-9df5-cefb6011513f_1.c558f7e41e7a8f5524d787f4d9432a4f.jpeg?odnHeight=450&odnWidth=450&odnBg=FFFFFF","productTrackingUrl":"http://linksynergy.walmart.com/fs-bin/click?id=|LSNID|&offerid=223073.7200&type=14&catid=8&subid=0&hid=7200&tmpid=1082&RD_PARM1=https%253A%252F%252Fwww.walmart.com%252Fip%252FRawlings-RBRO-Babe-Ruth-League-Tournament-Grade-Baseballs-Dozen%252F22145923%253Faffp1%253DH-JVMzorBRQOTBioe9MKJOGSfQyvSqNadbq6TI8wrRc%2526affilsrc%253Dapi","ninetySevenCentShipping":false,"standardShipRate":5.99,"size":"One Size","color":"White","shipToStore":true,"freeShipToStore":true,"modelNumber":"RBRO","productUrl":"http://c.affil.walmart.com/t/api01?l=https%3A%2F%2Fwww.walmart.com%2Fip%2FRawlings-RBRO-Babe-Ruth-League-Tournament-Grade-Baseballs-Dozen%2F22145923%3Faffp1%3DH-JVMzorBRQOTBioe9MKJOGSfQyvSqNadbq6TI8wrRc%26affilsrc%3Dapi%26veh%3Daff%26wmlspartner%3Dreadonlyapi","bestMarketplacePrice":{"availableOnline":false,"clearance":false},"categoryNode":"4125_4161_4162","bundle":false,"clearance":false,"preOrder":false,"stock":"Available","attributes":{"color":"White","pesticideInd":"N","size":"One Size"},"gender":"Men","age":"7 Years5 to 7 Years","addToCartUrl":"http://c.affil.walmart.com/t/api01?l=http%3A%2F%2Faffil.walmart.com%2Fcart%2FaddToCart%3Fitems%3D22145923%7C1%26affp1%3DH-JVMzorBRQOTBioe9MKJOGSfQyvSqNadbq6TI8wrRc%26affilsrc%3Dapi%26veh%3Daff%26wmlspartner%3Dreadonlyapi","affiliateAddToCartUrl":"http://linksynergy.walmart.com/fs-bin/click?id=|LSNID|&offerid=223073.7200&type=14&catid=8&subid=0&hid=7200&tmpid=1082&RD_PARM1=http%253A%252F%252Faffil.walmart.com%252Fcart%252FaddToCart%253Fitems%253D22145923%257C1%2526affp1%253DH-JVMzorBRQOTBioe9MKJOGSfQyvSqNadbq6TI8wrRc%2526affilsrc%253Dapi","freeShippingOver50Dollars":true,"giftOptions":{"allowGiftWrap":false,"allowGiftMessage":false,"allowGiftReceipt":false},"imageEntities":[{"thumbnailImage":"https://i5.walmartimages.com/asr/fe4a55e5-d593-45ab-9064-526804ccbf56_1.f91b2606812c68cf58e9763005b0d83b.jpeg?odnHeight=100&odnWidth=100&odnBg=FFFFFF","mediumImage":"https://i5.walmartimages.com/asr/fe4a55e5-d593-45ab-9064-526804ccbf56_1.f91b2606812c68cf58e9763005b0d83b.jpeg?odnHeight=180&odnWidth=180&odnBg=FFFFFF","largeImage":"https://i5.walmartimages.com/asr/fe4a55e5-d593-45ab-9064-526804ccbf56_1.f91b2606812c68cf58e9763005b0d83b.jpeg?odnHeight=450&odnWidth=450&odnBg=FFFFFF","entityType":"SECONDARY"},{"thumbnailImage":"https://i5.walmartimages.com/asr/542188b6-54e3-4d3f-9df5-cefb6011513f_1.c558f7e41e7a8f5524d787f4d9432a4f.jpeg?odnHeight=100&odnWidth=100&odnBg=FFFFFF","mediumImage":"https://i5.walmartimages.com/asr/542188b6-54e3-4d3f-9df5-cefb6011513f_1.c558f7e41e7a8f5524d787f4d9432a4f.jpeg?odnHeight=180&odnWidth=180&odnBg=FFFFFF","largeImage":"https://i5.walmartimages.com/asr/542188b6-54e3-4d3f-9df5-cefb6011513f_1.c558f7e41e7a8f5524d787f4d9432a4f.jpeg?odnHeight=450&odnWidth=450&odnBg=FFFFFF","entityType":"PRIMARY"}],"offerType":"ONLINE_ONLY","isTwoDayShippingEligible":true,"availableOnline":true},{"itemId":55081028,"parentItemId":55081028,"name":"Better Homes and Gardens Solar Birdbath, Blue","salePrice":25.72,"categoryPath":"Patio & Garden/Patio & Outdoor Decor/Bird Baths","shortDescription":"Bring beautiful birds to your yard and enjoy watching them splash around in this decorative bird bath.","longDescription":"&lt;ul&gt;&lt;li&gt;Bird bath with metal stand for outdoor use&lt;/li&gt;&lt;li&gt;Peacock feather pattern&lt;/li&gt;&lt;li&gt;Hand painted&lt;/li&gt;&lt;li&gt;Solar lighted&lt;/li&gt;&lt;/ul&gt;","brandName":"Better Homes & Gardens","thumbnailImage":"https://i5.walmartimages.com/asr/e0956ee5-7259-4fd2-903f-0864c4496710_1.bc01b2539eb345fdc91dc571adc9f629.jpeg?odnHeight=100&odnWidth=100&odnBg=FFFFFF","mediumImage":"https://i5.walmartimages.com/asr/e0956ee5-7259-4fd2-903f-0864c4496710_1.bc01b2539eb345fdc91dc571adc9f629.jpeg?odnHeight=180&odnWidth=180&odnBg=FFFFFF","largeImage":"https://i5.walmartimages.com/asr/e0956ee5-7259-4fd2-903f-0864c4496710_1.bc01b2539eb345fdc91dc571adc9f629.jpeg?odnHeight=450&odnWidth=450&odnBg=FFFFFF","productTrackingUrl":"http://linksynergy.walmart.com/fs-bin/click?id=|LSNID|&offerid=223073.7200&type=14&catid=8&subid=0&hid=7200&tmpid=1082&RD_PARM1=https%253A%252F%252Fwww.walmart.com%252Fip%252FBetter-Homes-and-Gardens-Solar-Birdbath-Blue%252F55081028%253Faffp1%253DH-JVMzorBRQOTBioe9MKJOGSfQyvSqNadbq6TI8wrRc%2526affilsrc%253Dapi","ninetySevenCentShipping":false,"standardShipRate":5.99,"size":"Animal Accessories","color":"Multicolor","marketplace":false,"shipToStore":true,"freeShipToStore":true,"modelNumber":"BH17-093-699-11","productUrl":"http://c.affil.walmart.com/t/api01?l=https%3A%2F%2Fwww.walmart.com%2Fip%2FBetter-Homes-and-Gardens-Solar-Birdbath-Blue%2F55081028%3Faffp1%3DH-JVMzorBRQOTBioe9MKJOGSfQyvSqNadbq6TI8wrRc%26affilsrc%3Dapi%26veh%3Daff%26wmlspartner%3Dreadonlyapi","customerRating":"3.364","numReviews":11,"customerRatingImage":"http://i2.walmartimages.com/i/CustRating/3_4.gif","categoryNode":"5428_1102183_6646407","bundle":false,"clearance":false,"preOrder":false,"stock":"Available","attributes":{"color":"Multicolor","ironBankCategory":"Animal Accessories","requiresTextileActLabeling":"N"},"addToCartUrl":"http://c.affil.walmart.com/t/api01?l=http%3A%2F%2Faffil.walmart.com%2Fcart%2FaddToCart%3Fitems%3D55081028%7C1%26affp1%3DH-JVMzorBRQOTBioe9MKJOGSfQyvSqNadbq6TI8wrRc%26affilsrc%3Dapi%26veh%3Daff%26wmlspartner%3Dreadonlyapi","affiliateAddToCartUrl":"http://linksynergy.walmart.com/fs-bin/click?id=|LSNID|&offerid=223073.7200&type=14&catid=8&subid=0&hid=7200&tmpid=1082&RD_PARM1=http%253A%252F%252Faffil.walmart.com%252Fcart%252FaddToCart%253Fitems%253D55081028%257C1%2526affp1%253DH-JVMzorBRQOTBioe9MKJOGSfQyvSqNadbq6TI8wrRc%2526affilsrc%253Dapi","freeShippingOver50Dollars":true,"giftOptions":{"allowGiftWrap":false,"allowGiftMessage":false,"allowGiftReceipt":false},"imageEntities":[{"thumbnailImage":"https://i5.walmartimages.com/asr/61100c51-ea6f-4061-8c0c-2d9631507f6a_1.c92f9b895a3dc23f135a90684f8ad171.jpeg?odnHeight=100&odnWidth=100&odnBg=FFFFFF","mediumImage":"https://i5.walmartimages.com/asr/61100c51-ea6f-4061-8c0c-2d9631507f6a_1.c92f9b895a3dc23f135a90684f8ad171.jpeg?odnHeight=180&odnWidth=180&odnBg=FFFFFF","largeImage":"https://i5.walmartimages.com/asr/61100c51-ea6f-4061-8c0c-2d9631507f6a_1.c92f9b895a3dc23f135a90684f8ad171.jpeg?odnHeight=450&odnWidth=450&odnBg=FFFFFF","entityType":"SECONDARY"},{"thumbnailImage":"https://i5.walmartimages.com/asr/e754755e-1171-4a75-9f40-96c57896550c_1.987524693e13d59e7b2f8a72a0cacda7.jpeg?odnHeight=100&odnWidth=100&odnBg=FFFFFF","mediumImage":"https://i5.walmartimages.com/asr/e754755e-1171-4a75-9f40-96c57896550c_1.987524693e13d59e7b2f8a72a0cacda7.jpeg?odnHeight=180&odnWidth=180&odnBg=FFFFFF","largeImage":"https://i5.walmartimages.com/asr/e754755e-1171-4a75-9f40-96c57896550c_1.987524693e13d59e7b2f8a72a0cacda7.jpeg?odnHeight=450&odnWidth=450&odnBg=FFFFFF","entityType":"SECONDARY"},{"thumbnailImage":"https://i5.walmartimages.com/asr/d4056cf1-5933-498f-b6f3-79c33a0b6070_1.d49a7c7b438a2b19bfec1170a931100d.jpeg?odnHeight=100&odnWidth=100&odnBg=FFFFFF","mediumImage":"https://i5.walmartimages.com/asr/d4056cf1-5933-498f-b6f3-79c33a0b6070_1.d49a7c7b438a2b19bfec1170a931100d.jpeg?odnHeight=180&odnWidth=180&odnBg=FFFFFF","largeImage":"https://i5.walmartimages.com/asr/d4056cf1-5933-498f-b6f3-79c33a0b6070_1.d49a7c7b438a2b19bfec1170a931100d.jpeg?odnHeight=450&odnWidth=450&odnBg=FFFFFF","entityType":"SECONDARY"},{"thumbnailImage":"https://i5.walmartimages.com/asr/e0956ee5-7259-4fd2-903f-0864c4496710_1.bc01b2539eb345fdc91dc571adc9f629.jpeg?odnHeight=100&odnWidth=100&odnBg=FFFFFF","mediumImage":"https://i5.walmartimages.com/asr/e0956ee5-7259-4fd2-903f-0864c4496710_1.bc01b2539eb345fdc91dc571adc9f629.jpeg?odnHeight=180&odnWidth=180&odnBg=FFFFFF","largeImage":"https://i5.walmartimages.com/asr/e0956ee5-7259-4fd2-903f-0864c4496710_1.bc01b2539eb345fdc91dc571adc9f629.jpeg?odnHeight=450&odnWidth=450&odnBg=FFFFFF","entityType":"PRIMARY"}],"offerType":"ONLINE_AND_STORE","isTwoDayShippingEligible":false,"availableOnline":true},{"itemId":258174775,"parentItemId":258174775,"name":"Graco Catalina 4-in-1 Convertible Crib Pebble Gray","msrp":174.99,"salePrice":129.99,"upc":"056927102037","categoryPath":"Baby/Nursery & Decor/Furniture/Baby Cribs/Convertible Cribs","shortDescription":"Boasting transitional style with a touch of nautical flare, the Graco Catalina 4-in-1 Convertible Crib creates a cozy sleep environment that you and your baby will both love. Featuring a uniquely designed headboard, the stunning Catalina 4-in-1 Convertible Crib will provide the utmost elegance to your baby's room. This Graco convertible crib will be a staple in your child's room for years to come, as it easily changes from a crib to a toddler bed (no guard rail), a daybed and a full-size headboard with footboard. The Graco Catalina 4-in-1 Convertible Crib is JPMA certified and is compliant with all CPSC and ASTM safety standards to ensure the safest sleeping environment for your child.","longDescription":"&bull; Crib converts to a toddler bed daybed, and full-size bed with headboard (bed frame and mattress not included) &bull; Three-position mattress height adjustment &bull; Meets all ASTM &amp; CPSC safety standards plus JPMA certified. &bull; 1 year limited manufacturer&rsquo;s warranty","brandName":"Graco","thumbnailImage":"https://i5.walmartimages.com/asr/bd9a8f34-434e-4f10-8675-f532f8516937_1.f61c3cb7ecde3b08879cf9577bda1a95.jpeg?odnHeight=100&odnWidth=100&odnBg=FFFFFF","mediumImage":"https://i5.walmartimages.com/asr/bd9a8f34-434e-4f10-8675-f532f8516937_1.f61c3cb7ecde3b08879cf9577bda1a95.jpeg?odnHeight=180&odnWidth=180&odnBg=FFFFFF","largeImage":"https://i5.walmartimages.com/asr/bd9a8f34-434e-4f10-8675-f532f8516937_1.f61c3cb7ecde3b08879cf9577bda1a95.jpeg?odnHeight=450&odnWidth=450&odnBg=FFFFFF","productTrackingUrl":"http://linksynergy.walmart.com/fs-bin/click?id=|LSNID|&offerid=223073.7200&type=14&catid=8&subid=0&hid=7200&tmpid=1082&RD_PARM1=https%253A%252F%252Fwww.walmart.com%252Fip%252FGraco-Catalina-4-in-1-Convertible-Crib-Pebble-Gray%252F258174775%253Faffp1%253DH-JVMzorBRQOTBioe9MKJOGSfQyvSqNadbq6TI8wrRc%2526affilsrc%253Dapi","ninetySevenCentShipping":false,"standardShipRate":0.0,"size":"   1","color":"Gray","marketplace":false,"shipToStore":true,"freeShipToStore":true,"modelNumber":"04542-51F","productUrl":"http://c.affil.walmart.com/t/api01?l=https%3A%2F%2Fwww.walmart.com%2Fip%2FGraco-Catalina-4-in-1-Convertible-Crib-Pebble-Gray%2F258174775%3Faffp1%3DH-JVMzorBRQOTBioe9MKJOGSfQyvSqNadbq6TI8wrRc%26affilsrc%3Dapi%26veh%3Daff%26wmlspartner%3Dreadonlyapi","variants":[258174775,349003532],"categoryNode":"5427_414099_9171309","bundle":false,"clearance":false,"preOrder":false,"stock":"Available","attributes":{"assemblyRequiredInd":"1","color":"Gray","consumerItemNumber":"11782521"},"gender":"Unisex","addToCartUrl":"http://c.affil.walmart.com/t/api01?l=http%3A%2F%2Faffil.walmart.com%2Fcart%2FaddToCart%3Fitems%3D258174775%7C1%26affp1%3DH-JVMzorBRQOTBioe9MKJOGSfQyvSqNadbq6TI8wrRc%26affilsrc%3Dapi%26veh%3Daff%26wmlspartner%3Dreadonlyapi","affiliateAddToCartUrl":"http://linksynergy.walmart.com/fs-bin/click?id=|LSNID|&offerid=223073.7200&type=14&catid=8&subid=0&hid=7200&tmpid=1082&RD_PARM1=http%253A%252F%252Faffil.walmart.com%252Fcart%252FaddToCart%253Fitems%253D258174775%257C1%2526affp1%253DH-JVMzorBRQOTBioe9MKJOGSfQyvSqNadbq6TI8wrRc%2526affilsrc%253Dapi","freeShippingOver50Dollars":true,"giftOptions":{"allowGiftWrap":false,"allowGiftMessage":true,"allowGiftReceipt":true},"imageEntities":[{"thumbnailImage":"https://i5.walmartimages.com/asr/959276ee-239f-4538-8513-b4cddd6e8404_1.46e067ecafa1a437d8333badd3db9dd1.jpeg?odnHeight=100&odnWidth=100&odnBg=FFFFFF","mediumImage":"https://i5.walmartimages.com/asr/959276ee-239f-4538-8513-b4cddd6e8404_1.46e067ecafa1a437d8333badd3db9dd1.jpeg?odnHeight=180&odnWidth=180&odnBg=FFFFFF","largeImage":"https://i5.walmartimages.com/asr/959276ee-239f-4538-8513-b4cddd6e8404_1.46e067ecafa1a437d8333badd3db9dd1.jpeg?odnHeight=450&odnWidth=450&odnBg=FFFFFF","entityType":"SECONDARY"},{"thumbnailImage":"https://i5.walmartimages.com/asr/bd9a8f34-434e-4f10-8675-f532f8516937_1.f61c3cb7ecde3b08879cf9577bda1a95.jpeg?odnHeight=100&odnWidth=100&odnBg=FFFFFF","mediumImage":"https://i5.walmartimages.com/asr/bd9a8f34-434e-4f10-8675-f532f8516937_1.f61c3cb7ecde3b08879cf9577bda1a95.jpeg?odnHeight=180&odnWidth=180&odnBg=FFFFFF","largeImage":"https://i5.walmartimages.com/asr/bd9a8f34-434e-4f10-8675-f532f8516937_1.f61c3cb7ecde3b08879cf9577bda1a95.jpeg?odnHeight=450&odnWidth=450&odnBg=FFFFFF","entityType":"PRIMARY"},{"thumbnailImage":"https://i5.walmartimages.com/asr/c82188aa-b48e-420c-91ab-527a5d2b4902_1.fbb016caf17262c0535c2149442abcc9.jpeg?odnHeight=100&odnWidth=100&odnBg=FFFFFF","mediumImage":"https://i5.walmartimages.com/asr/c82188aa-b48e-420c-91ab-527a5d2b4902_1.fbb016caf17262c0535c2149442abcc9.jpeg?odnHeight=180&odnWidth=180&odnBg=FFFFFF","largeImage":"https://i5.walmartimages.com/asr/c82188aa-b48e-420c-91ab-527a5d2b4902_1.fbb016caf17262c0535c2149442abcc9.jpeg?odnHeight=450&odnWidth=450&odnBg=FFFFFF","entityType":"SECONDARY"},{"thumbnailImage":"https://i5.walmartimages.com/asr/d729acce-9f9b-4003-bca6-9aa078617ea5_1.f3042d2a23869806d9f8b4c1ad1516b8.png?odnHeight=100&odnWidth=100&odnBg=FFFFFF","mediumImage":"https://i5.walmartimages.com/asr/d729acce-9f9b-4003-bca6-9aa078617ea5_1.f3042d2a23869806d9f8b4c1ad1516b8.png?odnHeight=180&odnWidth=180&odnBg=FFFFFF","largeImage":"https://i5.walmartimages.com/asr/d729acce-9f9b-4003-bca6-9aa078617ea5_1.f3042d2a23869806d9f8b4c1ad1516b8.png?odnHeight=450&odnWidth=450&odnBg=FFFFFF","entityType":"SECONDARY"},{"thumbnailImage":"https://i5.walmartimages.com/asr/6284a8e0-a977-4051-a2b5-12c060dbb2fb_1.d35156b9a7bdfbbb5039d989ebc0b6f8.jpeg?odnHeight=100&odnWidth=100&odnBg=FFFFFF","mediumImage":"https://i5.walmartimages.com/asr/6284a8e0-a977-4051-a2b5-12c060dbb2fb_1.d35156b9a7bdfbbb5039d989ebc0b6f8.jpeg?odnHeight=180&odnWidth=180&odnBg=FFFFFF","largeImage":"https://i5.walmartimages.com/asr/6284a8e0-a977-4051-a2b5-12c060dbb2fb_1.d35156b9a7bdfbbb5039d989ebc0b6f8.jpeg?odnHeight=450&odnWidth=450&odnBg=FFFFFF","entityType":"SECONDARY"},{"thumbnailImage":"https://i5.walmartimages.com/asr/679a8110-cb01-4b54-9c5c-b851f59e4ae3_1.9a40a5d367a1707e71e4c7eda9d91066.jpeg?odnHeight=100&odnWidth=100&odnBg=FFFFFF","mediumImage":"https://i5.walmartimages.com/asr/679a8110-cb01-4b54-9c5c-b851f59e4ae3_1.9a40a5d367a1707e71e4c7eda9d91066.jpeg?odnHeight=180&odnWidth=180&odnBg=FFFFFF","largeImage":"https://i5.walmartimages.com/asr/679a8110-cb01-4b54-9c5c-b851f59e4ae3_1.9a40a5d367a1707e71e4c7eda9d91066.jpeg?odnHeight=450&odnWidth=450&odnBg=FFFFFF","entityType":"SECONDARY"},{"thumbnailImage":"https://i5.walmartimages.com/asr/e0bc0ffa-5b5e-4f2d-ada0-430ea896a880_1.db8a796dc0c20acbfcc142f9e92d3a19.jpeg?odnHeight=100&odnWidth=100&odnBg=FFFFFF","mediumImage":"https://i5.walmartimages.com/asr/e0bc0ffa-5b5e-4f2d-ada0-430ea896a880_1.db8a796dc0c20acbfcc142f9e92d3a19.jpeg?odnHeight=180&odnWidth=180&odnBg=FFFFFF","largeImage":"https://i5.walmartimages.com/asr/e0bc0ffa-5b5e-4f2d-ada0-430ea896a880_1.db8a796dc0c20acbfcc142f9e92d3a19.jpeg?odnHeight=450&odnWidth=450&odnBg=FFFFFF","entityType":"SECONDARY"},{"thumbnailImage":"https://i5.walmartimages.com/asr/aea691ba-ac35-4f71-b0a4-4e0484f4d21d_1.68e402afc98bad2511c44634941f95f1.jpeg?odnHeight=100&odnWidth=100&odnBg=FFFFFF","mediumImage":"https://i5.walmartimages.com/asr/aea691ba-ac35-4f71-b0a4-4e0484f4d21d_1.68e402afc98bad2511c44634941f95f1.jpeg?odnHeight=180&odnWidth=180&odnBg=FFFFFF","largeImage":"https://i5.walmartimages.com/asr/aea691ba-ac35-4f71-b0a4-4e0484f4d21d_1.68e402afc98bad2511c44634941f95f1.jpeg?odnHeight=450&odnWidth=450&odnBg=FFFFFF","entityType":"SECONDARY"},{"thumbnailImage":"https://i5.walmartimages.com/asr/355616f4-1cef-4bed-af2d-35569876576e_1.101f0138965d6a6f77674fcf55a82ea1.jpeg?odnHeight=100&odnWidth=100&odnBg=FFFFFF","mediumImage":"https://i5.walmartimages.com/asr/355616f4-1cef-4bed-af2d-35569876576e_1.101f0138965d6a6f77674fcf55a82ea1.jpeg?odnHeight=180&odnWidth=180&odnBg=FFFFFF","largeImage":"https://i5.walmartimages.com/asr/355616f4-1cef-4bed-af2d-35569876576e_1.101f0138965d6a6f77674fcf55a82ea1.jpeg?odnHeight=450&odnWidth=450&odnBg=FFFFFF","entityType":"SECONDARY"}],"offerType":"ONLINE_ONLY","isTwoDayShippingEligible":false,"availableOnline":true},{"itemId":21190247,"parentItemId":21190247,"name":"Photo Collage Frame, 16x20","salePrice":26.0,"upc":"044021277126","categoryPath":"Home/Decor/Frames","shortDescription":"Show off your family photos in a large photo collage frame, 16x20. This collage picture frame has a large, pre-cut mat in white with black matting around each individual photo, giving it a professional-quality look with its double-beveled mat. The black frame can be used to hold a 16x20&quot; picture or poster if you remove both mats. The collage picture frame has openings to hold 10 pictures in the following sizes: one 5&quot; x 7&quot;, one 5&quot; x 5&quot;, one 3.5&quot; x 5&quot;, two 3&quot; x 3.5&quot;, two 3&quot; x 4&quot; and three 4&quot; x 6&quot;. A glass insert adds an ideal finishing touch to this frame. The photo collage frame can be hung either horizontally or vertically and comes ready to hang. Put your favorite photos in this classic collage frame and share them with your friends and family.","longDescription":"&lt;ul&gt;&lt;li&gt;&lt;strong&gt;Photo Collage Frame, 16x20:&lt;/strong&gt;&lt;/li&gt;&lt;li&gt;Glass insert&lt;/li&gt;&lt;li&gt;Double-beveled mat&lt;/li&gt;&lt;li&gt;Ready to hang&lt;/li&gt;&lt;li&gt;Can be positioned vertically or horizontally&lt;/li&gt;&lt;li&gt;Holds 10 pictures with pre-cut mat:&lt;ul&gt;&lt;li&gt;One 5&quot; x 7&quot;&lt;/li&gt;&lt;li&gt;One 5&quot; x 5&quot;&lt;/li&gt;&lt;li&gt;One 3.5&quot; x 5&quot;&lt;/li&gt;&lt;li&gt;Two 3&quot; x 3.5&quot;&lt;/li&gt;&lt;li&gt;Two 3&quot; x 4&quot;&lt;/li&gt;&lt;li&gt;Three 4&quot; x 6&quot;&lt;/li&gt;&lt;/ul&gt;&lt;/li&gt;&lt;li&gt;Holds one 16&quot; x 20&quot; picture or poster without mat&lt;/li&gt;&lt;/ul&gt;","brandName":"Unbranded","thumbnailImage":"https://i5.walmartimages.com/asr/56ccbb59-9375-40b3-a660-c5919d0147bc_1.38b33312e6c1236656efec96747a952a.jpeg?odnHeight=100&odnWidth=100&odnBg=FFFFFF","mediumImage":"https://i5.walmartimages.com/asr/56ccbb59-9375-40b3-a660-c5919d0147bc_1.38b33312e6c1236656efec96747a952a.jpeg?odnHeight=180&odnWidth=180&odnBg=FFFFFF","largeImage":"https://i5.walmartimages.com/asr/56ccbb59-9375-40b3-a660-c5919d0147bc_1.38b33312e6c1236656efec96747a952a.jpeg?odnHeight=450&odnWidth=450&odnBg=FFFFFF","productTrackingUrl":"http://linksynergy.walmart.com/fs-bin/click?id=|LSNID|&offerid=223073.7200&type=14&catid=8&subid=0&hid=7200&tmpid=1082&RD_PARM1=https%253A%252F%252Fwww.walmart.com%252Fip%252FPhoto-Collage-Frame-16x20%252F21190247%253Faffp1%253DH-JVMzorBRQOTBioe9MKJOGSfQyvSqNadbq6TI8wrRc%2526affilsrc%253Dapi","ninetySevenCentShipping":false,"size":"\"Poster Sizes (16\\\"\" +)16\"\" x 20\"\"16\\\"\" x 20\\\"\"\"","color":"Black","marketplace":false,"shipToStore":true,"freeShipToStore":true,"modelNumber":"27712","productUrl":"http://c.affil.walmart.com/t/api01?l=https%3A%2F%2Fwww.walmart.com%2Fip%2FPhoto-Collage-Frame-16x20%2F21190247%3Faffp1%3DH-JVMzorBRQOTBioe9MKJOGSfQyvSqNadbq6TI8wrRc%26affilsrc%3Dapi%26veh%3Daff%26wmlspartner%3Dreadonlyapi","customerRating":"3.32","numReviews":25,"variants":[21190247,21190246],"customerRatingImage":"http://i2.walmartimages.com/i/CustRating/3_3.gif","categoryNode":"4044_133012_672579","bundle":false,"clearance":false,"preOrder":false,"stock":"Available","attributes":{"color":"Black","paperWoodIndicator":"N","size":"16\" x 20\""},"addToCartUrl":"http://c.affil.walmart.com/t/api01?l=http%3A%2F%2Faffil.walmart.com%2Fcart%2FaddToCart%3Fitems%3D21190247%7C1%26affp1%3DH-JVMzorBRQOTBioe9MKJOGSfQyvSqNadbq6TI8wrRc%26affilsrc%3Dapi%26veh%3Daff%26wmlspartner%3Dreadonlyapi","affiliateAddToCartUrl":"http://linksynergy.walmart.com/fs-bin/click?id=|LSNID|&offerid=223073.7200&type=14&catid=8&subid=0&hid=7200&tmpid=1082&RD_PARM1=http%253A%252F%252Faffil.walmart.com%252Fcart%252FaddToCart%253Fitems%253D21190247%257C1%2526affp1%253DH-JVMzorBRQOTBioe9MKJOGSfQyvSqNadbq6TI8wrRc%2526affilsrc%253Dapi","freeShippingOver50Dollars":true,"giftOptions":{"allowGiftWrap":false,"allowGiftMessage":false,"allowGiftReceipt":false},"imageEntities":[{"thumbnailImage":"https://i5.walmartimages.com/asr/56ccbb59-9375-40b3-a660-c5919d0147bc_1.38b33312e6c1236656efec96747a952a.jpeg?odnHeight=100&odnWidth=100&odnBg=FFFFFF","mediumImage":"https://i5.walmartimages.com/asr/56ccbb59-9375-40b3-a660-c5919d0147bc_1.38b33312e6c1236656efec96747a952a.jpeg?odnHeight=180&odnWidth=180&odnBg=FFFFFF","largeImage":"https://i5.walmartimages.com/asr/56ccbb59-9375-40b3-a660-c5919d0147bc_1.38b33312e6c1236656efec96747a952a.jpeg?odnHeight=450&odnWidth=450&odnBg=FFFFFF","entityType":"PRIMARY"}],"offerType":"ONLINE_ONLY","isTwoDayShippingEligible":true,"availableOnline":true},{"itemId":101913275,"parentItemId":101913275,"name":"Char-Broil Electric Patio Bistro Electric Grill","msrp":170.99,"salePrice":142.6,"upc":"099143020488","categoryPath":"Patio & Garden/Grills & Outdoor Cooking/Grills/Electric Grills","shortDescription":"The Char-Broil Electric Patio Bistro Electric Grill may be small, but you would never know it from the impressive taste it produces. Ideal for those who live in smaller homes, apartments, or condos, this electric grill offers 240 square inches of primary cooking space. The burner has 1750 watts of grilling power and heats up quickly without hot or cold spots so you can grill delicious fish, chicken, vegetables, and more. A raised warming rack offers an additional 80 square inches of secondary cooking space. Porcelain-coated steel grates help to keep food from sticking to your cooking space, and the grease tray is easily accessed for a quicker cleanup. The folding side shelves and lower chrome-plated storage rack provide preparation space and storage for utensils and other equipment","longDescription":". Two wheels allow you to easily move the grill to the perfect spot, and the integrated cord management keeps the cord tucked away so you will not have to worry about any safety hazards as you move the grill around your yard. Some assembly is required.&lt;br&gt;&lt;br&gt;","brandName":"Char-Broil","thumbnailImage":"https://i5.walmartimages.com/asr/d24e81c1-bf77-4a53-8d6d-0c27e43d1dd2_1.1bee13348ffc5623968ab7f07f9bc7a3.jpeg?odnHeight=100&odnWidth=100&odnBg=FFFFFF","mediumImage":"https://i5.walmartimages.com/asr/d24e81c1-bf77-4a53-8d6d-0c27e43d1dd2_1.1bee13348ffc5623968ab7f07f9bc7a3.jpeg?odnHeight=180&odnWidth=180&odnBg=FFFFFF","largeImage":"https://i5.walmartimages.com/asr/d24e81c1-bf77-4a53-8d6d-0c27e43d1dd2_1.1bee13348ffc5623968ab7f07f9bc7a3.jpeg?odnHeight=450&odnWidth=450&odnBg=FFFFFF","productTrackingUrl":"http://linksynergy.walmart.com/fs-bin/click?id=|LSNID|&offerid=223073.7200&type=14&catid=8&subid=0&hid=7200&tmpid=1082&RD_PARM1=https%253A%252F%252Fwww.walmart.com%252Fip%252FChar-Broil-Electric-Patio-Bistro-Electric-Grill%252F101913275%253Faffp1%253DH-JVMzorBRQOTBioe9MKJOGSfQyvSqNadbq6TI8wrRc%2526affilsrc%253Dapi","ninetySevenCentShipping":false,"standardShipRate":0.0,"size":"240","color":"Other","shipToStore":true,"freeShipToStore":true,"modelNumber":"17602048","productUrl":"http://c.affil.walmart.com/t/api01?l=https%3A%2F%2Fwww.walmart.com%2Fip%2FChar-Broil-Electric-Patio-Bistro-Electric-Grill%2F101913275%3Faffp1%3DH-JVMzorBRQOTBioe9MKJOGSfQyvSqNadbq6TI8wrRc%26affilsrc%3Dapi%26veh%3Daff%26wmlspartner%3Dreadonlyapi","customerRating":"4.5","numReviews":22,"customerRatingImage":"http://i2.walmartimages.com/i/CustRating/4_5.gif","bestMarketplacePrice":{"price":168.9,"sellerInfo":"Hayneedle","standardShipRate":0.0,"twoThreeDayShippingRate":75.0,"availableOnline":true,"clearance":false,"offerType":"ONLINE_ONLY"},"categoryNode":"5428_4089_7375787","bundle":false,"clearance":false,"preOrder":false,"stock":"Available","attributes":{"color":"Other","ironBankCategory":"Garden & Patio","size":"240"},"gender":"Unisex","addToCartUrl":"http://c.affil.walmart.com/t/api01?l=http%3A%2F%2Faffil.walmart.com%2Fcart%2FaddToCart%3Fitems%3D101913275%7C1%26affp1%3DH-JVMzorBRQOTBioe9MKJOGSfQyvSqNadbq6TI8wrRc%26affilsrc%3Dapi%26veh%3Daff%26wmlspartner%3Dreadonlyapi","affiliateAddToCartUrl":"http://linksynergy.walmart.com/fs-bin/click?id=|LSNID|&offerid=223073.7200&type=14&catid=8&subid=0&hid=7200&tmpid=1082&RD_PARM1=http%253A%252F%252Faffil.walmart.com%252Fcart%252FaddToCart%253Fitems%253D101913275%257C1%2526affp1%253DH-JVMzorBRQOTBioe9MKJOGSfQyvSqNadbq6TI8wrRc%2526affilsrc%253Dapi","freeShippingOver50Dollars":true,"giftOptions":{"allowGiftWrap":false,"allowGiftMessage":false,"allowGiftReceipt":false},"imageEntities":[{"thumbnailImage":"https://i5.walmartimages.com/asr/853a93c5-6ebf-4d32-a2a4-1374bdc55b0b_1.1bee13348ffc5623968ab7f07f9bc7a3.jpeg?odnHeight=100&odnWidth=100&odnBg=FFFFFF","mediumImage":"https://i5.walmartimages.com/asr/853a93c5-6ebf-4d32-a2a4-1374bdc55b0b_1.1bee13348ffc5623968ab7f07f9bc7a3.jpeg?odnHeight=180&odnWidth=180&odnBg=FFFFFF","largeImage":"https://i5.walmartimages.com/asr/853a93c5-6ebf-4d32-a2a4-1374bdc55b0b_1.1bee13348ffc5623968ab7f07f9bc7a3.jpeg?odnHeight=450&odnWidth=450&odnBg=FFFFFF","entityType":"SECONDARY"},{"thumbnailImage":"https://i5.walmartimages.com/asr/d83b2f92-8984-4c29-8e0f-12b19ec5632f_1.f46eeb04d09e55e649e857294d4f79e7.jpeg?odnHeight=100&odnWidth=100&odnBg=FFFFFF","mediumImage":"https://i5.walmartimages.com/asr/d83b2f92-8984-4c29-8e0f-12b19ec5632f_1.f46eeb04d09e55e649e857294d4f79e7.jpeg?odnHeight=180&odnWidth=180&odnBg=FFFFFF","largeImage":"https://i5.walmartimages.com/asr/d83b2f92-8984-4c29-8e0f-12b19ec5632f_1.f46eeb04d09e55e649e857294d4f79e7.jpeg?odnHeight=450&odnWidth=450&odnBg=FFFFFF","entityType":"SECONDARY"},{"thumbnailImage":"https://i5.walmartimages.com/asr/f8e13daa-e903-4dce-9e04-0c14e8dd9215_1.ea1f00d25de671c695f473f21a50afbc.jpeg?odnHeight=100&odnWidth=100&odnBg=FFFFFF","mediumImage":"https://i5.walmartimages.com/asr/f8e13daa-e903-4dce-9e04-0c14e8dd9215_1.ea1f00d25de671c695f473f21a50afbc.jpeg?odnHeight=180&odnWidth=180&odnBg=FFFFFF","largeImage":"https://i5.walmartimages.com/asr/f8e13daa-e903-4dce-9e04-0c14e8dd9215_1.ea1f00d25de671c695f473f21a50afbc.jpeg?odnHeight=450&odnWidth=450&odnBg=FFFFFF","entityType":"SECONDARY"},{"thumbnailImage":"https://i5.walmartimages.com/asr/12d9f0b7-0ed4-431b-9d75-c7add17b4b2d_1.56c24489058e6fba4c9ca7d88fd6c7b9.jpeg?odnHeight=100&odnWidth=100&odnBg=FFFFFF","mediumImage":"https://i5.walmartimages.com/asr/12d9f0b7-0ed4-431b-9d75-c7add17b4b2d_1.56c24489058e6fba4c9ca7d88fd6c7b9.jpeg?odnHeight=180&odnWidth=180&odnBg=FFFFFF","largeImage":"https://i5.walmartimages.com/asr/12d9f0b7-0ed4-431b-9d75-c7add17b4b2d_1.56c24489058e6fba4c9ca7d88fd6c7b9.jpeg?odnHeight=450&odnWidth=450&odnBg=FFFFFF","entityType":"SECONDARY"},{"thumbnailImage":"https://i5.walmartimages.com/asr/478f1970-0352-4bc9-b5d7-9840028e55f9_1.290bc74077203ac0dbc36f6f60439a12.jpeg?odnHeight=100&odnWidth=100&odnBg=FFFFFF","mediumImage":"https://i5.walmartimages.com/asr/478f1970-0352-4bc9-b5d7-9840028e55f9_1.290bc74077203ac0dbc36f6f60439a12.jpeg?odnHeight=180&odnWidth=180&odnBg=FFFFFF","largeImage":"https://i5.walmartimages.com/asr/478f1970-0352-4bc9-b5d7-9840028e55f9_1.290bc74077203ac0dbc36f6f60439a12.jpeg?odnHeight=450&odnWidth=450&odnBg=FFFFFF","entityType":"SECONDARY"},{"thumbnailImage":"https://i5.walmartimages.com/asr/d4b68b77-e8bd-4948-84de-34af4d4c73e7_1.2b253a888a690039713b640cb5bf4416.jpeg?odnHeight=100&odnWidth=100&odnBg=FFFFFF","mediumImage":"https://i5.walmartimages.com/asr/d4b68b77-e8bd-4948-84de-34af4d4c73e7_1.2b253a888a690039713b640cb5bf4416.jpeg?odnHeight=180&odnWidth=180&odnBg=FFFFFF","largeImage":"https://i5.walmartimages.com/asr/d4b68b77-e8bd-4948-84de-34af4d4c73e7_1.2b253a888a690039713b640cb5bf4416.jpeg?odnHeight=450&odnWidth=450&odnBg=FFFFFF","entityType":"SECONDARY"},{"thumbnailImage":"https://i5.walmartimages.com/asr/e9b40aaa-9472-4c3a-b6d1-24cc1727cf81_1.ec470941790881b810909f1a7f3f1a7b.jpeg?odnHeight=100&odnWidth=100&odnBg=FFFFFF","mediumImage":"https://i5.walmartimages.com/asr/e9b40aaa-9472-4c3a-b6d1-24cc1727cf81_1.ec470941790881b810909f1a7f3f1a7b.jpeg?odnHeight=180&odnWidth=180&odnBg=FFFFFF","largeImage":"https://i5.walmartimages.com/asr/e9b40aaa-9472-4c3a-b6d1-24cc1727cf81_1.ec470941790881b810909f1a7f3f1a7b.jpeg?odnHeight=450&odnWidth=450&odnBg=FFFFFF","entityType":"SECONDARY"},{"thumbnailImage":"https://i5.walmartimages.com/asr/5d252c62-b1d1-46e4-92d0-f4f4154945c9_1.61d9462e43e9279159f907277dd8e3f2.jpeg?odnHeight=100&odnWidth=100&odnBg=FFFFFF","mediumImage":"https://i5.walmartimages.com/asr/5d252c62-b1d1-46e4-92d0-f4f4154945c9_1.61d9462e43e9279159f907277dd8e3f2.jpeg?odnHeight=180&odnWidth=180&odnBg=FFFFFF","largeImage":"https://i5.walmartimages.com/asr/5d252c62-b1d1-46e4-92d0-f4f4154945c9_1.61d9462e43e9279159f907277dd8e3f2.jpeg?odnHeight=450&odnWidth=450&odnBg=FFFFFF","entityType":"SECONDARY"},{"thumbnailImage":"https://i5.walmartimages.com/asr/d24e81c1-bf77-4a53-8d6d-0c27e43d1dd2_1.1bee13348ffc5623968ab7f07f9bc7a3.jpeg?odnHeight=100&odnWidth=100&odnBg=FFFFFF","mediumImage":"https://i5.walmartimages.com/asr/d24e81c1-bf77-4a53-8d6d-0c27e43d1dd2_1.1bee13348ffc5623968ab7f07f9bc7a3.jpeg?odnHeight=180&odnWidth=180&odnBg=FFFFFF","largeImage":"https://i5.walmartimages.com/asr/d24e81c1-bf77-4a53-8d6d-0c27e43d1dd2_1.1bee13348ffc5623968ab7f07f9bc7a3.jpeg?odnHeight=450&odnWidth=450&odnBg=FFFFFF","entityType":"PRIMARY"}],"offerType":"ONLINE_AND_STORE","isTwoDayShippingEligible":false,"availableOnline":true},{"itemId":55333429,"parentItemId":55333429,"name":"Men's Interceptor Force Boot","salePrice":29.77,"upc":"605388276452","categoryPath":"Clothing/Shoes/Mens Shoes/All Mens Shoes","longDescription":"50% OUTSOLE EVA;50% OUTSOLE RUBBER;42.99% UPPER LEATHER;32.75% UPPER POLYESTER;24.26% UPPER SYNTHETICUse a soft bristle brush to remove any surface dirt or dust from the shoe and use cotton to wipe","brandName":"Interceptor","thumbnailImage":"https://i5.walmartimages.com/asr/73e34ef8-61ac-4795-bf1f-cd5f0ca9b3ac_1.ba73ad5fd107602cc755f6d9a17888fc.jpeg?odnHeight=100&odnWidth=100&odnBg=FFFFFF","mediumImage":"https://i5.walmartimages.com/asr/73e34ef8-61ac-4795-bf1f-cd5f0ca9b3ac_1.ba73ad5fd107602cc755f6d9a17888fc.jpeg?odnHeight=180&odnWidth=180&odnBg=FFFFFF","largeImage":"https://i5.walmartimages.com/asr/73e34ef8-61ac-4795-bf1f-cd5f0ca9b3ac_1.ba73ad5fd107602cc755f6d9a17888fc.jpeg?odnHeight=450&odnWidth=450&odnBg=FFFFFF","productTrackingUrl":"http://linksynergy.walmart.com/fs-bin/click?id=|LSNID|&offerid=223073.7200&type=14&catid=8&subid=0&hid=7200&tmpid=1082&RD_PARM1=https%253A%252F%252Fwww.walmart.com%252Fip%252FMen-s-Interceptor-Force-Boot%252F55333429%253Faffp1%253DH-JVMzorBRQOTBioe9MKJOGSfQyvSqNadbq6TI8wrRc%2526affilsrc%253Dapi","ninetySevenCentShipping":false,"standardShipRate":5.99,"size":"7.5","color":"Black","marketplace":false,"shipToStore":true,"freeShipToStore":true,"modelNumber":"MNIN0241001","productUrl":"http://c.affil.walmart.com/t/api01?l=https%3A%2F%2Fwww.walmart.com%2Fip%2FMen-s-Interceptor-Force-Boot%2F55333429%3Faffp1%3DH-JVMzorBRQOTBioe9MKJOGSfQyvSqNadbq6TI8wrRc%26affilsrc%3Dapi%26veh%3Daff%26wmlspartner%3Dreadonlyapi","customerRating":"4.333","numReviews":6,"variants":[55333429,55333418,55333446,55333458,55333403,55333474,55333397,55333438,55333410,55333464,55333450],"customerRatingImage":"http://i2.walmartimages.com/i/CustRating/4_3.gif","categoryNode":"5438_1045804_1045807","bundle":false,"clearance":false,"preOrder":false,"stock":"Available","attributes":{"color":"Black","mainimageurl":"https://i5.walmartimages.com/asr/7e06684e-5e87-4c2b-bb2f-f585786551f6_1.7eee9b76d66fc7a5cebf893ed3e157dd.jpeg","size":"7.5"},"gender":"Male","addToCartUrl":"http://c.affil.walmart.com/t/api01?l=http%3A%2F%2Faffil.walmart.com%2Fcart%2FaddToCart%3Fitems%3D55333429%7C1%26affp1%3DH-JVMzorBRQOTBioe9MKJOGSfQyvSqNadbq6TI8wrRc%26affilsrc%3Dapi%26veh%3Daff%26wmlspartner%3Dreadonlyapi","affiliateAddToCartUrl":"http://linksynergy.walmart.com/fs-bin/click?id=|LSNID|&offerid=223073.7200&type=14&catid=8&subid=0&hid=7200&tmpid=1082&RD_PARM1=http%253A%252F%252Faffil.walmart.com%252Fcart%252FaddToCart%253Fitems%253D55333429%257C1%2526affp1%253DH-JVMzorBRQOTBioe9MKJOGSfQyvSqNadbq6TI8wrRc%2526affilsrc%253Dapi","freeShippingOver50Dollars":true,"giftOptions":{"allowGiftWrap":false,"allowGiftMessage":false,"allowGiftReceipt":false},"imageEntities":[{"thumbnailImage":"https://i5.walmartimages.com/asr/7e06684e-5e87-4c2b-bb2f-f585786551f6_1.7eee9b76d66fc7a5cebf893ed3e157dd.jpeg?odnHeight=100&odnWidth=100&odnBg=FFFFFF","mediumImage":"https://i5.walmartimages.com/asr/7e06684e-5e87-4c2b-bb2f-f585786551f6_1.7eee9b76d66fc7a5cebf893ed3e157dd.jpeg?odnHeight=180&odnWidth=180&odnBg=FFFFFF","largeImage":"https://i5.walmartimages.com/asr/7e06684e-5e87-4c2b-bb2f-f585786551f6_1.7eee9b76d66fc7a5cebf893ed3e157dd.jpeg?odnHeight=450&odnWidth=450&odnBg=FFFFFF","entityType":"SECONDARY"},{"thumbnailImage":"https://i5.walmartimages.com/asr/151323c6-d3e2-4962-99d2-2d32f3d9c011_1.c1106b6d4a0edf6009fe7b8f04fb3134.jpeg?odnHeight=100&odnWidth=100&odnBg=FFFFFF","mediumImage":"https://i5.walmartimages.com/asr/151323c6-d3e2-4962-99d2-2d32f3d9c011_1.c1106b6d4a0edf6009fe7b8f04fb3134.jpeg?odnHeight=180&odnWidth=180&odnBg=FFFFFF","largeImage":"https://i5.walmartimages.com/asr/151323c6-d3e2-4962-99d2-2d32f3d9c011_1.c1106b6d4a0edf6009fe7b8f04fb3134.jpeg?odnHeight=450&odnWidth=450&odnBg=FFFFFF","entityType":"SECONDARY"},{"thumbnailImage":"https://i5.walmartimages.com/asr/8194541b-243a-4081-943c-e2d7ca7d7e4c_1.67c72736ee9858a297bf13540970bf7d.jpeg?odnHeight=100&odnWidth=100&odnBg=FFFFFF","mediumImage":"https://i5.walmartimages.com/asr/8194541b-243a-4081-943c-e2d7ca7d7e4c_1.67c72736ee9858a297bf13540970bf7d.jpeg?odnHeight=180&odnWidth=180&odnBg=FFFFFF","largeImage":"https://i5.walmartimages.com/asr/8194541b-243a-4081-943c-e2d7ca7d7e4c_1.67c72736ee9858a297bf13540970bf7d.jpeg?odnHeight=450&odnWidth=450&odnBg=FFFFFF","entityType":"SECONDARY"},{"thumbnailImage":"https://i5.walmartimages.com/asr/70266370-77db-4f29-b6a1-b2f6343c6d24_1.cbfaa6160b4206ae56faced44cd6eeff.jpeg?odnHeight=100&odnWidth=100&odnBg=FFFFFF","mediumImage":"https://i5.walmartimages.com/asr/70266370-77db-4f29-b6a1-b2f6343c6d24_1.cbfaa6160b4206ae56faced44cd6eeff.jpeg?odnHeight=180&odnWidth=180&odnBg=FFFFFF","largeImage":"https://i5.walmartimages.com/asr/70266370-77db-4f29-b6a1-b2f6343c6d24_1.cbfaa6160b4206ae56faced44cd6eeff.jpeg?odnHeight=450&odnWidth=450&odnBg=FFFFFF","entityType":"SECONDARY"},{"thumbnailImage":"https://i5.walmartimages.com/asr/73e34ef8-61ac-4795-bf1f-cd5f0ca9b3ac_1.ba73ad5fd107602cc755f6d9a17888fc.jpeg?odnHeight=100&odnWidth=100&odnBg=FFFFFF","mediumImage":"https://i5.walmartimages.com/asr/73e34ef8-61ac-4795-bf1f-cd5f0ca9b3ac_1.ba73ad5fd107602cc755f6d9a17888fc.jpeg?odnHeight=180&odnWidth=180&odnBg=FFFFFF","largeImage":"https://i5.walmartimages.com/asr/73e34ef8-61ac-4795-bf1f-cd5f0ca9b3ac_1.ba73ad5fd107602cc755f6d9a17888fc.jpeg?odnHeight=450&odnWidth=450&odnBg=FFFFFF","entityType":"PRIMARY"}],"offerType":"ONLINE_AND_STORE","isTwoDayShippingEligible":false,"availableOnline":true},{"itemId":575982053,"parentItemId":575982053,"name":"\"Coleman Power Steel Swim Vista Series 18' x 48\"\" Frame Swimming Pool Set\"","msrp":384.0,"salePrice":383.0,"upc":"821808150205","categoryPath":"Toys/Outdoor Play/Swimming Pools & Waterslides/Swimming Pools/Frame Swimming Pools","shortDescription":"&quot;The Coleman Power Steel Swim Vista Series 18' x 48&quot;&quot; Pool Set is the prime choice for families because of its superior steel frame design engineered for maximum strength and durability. Plus minimal-tool assembly makes this the easy answer for your backyard pool needs. The Coleman Power Steel Swim Vista Series is unique in that it has 4 windows allowing swimmers to see out of the pool while underwater! The pool also features a natural looking rattan print on the outside and a mosaic print on the bottom. Additional features are corrosion resistant metal frames and a flow control drain valve for easy draining. The extra strong side walls of this pool are constructed with Tritech, a 3 layer reinforced material with a polyester mesh core encased between two layers of high gauge PVC material. This creates a total thickness of 0.40-0.80mm (16-32 gauge) depending on the size of the pool, offering superior strength and durability. The pool is also equipped with a Seal &amp; Lock System for a safe and secure pipe connection. The set includes a safety ladder for easy entry and exit, a pool cover to keep debris out and a protective ground cloth to protect your lawn and the pool. With proper maintenance, your Coleman Power Steel Swim Vista Series Pool Set will give your family years of summer swimming enjoyment!&quot;","longDescription":"&lt;div&gt;* Water capacity (90%): 6,092 gal. (23,062 L)&lt;/div&gt;&lt;div&gt;* Easy setup!&lt;/div&gt;&lt;div&gt;* Pool equipped with Seal &amp; Lock System&trade; for a safe and secure pipe connection!&lt;/div&gt;&lt;div&gt;* Give an underwater wave to your friends and family through one of the 4 see-through windows!&lt;/div&gt;&lt;div&gt;* Corrosion resistant metal frames keeps the fun times going for a long time!&lt;/div&gt;&lt;div&gt;* Built-in flow control drain valve makes drainage easy. Just attach the valve to a garden hose (with included adapter) to drain away water!&lt;/div&gt;&lt;div&gt;* Heavy-duty PVC and polyester 3-ply side walls provide true reliability!&lt;/div&gt;&lt;div&gt;* The extra strong side walls of this pool are constructed with Tritech&trade;, a 3 layer reinforced material with a polyester mesh core encased between two layers of high gauge PVC material. This creates a total thickness of 0.40-0.80mm (16-32 gauge) depending on the size of the pool, offering superior strength and durability.&lt;/div&gt;&lt;div&gt;* 3-ply band provides additional wall support.&lt;/div&gt;&lt;div&gt;* Printed mosaic inner liner on the bottom of the pool for that classic pool look.&lt;/div&gt;&lt;div&gt;* Flow control connectors for easy and rapid connection.&lt;/div&gt;&lt;div&gt;* The round shape of the pool provides for easy installation, enhanced stability, and less wasted space due to the fact that the pool doesn&rsquo;t require lateral support.&lt;/div&gt;&lt;div&gt;* Underwater adhesive repair included&lt;/div&gt;&lt;div&gt;* Contents: one pool, one filter pump (110-120V~, 1500 gal pump water flow rate, 1050 gal integrated pool system water flow rate), one ladder, one pool cover, one ground cloth, one Maintenance Kit, and it is compatible with cartridge 58012(Ⅲ) 110-120V&lt;/div&gt;","brandName":"Coleman","thumbnailImage":"https://i5.walmartimages.com/asr/1b4cd78e-8694-4037-9c07-78a2f8798572_5.7c7b6f2e147af8ed1065b0d430c9b479.jpeg?odnHeight=100&odnWidth=100&odnBg=FFFFFF","mediumImage":"https://i5.walmartimages.com/asr/1b4cd78e-8694-4037-9c07-78a2f8798572_5.7c7b6f2e147af8ed1065b0d430c9b479.jpeg?odnHeight=180&odnWidth=180&odnBg=FFFFFF","largeImage":"https://i5.walmartimages.com/asr/1b4cd78e-8694-4037-9c07-78a2f8798572_5.7c7b6f2e147af8ed1065b0d430c9b479.jpeg?odnHeight=450&odnWidth=450&odnBg=FFFFFF","productTrackingUrl":"http://linksynergy.walmart.com/fs-bin/click?id=|LSNID|&offerid=223073.7200&type=14&catid=8&subid=0&hid=7200&tmpid=1082&RD_PARM1=https%253A%252F%252Fwww.walmart.com%252Fip%252FColeman-Power-Steel-Swim-Vista-Series-18-x-48-Frame-Swimming-Pool-Set%252F575982053%253Faffp1%253DH-JVMzorBRQOTBioe9MKJOGSfQyvSqNadbq6TI8wrRc%2526affilsrc%253Dapi","ninetySevenCentShipping":false,"standardShipRate":49.97,"size":"2017-08-10 00:00:00.000000-06:00","color":"Silver","marketplace":false,"shipToStore":true,"freeShipToStore":true,"modelNumber":"15020","productUrl":"http://c.affil.walmart.com/t/api01?l=https%3A%2F%2Fwww.walmart.com%2Fip%2FColeman-Power-Steel-Swim-Vista-Series-18-x-48-Frame-Swimming-Pool-Set%2F575982053%3Faffp1%3DH-JVMzorBRQOTBioe9MKJOGSfQyvSqNadbq6TI8wrRc%26affilsrc%3Dapi%26veh%3Daff%26wmlspartner%3Dreadonlyapi","customerRating":"3.79","numReviews":19,"customerRatingImage":"http://i2.walmartimages.com/i/CustRating/3_8.gif","categoryNode":"4171_14521_132873","bundle":false,"clearance":false,"preOrder":false,"stock":"Available","freight":true,"attributes":{"color":"Silver","deptId":"1256653758048","replenishmentStartDate":"2017-08-10 00:00:00.000000-06:00"},"addToCartUrl":"http://c.affil.walmart.com/t/api01?l=http%3A%2F%2Faffil.walmart.com%2Fcart%2FaddToCart%3Fitems%3D575982053%7C1%26affp1%3DH-JVMzorBRQOTBioe9MKJOGSfQyvSqNadbq6TI8wrRc%26affilsrc%3Dapi%26veh%3Daff%26wmlspartner%3Dreadonlyapi","affiliateAddToCartUrl":"http://linksynergy.walmart.com/fs-bin/click?id=|LSNID|&offerid=223073.7200&type=14&catid=8&subid=0&hid=7200&tmpid=1082&RD_PARM1=http%253A%252F%252Faffil.walmart.com%252Fcart%252FaddToCart%253Fitems%253D575982053%257C1%2526affp1%253DH-JVMzorBRQOTBioe9MKJOGSfQyvSqNadbq6TI8wrRc%2526affilsrc%253Dapi","freeShippingOver50Dollars":false,"imageEntities":[{"thumbnailImage":"https://i5.walmartimages.com/asr/76edfce8-1619-4327-b740-efa834044cb4_5.94195f4991054ce0e640c48ec063dd53.jpeg?odnHeight=100&odnWidth=100&odnBg=FFFFFF","mediumImage":"https://i5.walmartimages.com/asr/76edfce8-1619-4327-b740-efa834044cb4_5.94195f4991054ce0e640c48ec063dd53.jpeg?odnHeight=180&odnWidth=180&odnBg=FFFFFF","largeImage":"https://i5.walmartimages.com/asr/76edfce8-1619-4327-b740-efa834044cb4_5.94195f4991054ce0e640c48ec063dd53.jpeg?odnHeight=450&odnWidth=450&odnBg=FFFFFF","entityType":"SECONDARY"},{"thumbnailImage":"https://i5.walmartimages.com/asr/a25b165b-ade7-4353-911f-0b09b65f5ace_2.0489d5ac836f2928405bc8a660ccd1b5.jpeg?odnHeight=100&odnWidth=100&odnBg=FFFFFF","mediumImage":"https://i5.walmartimages.com/asr/a25b165b-ade7-4353-911f-0b09b65f5ace_2.0489d5ac836f2928405bc8a660ccd1b5.jpeg?odnHeight=180&odnWidth=180&odnBg=FFFFFF","largeImage":"https://i5.walmartimages.com/asr/a25b165b-ade7-4353-911f-0b09b65f5ace_2.0489d5ac836f2928405bc8a660ccd1b5.jpeg?odnHeight=450&odnWidth=450&odnBg=FFFFFF","entityType":"SECONDARY"},{"thumbnailImage":"https://i5.walmartimages.com/asr/634cd539-443d-4bbc-ab09-9baa436f74a2_1.bd30f73748c0aba2efba8c1173ec2b84.jpeg?odnHeight=100&odnWidth=100&odnBg=FFFFFF","mediumImage":"https://i5.walmartimages.com/asr/634cd539-443d-4bbc-ab09-9baa436f74a2_1.bd30f73748c0aba2efba8c1173ec2b84.jpeg?odnHeight=180&odnWidth=180&odnBg=FFFFFF","largeImage":"https://i5.walmartimages.com/asr/634cd539-443d-4bbc-ab09-9baa436f74a2_1.bd30f73748c0aba2efba8c1173ec2b84.jpeg?odnHeight=450&odnWidth=450&odnBg=FFFFFF","entityType":"SECONDARY"},{"thumbnailImage":"https://i5.walmartimages.com/asr/00ea312f-3096-4250-9a7c-2b8537786fe1_1.cc01720be69aed531788df1adaac93bf.jpeg?odnHeight=100&odnWidth=100&odnBg=FFFFFF","mediumImage":"https://i5.walmartimages.com/asr/00ea312f-3096-4250-9a7c-2b8537786fe1_1.cc01720be69aed531788df1adaac93bf.jpeg?odnHeight=180&odnWidth=180&odnBg=FFFFFF","largeImage":"https://i5.walmartimages.com/asr/00ea312f-3096-4250-9a7c-2b8537786fe1_1.cc01720be69aed531788df1adaac93bf.jpeg?odnHeight=450&odnWidth=450&odnBg=FFFFFF","entityType":"SECONDARY"},{"thumbnailImage":"https://i5.walmartimages.com/asr/d2437531-25de-412d-9eaf-24bd1b69fef1_1.0a3342872ed986b7030f8583dc59d6e2.jpeg?odnHeight=100&odnWidth=100&odnBg=FFFFFF","mediumImage":"https://i5.walmartimages.com/asr/d2437531-25de-412d-9eaf-24bd1b69fef1_1.0a3342872ed986b7030f8583dc59d6e2.jpeg?odnHeight=180&odnWidth=180&odnBg=FFFFFF","largeImage":"https://i5.walmartimages.com/asr/d2437531-25de-412d-9eaf-24bd1b69fef1_1.0a3342872ed986b7030f8583dc59d6e2.jpeg?odnHeight=450&odnWidth=450&odnBg=FFFFFF","entityType":"SECONDARY"},{"thumbnailImage":"https://i5.walmartimages.com/asr/0bf731df-812e-4b21-bcff-cec1940ab2b4_1.a757d6cbee25ecc332a89fb98585c6a3.jpeg?odnHeight=100&odnWidth=100&odnBg=FFFFFF","mediumImage":"https://i5.walmartimages.com/asr/0bf731df-812e-4b21-bcff-cec1940ab2b4_1.a757d6cbee25ecc332a89fb98585c6a3.jpeg?odnHeight=180&odnWidth=180&odnBg=FFFFFF","largeImage":"https://i5.walmartimages.com/asr/0bf731df-812e-4b21-bcff-cec1940ab2b4_1.a757d6cbee25ecc332a89fb98585c6a3.jpeg?odnHeight=450&odnWidth=450&odnBg=FFFFFF","entityType":"SECONDARY"},{"thumbnailImage":"https://i5.walmartimages.com/asr/6fc1eaf4-7a44-4dd2-8d70-0861903e8534_1.72fff4ae1d6ea97c864454fd9d78bb2b.jpeg?odnHeight=100&odnWidth=100&odnBg=FFFFFF","mediumImage":"https://i5.walmartimages.com/asr/6fc1eaf4-7a44-4dd2-8d70-0861903e8534_1.72fff4ae1d6ea97c864454fd9d78bb2b.jpeg?odnHeight=180&odnWidth=180&odnBg=FFFFFF","largeImage":"https://i5.walmartimages.com/asr/6fc1eaf4-7a44-4dd2-8d70-0861903e8534_1.72fff4ae1d6ea97c864454fd9d78bb2b.jpeg?odnHeight=450&odnWidth=450&odnBg=FFFFFF","entityType":"SECONDARY"},{"thumbnailImage":"https://i5.walmartimages.com/asr/d346930f-01ea-496b-beb2-b5f7c01bd20a_2.028eb86e82f738819be6bd7f8462b02e.jpeg?odnHeight=100&odnWidth=100&odnBg=FFFFFF","mediumImage":"https://i5.walmartimages.com/asr/d346930f-01ea-496b-beb2-b5f7c01bd20a_2.028eb86e82f738819be6bd7f8462b02e.jpeg?odnHeight=180&odnWidth=180&odnBg=FFFFFF","largeImage":"https://i5.walmartimages.com/asr/d346930f-01ea-496b-beb2-b5f7c01bd20a_2.028eb86e82f738819be6bd7f8462b02e.jpeg?odnHeight=450&odnWidth=450&odnBg=FFFFFF","entityType":"SECONDARY"},{"thumbnailImage":"https://i5.walmartimages.com/asr/1b4cd78e-8694-4037-9c07-78a2f8798572_5.7c7b6f2e147af8ed1065b0d430c9b479.jpeg?odnHeight=100&odnWidth=100&odnBg=FFFFFF","mediumImage":"https://i5.walmartimages.com/asr/1b4cd78e-8694-4037-9c07-78a2f8798572_5.7c7b6f2e147af8ed1065b0d430c9b479.jpeg?odnHeight=180&odnWidth=180&odnBg=FFFFFF","largeImage":"https://i5.walmartimages.com/asr/1b4cd78e-8694-4037-9c07-78a2f8798572_5.7c7b6f2e147af8ed1065b0d430c9b479.jpeg?odnHeight=450&odnWidth=450&odnBg=FFFFFF","entityType":"PRIMARY"}],"offerType":"ONLINE_AND_STORE","isTwoDayShippingEligible":false,"availableOnline":true},{"itemId":55500567,"parentItemId":55500567,"name":"\"SAMSUNG 55\"\" Class Curved 4K (2160P) Ultra HD Smart LED TV (UN55MU8500FXZA)\"","msrp":1699.99,"salePrice":699.99,"upc":"887276201313","categoryPath":"Electronics/TV & Video/All TVs","shortDescription":"The Samsung MU8500 Curved 4K Ultra HDTV redefines the viewing experience that produces over a billion colors with 4K Color Drive Extreme and a High Dynamic Range (HDR) picture. Our new Smart TV user-interface (UI), the new Smart Remote Controller with voice navigation capability provides faster access to your favorite streaming content choices and more.","longDescription":"&lt;br&gt;&lt;b&gt;Samsung 55&quot; Class TV (UN55MU8500FXZA):&lt;/b&gt;&lt;br&gt;&lt;br&gt;&lt;b&gt;Key Features:&lt;/b&gt;&lt;ul&gt;&lt;li&gt;Screen Size (Diag.): 54.6&quot;&lt;/li&gt;&lt;li&gt;Backlight Type: LED&lt;/li&gt;&lt;li&gt;Resolution: 3840 x 2160p&lt;/li&gt;&lt;li&gt;Effective Refresh Rate: 120Hz&lt;/li&gt;&lt;li&gt;Smart Functionality: yes&lt;/li&gt;&lt;li&gt;Smart Platform: Smart HUB&lt;/li&gt;&lt;li&gt;Aspect Ratio: 16:9&lt;/li&gt;&lt;li&gt;Viewable Angle (H/V): 178 degrees/178 degrees&lt;/li&gt;&lt;li&gt;OSD Language: English, Spanish, French&lt;/li&gt;&lt;li&gt;Speakers/Power Output: 40W 2.1 channel&lt;/li&gt;&lt;li&gt;Sound System: Dolby Digital Plus and DTS Premium Sound&lt;/li&gt;&lt;/ul&gt;&lt;b&gt;Connectivity:&lt;/b&gt;&lt;ul&gt;&lt;li&gt;HDMI Inputs: 4&lt;/li&gt;&lt;li&gt;1 x RS-232C&lt;/li&gt;&lt;li&gt;USB Ports: 3&lt;/li&gt;&lt;li&gt;Built-in WiFi: yes&lt;/li&gt;&lt;/ul&gt;&lt;b&gt;What's In The Box:&lt;/b&gt;&lt;ul&gt;&lt;li&gt;Power cable&lt;/li&gt;&lt;li&gt;Smart Remote Control&lt;/li&gt;&lt;li&gt;One Connect Mini Box&lt;/li&gt;&lt;li&gt;Single Clean Cable&lt;/li&gt;&lt;/ul&gt;&lt;b&gt;Wall-mountable:&lt;/b&gt;&lt;ul&gt;&lt;li&gt;Mount Pattern: 400mm x 400mm&lt;/li&gt;&lt;li&gt;Screw Size: M6&lt;/li&gt;&lt;li&gt;Screw Length: 12mm&lt;/li&gt;&lt;/ul&gt;&lt;b&gt;Support and Warranty:&lt;/b&gt;&lt;ul&gt;&lt;li&gt;1 year warranty&lt;/li&gt;&lt;/ul&gt;&lt;br&gt;&lt;br&gt;Flat Screen TV stand sold separately. See all &lt;b&gt;&lt;a href=&quot;https://www.walmart.com/browse/tv-stands-entertainment-centers/tv-stands/4044_103150_635499_133114&quot;&gt;TV stands.&lt;/a&gt;&lt;/b&gt;&lt;br&gt;&lt;br&gt;Flat Screen TV mount sold separately. See all &lt;b&gt;&lt;a href=&quot;https://www.walmart.com/browse/tv-accessories/tv-mounts/3944_1060825_133270_581514&quot;&gt;TV mounts.&lt;/a&gt;&lt;/b&gt; &lt;br&gt;&lt;br&gt;TV audio equipment sold separately. See all &lt;b&gt;&lt;a href=&quot;https://www.walmart.com/browse/home-audio-theater/home-theater-systems/3944_77622_650659&quot;&gt;Home Theater Systems.&lt;/a&gt;&lt;/b&gt; &lt;br&gt;&lt;br&gt;HDMI cables sold separately. See all &lt;b&gt;&lt;a href=&quot;%20https://www.walmart.com/search/?query=hdmi%20cable&amp;cat_id=3944&quot; target=&quot;_blank&quot;&gt;HDMI Cables.&lt;/a&gt;&lt;/b&gt;&lt;br&gt;&lt;br&gt;Accessories sold separately. See all &lt;b&gt;&lt;a href=&quot;https://www.walmart.com/browse/electronics/tv-accessories/3944_1060825_133270&quot;&gt;Accessories.&lt;br&gt;&lt;/a&gt;&lt;/b&gt;","brandName":"Samsung","thumbnailImage":"https://i5.walmartimages.com/asr/3601bb62-d06e-4f10-9ce3-f463c52a8662_1.49cb61faaa3712de735801d77362deba.jpeg?odnHeight=100&odnWidth=100&odnBg=FFFFFF","mediumImage":"https://i5.walmartimages.com/asr/3601bb62-d06e-4f10-9ce3-f463c52a8662_1.49cb61faaa3712de735801d77362deba.jpeg?odnHeight=180&odnWidth=180&odnBg=FFFFFF","largeImage":"https://i5.walmartimages.com/asr/3601bb62-d06e-4f10-9ce3-f463c52a8662_1.49cb61faaa3712de735801d77362deba.jpeg?odnHeight=450&odnWidth=450&odnBg=FFFFFF","productTrackingUrl":"http://linksynergy.walmart.com/fs-bin/click?id=|LSNID|&offerid=223073.7200&type=14&catid=8&subid=0&hid=7200&tmpid=1082&RD_PARM1=https%253A%252F%252Fwww.walmart.com%252Fip%252FSAMSUNG-55-Class-Curved-4K-2160P-Ultra-HD-Smart-LED-TV-UN55MU8500FXZA%252F55500567%253Faffp1%253DH-JVMzorBRQOTBioe9MKJOGSfQyvSqNadbq6TI8wrRc%2526affilsrc%253Dapi","ninetySevenCentShipping":false,"standardShipRate":0.0,"size":"Y","color":"SilverBlack","shipToStore":true,"freeShipToStore":true,"modelNumber":"UN55MU8500FXZA","productUrl":"http://c.affil.walmart.com/t/api01?l=https%3A%2F%2Fwww.walmart.com%2Fip%2FSAMSUNG-55-Class-Curved-4K-2160P-Ultra-HD-Smart-LED-TV-UN55MU8500FXZA%2F55500567%3Faffp1%3DH-JVMzorBRQOTBioe9MKJOGSfQyvSqNadbq6TI8wrRc%26affilsrc%3Dapi%26veh%3Daff%26wmlspartner%3Dreadonlyapi","customerRating":"4.37","numReviews":27,"customerRatingImage":"http://i2.walmartimages.com/i/CustRating/4_4.gif","bestMarketplacePrice":{"sellerInfo":"Walts TV","standardShipRate":0.0,"availableOnline":true,"clearance":false,"offerType":"ONLINE_ONLY"},"categoryNode":"3944_1060825_447913","bundle":false,"clearance":false,"preOrder":false,"stock":"Available","attributes":{"color":"Silver","isOrderable":"Y","isReplenishable":"0"},"addToCartUrl":"http://c.affil.walmart.com/t/api01?l=http%3A%2F%2Faffil.walmart.com%2Fcart%2FaddToCart%3Fitems%3D55500567%7C1%26affp1%3DH-JVMzorBRQOTBioe9MKJOGSfQyvSqNadbq6TI8wrRc%26affilsrc%3Dapi%26veh%3Daff%26wmlspartner%3Dreadonlyapi","affiliateAddToCartUrl":"http://linksynergy.walmart.com/fs-bin/click?id=|LSNID|&offerid=223073.7200&type=14&catid=8&subid=0&hid=7200&tmpid=1082&RD_PARM1=http%253A%252F%252Faffil.walmart.com%252Fcart%252FaddToCart%253Fitems%253D55500567%257C1%2526affp1%253DH-JVMzorBRQOTBioe9MKJOGSfQyvSqNadbq6TI8wrRc%2526affilsrc%253Dapi","freeShippingOver50Dollars":true,"giftOptions":{"allowGiftWrap":false,"allowGiftMessage":false,"allowGiftReceipt":false},"imageEntities":[{"thumbnailImage":"https://i5.walmartimages.com/asr/8cddb81c-0ca2-4880-881f-a9c6ebeb3e51_1.0f6f49ee88b9de12057894318186df4d.jpeg?odnHeight=100&odnWidth=100&odnBg=FFFFFF","mediumImage":"https://i5.walmartimages.com/asr/8cddb81c-0ca2-4880-881f-a9c6ebeb3e51_1.0f6f49ee88b9de12057894318186df4d.jpeg?odnHeight=180&odnWidth=180&odnBg=FFFFFF","largeImage":"https://i5.walmartimages.com/asr/8cddb81c-0ca2-4880-881f-a9c6ebeb3e51_1.0f6f49ee88b9de12057894318186df4d.jpeg?odnHeight=450&odnWidth=450&odnBg=FFFFFF","entityType":"SECONDARY"},{"thumbnailImage":"https://i5.walmartimages.com/asr/95a37498-7e1d-4a29-a853-1a67df7dbd93_1.83ddb585b3939cef785894dad2b534a9.jpeg?odnHeight=100&odnWidth=100&odnBg=FFFFFF","mediumImage":"https://i5.walmartimages.com/asr/95a37498-7e1d-4a29-a853-1a67df7dbd93_1.83ddb585b3939cef785894dad2b534a9.jpeg?odnHeight=180&odnWidth=180&odnBg=FFFFFF","largeImage":"https://i5.walmartimages.com/asr/95a37498-7e1d-4a29-a853-1a67df7dbd93_1.83ddb585b3939cef785894dad2b534a9.jpeg?odnHeight=450&odnWidth=450&odnBg=FFFFFF","entityType":"SECONDARY"},{"thumbnailImage":"https://i5.walmartimages.com/asr/4b4c5eb6-0e8d-4545-8333-faacf141155d_1.76053f2f192c9e681636446e0915140f.jpeg?odnHeight=100&odnWidth=100&odnBg=FFFFFF","mediumImage":"https://i5.walmartimages.com/asr/4b4c5eb6-0e8d-4545-8333-faacf141155d_1.76053f2f192c9e681636446e0915140f.jpeg?odnHeight=180&odnWidth=180&odnBg=FFFFFF","largeImage":"https://i5.walmartimages.com/asr/4b4c5eb6-0e8d-4545-8333-faacf141155d_1.76053f2f192c9e681636446e0915140f.jpeg?odnHeight=450&odnWidth=450&odnBg=FFFFFF","entityType":"SECONDARY"},{"thumbnailImage":"https://i5.walmartimages.com/asr/23db891e-cafa-45e7-9d9f-847612529af7_1.434a15679022bfa2aeb669b730458705.jpeg?odnHeight=100&odnWidth=100&odnBg=FFFFFF","mediumImage":"https://i5.walmartimages.com/asr/23db891e-cafa-45e7-9d9f-847612529af7_1.434a15679022bfa2aeb669b730458705.jpeg?odnHeight=180&odnWidth=180&odnBg=FFFFFF","largeImage":"https://i5.walmartimages.com/asr/23db891e-cafa-45e7-9d9f-847612529af7_1.434a15679022bfa2aeb669b730458705.jpeg?odnHeight=450&odnWidth=450&odnBg=FFFFFF","entityType":"SECONDARY"},{"thumbnailImage":"https://i5.walmartimages.com/asr/99a59521-a5c5-4a29-922c-be35523cc634_1.7130ff82082939adbedf76a589d795f5.jpeg?odnHeight=100&odnWidth=100&odnBg=FFFFFF","mediumImage":"https://i5.walmartimages.com/asr/99a59521-a5c5-4a29-922c-be35523cc634_1.7130ff82082939adbedf76a589d795f5.jpeg?odnHeight=180&odnWidth=180&odnBg=FFFFFF","largeImage":"https://i5.walmartimages.com/asr/99a59521-a5c5-4a29-922c-be35523cc634_1.7130ff82082939adbedf76a589d795f5.jpeg?odnHeight=450&odnWidth=450&odnBg=FFFFFF","entityType":"SECONDARY"},{"thumbnailImage":"https://i5.walmartimages.com/asr/3dd1c0ba-526a-4c95-b6c9-e39598770593_1.ab03a34384492ff80ed38f53d1cf8585.jpeg?odnHeight=100&odnWidth=100&odnBg=FFFFFF","mediumImage":"https://i5.walmartimages.com/asr/3dd1c0ba-526a-4c95-b6c9-e39598770593_1.ab03a34384492ff80ed38f53d1cf8585.jpeg?odnHeight=180&odnWidth=180&odnBg=FFFFFF","largeImage":"https://i5.walmartimages.com/asr/3dd1c0ba-526a-4c95-b6c9-e39598770593_1.ab03a34384492ff80ed38f53d1cf8585.jpeg?odnHeight=450&odnWidth=450&odnBg=FFFFFF","entityType":"SECONDARY"},{"thumbnailImage":"https://i5.walmartimages.com/asr/0848506f-5863-40a1-a8b6-0278278e9e9f_1.d02ae6c0c3eabe08ec2f2b094b02b74b.jpeg?odnHeight=100&odnWidth=100&odnBg=FFFFFF","mediumImage":"https://i5.walmartimages.com/asr/0848506f-5863-40a1-a8b6-0278278e9e9f_1.d02ae6c0c3eabe08ec2f2b094b02b74b.jpeg?odnHeight=180&odnWidth=180&odnBg=FFFFFF","largeImage":"https://i5.walmartimages.com/asr/0848506f-5863-40a1-a8b6-0278278e9e9f_1.d02ae6c0c3eabe08ec2f2b094b02b74b.jpeg?odnHeight=450&odnWidth=450&odnBg=FFFFFF","entityType":"SECONDARY"},{"thumbnailImage":"https://i5.walmartimages.com/asr/017757bb-a0c8-4106-952c-2edee52e5904_1.965b7accab5e02ccefc12ffb0310d5b7.jpeg?odnHeight=100&odnWidth=100&odnBg=FFFFFF","mediumImage":"https://i5.walmartimages.com/asr/017757bb-a0c8-4106-952c-2edee52e5904_1.965b7accab5e02ccefc12ffb0310d5b7.jpeg?odnHeight=180&odnWidth=180&odnBg=FFFFFF","largeImage":"https://i5.walmartimages.com/asr/017757bb-a0c8-4106-952c-2edee52e5904_1.965b7accab5e02ccefc12ffb0310d5b7.jpeg?odnHeight=450&odnWidth=450&odnBg=FFFFFF","entityType":"SECONDARY"},{"thumbnailImage":"https://i5.walmartimages.com/asr/b437bdf3-398e-4abe-9c7c-0d6a53ff9f7b_1.590bd502e01243ff0aa57159e865eac1.jpeg?odnHeight=100&odnWidth=100&odnBg=FFFFFF","mediumImage":"https://i5.walmartimages.com/asr/b437bdf3-398e-4abe-9c7c-0d6a53ff9f7b_1.590bd502e01243ff0aa57159e865eac1.jpeg?odnHeight=180&odnWidth=180&odnBg=FFFFFF","largeImage":"https://i5.walmartimages.com/asr/b437bdf3-398e-4abe-9c7c-0d6a53ff9f7b_1.590bd502e01243ff0aa57159e865eac1.jpeg?odnHeight=450&odnWidth=450&odnBg=FFFFFF","entityType":"SECONDARY"},{"thumbnailImage":"https://i5.walmartimages.com/asr/7f2f9b9a-463e-4d94-a711-b2ef003e6dc1_1.a9a88f2fbacbe0261a9e20b0ce1bedd8.jpeg?odnHeight=100&odnWidth=100&odnBg=FFFFFF","mediumImage":"https://i5.walmartimages.com/asr/7f2f9b9a-463e-4d94-a711-b2ef003e6dc1_1.a9a88f2fbacbe0261a9e20b0ce1bedd8.jpeg?odnHeight=180&odnWidth=180&odnBg=FFFFFF","largeImage":"https://i5.walmartimages.com/asr/7f2f9b9a-463e-4d94-a711-b2ef003e6dc1_1.a9a88f2fbacbe0261a9e20b0ce1bedd8.jpeg?odnHeight=450&odnWidth=450&odnBg=FFFFFF","entityType":"SECONDARY"},{"thumbnailImage":"https://i5.walmartimages.com/asr/32de1430-a92a-490c-84f8-5c163adb3a37_1.3e443ca468aaf1066cdc8fe14833999e.jpeg?odnHeight=100&odnWidth=100&odnBg=FFFFFF","mediumImage":"https://i5.walmartimages.com/asr/32de1430-a92a-490c-84f8-5c163adb3a37_1.3e443ca468aaf1066cdc8fe14833999e.jpeg?odnHeight=180&odnWidth=180&odnBg=FFFFFF","largeImage":"https://i5.walmartimages.com/asr/32de1430-a92a-490c-84f8-5c163adb3a37_1.3e443ca468aaf1066cdc8fe14833999e.jpeg?odnHeight=450&odnWidth=450&odnBg=FFFFFF","entityType":"SECONDARY"},{"thumbnailImage":"https://i5.walmartimages.com/asr/c6ccd449-2bf9-442d-9a05-b0c7789ec836_1.fced48c1d7ad4a75a29ce960c3ac5ac7.jpeg?odnHeight=100&odnWidth=100&odnBg=FFFFFF","mediumImage":"https://i5.walmartimages.com/asr/c6ccd449-2bf9-442d-9a05-b0c7789ec836_1.fced48c1d7ad4a75a29ce960c3ac5ac7.jpeg?odnHeight=180&odnWidth=180&odnBg=FFFFFF","largeImage":"https://i5.walmartimages.com/asr/c6ccd449-2bf9-442d-9a05-b0c7789ec836_1.fced48c1d7ad4a75a29ce960c3ac5ac7.jpeg?odnHeight=450&odnWidth=450&odnBg=FFFFFF","entityType":"SECONDARY"},{"thumbnailImage":"https://i5.walmartimages.com/asr/4f29f3d9-19f8-4de0-8d13-37e5eabd78d2_1.760a224659d3bc8ecc2199481d4e3a46.jpeg?odnHeight=100&odnWidth=100&odnBg=FFFFFF","mediumImage":"https://i5.walmartimages.com/asr/4f29f3d9-19f8-4de0-8d13-37e5eabd78d2_1.760a224659d3bc8ecc2199481d4e3a46.jpeg?odnHeight=180&odnWidth=180&odnBg=FFFFFF","largeImage":"https://i5.walmartimages.com/asr/4f29f3d9-19f8-4de0-8d13-37e5eabd78d2_1.760a224659d3bc8ecc2199481d4e3a46.jpeg?odnHeight=450&odnWidth=450&odnBg=FFFFFF","entityType":"SECONDARY"},{"thumbnailImage":"https://i5.walmartimages.com/asr/44d34d9d-759f-41c9-8c7a-89d965f1ee9d_1.95dce8e8517c5098f0cfdd162302fe20.gif?odnHeight=100&odnWidth=100&odnBg=FFFFFF","mediumImage":"https://i5.walmartimages.com/asr/44d34d9d-759f-41c9-8c7a-89d965f1ee9d_1.95dce8e8517c5098f0cfdd162302fe20.gif?odnHeight=180&odnWidth=180&odnBg=FFFFFF","largeImage":"https://i5.walmartimages.com/asr/44d34d9d-759f-41c9-8c7a-89d965f1ee9d_1.95dce8e8517c5098f0cfdd162302fe20.gif?odnHeight=450&odnWidth=450&odnBg=FFFFFF","entityType":"SECONDARY"},{"thumbnailImage":"https://i5.walmartimages.com/asr/3601bb62-d06e-4f10-9ce3-f463c52a8662_1.49cb61faaa3712de735801d77362deba.jpeg?odnHeight=100&odnWidth=100&odnBg=FFFFFF","mediumImage":"https://i5.walmartimages.com/asr/3601bb62-d06e-4f10-9ce3-f463c52a8662_1.49cb61faaa3712de735801d77362deba.jpeg?odnHeight=180&odnWidth=180&odnBg=FFFFFF","largeImage":"https://i5.walmartimages.com/asr/3601bb62-d06e-4f10-9ce3-f463c52a8662_1.49cb61faaa3712de735801d77362deba.jpeg?odnHeight=450&odnWidth=450&odnBg=FFFFFF","entityType":"PRIMARY"}],"offerType":"ONLINE_ONLY","isTwoDayShippingEligible":true,"availableOnline":true}]}
	at com.google.gson.JsonElement.getAsJsonArray(JsonElement.java:107)
	at com.walmart.validation.ResponseValidator.validateTrendingItemsResponse(ResponseValidator.java:85)
	at com.walmart.test.TrendingItem.testTrendingItem(TrendingItem.java:14)
	at sun.reflect.NativeMethodAccessorImpl.invoke0(Native Method)
	at sun.reflect.NativeMethodAccessorImpl.invoke(NativeMethodAccessorImpl.java:62)
	at sun.reflect.DelegatingMethodAccessorImpl.invoke(DelegatingMethodAccessorImpl.java:43)
	at java.lang.reflect.Method.invoke(Method.java:498)
	at org.testng.internal.MethodInvocationHelper.invokeMethod(MethodInvocationHelper.java:86)
	at org.testng.internal.Invoker.invokeMethod(Invoker.java:643)
	at org.testng.internal.Invoker.invokeTestMethod(Invoker.java:820)
	at org.testng.internal.Invoker.invokeTestMethods(Invoker.java:1128)
	at org.testng.internal.TestMethodWorker.invokeTestMethods(TestMethodWorker.java:129)
	at org.testng.internal.TestMethodWorker.run(TestMethodWorker.java:112)
	at org.testng.TestRunner.privateRun(TestRunner.java:782)
	at org.testng.TestRunner.run(TestRunner.java:632)
	at org.testng.SuiteRunner.runTest(SuiteRunner.java:366)
	at org.testng.SuiteRunner.runSequentially(SuiteRunner.java:361)
	at org.testng.SuiteRunner.privateRun(SuiteRunner.java:319)
	at org.testng.SuiteRunner.run(SuiteRunner.java:268)
	at org.testng.SuiteRunnerWorker.runSuite(SuiteRunnerWorker.java:52)
	at org.testng.SuiteRunnerWorker.run(SuiteRunnerWorker.java:86)
	at org.testng.TestNG.runSuitesSequentially(TestNG.java:1244)
	at org.testng.TestNG.runSuitesLocally(TestNG.java:1169)
	at org.testng.TestNG.run(TestNG.java:1064)
	at org.testng.remote.AbstractRemoteTestNG.run(AbstractRemoteTestNG.java:114)
	at org.testng.remote.RemoteTestNG.initAndRun(RemoteTestNG.java:251)
	at org.testng.remote.RemoteTestNG.main(RemoteTestNG.java:77)
]]>
    </error>
  </testcase> <!-- testTrendingItem -->
</testsuite> <!-- com.walmart.test.TrendingItem -->
