<?xml version="1.0" encoding="UTF-8"?>
<!-- Generated by org.testng.reporters.JUnitReportReporter -->
<testsuite hostname="EXIMR-IM-320" name="com.walmart.test.StoreLocator" tests="1" failures="0" timestamp="29 May 2018 08:54:10 GMT" time="1.408" errors="0">
  <testcase name="testStoreLocator" time="1.408" classname="com.walmart.test.StoreLocator"/>
</testsuite> <!-- com.walmart.test.StoreLocator -->
