<?xml version="1.0" encoding="UTF-8"?>
<!-- Generated by org.testng.reporters.JUnitReportReporter -->
<testsuite hostname="EXIMR-IM-320" name="com.walmart.test.SearchProduct" tests="1" failures="0" timestamp="29 May 2018 08:54:09 GMT" time="1.786" errors="0">
  <testcase name="testSearchProduct" time="1.786" classname="com.walmart.test.SearchProduct"/>
</testsuite> <!-- com.walmart.test.SearchProduct -->
