<?xml version="1.0" encoding="UTF-8"?>
<!-- Generated by org.testng.reporters.JUnitReportReporter -->
<testsuite hostname="EXIMR-IM-320" name="com.walmart.test.Taxonomy" tests="1" failures="0" timestamp="29 May 2018 08:54:10 GMT" time="4.063" errors="0">
  <testcase name="testTaxonomy" time="4.063" classname="com.walmart.test.Taxonomy"/>
</testsuite> <!-- com.walmart.test.Taxonomy -->
