<?xml version="1.0" encoding="UTF-8"?>
<!-- Generated by org.testng.reporters.JUnitReportReporter -->
<testsuite hostname="EXIMR-IM-320" name="com.walmart.test.SearchItems" tests="1" failures="0" timestamp="29 May 2018 08:54:10 GMT" time="1.342" errors="0">
  <testcase name="testSearchItems" time="1.342" classname="com.walmart.test.SearchItems"/>
</testsuite> <!-- com.walmart.test.SearchItems -->
