<?xml version="1.0" encoding="UTF-8"?>
<!-- Generated by org.testng.reporters.JUnitReportReporter -->
<testsuite hostname="EXIMR-IM-320" name="com.walmart.test.TrendingItems" tests="1" failures="0" timestamp="29 May 2018 08:54:10 GMT" time="3.189" errors="0">
  <testcase name="testTrendingItems" time="3.189" classname="com.walmart.test.TrendingItems"/>
</testsuite> <!-- com.walmart.test.TrendingItems -->
