<?xml version="1.0" encoding="UTF-8"?>
<!-- Generated by org.testng.reporters.JUnitReportReporter -->
<testsuite hostname="EXIMR-IM-320" name="com.walmart.test.SearchProduct" tests="1" failures="0" timestamp="29 May 2018 12:12:36 GMT" time="0.927" errors="0">
  <testcase name="testSearchProduct" time="0.927" classname="com.walmart.test.SearchProduct"/>
</testsuite> <!-- com.walmart.test.SearchProduct -->
