<?xml version="1.0" encoding="UTF-8"?>
<!-- Generated by org.testng.reporters.JUnitReportReporter -->
<testsuite hostname="EXIMR-IM-320" name="com.walmart.test.StoreLocator" tests="1" failures="0" timestamp="29 May 2018 12:12:36 GMT" time="0.439" errors="0">
  <testcase name="testStoreLocator" time="0.439" classname="com.walmart.test.StoreLocator"/>
</testsuite> <!-- com.walmart.test.StoreLocator -->
