<?xml version="1.0" encoding="UTF-8"?>
<!-- Generated by org.testng.reporters.JUnitReportReporter -->
<testsuite hostname="EXIMR-IM-320" name="com.walmart.test.TrendingItems" tests="1" failures="0" timestamp="29 May 2018 12:12:36 GMT" time="2.509" errors="0">
  <testcase name="testTrendingItems" time="2.509" classname="com.walmart.test.TrendingItems"/>
</testsuite> <!-- com.walmart.test.TrendingItems -->
