<?xml version="1.0" encoding="UTF-8"?>
<!-- Generated by org.testng.reporters.JUnitReportReporter -->
<testsuite hostname="EXIMR-IM-320" name="com.walmart.test.Taxonomy" tests="1" failures="0" timestamp="29 May 2018 12:12:36 GMT" time="1.557" errors="0">
  <testcase name="testTaxonomy" time="1.557" classname="com.walmart.test.Taxonomy"/>
</testsuite> <!-- com.walmart.test.Taxonomy -->
